#
# There is insufficient memory for the Java Runtime Environment to continue.
# Native memory allocation (malloc) failed to allocate 32744 bytes for ChunkPool::allocate
# Possible reasons:
#   The system is out of physical RAM or swap space
#   The process is running with CompressedOops enabled, and the Java Heap may be blocking the growth of the native heap
# Possible solutions:
#   Reduce memory load on the system
#   Increase physical memory or swap space
#   Check if swap backing store is full
#   Decrease Java heap size (-Xmx/-Xms)
#   Decrease number of Java threads
#   Decrease Java thread stack sizes (-Xss)
#   Set larger code cache with -XX:ReservedCodeCacheSize=
#   JVM is running with Unscaled Compressed Oops mode in which the Java heap is
#     placed in the first 4GB address space. The Java Heap base address is the
#     maximum limit for the native heap growth. Please use -XX:HeapBaseMinAddress
#     to set the Java Heap base and to place the Java Heap above 4GB virtual address.
# This output file may be truncated or incomplete.
#
#  Out of Memory Error (arena.cpp:78), pid=17956, tid=21692
#
# JRE version: Java(TM) SE Runtime Environment (17.0.4.1+1) (build 17.0.4.1+1-LTS-2)
# Java VM: Java HotSpot(TM) 64-Bit Server VM (17.0.4.1+1-LTS-2, mixed mode, sharing, tiered, compressed oops, compressed class ptrs, g1 gc, windows-amd64)
# No core dump will be written. Minidumps are not enabled by default on client versions of Windows
#

---------------  S U M M A R Y ------------

Command Line: -Dclassworlds.conf=C:\Program Files\NetBeans-14\netbeans\java\maven\bin\m2.conf -Dmaven.home=C:\Program Files\NetBeans-14\netbeans\java\maven -Dlibrary.jansi.path=C:\Program Files\NetBeans-14\netbeans\java\maven\lib\jansi-native -Dmaven.multiModuleProjectDirectory=C:\Senac\curso ds\ProjetoIntegradorUC05\Atividade5diversos\Atividade5PIUC05 org.codehaus.plexus.classworlds.launcher.Launcher -Dmaven.ext.class.path=C:\Program Files\NetBeans-14\netbeans\java\maven-nblib\netbeans-eventspy.jar -Dfile.encoding=UTF-8 install

Host: Intel(R) Core(TM) i5-8250U CPU @ 1.60GHz, 8 cores, 7G,  Windows 11 , 64 bit Build 22621 (10.0.22621.1778)
Time: Sun Jun 11 02:58:16 2023 Hora oficial do Brasil elapsed time: 36.169759 seconds (0d 0h 0m 36s)

---------------  T H R E A D  ---------------

Current thread (0x000002f3456f78a0):  JavaThread "C1 CompilerThread0" daemon [_thread_in_native, id=21692, stack(0x000000f74c000000,0x000000f74c100000)]


Current CompileTask:
C1:  36169  874       3       java.lang.Character::getType (9 bytes)

Stack: [0x000000f74c000000,0x000000f74c100000]
Native frames: (J=compiled Java code, j=interpreted, Vv=VM code, C=native code)
V  [jvm.dll+0x6723ba]
V  [jvm.dll+0x7d1e34]
V  [jvm.dll+0x7d35de]
V  [jvm.dll+0x7d3c43]
V  [jvm.dll+0x243065]
V  [jvm.dll+0xaa7c0]
V  [jvm.dll+0xaab0c]
V  [jvm.dll+0x134699]
V  [jvm.dll+0x15f6a9]
V  [jvm.dll+0x15ba8e]
V  [jvm.dll+0x149d80]
V  [jvm.dll+0x132907]
V  [jvm.dll+0x13228f]
V  [jvm.dll+0x1324c6]
V  [jvm.dll+0x13195a]
V  [jvm.dll+0x133621]
V  [jvm.dll+0x224e08]
V  [jvm.dll+0x222f75]
V  [jvm.dll+0x787a0b]
V  [jvm.dll+0x781fca]
V  [jvm.dll+0x671245]
C  [ucrtbase.dll+0x29363]
C  [KERNEL32.DLL+0x126ad]
C  [ntdll.dll+0x5a9f8]


---------------  P R O C E S S  ---------------

Threads class SMR info:
_java_thread_list=0x000002f3461e3f60, length=12, elements={
0x000002f32756dcd0, 0x000002f3456721d0, 0x000002f3456737a0, 0x000002f345687540,
0x000002f34568c310, 0x000002f34568ccc0, 0x000002f34568d670, 0x000002f34568e400,
0x000002f3456f78a0, 0x000002f3456fda90, 0x000002f3461e2c20, 0x000002f3461eb3a0
}

Java Threads: ( => current thread )
  0x000002f32756dcd0 JavaThread "main" [_thread_in_vm, id=18148, stack(0x000000f74b100000,0x000000f74b200000)]
  0x000002f3456721d0 JavaThread "Reference Handler" daemon [_thread_blocked, id=21628, stack(0x000000f74b900000,0x000000f74ba00000)]
  0x000002f3456737a0 JavaThread "Finalizer" daemon [_thread_blocked, id=21632, stack(0x000000f74ba00000,0x000000f74bb00000)]
  0x000002f345687540 JavaThread "Signal Dispatcher" daemon [_thread_blocked, id=21656, stack(0x000000f74bb00000,0x000000f74bc00000)]
  0x000002f34568c310 JavaThread "Attach Listener" daemon [_thread_blocked, id=21660, stack(0x000000f74bc00000,0x000000f74bd00000)]
  0x000002f34568ccc0 JavaThread "Service Thread" daemon [_thread_blocked, id=21664, stack(0x000000f74bd00000,0x000000f74be00000)]
  0x000002f34568d670 JavaThread "Monitor Deflation Thread" daemon [_thread_blocked, id=21668, stack(0x000000f74be00000,0x000000f74bf00000)]
  0x000002f34568e400 JavaThread "C2 CompilerThread0" daemon [_thread_in_native, id=21672, stack(0x000000f74bf00000,0x000000f74c000000)]
=>0x000002f3456f78a0 JavaThread "C1 CompilerThread0" daemon [_thread_in_native, id=21692, stack(0x000000f74c000000,0x000000f74c100000)]
  0x000002f3456fda90 JavaThread "Sweeper thread" daemon [_thread_blocked, id=21704, stack(0x000000f74c100000,0x000000f74c200000)]
  0x000002f3461e2c20 JavaThread "Notification Thread" daemon [_thread_blocked, id=21792, stack(0x000000f74c200000,0x000000f74c300000)]
  0x000002f3461eb3a0 JavaThread "Common-Cleaner" daemon [_thread_blocked, id=21800, stack(0x000000f74c400000,0x000000f74c500000)]

Other Threads:
  0x000002f34566cf90 VMThread "VM Thread" [stack: 0x000000f74b800000,0x000000f74b900000] [id=21516]
  0x000002f3461e30f0 WatcherThread [stack: 0x000000f74c300000,0x000000f74c400000] [id=21796]
  0x000002f3275c8d50 GCTaskThread "GC Thread#0" [stack: 0x000000f74b300000,0x000000f74b400000] [id=20008]
  0x000002f3275d9a10 ConcurrentGCThread "G1 Main Marker" [stack: 0x000000f74b400000,0x000000f74b500000] [id=20012]
  0x000002f3275dad20 ConcurrentGCThread "G1 Conc#0" [stack: 0x000000f74b500000,0x000000f74b600000] [id=20016]
  0x000002f32763eb40 ConcurrentGCThread "G1 Refine#0" [stack: 0x000000f74b600000,0x000000f74b700000] [id=20020]
  0x000002f345526880 ConcurrentGCThread "G1 Service" [stack: 0x000000f74b700000,0x000000f74b800000] [id=20028]

Threads with active compile tasks:
C2 CompilerThread0    36215  873   !   4       java.nio.DirectByteBuffer::get (34 bytes)
C1 CompilerThread0    36215  874       3       java.lang.Character::getType (9 bytes)

VM state: not at safepoint (normal execution)

VM Mutex/Monitor currently owned by a thread:  ([mutex/lock_event])
[0x000002f3275691d0] Metaspace_lock - owner thread: 0x000002f32756dcd0

Heap address: 0x0000000081400000, size: 2028 MB, Compressed Oops mode: 32-bit

CDS archive(s) mapped at: [0x0000000800000000-0x0000000800bc0000-0x0000000800bc0000), size 12320768, SharedBaseAddress: 0x0000000800000000, ArchiveRelocationMode: 0.
Compressed class space mapped at: 0x0000000800c00000-0x0000000840c00000, reserved size: 1073741824
Narrow klass base: 0x0000000800000000, Narrow klass shift: 0, Narrow klass range: 0x100000000

GC Precious Log:
 CPUs: 8 total, 8 available
 Memory: 8106M
 Large Page Support: Disabled
 NUMA Support: Disabled
 Compressed Oops: Enabled (32-bit)
 Heap Region Size: 1M
 Heap Min Capacity: 8M
 Heap Initial Capacity: 128M
 Heap Max Capacity: 2028M
 Pre-touch: Disabled
 Parallel Workers: 8
 Concurrent Workers: 2
 Concurrent Refinement Workers: 8
 Periodic GC: Disabled

Heap:
 garbage-first heap   total 131072K, used 14336K [0x0000000081400000, 0x0000000100000000)
  region size 1024K, 16 young (16384K), 0 survivors (0K)
 Metaspace       used 4509K, committed 4672K, reserved 1056768K
  class space    used 519K, committed 576K, reserved 1048576K

Heap Regions: E=young(eden), S=young(survivor), O=old, HS=humongous(starts), HC=humongous(continues), CS=collection set, F=free, OA=open archive, CA=closed archive, TAMS=top-at-mark-start (previous, next)
|   0|0x0000000081400000, 0x0000000081400000, 0x0000000081500000|  0%| F|  |TAMS 0x0000000081400000, 0x0000000081400000| Untracked 
|   1|0x0000000081500000, 0x0000000081500000, 0x0000000081600000|  0%| F|  |TAMS 0x0000000081500000, 0x0000000081500000| Untracked 
|   2|0x0000000081600000, 0x0000000081600000, 0x0000000081700000|  0%| F|  |TAMS 0x0000000081600000, 0x0000000081600000| Untracked 
|   3|0x0000000081700000, 0x0000000081700000, 0x0000000081800000|  0%| F|  |TAMS 0x0000000081700000, 0x0000000081700000| Untracked 
|   4|0x0000000081800000, 0x0000000081800000, 0x0000000081900000|  0%| F|  |TAMS 0x0000000081800000, 0x0000000081800000| Untracked 
|   5|0x0000000081900000, 0x0000000081900000, 0x0000000081a00000|  0%| F|  |TAMS 0x0000000081900000, 0x0000000081900000| Untracked 
|   6|0x0000000081a00000, 0x0000000081a00000, 0x0000000081b00000|  0%| F|  |TAMS 0x0000000081a00000, 0x0000000081a00000| Untracked 
|   7|0x0000000081b00000, 0x0000000081b00000, 0x0000000081c00000|  0%| F|  |TAMS 0x0000000081b00000, 0x0000000081b00000| Untracked 
|   8|0x0000000081c00000, 0x0000000081c00000, 0x0000000081d00000|  0%| F|  |TAMS 0x0000000081c00000, 0x0000000081c00000| Untracked 
|   9|0x0000000081d00000, 0x0000000081d00000, 0x0000000081e00000|  0%| F|  |TAMS 0x0000000081d00000, 0x0000000081d00000| Untracked 
|  10|0x0000000081e00000, 0x0000000081e00000, 0x0000000081f00000|  0%| F|  |TAMS 0x0000000081e00000, 0x0000000081e00000| Untracked 
|  11|0x0000000081f00000, 0x0000000081f00000, 0x0000000082000000|  0%| F|  |TAMS 0x0000000081f00000, 0x0000000081f00000| Untracked 
|  12|0x0000000082000000, 0x0000000082000000, 0x0000000082100000|  0%| F|  |TAMS 0x0000000082000000, 0x0000000082000000| Untracked 
|  13|0x0000000082100000, 0x0000000082100000, 0x0000000082200000|  0%| F|  |TAMS 0x0000000082100000, 0x0000000082100000| Untracked 
|  14|0x0000000082200000, 0x0000000082200000, 0x0000000082300000|  0%| F|  |TAMS 0x0000000082200000, 0x0000000082200000| Untracked 
|  15|0x0000000082300000, 0x0000000082300000, 0x0000000082400000|  0%| F|  |TAMS 0x0000000082300000, 0x0000000082300000| Untracked 
|  16|0x0000000082400000, 0x0000000082400000, 0x0000000082500000|  0%| F|  |TAMS 0x0000000082400000, 0x0000000082400000| Untracked 
|  17|0x0000000082500000, 0x0000000082500000, 0x0000000082600000|  0%| F|  |TAMS 0x0000000082500000, 0x0000000082500000| Untracked 
|  18|0x0000000082600000, 0x0000000082600000, 0x0000000082700000|  0%| F|  |TAMS 0x0000000082600000, 0x0000000082600000| Untracked 
|  19|0x0000000082700000, 0x0000000082700000, 0x0000000082800000|  0%| F|  |TAMS 0x0000000082700000, 0x0000000082700000| Untracked 
|  20|0x0000000082800000, 0x0000000082800000, 0x0000000082900000|  0%| F|  |TAMS 0x0000000082800000, 0x0000000082800000| Untracked 
|  21|0x0000000082900000, 0x0000000082900000, 0x0000000082a00000|  0%| F|  |TAMS 0x0000000082900000, 0x0000000082900000| Untracked 
|  22|0x0000000082a00000, 0x0000000082a00000, 0x0000000082b00000|  0%| F|  |TAMS 0x0000000082a00000, 0x0000000082a00000| Untracked 
|  23|0x0000000082b00000, 0x0000000082b00000, 0x0000000082c00000|  0%| F|  |TAMS 0x0000000082b00000, 0x0000000082b00000| Untracked 
|  24|0x0000000082c00000, 0x0000000082c00000, 0x0000000082d00000|  0%| F|  |TAMS 0x0000000082c00000, 0x0000000082c00000| Untracked 
|  25|0x0000000082d00000, 0x0000000082d00000, 0x0000000082e00000|  0%| F|  |TAMS 0x0000000082d00000, 0x0000000082d00000| Untracked 
|  26|0x0000000082e00000, 0x0000000082e00000, 0x0000000082f00000|  0%| F|  |TAMS 0x0000000082e00000, 0x0000000082e00000| Untracked 
|  27|0x0000000082f00000, 0x0000000082f00000, 0x0000000083000000|  0%| F|  |TAMS 0x0000000082f00000, 0x0000000082f00000| Untracked 
|  28|0x0000000083000000, 0x0000000083000000, 0x0000000083100000|  0%| F|  |TAMS 0x0000000083000000, 0x0000000083000000| Untracked 
|  29|0x0000000083100000, 0x0000000083100000, 0x0000000083200000|  0%| F|  |TAMS 0x0000000083100000, 0x0000000083100000| Untracked 
|  30|0x0000000083200000, 0x0000000083200000, 0x0000000083300000|  0%| F|  |TAMS 0x0000000083200000, 0x0000000083200000| Untracked 
|  31|0x0000000083300000, 0x0000000083300000, 0x0000000083400000|  0%| F|  |TAMS 0x0000000083300000, 0x0000000083300000| Untracked 
|  32|0x0000000083400000, 0x0000000083400000, 0x0000000083500000|  0%| F|  |TAMS 0x0000000083400000, 0x0000000083400000| Untracked 
|  33|0x0000000083500000, 0x0000000083500000, 0x0000000083600000|  0%| F|  |TAMS 0x0000000083500000, 0x0000000083500000| Untracked 
|  34|0x0000000083600000, 0x0000000083600000, 0x0000000083700000|  0%| F|  |TAMS 0x0000000083600000, 0x0000000083600000| Untracked 
|  35|0x0000000083700000, 0x0000000083700000, 0x0000000083800000|  0%| F|  |TAMS 0x0000000083700000, 0x0000000083700000| Untracked 
|  36|0x0000000083800000, 0x0000000083800000, 0x0000000083900000|  0%| F|  |TAMS 0x0000000083800000, 0x0000000083800000| Untracked 
|  37|0x0000000083900000, 0x0000000083900000, 0x0000000083a00000|  0%| F|  |TAMS 0x0000000083900000, 0x0000000083900000| Untracked 
|  38|0x0000000083a00000, 0x0000000083a00000, 0x0000000083b00000|  0%| F|  |TAMS 0x0000000083a00000, 0x0000000083a00000| Untracked 
|  39|0x0000000083b00000, 0x0000000083b00000, 0x0000000083c00000|  0%| F|  |TAMS 0x0000000083b00000, 0x0000000083b00000| Untracked 
|  40|0x0000000083c00000, 0x0000000083c00000, 0x0000000083d00000|  0%| F|  |TAMS 0x0000000083c00000, 0x0000000083c00000| Untracked 
|  41|0x0000000083d00000, 0x0000000083d00000, 0x0000000083e00000|  0%| F|  |TAMS 0x0000000083d00000, 0x0000000083d00000| Untracked 
|  42|0x0000000083e00000, 0x0000000083e00000, 0x0000000083f00000|  0%| F|  |TAMS 0x0000000083e00000, 0x0000000083e00000| Untracked 
|  43|0x0000000083f00000, 0x0000000083f00000, 0x0000000084000000|  0%| F|  |TAMS 0x0000000083f00000, 0x0000000083f00000| Untracked 
|  44|0x0000000084000000, 0x0000000084000000, 0x0000000084100000|  0%| F|  |TAMS 0x0000000084000000, 0x0000000084000000| Untracked 
|  45|0x0000000084100000, 0x0000000084100000, 0x0000000084200000|  0%| F|  |TAMS 0x0000000084100000, 0x0000000084100000| Untracked 
|  46|0x0000000084200000, 0x0000000084200000, 0x0000000084300000|  0%| F|  |TAMS 0x0000000084200000, 0x0000000084200000| Untracked 
|  47|0x0000000084300000, 0x0000000084300000, 0x0000000084400000|  0%| F|  |TAMS 0x0000000084300000, 0x0000000084300000| Untracked 
|  48|0x0000000084400000, 0x0000000084400000, 0x0000000084500000|  0%| F|  |TAMS 0x0000000084400000, 0x0000000084400000| Untracked 
|  49|0x0000000084500000, 0x0000000084500000, 0x0000000084600000|  0%| F|  |TAMS 0x0000000084500000, 0x0000000084500000| Untracked 
|  50|0x0000000084600000, 0x0000000084600000, 0x0000000084700000|  0%| F|  |TAMS 0x0000000084600000, 0x0000000084600000| Untracked 
|  51|0x0000000084700000, 0x0000000084700000, 0x0000000084800000|  0%| F|  |TAMS 0x0000000084700000, 0x0000000084700000| Untracked 
|  52|0x0000000084800000, 0x0000000084800000, 0x0000000084900000|  0%| F|  |TAMS 0x0000000084800000, 0x0000000084800000| Untracked 
|  53|0x0000000084900000, 0x0000000084900000, 0x0000000084a00000|  0%| F|  |TAMS 0x0000000084900000, 0x0000000084900000| Untracked 
|  54|0x0000000084a00000, 0x0000000084a00000, 0x0000000084b00000|  0%| F|  |TAMS 0x0000000084a00000, 0x0000000084a00000| Untracked 
|  55|0x0000000084b00000, 0x0000000084b00000, 0x0000000084c00000|  0%| F|  |TAMS 0x0000000084b00000, 0x0000000084b00000| Untracked 
|  56|0x0000000084c00000, 0x0000000084c00000, 0x0000000084d00000|  0%| F|  |TAMS 0x0000000084c00000, 0x0000000084c00000| Untracked 
|  57|0x0000000084d00000, 0x0000000084d00000, 0x0000000084e00000|  0%| F|  |TAMS 0x0000000084d00000, 0x0000000084d00000| Untracked 
|  58|0x0000000084e00000, 0x0000000084e00000, 0x0000000084f00000|  0%| F|  |TAMS 0x0000000084e00000, 0x0000000084e00000| Untracked 
|  59|0x0000000084f00000, 0x0000000084f00000, 0x0000000085000000|  0%| F|  |TAMS 0x0000000084f00000, 0x0000000084f00000| Untracked 
|  60|0x0000000085000000, 0x0000000085000000, 0x0000000085100000|  0%| F|  |TAMS 0x0000000085000000, 0x0000000085000000| Untracked 
|  61|0x0000000085100000, 0x0000000085100000, 0x0000000085200000|  0%| F|  |TAMS 0x0000000085100000, 0x0000000085100000| Untracked 
|  62|0x0000000085200000, 0x0000000085200000, 0x0000000085300000|  0%| F|  |TAMS 0x0000000085200000, 0x0000000085200000| Untracked 
|  63|0x0000000085300000, 0x0000000085300000, 0x0000000085400000|  0%| F|  |TAMS 0x0000000085300000, 0x0000000085300000| Untracked 
|  64|0x0000000085400000, 0x0000000085400000, 0x0000000085500000|  0%| F|  |TAMS 0x0000000085400000, 0x0000000085400000| Untracked 
|  65|0x0000000085500000, 0x0000000085500000, 0x0000000085600000|  0%| F|  |TAMS 0x0000000085500000, 0x0000000085500000| Untracked 
|  66|0x0000000085600000, 0x0000000085600000, 0x0000000085700000|  0%| F|  |TAMS 0x0000000085600000, 0x0000000085600000| Untracked 
|  67|0x0000000085700000, 0x0000000085700000, 0x0000000085800000|  0%| F|  |TAMS 0x0000000085700000, 0x0000000085700000| Untracked 
|  68|0x0000000085800000, 0x0000000085800000, 0x0000000085900000|  0%| F|  |TAMS 0x0000000085800000, 0x0000000085800000| Untracked 
|  69|0x0000000085900000, 0x0000000085900000, 0x0000000085a00000|  0%| F|  |TAMS 0x0000000085900000, 0x0000000085900000| Untracked 
|  70|0x0000000085a00000, 0x0000000085a00000, 0x0000000085b00000|  0%| F|  |TAMS 0x0000000085a00000, 0x0000000085a00000| Untracked 
|  71|0x0000000085b00000, 0x0000000085b00000, 0x0000000085c00000|  0%| F|  |TAMS 0x0000000085b00000, 0x0000000085b00000| Untracked 
|  72|0x0000000085c00000, 0x0000000085c00000, 0x0000000085d00000|  0%| F|  |TAMS 0x0000000085c00000, 0x0000000085c00000| Untracked 
|  73|0x0000000085d00000, 0x0000000085d00000, 0x0000000085e00000|  0%| F|  |TAMS 0x0000000085d00000, 0x0000000085d00000| Untracked 
|  74|0x0000000085e00000, 0x0000000085e00000, 0x0000000085f00000|  0%| F|  |TAMS 0x0000000085e00000, 0x0000000085e00000| Untracked 
|  75|0x0000000085f00000, 0x0000000085f00000, 0x0000000086000000|  0%| F|  |TAMS 0x0000000085f00000, 0x0000000085f00000| Untracked 
|  76|0x0000000086000000, 0x0000000086000000, 0x0000000086100000|  0%| F|  |TAMS 0x0000000086000000, 0x0000000086000000| Untracked 
|  77|0x0000000086100000, 0x0000000086100000, 0x0000000086200000|  0%| F|  |TAMS 0x0000000086100000, 0x0000000086100000| Untracked 
|  78|0x0000000086200000, 0x0000000086200000, 0x0000000086300000|  0%| F|  |TAMS 0x0000000086200000, 0x0000000086200000| Untracked 
|  79|0x0000000086300000, 0x0000000086300000, 0x0000000086400000|  0%| F|  |TAMS 0x0000000086300000, 0x0000000086300000| Untracked 
|  80|0x0000000086400000, 0x0000000086400000, 0x0000000086500000|  0%| F|  |TAMS 0x0000000086400000, 0x0000000086400000| Untracked 
|  81|0x0000000086500000, 0x0000000086500000, 0x0000000086600000|  0%| F|  |TAMS 0x0000000086500000, 0x0000000086500000| Untracked 
|  82|0x0000000086600000, 0x0000000086600000, 0x0000000086700000|  0%| F|  |TAMS 0x0000000086600000, 0x0000000086600000| Untracked 
|  83|0x0000000086700000, 0x0000000086700000, 0x0000000086800000|  0%| F|  |TAMS 0x0000000086700000, 0x0000000086700000| Untracked 
|  84|0x0000000086800000, 0x0000000086800000, 0x0000000086900000|  0%| F|  |TAMS 0x0000000086800000, 0x0000000086800000| Untracked 
|  85|0x0000000086900000, 0x0000000086900000, 0x0000000086a00000|  0%| F|  |TAMS 0x0000000086900000, 0x0000000086900000| Untracked 
|  86|0x0000000086a00000, 0x0000000086a00000, 0x0000000086b00000|  0%| F|  |TAMS 0x0000000086a00000, 0x0000000086a00000| Untracked 
|  87|0x0000000086b00000, 0x0000000086b00000, 0x0000000086c00000|  0%| F|  |TAMS 0x0000000086b00000, 0x0000000086b00000| Untracked 
|  88|0x0000000086c00000, 0x0000000086c00000, 0x0000000086d00000|  0%| F|  |TAMS 0x0000000086c00000, 0x0000000086c00000| Untracked 
|  89|0x0000000086d00000, 0x0000000086d00000, 0x0000000086e00000|  0%| F|  |TAMS 0x0000000086d00000, 0x0000000086d00000| Untracked 
|  90|0x0000000086e00000, 0x0000000086e00000, 0x0000000086f00000|  0%| F|  |TAMS 0x0000000086e00000, 0x0000000086e00000| Untracked 
|  91|0x0000000086f00000, 0x0000000086f00000, 0x0000000087000000|  0%| F|  |TAMS 0x0000000086f00000, 0x0000000086f00000| Untracked 
|  92|0x0000000087000000, 0x0000000087000000, 0x0000000087100000|  0%| F|  |TAMS 0x0000000087000000, 0x0000000087000000| Untracked 
|  93|0x0000000087100000, 0x0000000087100000, 0x0000000087200000|  0%| F|  |TAMS 0x0000000087100000, 0x0000000087100000| Untracked 
|  94|0x0000000087200000, 0x0000000087200000, 0x0000000087300000|  0%| F|  |TAMS 0x0000000087200000, 0x0000000087200000| Untracked 
|  95|0x0000000087300000, 0x0000000087300000, 0x0000000087400000|  0%| F|  |TAMS 0x0000000087300000, 0x0000000087300000| Untracked 
|  96|0x0000000087400000, 0x0000000087400000, 0x0000000087500000|  0%| F|  |TAMS 0x0000000087400000, 0x0000000087400000| Untracked 
|  97|0x0000000087500000, 0x0000000087500000, 0x0000000087600000|  0%| F|  |TAMS 0x0000000087500000, 0x0000000087500000| Untracked 
|  98|0x0000000087600000, 0x0000000087600000, 0x0000000087700000|  0%| F|  |TAMS 0x0000000087600000, 0x0000000087600000| Untracked 
|  99|0x0000000087700000, 0x0000000087700000, 0x0000000087800000|  0%| F|  |TAMS 0x0000000087700000, 0x0000000087700000| Untracked 
| 100|0x0000000087800000, 0x0000000087800000, 0x0000000087900000|  0%| F|  |TAMS 0x0000000087800000, 0x0000000087800000| Untracked 
| 101|0x0000000087900000, 0x0000000087900000, 0x0000000087a00000|  0%| F|  |TAMS 0x0000000087900000, 0x0000000087900000| Untracked 
| 102|0x0000000087a00000, 0x0000000087a00000, 0x0000000087b00000|  0%| F|  |TAMS 0x0000000087a00000, 0x0000000087a00000| Untracked 
| 103|0x0000000087b00000, 0x0000000087b00000, 0x0000000087c00000|  0%| F|  |TAMS 0x0000000087b00000, 0x0000000087b00000| Untracked 
| 104|0x0000000087c00000, 0x0000000087c00000, 0x0000000087d00000|  0%| F|  |TAMS 0x0000000087c00000, 0x0000000087c00000| Untracked 
| 105|0x0000000087d00000, 0x0000000087d00000, 0x0000000087e00000|  0%| F|  |TAMS 0x0000000087d00000, 0x0000000087d00000| Untracked 
| 106|0x0000000087e00000, 0x0000000087e00000, 0x0000000087f00000|  0%| F|  |TAMS 0x0000000087e00000, 0x0000000087e00000| Untracked 
| 107|0x0000000087f00000, 0x0000000087f00000, 0x0000000088000000|  0%| F|  |TAMS 0x0000000087f00000, 0x0000000087f00000| Untracked 
| 108|0x0000000088000000, 0x0000000088000000, 0x0000000088100000|  0%| F|  |TAMS 0x0000000088000000, 0x0000000088000000| Untracked 
| 109|0x0000000088100000, 0x0000000088100000, 0x0000000088200000|  0%| F|  |TAMS 0x0000000088100000, 0x0000000088100000| Untracked 
| 110|0x0000000088200000, 0x0000000088200000, 0x0000000088300000|  0%| F|  |TAMS 0x0000000088200000, 0x0000000088200000| Untracked 
| 111|0x0000000088300000, 0x0000000088300000, 0x0000000088400000|  0%| F|  |TAMS 0x0000000088300000, 0x0000000088300000| Untracked 
| 112|0x0000000088400000, 0x00000000884eed68, 0x0000000088500000| 93%| E|  |TAMS 0x0000000088400000, 0x0000000088400000| Complete 
| 113|0x0000000088500000, 0x0000000088600000, 0x0000000088600000|100%| E|CS|TAMS 0x0000000088500000, 0x0000000088500000| Complete 
| 114|0x0000000088600000, 0x0000000088700000, 0x0000000088700000|100%| E|CS|TAMS 0x0000000088600000, 0x0000000088600000| Complete 
| 115|0x0000000088700000, 0x0000000088800000, 0x0000000088800000|100%| E|CS|TAMS 0x0000000088700000, 0x0000000088700000| Complete 
| 116|0x0000000088800000, 0x0000000088900000, 0x0000000088900000|100%| E|  |TAMS 0x0000000088800000, 0x0000000088800000| Complete 
| 117|0x0000000088900000, 0x0000000088a00000, 0x0000000088a00000|100%| E|CS|TAMS 0x0000000088900000, 0x0000000088900000| Complete 
| 118|0x0000000088a00000, 0x0000000088b00000, 0x0000000088b00000|100%| E|CS|TAMS 0x0000000088a00000, 0x0000000088a00000| Complete 
| 119|0x0000000088b00000, 0x0000000088c00000, 0x0000000088c00000|100%| E|CS|TAMS 0x0000000088b00000, 0x0000000088b00000| Complete 
| 120|0x0000000088c00000, 0x0000000088d00000, 0x0000000088d00000|100%| E|CS|TAMS 0x0000000088c00000, 0x0000000088c00000| Complete 
| 121|0x0000000088d00000, 0x0000000088e00000, 0x0000000088e00000|100%| E|CS|TAMS 0x0000000088d00000, 0x0000000088d00000| Complete 
| 122|0x0000000088e00000, 0x0000000088f00000, 0x0000000088f00000|100%| E|CS|TAMS 0x0000000088e00000, 0x0000000088e00000| Complete 
| 123|0x0000000088f00000, 0x0000000089000000, 0x0000000089000000|100%| E|CS|TAMS 0x0000000088f00000, 0x0000000088f00000| Complete 
| 124|0x0000000089000000, 0x0000000089100000, 0x0000000089100000|100%| E|CS|TAMS 0x0000000089000000, 0x0000000089000000| Complete 
| 125|0x0000000089100000, 0x0000000089200000, 0x0000000089200000|100%| E|CS|TAMS 0x0000000089100000, 0x0000000089100000| Complete 
| 126|0x0000000089200000, 0x0000000089300000, 0x0000000089300000|100%| E|CS|TAMS 0x0000000089200000, 0x0000000089200000| Complete 
| 127|0x0000000089300000, 0x0000000089400000, 0x0000000089400000|100%| E|CS|TAMS 0x0000000089300000, 0x0000000089300000| Complete 

Card table byte_map: [0x000002f33e510000,0x000002f33e910000] _byte_map_base: 0x000002f33e106000

Marking Bits (Prev, Next): (CMBitMap*) 0x000002f3275c9360, (CMBitMap*) 0x000002f3275c93a0
 Prev Bits: [0x000002f33ed10000, 0x000002f340cc0000)
 Next Bits: [0x000002f340cc0000, 0x000002f342c70000)

Polling page: 0x000002f3254d0000

Metaspace:

Usage:
  Non-class:      3.90 MB used.
      Class:    519.90 KB used.
       Both:      4.40 MB used.

Virtual space:
  Non-class space:        8.00 MB reserved,       4.00 MB ( 50%) committed,  1 nodes.
      Class space:        1.00 GB reserved,     576.00 KB ( <1%) committed,  1 nodes.
             Both:        1.01 GB reserved,       4.56 MB ( <1%) committed. 

Chunk freelists:
   Non-Class:  1.59 MB
       Class:  3.36 MB
        Both:  4.95 MB

MaxMetaspaceSize: unlimited
CompressedClassSpaceSize: 1.00 GB
Initial GC threshold: 21.00 MB
Current GC threshold: 21.00 MB
CDS: on
MetaspaceReclaimPolicy: balanced
 - commit_granule_bytes: 65536.
 - commit_granule_words: 8192.
 - virtual_space_node_default_size: 1048576.
 - enlarge_chunks_in_place: 1.
 - new_chunks_are_fully_committed: 0.
 - uncommit_free_chunks: 1.
 - use_allocation_guard: 0.
 - handle_deallocations: 1.


Internal statistics:

num_allocs_failed_limit: 0.
num_arena_births: 14.
num_arena_deaths: 0.
num_vsnodes_births: 2.
num_vsnodes_deaths: 0.
num_space_committed: 73.
num_space_uncommitted: 0.
num_chunks_returned_to_freelist: 0.
num_chunks_taken_from_freelist: 136.
num_chunk_merges: 0.
num_chunk_splits: 101.
num_chunks_enlarged: 88.
num_purges: 0.
num_inconsistent_stats: 0.

CodeHeap 'non-profiled nmethods': size=120000Kb used=272Kb max_used=272Kb free=119727Kb
 bounds [0x000002f3368b0000, 0x000002f336b20000, 0x000002f33dde0000]
CodeHeap 'profiled nmethods': size=120000Kb used=1746Kb max_used=1746Kb free=118253Kb
 bounds [0x000002f32f380000, 0x000002f32f5f0000, 0x000002f3368b0000]
CodeHeap 'non-nmethods': size=5760Kb used=1142Kb max_used=1164Kb free=4617Kb
 bounds [0x000002f32ede0000, 0x000002f32f050000, 0x000002f32f380000]
 total_blobs=1298 nmethods=868 adapters=343
 compilation: enabled
              stopped_count=0, restarted_count=0
 full_count=0

Compilation events (20 events):
Event: 36.142 Thread 0x000002f3456f78a0  863       3       java.lang.reflect.AccessibleObject::<init> (5 bytes)
Event: 36.142 Thread 0x000002f3456f78a0 nmethod 863 0x000002f32f530d10 code [0x000002f32f530ea0, 0x000002f32f530ff8]
Event: 36.143 Thread 0x000002f3456f78a0  864       3       java.lang.Module::getLayer (43 bytes)
Event: 36.144 Thread 0x000002f3456f78a0 nmethod 864 0x000002f32f531090 code [0x000002f32f531260, 0x000002f32f531628]
Event: 36.144 Thread 0x000002f3456f78a0  866   !   3       java.lang.reflect.Executable::declaredAnnotations (85 bytes)
Event: 36.145 Thread 0x000002f3456f78a0 nmethod 866 0x000002f32f531710 code [0x000002f32f531940, 0x000002f32f532228]
Event: 36.145 Thread 0x000002f3456f78a0  867       3       com.google.common.collect.AbstractIndexedListIterator::hasNext (17 bytes)
Event: 36.145 Thread 0x000002f3456f78a0 nmethod 867 0x000002f32f532590 code [0x000002f32f532720, 0x000002f32f532898]
Event: 36.145 Thread 0x000002f3456f78a0  868       3       java.lang.reflect.Method::getAnnotation (6 bytes)
Event: 36.146 Thread 0x000002f3456f78a0 nmethod 868 0x000002f32f532910 code [0x000002f32f532b20, 0x000002f32f533228]
Event: 36.146 Thread 0x000002f3456f78a0  869       1       java.lang.reflect.Field::getName (5 bytes)
Event: 36.146 Thread 0x000002f3456f78a0 nmethod 869 0x000002f3368f3b90 code [0x000002f3368f3d20, 0x000002f3368f3df8]
Event: 36.154 Thread 0x000002f3456f78a0  870       3       jdk.internal.jimage.BasicImageReader::getLocationIndex (52 bytes)
Event: 36.155 Thread 0x000002f3456f78a0 nmethod 870 0x000002f32f533490 code [0x000002f32f533680, 0x000002f32f533b18]
Event: 36.155 Thread 0x000002f3456f78a0  871       3       jdk.internal.module.SystemModuleFinders$SystemModuleReader::containsImageLocation (42 bytes)
Event: 36.156 Thread 0x000002f3456f78a0 nmethod 871 0x000002f32f533d90 code [0x000002f32f533fa0, 0x000002f32f534678]
Event: 36.166 Thread 0x000002f34568e400  872       4       java.nio.DirectLongBufferU::ix (10 bytes)
Event: 36.166 Thread 0x000002f34568e400 nmethod 872 0x000002f3368f3e90 code [0x000002f3368f4000, 0x000002f3368f4078]
Event: 36.166 Thread 0x000002f34568e400  873   !   4       java.nio.DirectByteBuffer::get (34 bytes)
Event: 36.167 Thread 0x000002f3456f78a0  874       3       java.lang.Character::getType (9 bytes)

GC Heap History (0 events):
No events

Deoptimization events (20 events):
Event: 28.050 Thread 0x000002f32756dcd0 Uncommon trap: trap_request=0xffffff45 fr.pc=0x000002f3368b6868 relative=0x0000000000000448
Event: 28.050 Thread 0x000002f32756dcd0 Uncommon trap: reason=unstable_if action=reinterpret pc=0x000002f3368b6868 method=java.lang.StringLatin1.canEncode(I)Z @ 4 c2
Event: 28.050 Thread 0x000002f32756dcd0 DEOPT PACKING pc=0x000002f3368b6868 sp=0x000000f74b1fdc30
Event: 28.050 Thread 0x000002f32756dcd0 DEOPT UNPACKING pc=0x000002f32ee323a3 sp=0x000000f74b1fdb58 mode 2
Event: 28.050 Thread 0x000002f32756dcd0 Uncommon trap: trap_request=0xffffff45 fr.pc=0x000002f3368b724c relative=0x000000000000042c
Event: 28.050 Thread 0x000002f32756dcd0 Uncommon trap: reason=unstable_if action=reinterpret pc=0x000002f3368b724c method=java.lang.AbstractStringBuilder.isLatin1()Z @ 10 c2
Event: 28.050 Thread 0x000002f32756dcd0 DEOPT PACKING pc=0x000002f3368b724c sp=0x000000f74b1fdc40
Event: 28.050 Thread 0x000002f32756dcd0 DEOPT UNPACKING pc=0x000002f32ee323a3 sp=0x000000f74b1fdbc0 mode 2
Event: 28.050 Thread 0x000002f32756dcd0 Uncommon trap: trap_request=0xffffff45 fr.pc=0x000002f3368bd5dc relative=0x000000000000005c
Event: 28.050 Thread 0x000002f32756dcd0 Uncommon trap: reason=unstable_if action=reinterpret pc=0x000002f3368bd5dc method=java.lang.AbstractStringBuilder.isLatin1()Z @ 10 c2
Event: 28.050 Thread 0x000002f32756dcd0 DEOPT PACKING pc=0x000002f3368bd5dc sp=0x000000f74b1fdc20
Event: 28.050 Thread 0x000002f32756dcd0 DEOPT UNPACKING pc=0x000002f32ee323a3 sp=0x000000f74b1fdbb0 mode 2
Event: 28.521 Thread 0x000002f32756dcd0 Uncommon trap: trap_request=0xffffff45 fr.pc=0x000002f3368b7b38 relative=0x0000000000000038
Event: 28.521 Thread 0x000002f32756dcd0 Uncommon trap: reason=unstable_if action=reinterpret pc=0x000002f3368b7b38 method=java.lang.StringLatin1.canEncode(I)Z @ 4 c2
Event: 28.521 Thread 0x000002f32756dcd0 DEOPT PACKING pc=0x000002f3368b7b38 sp=0x000000f74b1fdbc0
Event: 28.521 Thread 0x000002f32756dcd0 DEOPT UNPACKING pc=0x000002f32ee323a3 sp=0x000000f74b1fdb50 mode 2
Event: 31.962 Thread 0x000002f32756dcd0 DEOPT PACKING pc=0x000002f32f3b4cbe sp=0x000000f74b1fae10
Event: 31.962 Thread 0x000002f32756dcd0 DEOPT UNPACKING pc=0x000002f32ee32b43 sp=0x000000f74b1fa288 mode 0
Event: 32.001 Thread 0x000002f32756dcd0 DEOPT PACKING pc=0x000002f32f445ea7 sp=0x000000f74b1fd2a0
Event: 32.001 Thread 0x000002f32756dcd0 DEOPT UNPACKING pc=0x000002f32ee32b43 sp=0x000000f74b1fc700 mode 0

Classes unloaded (0 events):
No events

Classes redefined (0 events):
No events

Internal exceptions (11 events):
Event: 21.902 Thread 0x000002f32756dcd0 Exception <a 'java/lang/NullPointerException'{0x0000000089083578}> (0x0000000089083578) 
thrown [s\open\src\hotspot\share\interpreter\linkResolver.cpp, line 1350]
Event: 22.563 Thread 0x000002f32756dcd0 Exception <a 'java/lang/NullPointerException'{0x00000000890cf230}> (0x00000000890cf230) 
thrown [s\open\src\hotspot\share\interpreter\linkResolver.cpp, line 1350]
Event: 22.563 Thread 0x000002f32756dcd0 Exception <a 'java/lang/NullPointerException'{0x00000000890cf508}> (0x00000000890cf508) 
thrown [s\open\src\hotspot\share\interpreter\linkResolver.cpp, line 1350]
Event: 22.563 Thread 0x000002f32756dcd0 Exception <a 'java/lang/NullPointerException'{0x00000000890cf7e0}> (0x00000000890cf7e0) 
thrown [s\open\src\hotspot\share\interpreter\linkResolver.cpp, line 1350]
Event: 22.565 Thread 0x000002f32756dcd0 Exception <a 'java/lang/NullPointerException'{0x00000000890d5160}> (0x00000000890d5160) 
thrown [s\open\src\hotspot\share\interpreter\linkResolver.cpp, line 1350]
Event: 22.568 Thread 0x000002f32756dcd0 Exception <a 'java/lang/NullPointerException'{0x00000000890ea518}> (0x00000000890ea518) 
thrown [s\open\src\hotspot\share\interpreter\linkResolver.cpp, line 1350]
Event: 22.568 Thread 0x000002f32756dcd0 Exception <a 'java/lang/NullPointerException'{0x00000000890ea7f0}> (0x00000000890ea7f0) 
thrown [s\open\src\hotspot\share\interpreter\linkResolver.cpp, line 1350]
Event: 22.568 Thread 0x000002f32756dcd0 Exception <a 'java/lang/NullPointerException'{0x00000000890eaac8}> (0x00000000890eaac8) 
thrown [s\open\src\hotspot\share\interpreter\linkResolver.cpp, line 1350]
Event: 22.568 Thread 0x000002f32756dcd0 Exception <a 'java/lang/NullPointerException'{0x00000000890eada0}> (0x00000000890eada0) 
thrown [s\open\src\hotspot\share\interpreter\linkResolver.cpp, line 1350]
Event: 34.956 Thread 0x000002f32756dcd0 Exception <a 'java/lang/NoSuchMethodError'{0x00000000885136e8}: 'java.lang.Object java.lang.invoke.DirectMethodHandle$Holder.newInvokeSpecial(java.lang.Object, java.lang.Object, java.lang.Object, java.lang.Object, java.lang.Object)'> (0x00000000885136e8) 
thrown [s\open\src\hotspot\share\interpreter\linkResolver.cpp, line 759]
Event: 36.150 Thread 0x000002f32756dcd0 Exception <a 'java/lang/NoClassDefFoundError'{0x0000000088479140}: javax/enterprise/inject/Typed> (0x0000000088479140) 
thrown [s\open\src\hotspot\share\classfile\systemDictionary.cpp, line 245]

VM Operations (20 events):
Event: 25.579 Executing VM operation: Cleanup
Event: 25.942 Executing VM operation: Cleanup done
Event: 26.357 Executing VM operation: HandshakeAllThreads
Event: 26.357 Executing VM operation: HandshakeAllThreads done
Event: 27.363 Executing VM operation: Cleanup
Event: 27.363 Executing VM operation: Cleanup done
Event: 28.377 Executing VM operation: Cleanup
Event: 28.377 Executing VM operation: Cleanup done
Event: 29.388 Executing VM operation: Cleanup
Event: 29.388 Executing VM operation: Cleanup done
Event: 30.400 Executing VM operation: Cleanup
Event: 30.480 Executing VM operation: Cleanup done
Event: 31.490 Executing VM operation: Cleanup
Event: 31.955 Executing VM operation: Cleanup done
Event: 32.958 Executing VM operation: Cleanup
Event: 32.958 Executing VM operation: Cleanup done
Event: 33.968 Executing VM operation: Cleanup
Event: 34.240 Executing VM operation: Cleanup done
Event: 35.242 Executing VM operation: Cleanup
Event: 35.242 Executing VM operation: Cleanup done

Events (20 events):
Event: 35.743 loading class sun/reflect/generics/repository/ClassRepository
Event: 35.743 loading class sun/reflect/generics/repository/GenericDeclRepository
Event: 35.743 loading class sun/reflect/generics/repository/AbstractRepository
Event: 35.743 loading class sun/reflect/generics/repository/AbstractRepository done
Event: 35.743 loading class sun/reflect/generics/repository/GenericDeclRepository done
Event: 35.743 loading class sun/reflect/generics/repository/ClassRepository done
Event: 35.743 loading class sun/reflect/generics/tree/FormalTypeParameter
Event: 35.743 loading class sun/reflect/generics/tree/FormalTypeParameter done
Event: 35.744 loading class sun/reflect/generics/tree/ClassSignature
Event: 35.744 loading class sun/reflect/generics/tree/Signature
Event: 35.744 loading class sun/reflect/generics/tree/Signature done
Event: 35.744 loading class sun/reflect/generics/tree/ClassSignature done
Event: 35.744 loading class java/lang/reflect/TypeVariable
Event: 35.744 loading class java/lang/reflect/TypeVariable done
Event: 35.744 loading class java/lang/reflect/WildcardType
Event: 35.744 loading class java/lang/reflect/WildcardType done
Event: 35.748 loading class sun/reflect/generics/tree/TypeVariableSignature
Event: 35.748 loading class sun/reflect/generics/tree/TypeVariableSignature done
Event: 36.149 loading class java/lang/annotation/IncompleteAnnotationException
Event: 36.150 loading class java/lang/annotation/IncompleteAnnotationException done


Dynamic libraries:
0x00007ff6b2c80000 - 0x00007ff6b2c90000 	C:\Program Files\Java\jdk-17.0.4.1\bin\java.exe
0x00007ff857e50000 - 0x00007ff858064000 	C:\WINDOWS\SYSTEM32\ntdll.dll
0x00007ff856a80000 - 0x00007ff856b42000 	C:\WINDOWS\System32\KERNEL32.DLL
0x00007ff8554e0000 - 0x00007ff855883000 	C:\WINDOWS\System32\KERNELBASE.dll
0x00007ff8559c0000 - 0x00007ff855ad1000 	C:\WINDOWS\System32\ucrtbase.dll
0x00007ff842160000 - 0x00007ff842178000 	C:\Program Files\Java\jdk-17.0.4.1\bin\jli.dll
0x00007ff8570a0000 - 0x00007ff85714e000 	C:\WINDOWS\System32\ADVAPI32.dll
0x00007ff8569d0000 - 0x00007ff856a77000 	C:\WINDOWS\System32\msvcrt.dll
0x00007ff857470000 - 0x00007ff857514000 	C:\WINDOWS\System32\sechost.dll
0x00007ff857ad0000 - 0x00007ff857be7000 	C:\WINDOWS\System32\RPCRT4.dll
0x00007ff855ee0000 - 0x00007ff85608b000 	C:\WINDOWS\System32\USER32.dll
0x00007ff855c00000 - 0x00007ff855c26000 	C:\WINDOWS\System32\win32u.dll
0x00007ff856b70000 - 0x00007ff856b99000 	C:\WINDOWS\System32\GDI32.dll
0x00007ff855250000 - 0x00007ff855369000 	C:\WINDOWS\System32\gdi32full.dll
0x00007ff855ae0000 - 0x00007ff855b7a000 	C:\WINDOWS\System32\msvcp_win.dll
0x00007ff84e050000 - 0x00007ff84e06a000 	C:\Program Files\Java\jdk-17.0.4.1\bin\VCRUNTIME140.dll
0x00007ff83a430000 - 0x00007ff83a6be000 	C:\WINDOWS\WinSxS\amd64_microsoft.windows.common-controls_6595b64144ccf1df_6.0.22621.1635_none_270f70857386168e\COMCTL32.dll
0x00007ff849df0000 - 0x00007ff849dfa000 	C:\WINDOWS\SYSTEM32\VERSION.dll
0x00007ff856ba0000 - 0x00007ff856bd1000 	C:\WINDOWS\System32\IMM32.DLL
0x00007ff84e040000 - 0x00007ff84e04c000 	C:\Program Files\Java\jdk-17.0.4.1\bin\vcruntime140_1.dll
0x00007ff8344a0000 - 0x00007ff83452d000 	C:\Program Files\Java\jdk-17.0.4.1\bin\msvcp140.dll
0x00007fffd24b0000 - 0x00007fffd3072000 	C:\Program Files\Java\jdk-17.0.4.1\bin\server\jvm.dll
0x00007ff857460000 - 0x00007ff857468000 	C:\WINDOWS\System32\PSAPI.DLL
0x00007ff84b670000 - 0x00007ff84b679000 	C:\WINDOWS\SYSTEM32\WSOCK32.dll
0x00007ff855d30000 - 0x00007ff855da1000 	C:\WINDOWS\System32\WS2_32.dll
0x00007ff849850000 - 0x00007ff849884000 	C:\WINDOWS\SYSTEM32\WINMM.dll
0x00007ff854390000 - 0x00007ff8543a8000 	C:\WINDOWS\SYSTEM32\kernel.appcore.dll
0x00007ff84e020000 - 0x00007ff84e02a000 	C:\Program Files\Java\jdk-17.0.4.1\bin\jimage.dll
0x00007ff852e00000 - 0x00007ff85302e000 	C:\WINDOWS\SYSTEM32\DBGHELP.DLL
0x00007ff856c60000 - 0x00007ff856fe9000 	C:\WINDOWS\System32\combase.dll
0x00007ff8571e0000 - 0x00007ff8572b7000 	C:\WINDOWS\System32\OLEAUT32.dll
0x00007ff83ef60000 - 0x00007ff83ef92000 	C:\WINDOWS\SYSTEM32\dbgcore.DLL
0x00007ff855b80000 - 0x00007ff855bfb000 	C:\WINDOWS\System32\bcryptPrimitives.dll
0x00007ff84b640000 - 0x00007ff84b665000 	C:\Program Files\Java\jdk-17.0.4.1\bin\java.dll
0x00007ff84ac80000 - 0x00007ff84ad56000 	C:\Program Files\Java\jdk-17.0.4.1\bin\jsvml.dll
0x00007ff8560b0000 - 0x00007ff8568aa000 	C:\WINDOWS\System32\SHELL32.dll
0x00007ff853260000 - 0x00007ff853b2e000 	C:\WINDOWS\SYSTEM32\windows.storage.dll
0x00007ff853030000 - 0x00007ff85316e000 	C:\WINDOWS\SYSTEM32\wintypes.dll
0x00007ff8579b0000 - 0x00007ff857aa1000 	C:\WINDOWS\System32\SHCORE.dll
0x00007ff8568b0000 - 0x00007ff85690e000 	C:\WINDOWS\System32\shlwapi.dll
0x00007ff855180000 - 0x00007ff8551a1000 	C:\WINDOWS\SYSTEM32\profapi.dll
0x00007ff84ac60000 - 0x00007ff84ac79000 	C:\Program Files\Java\jdk-17.0.4.1\bin\net.dll
0x00007ff849890000 - 0x00007ff8499c7000 	C:\WINDOWS\SYSTEM32\WINHTTP.dll
0x00007ff854800000 - 0x00007ff854869000 	C:\WINDOWS\system32\mswsock.dll
0x00007ff84ac40000 - 0x00007ff84ac56000 	C:\Program Files\Java\jdk-17.0.4.1\bin\nio.dll
0x00007ff84abe0000 - 0x00007ff84abf8000 	C:\Program Files\Java\jdk-17.0.4.1\bin\zip.dll
0x0000000069ac0000 - 0x0000000069ae4000 	C:\Program Files\NetBeans-14\netbeans\java\maven\lib\jansi-native\Windows\x86_64\jansi.dll
0x00007ff84c230000 - 0x00007ff84c240000 	C:\Program Files\Java\jdk-17.0.4.1\bin\verify.dll

dbghelp: loaded successfully - version: 4.0.5 - missing functions: none
symbol engine: initialized successfully - sym options: 0x614 - pdb path: .;C:\Program Files\Java\jdk-17.0.4.1\bin;C:\WINDOWS\SYSTEM32;C:\WINDOWS\WinSxS\amd64_microsoft.windows.common-controls_6595b64144ccf1df_6.0.22621.1635_none_270f70857386168e;C:\Program Files\Java\jdk-17.0.4.1\bin\server;C:\Program Files\NetBeans-14\netbeans\java\maven\lib\jansi-native\Windows\x86_64

VM Arguments:
jvm_args: -Dclassworlds.conf=C:\Program Files\NetBeans-14\netbeans\java\maven\bin\m2.conf -Dmaven.home=C:\Program Files\NetBeans-14\netbeans\java\maven -Dlibrary.jansi.path=C:\Program Files\NetBeans-14\netbeans\java\maven\lib\jansi-native -Dmaven.multiModuleProjectDirectory=C:\Senac\curso ds\ProjetoIntegradorUC05\Atividade5diversos\Atividade5PIUC05 
java_command: org.codehaus.plexus.classworlds.launcher.Launcher -Dmaven.ext.class.path=C:\Program Files\NetBeans-14\netbeans\java\maven-nblib\netbeans-eventspy.jar -Dfile.encoding=UTF-8 install
java_class_path (initial): C:\Program Files\NetBeans-14\netbeans\java\maven\boot\plexus-classworlds-2.6.0.jar
Launcher Type: SUN_STANDARD

[Global flags]
     intx CICompilerCount                          = 4                                         {product} {ergonomic}
     uint ConcGCThreads                            = 2                                         {product} {ergonomic}
     uint G1ConcRefinementThreads                  = 8                                         {product} {ergonomic}
   size_t G1HeapRegionSize                         = 1048576                                   {product} {ergonomic}
    uintx GCDrainStackTargetSize                   = 64                                        {product} {ergonomic}
   size_t InitialHeapSize                          = 134217728                                 {product} {ergonomic}
   size_t MarkStackSize                            = 4194304                                   {product} {ergonomic}
   size_t MaxHeapSize                              = 2126512128                                {product} {ergonomic}
   size_t MaxNewSize                               = 1275068416                                {product} {ergonomic}
   size_t MinHeapDeltaBytes                        = 1048576                                   {product} {ergonomic}
   size_t MinHeapSize                              = 8388608                                   {product} {ergonomic}
    uintx NonNMethodCodeHeapSize                   = 5839372                                {pd product} {ergonomic}
    uintx NonProfiledCodeHeapSize                  = 122909434                              {pd product} {ergonomic}
    uintx ProfiledCodeHeapSize                     = 122909434                              {pd product} {ergonomic}
    uintx ReservedCodeCacheSize                    = 251658240                              {pd product} {ergonomic}
     bool SegmentedCodeCache                       = true                                      {product} {ergonomic}
   size_t SoftMaxHeapSize                          = 2126512128                             {manageable} {ergonomic}
     bool UseCompressedClassPointers               = true                           {product lp64_product} {ergonomic}
     bool UseCompressedOops                        = true                           {product lp64_product} {ergonomic}
     bool UseG1GC                                  = true                                      {product} {ergonomic}
     bool UseLargePagesIndividualAllocation        = false                                  {pd product} {ergonomic}

Logging:
Log output configuration:
 #0: stdout all=warning uptime,level,tags
 #1: stderr all=off uptime,level,tags

Environment Variables:
JAVA_HOME=C:\Program Files\Java\jdk-17.0.4.1
PATH=C:\Program Files\Common Files\Oracle\Java\javapath;C:\ProgramData\Oracle\Java\javapath;C:\Program Files (x86)\Intel\Intel(R) Management Engine Components\iCLS\;C:\Program Files\Intel\Intel(R) Management Engine Components\iCLS\;C:\windows\system32;C:\windows;C:\windows\System32\Wbem;C:\windows\System32\WindowsPowerShell\v1.0\;C:\windows\System32\OpenSSH\;C:\Program Files (x86)\NVIDIA Corporation\PhysX\Common;C:\Program Files (x86)\Intel\Intel(R) Management Engine Components\DAL;C:\Program Files\Intel\Intel(R) Management Engine Components\DAL;C:\Program Files (x86)\Intel\Intel(R) Management Engine Components\IPT;C:\Program Files\Intel\Intel(R) Management Engine Components\IPT;C:\WINDOWS\system32;C:\WINDOWS;C:\WINDOWS\System32\Wbem;C:\WINDOWS\System32\WindowsPowerShell\v1.0\;C:\WINDOWS\System32\OpenSSH\;C:\Program Files\nodejs\;C:\ProgramData\UNIVALI\Portugol Studio;C:\Program Files\Git\cmd;C:\Users\larak\AppData\Local\Microsoft\WindowsApps;C:\Program Files\JetBrains\PyCharm Community Edition 2020.3.3\bin;;C:\Users\larak\AppData\Local\Programs\Microsoft VS Code\bin;C:\Users\larak\AppData\Roaming\npm;
USERNAME=larak
OS=Windows_NT
PROCESSOR_IDENTIFIER=Intel64 Family 6 Model 142 Stepping 10, GenuineIntel



---------------  S Y S T E M  ---------------

OS:
 Windows 11 , 64 bit Build 22621 (10.0.22621.1778)
OS uptime: 0 days 6:07 hours

CPU: total 8 (initial active 8) (4 cores per cpu, 2 threads per core) family 6 model 142 stepping 10 microcode 0xe0, cx8, cmov, fxsr, ht, mmx, 3dnowpref, sse, sse2, sse3, ssse3, sse4.1, sse4.2, popcnt, lzcnt, tsc, tscinvbit, avx, avx2, aes, erms, clmul, bmi1, bmi2, adx, fma, vzeroupper, clflush, clflushopt

Memory: 4k page, system-wide physical 8106M (109M free)
TotalPageFile size 32682M (AvailPageFile size 0M)
current process WorkingSet (physical memory assigned to process): 52M, peak: 57M
current process commit charge ("private bytes"): 218M, peak: 221M

vm_info: Java HotSpot(TM) 64-Bit Server VM (17.0.4.1+1-LTS-2) for windows-amd64 JRE (17.0.4.1+1-LTS-2), built on Aug 16 2022 18:32:06 by "mach5one" with MS VC++ 16.8 / 16.9 (VS2019)

END.
