#
# There is insufficient memory for the Java Runtime Environment to continue.
# Native memory allocation (malloc) failed to allocate 32744 bytes for ChunkPool::allocate
# Possible reasons:
#   The system is out of physical RAM or swap space
#   The process is running with CompressedOops enabled, and the Java Heap may be blocking the growth of the native heap
# Possible solutions:
#   Reduce memory load on the system
#   Increase physical memory or swap space
#   Check if swap backing store is full
#   Decrease Java heap size (-Xmx/-Xms)
#   Decrease number of Java threads
#   Decrease Java thread stack sizes (-Xss)
#   Set larger code cache with -XX:ReservedCodeCacheSize=
#   JVM is running with Unscaled Compressed Oops mode in which the Java heap is
#     placed in the first 4GB address space. The Java Heap base address is the
#     maximum limit for the native heap growth. Please use -XX:HeapBaseMinAddress
#     to set the Java Heap base and to place the Java Heap above 4GB virtual address.
# This output file may be truncated or incomplete.
#
#  Out of Memory Error (arena.cpp:78), pid=16608, tid=19192
#
# JRE version: Java(TM) SE Runtime Environment (17.0.4.1+1) (build 17.0.4.1+1-LTS-2)
# Java VM: Java HotSpot(TM) 64-Bit Server VM (17.0.4.1+1-LTS-2, mixed mode, sharing, tiered, compressed oops, compressed class ptrs, g1 gc, windows-amd64)
# No core dump will be written. Minidumps are not enabled by default on client versions of Windows
#

---------------  S U M M A R Y ------------

Command Line: -Dclassworlds.conf=C:\Program Files\NetBeans-14\netbeans\java\maven\bin\m2.conf -Dmaven.home=C:\Program Files\NetBeans-14\netbeans\java\maven -Dlibrary.jansi.path=C:\Program Files\NetBeans-14\netbeans\java\maven\lib\jansi-native -Dmaven.multiModuleProjectDirectory=C:\Senac\curso ds\ProjetoIntegradorUC05\Atividade5diversos\Atividade5PIUC05 org.codehaus.plexus.classworlds.launcher.Launcher -Dmaven.ext.class.path=C:\Program Files\NetBeans-14\netbeans\java\maven-nblib\netbeans-eventspy.jar -Dfile.encoding=UTF-8 install

Host: Intel(R) Core(TM) i5-8250U CPU @ 1.60GHz, 8 cores, 7G,  Windows 11 , 64 bit Build 22621 (10.0.22621.1778)
Time: Mon Jun 12 15:26:43 2023 Hora oficial do Brasil elapsed time: 67.899918 seconds (0d 0h 1m 7s)

---------------  T H R E A D  ---------------

Current thread (0x000001d57b77ec50):  JavaThread "C2 CompilerThread0" daemon [_thread_in_native, id=19192, stack(0x0000008ad1c00000,0x0000008ad1d00000)]


Current CompileTask:
C2:  67900 2088   !   4       java.net.URL::<init> (543 bytes)

Stack: [0x0000008ad1c00000,0x0000008ad1d00000]
Native frames: (J=compiled Java code, j=interpreted, Vv=VM code, C=native code)
V  [jvm.dll+0x6723ba]
V  [jvm.dll+0x7d1e34]
V  [jvm.dll+0x7d35de]
V  [jvm.dll+0x7d3c43]
V  [jvm.dll+0x243065]
V  [jvm.dll+0xaa7c0]
V  [jvm.dll+0xaab0c]
V  [jvm.dll+0x651caf]
V  [jvm.dll+0x78aac]
V  [jvm.dll+0x615ade]
V  [jvm.dll+0x35cfe7]
V  [jvm.dll+0x35d38c]
V  [jvm.dll+0x35d170]
V  [jvm.dll+0x2ceae9]
V  [jvm.dll+0x638c71]
V  [jvm.dll+0x10fb7c]
V  [jvm.dll+0x33a946]
V  [jvm.dll+0x68df46]
V  [jvm.dll+0x68d292]
V  [jvm.dll+0x68875d]
V  [jvm.dll+0x68281b]
V  [jvm.dll+0x681e57]
V  [jvm.dll+0x67fd52]
V  [jvm.dll+0x1a51cc]
V  [jvm.dll+0x215188]
V  [jvm.dll+0x1a1fcd]
V  [jvm.dll+0x224e08]
V  [jvm.dll+0x222f75]
V  [jvm.dll+0x787a0b]
V  [jvm.dll+0x781fca]
V  [jvm.dll+0x671245]
C  [ucrtbase.dll+0x29363]
C  [KERNEL32.DLL+0x126ad]
C  [ntdll.dll+0x5a9f8]


---------------  P R O C E S S  ---------------

Threads class SMR info:
_java_thread_list=0x000001d57c6780e0, length=12, elements={
0x000001d56c65dcd0, 0x000001d57b762a30, 0x000001d57b7635e0, 0x000001d57b777d90,
0x000001d57b77cb60, 0x000001d57b77d510, 0x000001d57b77dec0, 0x000001d57b77ec50,
0x000001d57b7e8900, 0x000001d57b7edae0, 0x000001d57c1df820, 0x000001d57c1eab80
}

Java Threads: ( => current thread )
  0x000001d56c65dcd0 JavaThread "main" [_thread_in_vm, id=7464, stack(0x0000008ad0e00000,0x0000008ad0f00000)]
  0x000001d57b762a30 JavaThread "Reference Handler" daemon [_thread_blocked, id=26168, stack(0x0000008ad1600000,0x0000008ad1700000)]
  0x000001d57b7635e0 JavaThread "Finalizer" daemon [_thread_blocked, id=25252, stack(0x0000008ad1700000,0x0000008ad1800000)]
  0x000001d57b777d90 JavaThread "Signal Dispatcher" daemon [_thread_blocked, id=28588, stack(0x0000008ad1800000,0x0000008ad1900000)]
  0x000001d57b77cb60 JavaThread "Attach Listener" daemon [_thread_blocked, id=7964, stack(0x0000008ad1900000,0x0000008ad1a00000)]
  0x000001d57b77d510 JavaThread "Service Thread" daemon [_thread_blocked, id=7480, stack(0x0000008ad1a00000,0x0000008ad1b00000)]
  0x000001d57b77dec0 JavaThread "Monitor Deflation Thread" daemon [_thread_blocked, id=24648, stack(0x0000008ad1b00000,0x0000008ad1c00000)]
=>0x000001d57b77ec50 JavaThread "C2 CompilerThread0" daemon [_thread_in_native, id=19192, stack(0x0000008ad1c00000,0x0000008ad1d00000)]
  0x000001d57b7e8900 JavaThread "C1 CompilerThread0" daemon [_thread_blocked, id=19100, stack(0x0000008ad1d00000,0x0000008ad1e00000)]
  0x000001d57b7edae0 JavaThread "Sweeper thread" daemon [_thread_blocked, id=22972, stack(0x0000008ad1e00000,0x0000008ad1f00000)]
  0x000001d57c1df820 JavaThread "Notification Thread" daemon [_thread_blocked, id=8348, stack(0x0000008ad1f00000,0x0000008ad2000000)]
  0x000001d57c1eab80 JavaThread "Common-Cleaner" daemon [_thread_blocked, id=22204, stack(0x0000008ad2100000,0x0000008ad2200000)]

Other Threads:
  0x000001d57b75b040 VMThread "VM Thread" [stack: 0x0000008ad1500000,0x0000008ad1600000] [id=21824]
  0x000001d57c1ea740 WatcherThread [stack: 0x0000008ad2000000,0x0000008ad2100000] [id=21532]
  0x000001d56c6b8d50 GCTaskThread "GC Thread#0" [stack: 0x0000008ad1000000,0x0000008ad1100000] [id=18048]
  0x000001d57c8fc9e0 GCTaskThread "GC Thread#1" [stack: 0x0000008ad2300000,0x0000008ad2400000] [id=29608]
  0x000001d57c8fcc90 GCTaskThread "GC Thread#2" [stack: 0x0000008ad2400000,0x0000008ad2500000] [id=29612]
  0x000001d57c15efd0 GCTaskThread "GC Thread#3" [stack: 0x0000008ad2500000,0x0000008ad2600000] [id=29616]
  0x000001d57c75f6f0 GCTaskThread "GC Thread#4" [stack: 0x0000008ad2600000,0x0000008ad2700000] [id=29620]
  0x000001d57c75f9a0 GCTaskThread "GC Thread#5" [stack: 0x0000008ad2700000,0x0000008ad2800000] [id=29624]
  0x000001d57caeeca0 GCTaskThread "GC Thread#6" [stack: 0x0000008ad2800000,0x0000008ad2900000] [id=29628]
  0x000001d57c7fc4c0 GCTaskThread "GC Thread#7" [stack: 0x0000008ad0d00000,0x0000008ad0e00000] [id=17308]
  0x000001d56c6c9a10 ConcurrentGCThread "G1 Main Marker" [stack: 0x0000008ad1100000,0x0000008ad1200000] [id=18752]
  0x000001d56c6ca420 ConcurrentGCThread "G1 Conc#0" [stack: 0x0000008ad1200000,0x0000008ad1300000] [id=15996]
  0x000001d56c72eaa0 ConcurrentGCThread "G1 Refine#0" [stack: 0x0000008ad1300000,0x0000008ad1400000] [id=16056]
  0x000001d57b614610 ConcurrentGCThread "G1 Service" [stack: 0x0000008ad1400000,0x0000008ad1500000] [id=2960]

Threads with active compile tasks:
C2 CompilerThread0    67958 2088   !   4       java.net.URL::<init> (543 bytes)

VM state: not at safepoint (normal execution)

VM Mutex/Monitor currently owned by a thread:  ([mutex/lock_event])
[0x000001d56c658f00] Metaspace_lock - owner thread: 0x000001d56c65dcd0

Heap address: 0x0000000081400000, size: 2028 MB, Compressed Oops mode: 32-bit

CDS archive(s) mapped at: [0x0000000800000000-0x0000000800bc0000-0x0000000800bc0000), size 12320768, SharedBaseAddress: 0x0000000800000000, ArchiveRelocationMode: 0.
Compressed class space mapped at: 0x0000000800c00000-0x0000000840c00000, reserved size: 1073741824
Narrow klass base: 0x0000000800000000, Narrow klass shift: 0, Narrow klass range: 0x100000000

GC Precious Log:
 CPUs: 8 total, 8 available
 Memory: 8106M
 Large Page Support: Disabled
 NUMA Support: Disabled
 Compressed Oops: Enabled (32-bit)
 Heap Region Size: 1M
 Heap Min Capacity: 8M
 Heap Initial Capacity: 128M
 Heap Max Capacity: 2028M
 Pre-touch: Disabled
 Parallel Workers: 8
 Concurrent Workers: 2
 Concurrent Refinement Workers: 8
 Periodic GC: Disabled

Heap:
 garbage-first heap   total 131072K, used 11127K [0x0000000081400000, 0x0000000100000000)
  region size 1024K, 9 young (9216K), 3 survivors (3072K)
 Metaspace       used 11234K, committed 11392K, reserved 1064960K
  class space    used 1360K, committed 1472K, reserved 1048576K

Heap Regions: E=young(eden), S=young(survivor), O=old, HS=humongous(starts), HC=humongous(continues), CS=collection set, F=free, OA=open archive, CA=closed archive, TAMS=top-at-mark-start (previous, next)
|   0|0x0000000081400000, 0x0000000081500000, 0x0000000081500000|100%| O|  |TAMS 0x0000000081400000, 0x0000000081400000| Untracked 
|   1|0x0000000081500000, 0x0000000081600000, 0x0000000081600000|100%| O|  |TAMS 0x0000000081500000, 0x0000000081500000| Untracked 
|   2|0x0000000081600000, 0x0000000081700000, 0x0000000081700000|100%| O|  |TAMS 0x0000000081600000, 0x0000000081600000| Untracked 
|   3|0x0000000081700000, 0x0000000081787000, 0x0000000081800000| 52%| O|  |TAMS 0x0000000081700000, 0x0000000081700000| Untracked 
|   4|0x0000000081800000, 0x0000000081800000, 0x0000000081900000|  0%| F|  |TAMS 0x0000000081800000, 0x0000000081800000| Untracked 
|   5|0x0000000081900000, 0x0000000081900000, 0x0000000081a00000|  0%| F|  |TAMS 0x0000000081900000, 0x0000000081900000| Untracked 
|   6|0x0000000081a00000, 0x0000000081a00000, 0x0000000081b00000|  0%| F|  |TAMS 0x0000000081a00000, 0x0000000081a00000| Untracked 
|   7|0x0000000081b00000, 0x0000000081b00000, 0x0000000081c00000|  0%| F|  |TAMS 0x0000000081b00000, 0x0000000081b00000| Untracked 
|   8|0x0000000081c00000, 0x0000000081c00000, 0x0000000081d00000|  0%| F|  |TAMS 0x0000000081c00000, 0x0000000081c00000| Untracked 
|   9|0x0000000081d00000, 0x0000000081d00000, 0x0000000081e00000|  0%| F|  |TAMS 0x0000000081d00000, 0x0000000081d00000| Untracked 
|  10|0x0000000081e00000, 0x0000000081e00000, 0x0000000081f00000|  0%| F|  |TAMS 0x0000000081e00000, 0x0000000081e00000| Untracked 
|  11|0x0000000081f00000, 0x0000000081f00000, 0x0000000082000000|  0%| F|  |TAMS 0x0000000081f00000, 0x0000000081f00000| Untracked 
|  12|0x0000000082000000, 0x0000000082000000, 0x0000000082100000|  0%| F|  |TAMS 0x0000000082000000, 0x0000000082000000| Untracked 
|  13|0x0000000082100000, 0x0000000082100000, 0x0000000082200000|  0%| F|  |TAMS 0x0000000082100000, 0x0000000082100000| Untracked 
|  14|0x0000000082200000, 0x0000000082200000, 0x0000000082300000|  0%| F|  |TAMS 0x0000000082200000, 0x0000000082200000| Untracked 
|  15|0x0000000082300000, 0x0000000082300000, 0x0000000082400000|  0%| F|  |TAMS 0x0000000082300000, 0x0000000082300000| Untracked 
|  16|0x0000000082400000, 0x0000000082400000, 0x0000000082500000|  0%| F|  |TAMS 0x0000000082400000, 0x0000000082400000| Untracked 
|  17|0x0000000082500000, 0x0000000082500000, 0x0000000082600000|  0%| F|  |TAMS 0x0000000082500000, 0x0000000082500000| Untracked 
|  18|0x0000000082600000, 0x0000000082600000, 0x0000000082700000|  0%| F|  |TAMS 0x0000000082600000, 0x0000000082600000| Untracked 
|  19|0x0000000082700000, 0x0000000082700000, 0x0000000082800000|  0%| F|  |TAMS 0x0000000082700000, 0x0000000082700000| Untracked 
|  20|0x0000000082800000, 0x0000000082800000, 0x0000000082900000|  0%| F|  |TAMS 0x0000000082800000, 0x0000000082800000| Untracked 
|  21|0x0000000082900000, 0x0000000082900000, 0x0000000082a00000|  0%| F|  |TAMS 0x0000000082900000, 0x0000000082900000| Untracked 
|  22|0x0000000082a00000, 0x0000000082a00000, 0x0000000082b00000|  0%| F|  |TAMS 0x0000000082a00000, 0x0000000082a00000| Untracked 
|  23|0x0000000082b00000, 0x0000000082b00000, 0x0000000082c00000|  0%| F|  |TAMS 0x0000000082b00000, 0x0000000082b00000| Untracked 
|  24|0x0000000082c00000, 0x0000000082c00000, 0x0000000082d00000|  0%| F|  |TAMS 0x0000000082c00000, 0x0000000082c00000| Untracked 
|  25|0x0000000082d00000, 0x0000000082d00000, 0x0000000082e00000|  0%| F|  |TAMS 0x0000000082d00000, 0x0000000082d00000| Untracked 
|  26|0x0000000082e00000, 0x0000000082e00000, 0x0000000082f00000|  0%| F|  |TAMS 0x0000000082e00000, 0x0000000082e00000| Untracked 
|  27|0x0000000082f00000, 0x0000000082f00000, 0x0000000083000000|  0%| F|  |TAMS 0x0000000082f00000, 0x0000000082f00000| Untracked 
|  28|0x0000000083000000, 0x0000000083000000, 0x0000000083100000|  0%| F|  |TAMS 0x0000000083000000, 0x0000000083000000| Untracked 
|  29|0x0000000083100000, 0x0000000083100000, 0x0000000083200000|  0%| F|  |TAMS 0x0000000083100000, 0x0000000083100000| Untracked 
|  30|0x0000000083200000, 0x0000000083200000, 0x0000000083300000|  0%| F|  |TAMS 0x0000000083200000, 0x0000000083200000| Untracked 
|  31|0x0000000083300000, 0x0000000083300000, 0x0000000083400000|  0%| F|  |TAMS 0x0000000083300000, 0x0000000083300000| Untracked 
|  32|0x0000000083400000, 0x0000000083400000, 0x0000000083500000|  0%| F|  |TAMS 0x0000000083400000, 0x0000000083400000| Untracked 
|  33|0x0000000083500000, 0x0000000083500000, 0x0000000083600000|  0%| F|  |TAMS 0x0000000083500000, 0x0000000083500000| Untracked 
|  34|0x0000000083600000, 0x0000000083600000, 0x0000000083700000|  0%| F|  |TAMS 0x0000000083600000, 0x0000000083600000| Untracked 
|  35|0x0000000083700000, 0x0000000083700000, 0x0000000083800000|  0%| F|  |TAMS 0x0000000083700000, 0x0000000083700000| Untracked 
|  36|0x0000000083800000, 0x0000000083800000, 0x0000000083900000|  0%| F|  |TAMS 0x0000000083800000, 0x0000000083800000| Untracked 
|  37|0x0000000083900000, 0x0000000083900000, 0x0000000083a00000|  0%| F|  |TAMS 0x0000000083900000, 0x0000000083900000| Untracked 
|  38|0x0000000083a00000, 0x0000000083a00000, 0x0000000083b00000|  0%| F|  |TAMS 0x0000000083a00000, 0x0000000083a00000| Untracked 
|  39|0x0000000083b00000, 0x0000000083b00000, 0x0000000083c00000|  0%| F|  |TAMS 0x0000000083b00000, 0x0000000083b00000| Untracked 
|  40|0x0000000083c00000, 0x0000000083c00000, 0x0000000083d00000|  0%| F|  |TAMS 0x0000000083c00000, 0x0000000083c00000| Untracked 
|  41|0x0000000083d00000, 0x0000000083d00000, 0x0000000083e00000|  0%| F|  |TAMS 0x0000000083d00000, 0x0000000083d00000| Untracked 
|  42|0x0000000083e00000, 0x0000000083e00000, 0x0000000083f00000|  0%| F|  |TAMS 0x0000000083e00000, 0x0000000083e00000| Untracked 
|  43|0x0000000083f00000, 0x0000000083f00000, 0x0000000084000000|  0%| F|  |TAMS 0x0000000083f00000, 0x0000000083f00000| Untracked 
|  44|0x0000000084000000, 0x0000000084000000, 0x0000000084100000|  0%| F|  |TAMS 0x0000000084000000, 0x0000000084000000| Untracked 
|  45|0x0000000084100000, 0x0000000084100000, 0x0000000084200000|  0%| F|  |TAMS 0x0000000084100000, 0x0000000084100000| Untracked 
|  46|0x0000000084200000, 0x0000000084200000, 0x0000000084300000|  0%| F|  |TAMS 0x0000000084200000, 0x0000000084200000| Untracked 
|  47|0x0000000084300000, 0x0000000084300000, 0x0000000084400000|  0%| F|  |TAMS 0x0000000084300000, 0x0000000084300000| Untracked 
|  48|0x0000000084400000, 0x0000000084400000, 0x0000000084500000|  0%| F|  |TAMS 0x0000000084400000, 0x0000000084400000| Untracked 
|  49|0x0000000084500000, 0x0000000084500000, 0x0000000084600000|  0%| F|  |TAMS 0x0000000084500000, 0x0000000084500000| Untracked 
|  50|0x0000000084600000, 0x0000000084600000, 0x0000000084700000|  0%| F|  |TAMS 0x0000000084600000, 0x0000000084600000| Untracked 
|  51|0x0000000084700000, 0x0000000084700000, 0x0000000084800000|  0%| F|  |TAMS 0x0000000084700000, 0x0000000084700000| Untracked 
|  52|0x0000000084800000, 0x0000000084800000, 0x0000000084900000|  0%| F|  |TAMS 0x0000000084800000, 0x0000000084800000| Untracked 
|  53|0x0000000084900000, 0x0000000084900000, 0x0000000084a00000|  0%| F|  |TAMS 0x0000000084900000, 0x0000000084900000| Untracked 
|  54|0x0000000084a00000, 0x0000000084a00000, 0x0000000084b00000|  0%| F|  |TAMS 0x0000000084a00000, 0x0000000084a00000| Untracked 
|  55|0x0000000084b00000, 0x0000000084b00000, 0x0000000084c00000|  0%| F|  |TAMS 0x0000000084b00000, 0x0000000084b00000| Untracked 
|  56|0x0000000084c00000, 0x0000000084c00000, 0x0000000084d00000|  0%| F|  |TAMS 0x0000000084c00000, 0x0000000084c00000| Untracked 
|  57|0x0000000084d00000, 0x0000000084d00000, 0x0000000084e00000|  0%| F|  |TAMS 0x0000000084d00000, 0x0000000084d00000| Untracked 
|  58|0x0000000084e00000, 0x0000000084e00000, 0x0000000084f00000|  0%| F|  |TAMS 0x0000000084e00000, 0x0000000084e00000| Untracked 
|  59|0x0000000084f00000, 0x0000000084f00000, 0x0000000085000000|  0%| F|  |TAMS 0x0000000084f00000, 0x0000000084f00000| Untracked 
|  60|0x0000000085000000, 0x0000000085000000, 0x0000000085100000|  0%| F|  |TAMS 0x0000000085000000, 0x0000000085000000| Untracked 
|  61|0x0000000085100000, 0x0000000085100000, 0x0000000085200000|  0%| F|  |TAMS 0x0000000085100000, 0x0000000085100000| Untracked 
|  62|0x0000000085200000, 0x0000000085200000, 0x0000000085300000|  0%| F|  |TAMS 0x0000000085200000, 0x0000000085200000| Untracked 
|  63|0x0000000085300000, 0x0000000085300000, 0x0000000085400000|  0%| F|  |TAMS 0x0000000085300000, 0x0000000085300000| Untracked 
|  64|0x0000000085400000, 0x0000000085400000, 0x0000000085500000|  0%| F|  |TAMS 0x0000000085400000, 0x0000000085400000| Untracked 
|  65|0x0000000085500000, 0x0000000085500000, 0x0000000085600000|  0%| F|  |TAMS 0x0000000085500000, 0x0000000085500000| Untracked 
|  66|0x0000000085600000, 0x0000000085600000, 0x0000000085700000|  0%| F|  |TAMS 0x0000000085600000, 0x0000000085600000| Untracked 
|  67|0x0000000085700000, 0x0000000085700000, 0x0000000085800000|  0%| F|  |TAMS 0x0000000085700000, 0x0000000085700000| Untracked 
|  68|0x0000000085800000, 0x0000000085800000, 0x0000000085900000|  0%| F|  |TAMS 0x0000000085800000, 0x0000000085800000| Untracked 
|  69|0x0000000085900000, 0x0000000085900000, 0x0000000085a00000|  0%| F|  |TAMS 0x0000000085900000, 0x0000000085900000| Untracked 
|  70|0x0000000085a00000, 0x0000000085a00000, 0x0000000085b00000|  0%| F|  |TAMS 0x0000000085a00000, 0x0000000085a00000| Untracked 
|  71|0x0000000085b00000, 0x0000000085b00000, 0x0000000085c00000|  0%| F|  |TAMS 0x0000000085b00000, 0x0000000085b00000| Untracked 
|  72|0x0000000085c00000, 0x0000000085c00000, 0x0000000085d00000|  0%| F|  |TAMS 0x0000000085c00000, 0x0000000085c00000| Untracked 
|  73|0x0000000085d00000, 0x0000000085d00000, 0x0000000085e00000|  0%| F|  |TAMS 0x0000000085d00000, 0x0000000085d00000| Untracked 
|  74|0x0000000085e00000, 0x0000000085e00000, 0x0000000085f00000|  0%| F|  |TAMS 0x0000000085e00000, 0x0000000085e00000| Untracked 
|  75|0x0000000085f00000, 0x0000000085f00000, 0x0000000086000000|  0%| F|  |TAMS 0x0000000085f00000, 0x0000000085f00000| Untracked 
|  76|0x0000000086000000, 0x0000000086000000, 0x0000000086100000|  0%| F|  |TAMS 0x0000000086000000, 0x0000000086000000| Untracked 
|  77|0x0000000086100000, 0x0000000086100000, 0x0000000086200000|  0%| F|  |TAMS 0x0000000086100000, 0x0000000086100000| Untracked 
|  78|0x0000000086200000, 0x0000000086200000, 0x0000000086300000|  0%| F|  |TAMS 0x0000000086200000, 0x0000000086200000| Untracked 
|  79|0x0000000086300000, 0x0000000086300000, 0x0000000086400000|  0%| F|  |TAMS 0x0000000086300000, 0x0000000086300000| Untracked 
|  80|0x0000000086400000, 0x0000000086400000, 0x0000000086500000|  0%| F|  |TAMS 0x0000000086400000, 0x0000000086400000| Untracked 
|  81|0x0000000086500000, 0x0000000086500000, 0x0000000086600000|  0%| F|  |TAMS 0x0000000086500000, 0x0000000086500000| Untracked 
|  82|0x0000000086600000, 0x0000000086600000, 0x0000000086700000|  0%| F|  |TAMS 0x0000000086600000, 0x0000000086600000| Untracked 
|  83|0x0000000086700000, 0x0000000086700000, 0x0000000086800000|  0%| F|  |TAMS 0x0000000086700000, 0x0000000086700000| Untracked 
|  84|0x0000000086800000, 0x0000000086800000, 0x0000000086900000|  0%| F|  |TAMS 0x0000000086800000, 0x0000000086800000| Untracked 
|  85|0x0000000086900000, 0x0000000086900000, 0x0000000086a00000|  0%| F|  |TAMS 0x0000000086900000, 0x0000000086900000| Untracked 
|  86|0x0000000086a00000, 0x0000000086a00000, 0x0000000086b00000|  0%| F|  |TAMS 0x0000000086a00000, 0x0000000086a00000| Untracked 
|  87|0x0000000086b00000, 0x0000000086b00000, 0x0000000086c00000|  0%| F|  |TAMS 0x0000000086b00000, 0x0000000086b00000| Untracked 
|  88|0x0000000086c00000, 0x0000000086c00000, 0x0000000086d00000|  0%| F|  |TAMS 0x0000000086c00000, 0x0000000086c00000| Untracked 
|  89|0x0000000086d00000, 0x0000000086d00000, 0x0000000086e00000|  0%| F|  |TAMS 0x0000000086d00000, 0x0000000086d00000| Untracked 
|  90|0x0000000086e00000, 0x0000000086e00000, 0x0000000086f00000|  0%| F|  |TAMS 0x0000000086e00000, 0x0000000086e00000| Untracked 
|  91|0x0000000086f00000, 0x0000000086f56db0, 0x0000000087000000| 33%| S|CS|TAMS 0x0000000086f00000, 0x0000000086f00000| Complete 
|  92|0x0000000087000000, 0x0000000087100000, 0x0000000087100000|100%| S|CS|TAMS 0x0000000087000000, 0x0000000087000000| Complete 
|  93|0x0000000087100000, 0x0000000087200000, 0x0000000087200000|100%| S|CS|TAMS 0x0000000087100000, 0x0000000087100000| Complete 
|  94|0x0000000087200000, 0x0000000087200000, 0x0000000087300000|  0%| F|  |TAMS 0x0000000087200000, 0x0000000087200000| Untracked 
|  95|0x0000000087300000, 0x0000000087300000, 0x0000000087400000|  0%| F|  |TAMS 0x0000000087300000, 0x0000000087300000| Untracked 
|  96|0x0000000087400000, 0x0000000087400000, 0x0000000087500000|  0%| F|  |TAMS 0x0000000087400000, 0x0000000087400000| Untracked 
|  97|0x0000000087500000, 0x0000000087500000, 0x0000000087600000|  0%| F|  |TAMS 0x0000000087500000, 0x0000000087500000| Untracked 
|  98|0x0000000087600000, 0x0000000087600000, 0x0000000087700000|  0%| F|  |TAMS 0x0000000087600000, 0x0000000087600000| Untracked 
|  99|0x0000000087700000, 0x0000000087700000, 0x0000000087800000|  0%| F|  |TAMS 0x0000000087700000, 0x0000000087700000| Untracked 
| 100|0x0000000087800000, 0x0000000087800000, 0x0000000087900000|  0%| F|  |TAMS 0x0000000087800000, 0x0000000087800000| Untracked 
| 101|0x0000000087900000, 0x0000000087900000, 0x0000000087a00000|  0%| F|  |TAMS 0x0000000087900000, 0x0000000087900000| Untracked 
| 102|0x0000000087a00000, 0x0000000087a00000, 0x0000000087b00000|  0%| F|  |TAMS 0x0000000087a00000, 0x0000000087a00000| Untracked 
| 103|0x0000000087b00000, 0x0000000087b00000, 0x0000000087c00000|  0%| F|  |TAMS 0x0000000087b00000, 0x0000000087b00000| Untracked 
| 104|0x0000000087c00000, 0x0000000087c00000, 0x0000000087d00000|  0%| F|  |TAMS 0x0000000087c00000, 0x0000000087c00000| Untracked 
| 105|0x0000000087d00000, 0x0000000087d00000, 0x0000000087e00000|  0%| F|  |TAMS 0x0000000087d00000, 0x0000000087d00000| Untracked 
| 106|0x0000000087e00000, 0x0000000087e00000, 0x0000000087f00000|  0%| F|  |TAMS 0x0000000087e00000, 0x0000000087e00000| Untracked 
| 107|0x0000000087f00000, 0x0000000087f00000, 0x0000000088000000|  0%| F|  |TAMS 0x0000000087f00000, 0x0000000087f00000| Untracked 
| 108|0x0000000088000000, 0x0000000088000000, 0x0000000088100000|  0%| F|  |TAMS 0x0000000088000000, 0x0000000088000000| Untracked 
| 109|0x0000000088100000, 0x0000000088100000, 0x0000000088200000|  0%| F|  |TAMS 0x0000000088100000, 0x0000000088100000| Untracked 
| 110|0x0000000088200000, 0x0000000088200000, 0x0000000088300000|  0%| F|  |TAMS 0x0000000088200000, 0x0000000088200000| Untracked 
| 111|0x0000000088300000, 0x0000000088300000, 0x0000000088400000|  0%| F|  |TAMS 0x0000000088300000, 0x0000000088300000| Untracked 
| 112|0x0000000088400000, 0x0000000088400000, 0x0000000088500000|  0%| F|  |TAMS 0x0000000088400000, 0x0000000088400000| Untracked 
| 113|0x0000000088500000, 0x0000000088500000, 0x0000000088600000|  0%| F|  |TAMS 0x0000000088500000, 0x0000000088500000| Untracked 
| 114|0x0000000088600000, 0x0000000088600000, 0x0000000088700000|  0%| F|  |TAMS 0x0000000088600000, 0x0000000088600000| Untracked 
| 115|0x0000000088700000, 0x0000000088700000, 0x0000000088800000|  0%| F|  |TAMS 0x0000000088700000, 0x0000000088700000| Untracked 
| 116|0x0000000088800000, 0x0000000088800000, 0x0000000088900000|  0%| F|  |TAMS 0x0000000088800000, 0x0000000088800000| Untracked 
| 117|0x0000000088900000, 0x0000000088900000, 0x0000000088a00000|  0%| F|  |TAMS 0x0000000088900000, 0x0000000088900000| Untracked 
| 118|0x0000000088a00000, 0x0000000088a00000, 0x0000000088b00000|  0%| F|  |TAMS 0x0000000088a00000, 0x0000000088a00000| Untracked 
| 119|0x0000000088b00000, 0x0000000088b00000, 0x0000000088c00000|  0%| F|  |TAMS 0x0000000088b00000, 0x0000000088b00000| Untracked 
| 120|0x0000000088c00000, 0x0000000088c00000, 0x0000000088d00000|  0%| F|  |TAMS 0x0000000088c00000, 0x0000000088c00000| Untracked 
| 121|0x0000000088d00000, 0x0000000088d00000, 0x0000000088e00000|  0%| F|  |TAMS 0x0000000088d00000, 0x0000000088d00000| Untracked 
| 122|0x0000000088e00000, 0x0000000088e80800, 0x0000000088f00000| 50%| E|  |TAMS 0x0000000088e00000, 0x0000000088e00000| Complete 
| 123|0x0000000088f00000, 0x0000000089000000, 0x0000000089000000|100%| E|CS|TAMS 0x0000000088f00000, 0x0000000088f00000| Complete 
| 124|0x0000000089000000, 0x0000000089100000, 0x0000000089100000|100%| E|CS|TAMS 0x0000000089000000, 0x0000000089000000| Complete 
| 125|0x0000000089100000, 0x0000000089200000, 0x0000000089200000|100%| E|CS|TAMS 0x0000000089100000, 0x0000000089100000| Complete 
| 126|0x0000000089200000, 0x0000000089300000, 0x0000000089300000|100%| E|CS|TAMS 0x0000000089200000, 0x0000000089200000| Complete 
| 127|0x0000000089300000, 0x0000000089400000, 0x0000000089400000|100%| E|CS|TAMS 0x0000000089300000, 0x0000000089300000| Complete 

Card table byte_map: [0x000001d574600000,0x000001d574a00000] _byte_map_base: 0x000001d5741f6000

Marking Bits (Prev, Next): (CMBitMap*) 0x000001d56c6b9360, (CMBitMap*) 0x000001d56c6b93a0
 Prev Bits: [0x000001d574e00000, 0x000001d576db0000)
 Next Bits: [0x000001d576db0000, 0x000001d578d60000)

Polling page: 0x000001d56a5b0000

Metaspace:

Usage:
  Non-class:      9.64 MB used.
      Class:      1.33 MB used.
       Both:     10.97 MB used.

Virtual space:
  Non-class space:       16.00 MB reserved,       9.69 MB ( 61%) committed,  2 nodes.
      Class space:        1.00 GB reserved,       1.44 MB ( <1%) committed,  1 nodes.
             Both:        1.02 GB reserved,      11.12 MB (  1%) committed. 

Chunk freelists:
   Non-Class:  688.00 KB
       Class:  2.61 MB
        Both:  3.28 MB

MaxMetaspaceSize: unlimited
CompressedClassSpaceSize: 1.00 GB
Initial GC threshold: 21.00 MB
Current GC threshold: 21.00 MB
CDS: on
MetaspaceReclaimPolicy: balanced
 - commit_granule_bytes: 65536.
 - commit_granule_words: 8192.
 - virtual_space_node_default_size: 1048576.
 - enlarge_chunks_in_place: 1.
 - new_chunks_are_fully_committed: 0.
 - uncommit_free_chunks: 1.
 - use_allocation_guard: 0.
 - handle_deallocations: 1.


Internal statistics:

num_allocs_failed_limit: 0.
num_arena_births: 54.
num_arena_deaths: 0.
num_vsnodes_births: 3.
num_vsnodes_deaths: 0.
num_space_committed: 178.
num_space_uncommitted: 0.
num_chunks_returned_to_freelist: 0.
num_chunks_taken_from_freelist: 432.
num_chunk_merges: 0.
num_chunk_splits: 316.
num_chunks_enlarged: 253.
num_purges: 0.
num_inconsistent_stats: 0.

CodeHeap 'non-profiled nmethods': size=120000Kb used=745Kb max_used=745Kb free=119254Kb
 bounds [0x000001d507ad0000, 0x000001d507d40000, 0x000001d50f000000]
CodeHeap 'profiled nmethods': size=120000Kb used=4108Kb max_used=4108Kb free=115892Kb
 bounds [0x000001d5005a0000, 0x000001d5009b0000, 0x000001d507ad0000]
CodeHeap 'non-nmethods': size=5760Kb used=1161Kb max_used=1210Kb free=4598Kb
 bounds [0x000001d500000000, 0x000001d500270000, 0x000001d5005a0000]
 total_blobs=2513 nmethods=2064 adapters=361
 compilation: enabled
              stopped_count=0, restarted_count=0
 full_count=0

Compilation events (20 events):
Event: 67.820 Thread 0x000001d57b7e8900 2080       3       java.lang.Character::isLowSurrogate (18 bytes)
Event: 67.820 Thread 0x000001d57b7e8900 nmethod 2080 0x000001d50099e510 code [0x000001d50099e6a0, 0x000001d50099e838]
Event: 67.834 Thread 0x000001d57b77ec50 nmethod 2078 0x000001d507b89f10 code [0x000001d507b8a0c0, 0x000001d507b8a238]
Event: 67.862 Thread 0x000001d57b7e8900 2081       3       java.net.URLClassLoader::findResource (33 bytes)
Event: 67.863 Thread 0x000001d57b7e8900 nmethod 2081 0x000001d50099e910 code [0x000001d50099eb60, 0x000001d50099f388]
Event: 67.863 Thread 0x000001d57b7e8900 2082       3       java.net.URLClassLoader$2::<init> (15 bytes)
Event: 67.863 Thread 0x000001d57b7e8900 nmethod 2082 0x000001d50099f690 code [0x000001d50099f840, 0x000001d50099fa58]
Event: 67.863 Thread 0x000001d57b7e8900 2083       3       java.net.URLClassLoader$2::run (5 bytes)
Event: 67.863 Thread 0x000001d57b7e8900 nmethod 2083 0x000001d50099fb10 code [0x000001d50099fcc0, 0x000001d50099fe88]
Event: 67.863 Thread 0x000001d57b7e8900 2084       1       jdk.internal.loader.URLClassPath$JarLoader$2::getURL (5 bytes)
Event: 67.863 Thread 0x000001d57b7e8900 nmethod 2084 0x000001d507b8a410 code [0x000001d507b8a5a0, 0x000001d507b8a678]
Event: 67.866 Thread 0x000001d57b7e8900 2085       3       org.apache.maven.model.io.xpp3.MavenXpp3ReaderEx::checkFieldWithDuplicate (75 bytes)
Event: 67.867 Thread 0x000001d57b7e8900 nmethod 2085 0x000001d50099ff90 code [0x000001d5009a0240, 0x000001d5009a0cb8]
Event: 67.870 Thread 0x000001d57b7e8900 2086       3       java.util.ArrayList::<init> (12 bytes)
Event: 67.870 Thread 0x000001d57b7e8900 nmethod 2086 0x000001d5009a1110 code [0x000001d5009a12c0, 0x000001d5009a1558]
Event: 67.870 Thread 0x000001d57b7e8900 2087       3       java.util.LinkedHashMap::<init> (16 bytes)
Event: 67.870 Thread 0x000001d57b7e8900 nmethod 2087 0x000001d5009a1690 code [0x000001d5009a1840, 0x000001d5009a1aa8]
Event: 67.877 Thread 0x000001d57b77ec50 2088   !   4       java.net.URL::<init> (543 bytes)
Event: 67.890 Thread 0x000001d57b7e8900 2089       3       sun.net.util.IPAddressUtil::scan (92 bytes)
Event: 67.895 Thread 0x000001d57b7e8900 nmethod 2089 0x000001d5009a1c10 code [0x000001d5009a1e80, 0x000001d5009a2a18]

GC Heap History (4 events):
Event: 40.768 GC heap before
{Heap before GC invocations=0 (full 0):
 garbage-first heap   total 131072K, used 22528K [0x0000000081400000, 0x0000000100000000)
  region size 1024K, 23 young (23552K), 0 survivors (0K)
 Metaspace       used 4798K, committed 4928K, reserved 1056768K
  class space    used 565K, committed 640K, reserved 1048576K
}
Event: 40.785 GC heap after
{Heap after GC invocations=1 (full 0):
 garbage-first heap   total 131072K, used 3563K [0x0000000081400000, 0x0000000100000000)
  region size 1024K, 3 young (3072K), 3 survivors (3072K)
 Metaspace       used 4798K, committed 4928K, reserved 1056768K
  class space    used 565K, committed 640K, reserved 1048576K
}
Event: 64.128 GC heap before
{Heap before GC invocations=1 (full 0):
 garbage-first heap   total 131072K, used 35307K [0x0000000081400000, 0x0000000100000000)
  region size 1024K, 34 young (34816K), 3 survivors (3072K)
 Metaspace       used 10163K, committed 10304K, reserved 1064960K
  class space    used 1244K, committed 1344K, reserved 1048576K
}
Event: 64.140 GC heap after
{Heap after GC invocations=2 (full 0):
 garbage-first heap   total 131072K, used 6007K [0x0000000081400000, 0x0000000100000000)
  region size 1024K, 3 young (3072K), 3 survivors (3072K)
 Metaspace       used 10163K, committed 10304K, reserved 1064960K
  class space    used 1244K, committed 1344K, reserved 1048576K
}

Deoptimization events (20 events):
Event: 55.762 Thread 0x000001d56c65dcd0 DEOPT PACKING pc=0x000001d50085a5ac sp=0x0000008ad0efdd30
Event: 55.762 Thread 0x000001d56c65dcd0 DEOPT UNPACKING pc=0x000001d500052b43 sp=0x0000008ad0efd290 mode 0
Event: 63.251 Thread 0x000001d56c65dcd0 Uncommon trap: trap_request=0xffffff45 fr.pc=0x000001d507aecffc relative=0x000000000000025c
Event: 63.251 Thread 0x000001d56c65dcd0 Uncommon trap: reason=unstable_if action=reinterpret pc=0x000001d507aecffc method=java.lang.String.startsWith(Ljava/lang/String;I)Z @ 1 c2
Event: 63.251 Thread 0x000001d56c65dcd0 DEOPT PACKING pc=0x000001d507aecffc sp=0x0000008ad0ef6bc0
Event: 63.251 Thread 0x000001d56c65dcd0 DEOPT UNPACKING pc=0x000001d5000523a3 sp=0x0000008ad0ef6b28 mode 2
Event: 66.334 Thread 0x000001d56c65dcd0 Uncommon trap: trap_request=0xffffff45 fr.pc=0x000001d507b15580 relative=0x0000000000002080
Event: 66.334 Thread 0x000001d56c65dcd0 Uncommon trap: reason=unstable_if action=reinterpret pc=0x000001d507b15580 method=sun.nio.cs.StreamDecoder.implRead([CII)I @ 36 c2
Event: 66.334 Thread 0x000001d56c65dcd0 DEOPT PACKING pc=0x000001d507b15580 sp=0x0000008ad0efdf40
Event: 66.334 Thread 0x000001d56c65dcd0 DEOPT UNPACKING pc=0x000001d5000523a3 sp=0x0000008ad0efded0 mode 2
Event: 66.334 Thread 0x000001d56c65dcd0 Uncommon trap: trap_request=0xffffff45 fr.pc=0x000001d507b19680 relative=0x0000000000000860
Event: 66.334 Thread 0x000001d56c65dcd0 Uncommon trap: reason=unstable_if action=reinterpret pc=0x000001d507b19680 method=sun.nio.cs.StreamDecoder.implRead([CII)I @ 36 c2
Event: 66.334 Thread 0x000001d56c65dcd0 DEOPT PACKING pc=0x000001d507b19680 sp=0x0000008ad0efdff0
Event: 66.334 Thread 0x000001d56c65dcd0 DEOPT UNPACKING pc=0x000001d5000523a3 sp=0x0000008ad0efdfd0 mode 2
Event: 66.462 Thread 0x000001d56c65dcd0 DEOPT PACKING pc=0x000001d507b7405c sp=0x0000008ad0efe260
Event: 66.463 Thread 0x000001d56c65dcd0 DEOPT UNPACKING pc=0x000001d500052b43 sp=0x0000008ad0efd680 mode 0
Event: 67.672 Thread 0x000001d56c65dcd0 Uncommon trap: trap_request=0xffffff45 fr.pc=0x000001d507b88ad4 relative=0x0000000000000054
Event: 67.672 Thread 0x000001d56c65dcd0 Uncommon trap: reason=unstable_if action=reinterpret pc=0x000001d507b88ad4 method=sun.net.util.IPAddressUtil.scan(Ljava/lang/String;JJ[C)I @ 14 c2
Event: 67.673 Thread 0x000001d56c65dcd0 DEOPT PACKING pc=0x000001d507b88ad4 sp=0x0000008ad0efdcc0
Event: 67.673 Thread 0x000001d56c65dcd0 DEOPT UNPACKING pc=0x000001d5000523a3 sp=0x0000008ad0efdc18 mode 2

Classes unloaded (0 events):
No events

Classes redefined (0 events):
No events

Internal exceptions (13 events):
Event: 10.940 Thread 0x000001d56c65dcd0 Exception <a 'java/lang/NullPointerException'{0x0000000089083528}> (0x0000000089083528) 
thrown [s\open\src\hotspot\share\interpreter\linkResolver.cpp, line 1350]
Event: 12.773 Thread 0x000001d56c65dcd0 Exception <a 'java/lang/NullPointerException'{0x00000000890d6780}> (0x00000000890d6780) 
thrown [s\open\src\hotspot\share\interpreter\linkResolver.cpp, line 1350]
Event: 12.773 Thread 0x000001d56c65dcd0 Exception <a 'java/lang/NullPointerException'{0x00000000890d6a58}> (0x00000000890d6a58) 
thrown [s\open\src\hotspot\share\interpreter\linkResolver.cpp, line 1350]
Event: 12.773 Thread 0x000001d56c65dcd0 Exception <a 'java/lang/NullPointerException'{0x00000000890d6d30}> (0x00000000890d6d30) 
thrown [s\open\src\hotspot\share\interpreter\linkResolver.cpp, line 1350]
Event: 12.774 Thread 0x000001d56c65dcd0 Exception <a 'java/lang/NullPointerException'{0x00000000890dc6b0}> (0x00000000890dc6b0) 
thrown [s\open\src\hotspot\share\interpreter\linkResolver.cpp, line 1350]
Event: 12.779 Thread 0x000001d56c65dcd0 Exception <a 'java/lang/NullPointerException'{0x00000000890eda58}> (0x00000000890eda58) 
thrown [s\open\src\hotspot\share\interpreter\linkResolver.cpp, line 1350]
Event: 12.779 Thread 0x000001d56c65dcd0 Exception <a 'java/lang/NullPointerException'{0x00000000890f1f80}> (0x00000000890f1f80) 
thrown [s\open\src\hotspot\share\interpreter\linkResolver.cpp, line 1350]
Event: 12.779 Thread 0x000001d56c65dcd0 Exception <a 'java/lang/NullPointerException'{0x00000000890f2258}> (0x00000000890f2258) 
thrown [s\open\src\hotspot\share\interpreter\linkResolver.cpp, line 1350]
Event: 12.779 Thread 0x000001d56c65dcd0 Exception <a 'java/lang/NullPointerException'{0x00000000890f2530}> (0x00000000890f2530) 
thrown [s\open\src\hotspot\share\interpreter\linkResolver.cpp, line 1350]
Event: 28.439 Thread 0x000001d56c65dcd0 Exception <a 'java/lang/NoSuchMethodError'{0x000000008851c688}: 'java.lang.Object java.lang.invoke.DirectMethodHandle$Holder.newInvokeSpecial(java.lang.Object, java.lang.Object, java.lang.Object, java.lang.Object, java.lang.Object)'> (0x000000008851c688) 
thrown [s\open\src\hotspot\share\interpreter\linkResolver.cpp, line 759]
Event: 30.717 Thread 0x000001d56c65dcd0 Exception <a 'java/lang/NoClassDefFoundError'{0x0000000088481908}: javax/enterprise/inject/Typed> (0x0000000088481908) 
thrown [s\open\src\hotspot\share\classfile\systemDictionary.cpp, line 245]
Event: 60.259 Thread 0x000001d56c65dcd0 Exception <a 'java/lang/NoClassDefFoundError'{0x00000000874c83b8}: com/google/inject/servlet/ServletModuleTargetVisitor> (0x00000000874c83b8) 
thrown [s\open\src\hotspot\share\classfile\systemDictionary.cpp, line 245]
Event: 64.148 Thread 0x000001d56c65dcd0 Exception <a 'java/lang/NoSuchMethodError'{0x00000000893100a0}: 'java.lang.Object java.lang.invoke.DirectMethodHandle$Holder.invokeStaticInit(java.lang.Object, int, int, int, int)'> (0x00000000893100a0) 
thrown [s\open\src\hotspot\share\interpreter\linkResolver.cpp, line 759]

VM Operations (20 events):
Event: 59.757 Executing VM operation: HandshakeAllThreads
Event: 59.758 Executing VM operation: HandshakeAllThreads done
Event: 60.760 Executing VM operation: Cleanup
Event: 61.096 Executing VM operation: Cleanup done
Event: 62.099 Executing VM operation: Cleanup
Event: 62.256 Executing VM operation: Cleanup done
Event: 63.248 Executing VM operation: HandshakeAllThreads
Event: 63.248 Executing VM operation: HandshakeAllThreads done
Event: 64.127 Executing VM operation: G1CollectForAllocation
Event: 64.142 Executing VM operation: G1CollectForAllocation done
Event: 64.187 Executing VM operation: HandshakeAllThreads
Event: 64.187 Executing VM operation: HandshakeAllThreads done
Event: 65.199 Executing VM operation: Cleanup
Event: 66.309 Executing VM operation: Cleanup done
Event: 66.462 Executing VM operation: HandshakeAllThreads
Event: 66.462 Executing VM operation: HandshakeAllThreads done
Event: 67.478 Executing VM operation: Cleanup
Event: 67.667 Executing VM operation: Cleanup done
Event: 67.672 Executing VM operation: HandshakeAllThreads
Event: 67.672 Executing VM operation: HandshakeAllThreads done

Events (20 events):
Event: 64.155 loading class jdk/internal/reflect/UnsafeQualifiedFieldAccessorImpl done
Event: 64.155 loading class jdk/internal/reflect/UnsafeQualifiedObjectFieldAccessorImpl done
Event: 66.348 loading class java/lang/ProcessEnvironment$CheckedKeySet
Event: 66.348 loading class java/lang/ProcessEnvironment$CheckedKeySet done
Event: 66.349 loading class java/util/Stack
Event: 66.351 loading class java/util/Stack done
Event: 66.440 loading class java/util/ArrayList$SubList$1
Event: 66.445 loading class java/util/ArrayList$SubList$1 done
Event: 66.456 loading class java/net/URL$2
Event: 66.458 loading class java/net/URL$2 done
Event: 66.458 loading class java/net/URL$1
Event: 66.458 loading class java/net/URL$1 done
Event: 66.458 loading class java/net/spi/URLStreamHandlerProvider
Event: 66.461 loading class java/net/spi/URLStreamHandlerProvider done
Event: 66.463 loading class sun/net/www/protocol/https/Handler
Event: 67.663 loading class sun/net/www/protocol/http/Handler
Event: 67.663 loading class sun/net/www/protocol/http/Handler done
Event: 67.663 loading class sun/net/www/protocol/https/Handler done
Event: 67.677 loading class java/util/regex/Pattern$Pos
Event: 67.678 loading class java/util/regex/Pattern$Pos done


Dynamic libraries:
0x00007ff79b0e0000 - 0x00007ff79b0f0000 	C:\Program Files\Java\jdk-17.0.4.1\bin\java.exe
0x00007ff857e50000 - 0x00007ff858064000 	C:\WINDOWS\SYSTEM32\ntdll.dll
0x00007ff856a80000 - 0x00007ff856b42000 	C:\WINDOWS\System32\KERNEL32.DLL
0x00007ff8554e0000 - 0x00007ff855883000 	C:\WINDOWS\System32\KERNELBASE.dll
0x00007ff8559c0000 - 0x00007ff855ad1000 	C:\WINDOWS\System32\ucrtbase.dll
0x00007ff84abe0000 - 0x00007ff84abf8000 	C:\Program Files\Java\jdk-17.0.4.1\bin\jli.dll
0x00007ff8570a0000 - 0x00007ff85714e000 	C:\WINDOWS\System32\ADVAPI32.dll
0x00007ff8569d0000 - 0x00007ff856a77000 	C:\WINDOWS\System32\msvcrt.dll
0x00007ff857470000 - 0x00007ff857514000 	C:\WINDOWS\System32\sechost.dll
0x00007ff857ad0000 - 0x00007ff857be7000 	C:\WINDOWS\System32\RPCRT4.dll
0x00007ff855ee0000 - 0x00007ff85608b000 	C:\WINDOWS\System32\USER32.dll
0x00007ff855c00000 - 0x00007ff855c26000 	C:\WINDOWS\System32\win32u.dll
0x00007ff856b70000 - 0x00007ff856b99000 	C:\WINDOWS\System32\GDI32.dll
0x00007ff855250000 - 0x00007ff855369000 	C:\WINDOWS\System32\gdi32full.dll
0x00007ff855ae0000 - 0x00007ff855b7a000 	C:\WINDOWS\System32\msvcp_win.dll
0x00007ff84c4f0000 - 0x00007ff84c50a000 	C:\Program Files\Java\jdk-17.0.4.1\bin\VCRUNTIME140.dll
0x00007ff83a430000 - 0x00007ff83a6be000 	C:\WINDOWS\WinSxS\amd64_microsoft.windows.common-controls_6595b64144ccf1df_6.0.22621.1635_none_270f70857386168e\COMCTL32.dll
0x00007ff849df0000 - 0x00007ff849dfa000 	C:\WINDOWS\SYSTEM32\VERSION.dll
0x00007ff856ba0000 - 0x00007ff856bd1000 	C:\WINDOWS\System32\IMM32.DLL
0x00007ff84e040000 - 0x00007ff84e04c000 	C:\Program Files\Java\jdk-17.0.4.1\bin\vcruntime140_1.dll
0x00007ff8421c0000 - 0x00007ff84224d000 	C:\Program Files\Java\jdk-17.0.4.1\bin\msvcp140.dll
0x00007fffeb090000 - 0x00007fffebc52000 	C:\Program Files\Java\jdk-17.0.4.1\bin\server\jvm.dll
0x00007ff857460000 - 0x00007ff857468000 	C:\WINDOWS\System32\PSAPI.DLL
0x00007ff84ad00000 - 0x00007ff84ad09000 	C:\WINDOWS\SYSTEM32\WSOCK32.dll
0x00007ff855d30000 - 0x00007ff855da1000 	C:\WINDOWS\System32\WS2_32.dll
0x00007ff849850000 - 0x00007ff849884000 	C:\WINDOWS\SYSTEM32\WINMM.dll
0x00007ff854390000 - 0x00007ff8543a8000 	C:\WINDOWS\SYSTEM32\kernel.appcore.dll
0x00007ff84b650000 - 0x00007ff84b65a000 	C:\Program Files\Java\jdk-17.0.4.1\bin\jimage.dll
0x00007ff852e00000 - 0x00007ff85302e000 	C:\WINDOWS\SYSTEM32\DBGHELP.DLL
0x00007ff856c60000 - 0x00007ff856fe9000 	C:\WINDOWS\System32\combase.dll
0x00007ff8571e0000 - 0x00007ff8572b7000 	C:\WINDOWS\System32\OLEAUT32.dll
0x00007ff83ef60000 - 0x00007ff83ef92000 	C:\WINDOWS\SYSTEM32\dbgcore.DLL
0x00007ff855b80000 - 0x00007ff855bfb000 	C:\WINDOWS\System32\bcryptPrimitives.dll
0x00007ff84ac40000 - 0x00007ff84ac65000 	C:\Program Files\Java\jdk-17.0.4.1\bin\java.dll
0x00007ff8460e0000 - 0x00007ff8461b6000 	C:\Program Files\Java\jdk-17.0.4.1\bin\jsvml.dll
0x00007ff8560b0000 - 0x00007ff8568aa000 	C:\WINDOWS\System32\SHELL32.dll
0x00007ff853260000 - 0x00007ff853b2e000 	C:\WINDOWS\SYSTEM32\windows.storage.dll
0x00007ff853030000 - 0x00007ff85316e000 	C:\WINDOWS\SYSTEM32\wintypes.dll
0x00007ff8579b0000 - 0x00007ff857aa1000 	C:\WINDOWS\System32\SHCORE.dll
0x00007ff8568b0000 - 0x00007ff85690e000 	C:\WINDOWS\System32\shlwapi.dll
0x00007ff855180000 - 0x00007ff8551a1000 	C:\WINDOWS\SYSTEM32\profapi.dll
0x00007ff84ad10000 - 0x00007ff84ad29000 	C:\Program Files\Java\jdk-17.0.4.1\bin\net.dll
0x00007ff849890000 - 0x00007ff8499c7000 	C:\WINDOWS\SYSTEM32\WINHTTP.dll
0x00007ff854800000 - 0x00007ff854869000 	C:\WINDOWS\system32\mswsock.dll
0x00007ff849ba0000 - 0x00007ff849bb6000 	C:\Program Files\Java\jdk-17.0.4.1\bin\nio.dll
0x00007ff849af0000 - 0x00007ff849b08000 	C:\Program Files\Java\jdk-17.0.4.1\bin\zip.dll
0x0000000069ac0000 - 0x0000000069ae4000 	C:\Program Files\NetBeans-14\netbeans\java\maven\lib\jansi-native\Windows\x86_64\jansi.dll
0x00007ff84af30000 - 0x00007ff84af40000 	C:\Program Files\Java\jdk-17.0.4.1\bin\verify.dll

dbghelp: loaded successfully - version: 4.0.5 - missing functions: none
symbol engine: initialized successfully - sym options: 0x614 - pdb path: .;C:\Program Files\Java\jdk-17.0.4.1\bin;C:\WINDOWS\SYSTEM32;C:\WINDOWS\WinSxS\amd64_microsoft.windows.common-controls_6595b64144ccf1df_6.0.22621.1635_none_270f70857386168e;C:\Program Files\Java\jdk-17.0.4.1\bin\server;C:\Program Files\NetBeans-14\netbeans\java\maven\lib\jansi-native\Windows\x86_64

VM Arguments:
jvm_args: -Dclassworlds.conf=C:\Program Files\NetBeans-14\netbeans\java\maven\bin\m2.conf -Dmaven.home=C:\Program Files\NetBeans-14\netbeans\java\maven -Dlibrary.jansi.path=C:\Program Files\NetBeans-14\netbeans\java\maven\lib\jansi-native -Dmaven.multiModuleProjectDirectory=C:\Senac\curso ds\ProjetoIntegradorUC05\Atividade5diversos\Atividade5PIUC05 
java_command: org.codehaus.plexus.classworlds.launcher.Launcher -Dmaven.ext.class.path=C:\Program Files\NetBeans-14\netbeans\java\maven-nblib\netbeans-eventspy.jar -Dfile.encoding=UTF-8 install
java_class_path (initial): C:\Program Files\NetBeans-14\netbeans\java\maven\boot\plexus-classworlds-2.6.0.jar
Launcher Type: SUN_STANDARD

[Global flags]
     intx CICompilerCount                          = 4                                         {product} {ergonomic}
     uint ConcGCThreads                            = 2                                         {product} {ergonomic}
     uint G1ConcRefinementThreads                  = 8                                         {product} {ergonomic}
   size_t G1HeapRegionSize                         = 1048576                                   {product} {ergonomic}
    uintx GCDrainStackTargetSize                   = 64                                        {product} {ergonomic}
   size_t InitialHeapSize                          = 134217728                                 {product} {ergonomic}
   size_t MarkStackSize                            = 4194304                                   {product} {ergonomic}
   size_t MaxHeapSize                              = 2126512128                                {product} {ergonomic}
   size_t MaxNewSize                               = 1275068416                                {product} {ergonomic}
   size_t MinHeapDeltaBytes                        = 1048576                                   {product} {ergonomic}
   size_t MinHeapSize                              = 8388608                                   {product} {ergonomic}
    uintx NonNMethodCodeHeapSize                   = 5839372                                {pd product} {ergonomic}
    uintx NonProfiledCodeHeapSize                  = 122909434                              {pd product} {ergonomic}
    uintx ProfiledCodeHeapSize                     = 122909434                              {pd product} {ergonomic}
    uintx ReservedCodeCacheSize                    = 251658240                              {pd product} {ergonomic}
     bool SegmentedCodeCache                       = true                                      {product} {ergonomic}
   size_t SoftMaxHeapSize                          = 2126512128                             {manageable} {ergonomic}
     bool UseCompressedClassPointers               = true                           {product lp64_product} {ergonomic}
     bool UseCompressedOops                        = true                           {product lp64_product} {ergonomic}
     bool UseG1GC                                  = true                                      {product} {ergonomic}
     bool UseLargePagesIndividualAllocation        = false                                  {pd product} {ergonomic}

Logging:
Log output configuration:
 #0: stdout all=warning uptime,level,tags
 #1: stderr all=off uptime,level,tags

Environment Variables:
JAVA_HOME=C:\Program Files\Java\jdk-17.0.4.1
PATH=C:\Program Files\Common Files\Oracle\Java\javapath;C:\ProgramData\Oracle\Java\javapath;C:\Program Files (x86)\Intel\Intel(R) Management Engine Components\iCLS\;C:\Program Files\Intel\Intel(R) Management Engine Components\iCLS\;C:\windows\system32;C:\windows;C:\windows\System32\Wbem;C:\windows\System32\WindowsPowerShell\v1.0\;C:\windows\System32\OpenSSH\;C:\Program Files (x86)\NVIDIA Corporation\PhysX\Common;C:\Program Files (x86)\Intel\Intel(R) Management Engine Components\DAL;C:\Program Files\Intel\Intel(R) Management Engine Components\DAL;C:\Program Files (x86)\Intel\Intel(R) Management Engine Components\IPT;C:\Program Files\Intel\Intel(R) Management Engine Components\IPT;C:\WINDOWS\system32;C:\WINDOWS;C:\WINDOWS\System32\Wbem;C:\WINDOWS\System32\WindowsPowerShell\v1.0\;C:\WINDOWS\System32\OpenSSH\;C:\Program Files\nodejs\;C:\ProgramData\UNIVALI\Portugol Studio;C:\Program Files\Git\cmd;C:\Users\larak\AppData\Local\Microsoft\WindowsApps;C:\Program Files\JetBrains\PyCharm Community Edition 2020.3.3\bin;;C:\Users\larak\AppData\Local\Programs\Microsoft VS Code\bin;C:\Users\larak\AppData\Roaming\npm;
USERNAME=larak
OS=Windows_NT
PROCESSOR_IDENTIFIER=Intel64 Family 6 Model 142 Stepping 10, GenuineIntel



---------------  S Y S T E M  ---------------

OS:
 Windows 11 , 64 bit Build 22621 (10.0.22621.1778)
OS uptime: 1 days 18:36 hours

CPU: total 8 (initial active 8) (4 cores per cpu, 2 threads per core) family 6 model 142 stepping 10 microcode 0xe0, cx8, cmov, fxsr, ht, mmx, 3dnowpref, sse, sse2, sse3, ssse3, sse4.1, sse4.2, popcnt, lzcnt, tsc, tscinvbit, avx, avx2, aes, erms, clmul, bmi1, bmi2, adx, fma, vzeroupper, clflush, clflushopt

Memory: 4k page, system-wide physical 8106M (163M free)
TotalPageFile size 32682M (AvailPageFile size 0M)
current process WorkingSet (physical memory assigned to process): 91M, peak: 93M
current process commit charge ("private bytes"): 231M, peak: 241M

vm_info: Java HotSpot(TM) 64-Bit Server VM (17.0.4.1+1-LTS-2) for windows-amd64 JRE (17.0.4.1+1-LTS-2), built on Aug 16 2022 18:32:06 by "mach5one" with MS VC++ 16.8 / 16.9 (VS2019)

END.
