#
# There is insufficient memory for the Java Runtime Environment to continue.
# Native memory allocation (malloc) failed to allocate 32744 bytes for ChunkPool::allocate
# Possible reasons:
#   The system is out of physical RAM or swap space
#   The process is running with CompressedOops enabled, and the Java Heap may be blocking the growth of the native heap
# Possible solutions:
#   Reduce memory load on the system
#   Increase physical memory or swap space
#   Check if swap backing store is full
#   Decrease Java heap size (-Xmx/-Xms)
#   Decrease number of Java threads
#   Decrease Java thread stack sizes (-Xss)
#   Set larger code cache with -XX:ReservedCodeCacheSize=
#   JVM is running with Unscaled Compressed Oops mode in which the Java heap is
#     placed in the first 4GB address space. The Java Heap base address is the
#     maximum limit for the native heap growth. Please use -XX:HeapBaseMinAddress
#     to set the Java Heap base and to place the Java Heap above 4GB virtual address.
# This output file may be truncated or incomplete.
#
#  Out of Memory Error (arena.cpp:78), pid=20984, tid=8544
#
# JRE version: Java(TM) SE Runtime Environment (17.0.4.1+1) (build 17.0.4.1+1-LTS-2)
# Java VM: Java HotSpot(TM) 64-Bit Server VM (17.0.4.1+1-LTS-2, mixed mode, sharing, tiered, compressed oops, compressed class ptrs, g1 gc, windows-amd64)
# No core dump will be written. Minidumps are not enabled by default on client versions of Windows
#

---------------  S U M M A R Y ------------

Command Line: -Dclassworlds.conf=C:\Program Files\NetBeans-14\netbeans\java\maven\bin\m2.conf -Dmaven.home=C:\Program Files\NetBeans-14\netbeans\java\maven -Dlibrary.jansi.path=C:\Program Files\NetBeans-14\netbeans\java\maven\lib\jansi-native -Dmaven.multiModuleProjectDirectory=C:\Senac\curso ds\ProjetoIntegradorUC05\Atividade5diversos\Atividade5PIUC05 org.codehaus.plexus.classworlds.launcher.Launcher -Dmaven.ext.class.path=C:\Program Files\NetBeans-14\netbeans\java\maven-nblib\netbeans-eventspy.jar -Dfile.encoding=UTF-8 install

Host: Intel(R) Core(TM) i5-8250U CPU @ 1.60GHz, 8 cores, 7G,  Windows 11 , 64 bit Build 22621 (10.0.22621.1778)
Time: Mon Jun 12 15:26:14 2023 Hora oficial do Brasil elapsed time: 55.338321 seconds (0d 0h 0m 55s)

---------------  T H R E A D  ---------------

Current thread (0x00000165077cdcd0):  JavaThread "main" [_thread_in_vm, id=8544, stack(0x0000002027500000,0x0000002027600000)]

Stack: [0x0000002027500000,0x0000002027600000]
Native frames: (J=compiled Java code, j=interpreted, Vv=VM code, C=native code)
V  [jvm.dll+0x6723ba]
V  [jvm.dll+0x7d1e34]
V  [jvm.dll+0x7d35de]
V  [jvm.dll+0x7d3c43]
V  [jvm.dll+0x243065]
V  [jvm.dll+0xaa7c0]
V  [jvm.dll+0xaab0c]
V  [jvm.dll+0x38a9cb]
V  [jvm.dll+0x38eca2]
V  [jvm.dll+0x38b620]
V  [jvm.dll+0x38b00e]
V  [jvm.dll+0x41040b]
C  [java.dll+0x6f5e]

Java frames: (J=compiled Java code, j=interpreted, Vv=VM code)
J 459  java.lang.Throwable.fillInStackTrace(I)Ljava/lang/Throwable; java.base@17.0.4.1 (0 bytes) @ 0x0000016516b30863 [0x0000016516b30820+0x0000000000000043]
J 458 c1 java.lang.Throwable.fillInStackTrace()Ljava/lang/Throwable; java.base@17.0.4.1 (29 bytes) @ 0x000001650f6958f4 [0x000001650f6957c0+0x0000000000000134]
J 618 c1 java.lang.Throwable.<init>(Ljava/lang/String;Ljava/lang/Throwable;)V java.base@17.0.4.1 (39 bytes) @ 0x000001650f702ccc [0x000001650f702ae0+0x00000000000001ec]
J 595 c1 java.lang.ClassNotFoundException.<init>(Ljava/lang/String;)V java.base@17.0.4.1 (7 bytes) @ 0x000001650f6eeabc [0x000001650f6ee9c0+0x00000000000000fc]
J 406 c1 jdk.internal.loader.ClassLoaders$AppClassLoader.loadClass(Ljava/lang/String;Z)Ljava/lang/Class; java.base@17.0.4.1 (40 bytes) @ 0x000001650f683cdc [0x000001650f6835e0+0x00000000000006fc]
J 685 c1 java.lang.ClassLoader.loadClass(Ljava/lang/String;Z)Ljava/lang/Class; java.base@17.0.4.1 (121 bytes) @ 0x000001650f71f14c [0x000001650f71edc0+0x000000000000038c]
J 479 c1 org.codehaus.plexus.classworlds.realm.ClassRealm.loadClass(Ljava/lang/String;Z)Ljava/lang/Class; (33 bytes) @ 0x000001650f69c5b4 [0x000001650f69c4e0+0x00000000000000d4]
J 478 c1 org.codehaus.plexus.classworlds.realm.ClassRealm.loadClass(Ljava/lang/String;)Ljava/lang/Class; (7 bytes) @ 0x000001650f69c1cc [0x000001650f69c140+0x000000000000008c]
v  ~StubRoutines::call_stub
j  org.apache.maven.artifact.versioning.DefaultArtifactVersion.parseVersion(Ljava/lang/String;)V+1
j  org.apache.maven.artifact.versioning.DefaultArtifactVersion.<init>(Ljava/lang/String;)V+6
j  org.apache.maven.artifact.versioning.VersionRange.createFromVersion(Ljava/lang/String;)Lorg/apache/maven/artifact/versioning/VersionRange;+30
j  org.apache.maven.bridge.MavenRepositorySystem.createArtifactX(Ljava/lang/String;Ljava/lang/String;Ljava/lang/String;Ljava/lang/String;Ljava/lang/String;Ljava/lang/String;Ljava/lang/String;)Lorg/apache/maven/artifact/Artifact;+8
j  org.apache.maven.bridge.MavenRepositorySystem.createArtifactX(Ljava/lang/String;Ljava/lang/String;Ljava/lang/String;Ljava/lang/String;Ljava/lang/String;)Lorg/apache/maven/artifact/Artifact;+10
j  org.apache.maven.bridge.MavenRepositorySystem.createArtifact(Ljava/lang/String;Ljava/lang/String;Ljava/lang/String;Ljava/lang/String;Ljava/lang/String;)Lorg/apache/maven/artifact/Artifact;+8
j  org.apache.maven.project.DefaultProjectBuilder.initProject(Lorg/apache/maven/project/MavenProject;Ljava/util/Map;ZLorg/apache/maven/model/building/ModelBuildingResult;Ljava/util/Map;Lorg/apache/maven/project/ProjectBuildingRequest;)V+67
j  org.apache.maven.project.DefaultProjectBuilder.build(Ljava/util/List;Ljava/util/List;Ljava/util/Map;Ljava/io/File;Ljava/util/Set;ZZLorg/apache/maven/project/DefaultProjectBuilder$InternalConfig;)Z+185
j  org.apache.maven.project.DefaultProjectBuilder.build(Ljava/util/List;Ljava/util/List;Ljava/util/Map;Ljava/util/List;Ljava/util/Set;ZZLorg/apache/maven/project/DefaultProjectBuilder$InternalConfig;)Z+58
j  org.apache.maven.project.DefaultProjectBuilder.build(Ljava/util/List;ZLorg/apache/maven/project/ProjectBuildingRequest;)Ljava/util/List;+92
j  org.apache.maven.graph.DefaultGraphBuilder.collectProjects(Ljava/util/List;Ljava/util/List;Lorg/apache/maven/execution/MavenExecutionRequest;)V+21
j  org.apache.maven.graph.DefaultGraphBuilder.getProjectsForMavenReactor(Lorg/apache/maven/execution/MavenSession;)Ljava/util/List;+129
j  org.apache.maven.graph.DefaultGraphBuilder.build(Lorg/apache/maven/execution/MavenSession;)Lorg/apache/maven/model/building/Result;+12
j  org.apache.maven.DefaultMaven.buildGraph(Lorg/apache/maven/execution/MavenSession;Lorg/apache/maven/execution/MavenExecutionResult;)Lorg/apache/maven/model/building/Result;+5
j  org.apache.maven.DefaultMaven.doExecute(Lorg/apache/maven/execution/MavenExecutionRequest;Lorg/apache/maven/execution/MavenSession;Lorg/apache/maven/execution/MavenExecutionResult;Lorg/eclipse/aether/DefaultRepositorySystemSession;)Lorg/apache/maven/execution/MavenExecutionResult;+75
j  org.apache.maven.DefaultMaven.doExecute(Lorg/apache/maven/execution/MavenExecutionRequest;)Lorg/apache/maven/execution/MavenExecutionResult;+98
j  org.apache.maven.DefaultMaven.execute(Lorg/apache/maven/execution/MavenExecutionRequest;)Lorg/apache/maven/execution/MavenExecutionResult;+2
j  org.apache.maven.cli.MavenCli.execute(Lorg/apache/maven/cli/CliRequest;)I+27
j  org.apache.maven.cli.MavenCli.doMain(Lorg/apache/maven/cli/CliRequest;)I+71
j  org.apache.maven.cli.MavenCli.main([Ljava/lang/String;Lorg/codehaus/plexus/classworlds/ClassWorld;)I+24
v  ~StubRoutines::call_stub
j  jdk.internal.reflect.NativeMethodAccessorImpl.invoke0(Ljava/lang/reflect/Method;Ljava/lang/Object;[Ljava/lang/Object;)Ljava/lang/Object;+0 java.base@17.0.4.1
j  jdk.internal.reflect.NativeMethodAccessorImpl.invoke(Ljava/lang/Object;[Ljava/lang/Object;)Ljava/lang/Object;+133 java.base@17.0.4.1
j  jdk.internal.reflect.DelegatingMethodAccessorImpl.invoke(Ljava/lang/Object;[Ljava/lang/Object;)Ljava/lang/Object;+6 java.base@17.0.4.1
j  java.lang.reflect.Method.invoke(Ljava/lang/Object;[Ljava/lang/Object;)Ljava/lang/Object;+59 java.base@17.0.4.1
j  org.codehaus.plexus.classworlds.launcher.Launcher.launchEnhanced([Ljava/lang/String;)V+45
j  org.codehaus.plexus.classworlds.launcher.Launcher.launch([Ljava/lang/String;)V+2
j  org.codehaus.plexus.classworlds.launcher.Launcher.mainWithExitCode([Ljava/lang/String;)I+101
j  org.codehaus.plexus.classworlds.launcher.Launcher.main([Ljava/lang/String;)V+1
v  ~StubRoutines::call_stub

---------------  P R O C E S S  ---------------

Threads class SMR info:
_java_thread_list=0x0000016526d19130, length=12, elements={
0x00000165077cdcd0, 0x00000165258e2220, 0x00000165258e37f0, 0x00000165258f7590,
0x00000165258fc360, 0x00000165258fcd10, 0x00000165258fd6c0, 0x00000165258fe450,
0x00000165259678f0, 0x00000165259696a0, 0x00000165264bd450, 0x00000165264cfda0
}

Java Threads: ( => current thread )
=>0x00000165077cdcd0 JavaThread "main" [_thread_in_vm, id=8544, stack(0x0000002027500000,0x0000002027600000)]
  0x00000165258e2220 JavaThread "Reference Handler" daemon [_thread_blocked, id=11792, stack(0x0000002027d00000,0x0000002027e00000)]
  0x00000165258e37f0 JavaThread "Finalizer" daemon [_thread_blocked, id=8060, stack(0x0000002027e00000,0x0000002027f00000)]
  0x00000165258f7590 JavaThread "Signal Dispatcher" daemon [_thread_blocked, id=22144, stack(0x0000002027f00000,0x0000002028000000)]
  0x00000165258fc360 JavaThread "Attach Listener" daemon [_thread_blocked, id=19076, stack(0x0000002028000000,0x0000002028100000)]
  0x00000165258fcd10 JavaThread "Service Thread" daemon [_thread_blocked, id=8620, stack(0x0000002028100000,0x0000002028200000)]
  0x00000165258fd6c0 JavaThread "Monitor Deflation Thread" daemon [_thread_blocked, id=24700, stack(0x0000002028200000,0x0000002028300000)]
  0x00000165258fe450 JavaThread "C2 CompilerThread0" daemon [_thread_in_native, id=22772, stack(0x0000002028300000,0x0000002028400000)]
  0x00000165259678f0 JavaThread "C1 CompilerThread0" daemon [_thread_blocked, id=17652, stack(0x0000002028400000,0x0000002028500000)]
  0x00000165259696a0 JavaThread "Sweeper thread" daemon [_thread_blocked, id=26596, stack(0x0000002028500000,0x0000002028600000)]
  0x00000165264bd450 JavaThread "Notification Thread" daemon [_thread_blocked, id=17816, stack(0x0000002028600000,0x0000002028700000)]
  0x00000165264cfda0 JavaThread "Common-Cleaner" daemon [_thread_blocked, id=20624, stack(0x0000002028800000,0x0000002028900000)]

Other Threads:
  0x00000165258da830 VMThread "VM Thread" [stack: 0x0000002027c00000,0x0000002027d00000] [id=5484] _threads_hazard_ptr=0x0000016526d19130
  0x00000165264cb950 WatcherThread [stack: 0x0000002028700000,0x0000002028800000] [id=17604]
  0x0000016507828d50 GCTaskThread "GC Thread#0" [stack: 0x0000002027700000,0x0000002027800000] [id=24008]
  0x0000016526d51180 GCTaskThread "GC Thread#1" [stack: 0x0000002028900000,0x0000002028a00000] [id=13840]
  0x0000016526f9a000 GCTaskThread "GC Thread#2" [stack: 0x0000002028a00000,0x0000002028b00000] [id=23112]
  0x000001652697dcf0 GCTaskThread "GC Thread#3" [stack: 0x0000002028b00000,0x0000002028c00000] [id=9596]
  0x000001652731d030 GCTaskThread "GC Thread#4" [stack: 0x0000002028c00000,0x0000002028d00000] [id=12424]
  0x000001652731d2e0 GCTaskThread "GC Thread#5" [stack: 0x0000002028d00000,0x0000002028e00000] [id=11392]
  0x000001652731d590 GCTaskThread "GC Thread#6" [stack: 0x0000002028e00000,0x0000002028f00000] [id=13836]
  0x0000016527061580 GCTaskThread "GC Thread#7" [stack: 0x0000002028f00000,0x0000002029000000] [id=18996]
  0x0000016507839a10 ConcurrentGCThread "G1 Main Marker" [stack: 0x0000002027800000,0x0000002027900000] [id=23004]
  0x000001650783a420 ConcurrentGCThread "G1 Conc#0" [stack: 0x0000002027900000,0x0000002027a00000] [id=24484]
  0x000001650789d390 ConcurrentGCThread "G1 Refine#0" [stack: 0x0000002027a00000,0x0000002027b00000] [id=15988]
  0x000001650789ddb0 ConcurrentGCThread "G1 Service" [stack: 0x0000002027b00000,0x0000002027c00000] [id=14940]

Threads with active compile tasks:
C2 CompilerThread0    58081 2071       4       sun.util.locale.BaseLocale::getInstance (149 bytes)

VM state: synchronizing (normal execution)

VM Mutex/Monitor currently owned by a thread:  ([mutex/lock_event])
[0x00000165077c9fa0] Threads_lock - owner thread: 0x00000165258da830

Heap address: 0x0000000081400000, size: 2028 MB, Compressed Oops mode: 32-bit

CDS archive(s) mapped at: [0x0000000800000000-0x0000000800bc0000-0x0000000800bc0000), size 12320768, SharedBaseAddress: 0x0000000800000000, ArchiveRelocationMode: 0.
Compressed class space mapped at: 0x0000000800c00000-0x0000000840c00000, reserved size: 1073741824
Narrow klass base: 0x0000000800000000, Narrow klass shift: 0, Narrow klass range: 0x100000000

GC Precious Log:
 CPUs: 8 total, 8 available
 Memory: 8106M
 Large Page Support: Disabled
 NUMA Support: Disabled
 Compressed Oops: Enabled (32-bit)
 Heap Region Size: 1M
 Heap Min Capacity: 8M
 Heap Initial Capacity: 128M
 Heap Max Capacity: 2028M
 Pre-touch: Disabled
 Parallel Workers: 8
 Concurrent Workers: 2
 Concurrent Refinement Workers: 8
 Periodic GC: Disabled

Heap:
 garbage-first heap   total 131072K, used 11336K [0x0000000081400000, 0x0000000100000000)
  region size 1024K, 9 young (9216K), 3 survivors (3072K)
 Metaspace       used 11466K, committed 11648K, reserved 1064960K
  class space    used 1380K, committed 1472K, reserved 1048576K

Heap Regions: E=young(eden), S=young(survivor), O=old, HS=humongous(starts), HC=humongous(continues), CS=collection set, F=free, OA=open archive, CA=closed archive, TAMS=top-at-mark-start (previous, next)
|   0|0x0000000081400000, 0x0000000081500000, 0x0000000081500000|100%| O|  |TAMS 0x0000000081400000, 0x0000000081400000| Untracked 
|   1|0x0000000081500000, 0x0000000081600000, 0x0000000081600000|100%| O|  |TAMS 0x0000000081500000, 0x0000000081500000| Untracked 
|   2|0x0000000081600000, 0x0000000081700000, 0x0000000081700000|100%| O|  |TAMS 0x0000000081600000, 0x0000000081600000| Untracked 
|   3|0x0000000081700000, 0x0000000081790600, 0x0000000081800000| 56%| O|  |TAMS 0x0000000081700000, 0x0000000081700000| Untracked 
|   4|0x0000000081800000, 0x0000000081800000, 0x0000000081900000|  0%| F|  |TAMS 0x0000000081800000, 0x0000000081800000| Untracked 
|   5|0x0000000081900000, 0x0000000081900000, 0x0000000081a00000|  0%| F|  |TAMS 0x0000000081900000, 0x0000000081900000| Untracked 
|   6|0x0000000081a00000, 0x0000000081a00000, 0x0000000081b00000|  0%| F|  |TAMS 0x0000000081a00000, 0x0000000081a00000| Untracked 
|   7|0x0000000081b00000, 0x0000000081b00000, 0x0000000081c00000|  0%| F|  |TAMS 0x0000000081b00000, 0x0000000081b00000| Untracked 
|   8|0x0000000081c00000, 0x0000000081c00000, 0x0000000081d00000|  0%| F|  |TAMS 0x0000000081c00000, 0x0000000081c00000| Untracked 
|   9|0x0000000081d00000, 0x0000000081d00000, 0x0000000081e00000|  0%| F|  |TAMS 0x0000000081d00000, 0x0000000081d00000| Untracked 
|  10|0x0000000081e00000, 0x0000000081e00000, 0x0000000081f00000|  0%| F|  |TAMS 0x0000000081e00000, 0x0000000081e00000| Untracked 
|  11|0x0000000081f00000, 0x0000000081f00000, 0x0000000082000000|  0%| F|  |TAMS 0x0000000081f00000, 0x0000000081f00000| Untracked 
|  12|0x0000000082000000, 0x0000000082000000, 0x0000000082100000|  0%| F|  |TAMS 0x0000000082000000, 0x0000000082000000| Untracked 
|  13|0x0000000082100000, 0x0000000082100000, 0x0000000082200000|  0%| F|  |TAMS 0x0000000082100000, 0x0000000082100000| Untracked 
|  14|0x0000000082200000, 0x0000000082200000, 0x0000000082300000|  0%| F|  |TAMS 0x0000000082200000, 0x0000000082200000| Untracked 
|  15|0x0000000082300000, 0x0000000082300000, 0x0000000082400000|  0%| F|  |TAMS 0x0000000082300000, 0x0000000082300000| Untracked 
|  16|0x0000000082400000, 0x0000000082400000, 0x0000000082500000|  0%| F|  |TAMS 0x0000000082400000, 0x0000000082400000| Untracked 
|  17|0x0000000082500000, 0x0000000082500000, 0x0000000082600000|  0%| F|  |TAMS 0x0000000082500000, 0x0000000082500000| Untracked 
|  18|0x0000000082600000, 0x0000000082600000, 0x0000000082700000|  0%| F|  |TAMS 0x0000000082600000, 0x0000000082600000| Untracked 
|  19|0x0000000082700000, 0x0000000082700000, 0x0000000082800000|  0%| F|  |TAMS 0x0000000082700000, 0x0000000082700000| Untracked 
|  20|0x0000000082800000, 0x0000000082800000, 0x0000000082900000|  0%| F|  |TAMS 0x0000000082800000, 0x0000000082800000| Untracked 
|  21|0x0000000082900000, 0x0000000082900000, 0x0000000082a00000|  0%| F|  |TAMS 0x0000000082900000, 0x0000000082900000| Untracked 
|  22|0x0000000082a00000, 0x0000000082a00000, 0x0000000082b00000|  0%| F|  |TAMS 0x0000000082a00000, 0x0000000082a00000| Untracked 
|  23|0x0000000082b00000, 0x0000000082b00000, 0x0000000082c00000|  0%| F|  |TAMS 0x0000000082b00000, 0x0000000082b00000| Untracked 
|  24|0x0000000082c00000, 0x0000000082c00000, 0x0000000082d00000|  0%| F|  |TAMS 0x0000000082c00000, 0x0000000082c00000| Untracked 
|  25|0x0000000082d00000, 0x0000000082d00000, 0x0000000082e00000|  0%| F|  |TAMS 0x0000000082d00000, 0x0000000082d00000| Untracked 
|  26|0x0000000082e00000, 0x0000000082e00000, 0x0000000082f00000|  0%| F|  |TAMS 0x0000000082e00000, 0x0000000082e00000| Untracked 
|  27|0x0000000082f00000, 0x0000000082f00000, 0x0000000083000000|  0%| F|  |TAMS 0x0000000082f00000, 0x0000000082f00000| Untracked 
|  28|0x0000000083000000, 0x0000000083000000, 0x0000000083100000|  0%| F|  |TAMS 0x0000000083000000, 0x0000000083000000| Untracked 
|  29|0x0000000083100000, 0x0000000083100000, 0x0000000083200000|  0%| F|  |TAMS 0x0000000083100000, 0x0000000083100000| Untracked 
|  30|0x0000000083200000, 0x0000000083200000, 0x0000000083300000|  0%| F|  |TAMS 0x0000000083200000, 0x0000000083200000| Untracked 
|  31|0x0000000083300000, 0x0000000083300000, 0x0000000083400000|  0%| F|  |TAMS 0x0000000083300000, 0x0000000083300000| Untracked 
|  32|0x0000000083400000, 0x0000000083400000, 0x0000000083500000|  0%| F|  |TAMS 0x0000000083400000, 0x0000000083400000| Untracked 
|  33|0x0000000083500000, 0x0000000083500000, 0x0000000083600000|  0%| F|  |TAMS 0x0000000083500000, 0x0000000083500000| Untracked 
|  34|0x0000000083600000, 0x0000000083600000, 0x0000000083700000|  0%| F|  |TAMS 0x0000000083600000, 0x0000000083600000| Untracked 
|  35|0x0000000083700000, 0x0000000083700000, 0x0000000083800000|  0%| F|  |TAMS 0x0000000083700000, 0x0000000083700000| Untracked 
|  36|0x0000000083800000, 0x0000000083800000, 0x0000000083900000|  0%| F|  |TAMS 0x0000000083800000, 0x0000000083800000| Untracked 
|  37|0x0000000083900000, 0x0000000083900000, 0x0000000083a00000|  0%| F|  |TAMS 0x0000000083900000, 0x0000000083900000| Untracked 
|  38|0x0000000083a00000, 0x0000000083a00000, 0x0000000083b00000|  0%| F|  |TAMS 0x0000000083a00000, 0x0000000083a00000| Untracked 
|  39|0x0000000083b00000, 0x0000000083b00000, 0x0000000083c00000|  0%| F|  |TAMS 0x0000000083b00000, 0x0000000083b00000| Untracked 
|  40|0x0000000083c00000, 0x0000000083c00000, 0x0000000083d00000|  0%| F|  |TAMS 0x0000000083c00000, 0x0000000083c00000| Untracked 
|  41|0x0000000083d00000, 0x0000000083d00000, 0x0000000083e00000|  0%| F|  |TAMS 0x0000000083d00000, 0x0000000083d00000| Untracked 
|  42|0x0000000083e00000, 0x0000000083e00000, 0x0000000083f00000|  0%| F|  |TAMS 0x0000000083e00000, 0x0000000083e00000| Untracked 
|  43|0x0000000083f00000, 0x0000000083f00000, 0x0000000084000000|  0%| F|  |TAMS 0x0000000083f00000, 0x0000000083f00000| Untracked 
|  44|0x0000000084000000, 0x0000000084000000, 0x0000000084100000|  0%| F|  |TAMS 0x0000000084000000, 0x0000000084000000| Untracked 
|  45|0x0000000084100000, 0x0000000084100000, 0x0000000084200000|  0%| F|  |TAMS 0x0000000084100000, 0x0000000084100000| Untracked 
|  46|0x0000000084200000, 0x0000000084200000, 0x0000000084300000|  0%| F|  |TAMS 0x0000000084200000, 0x0000000084200000| Untracked 
|  47|0x0000000084300000, 0x0000000084300000, 0x0000000084400000|  0%| F|  |TAMS 0x0000000084300000, 0x0000000084300000| Untracked 
|  48|0x0000000084400000, 0x0000000084400000, 0x0000000084500000|  0%| F|  |TAMS 0x0000000084400000, 0x0000000084400000| Untracked 
|  49|0x0000000084500000, 0x0000000084500000, 0x0000000084600000|  0%| F|  |TAMS 0x0000000084500000, 0x0000000084500000| Untracked 
|  50|0x0000000084600000, 0x0000000084600000, 0x0000000084700000|  0%| F|  |TAMS 0x0000000084600000, 0x0000000084600000| Untracked 
|  51|0x0000000084700000, 0x0000000084700000, 0x0000000084800000|  0%| F|  |TAMS 0x0000000084700000, 0x0000000084700000| Untracked 
|  52|0x0000000084800000, 0x0000000084800000, 0x0000000084900000|  0%| F|  |TAMS 0x0000000084800000, 0x0000000084800000| Untracked 
|  53|0x0000000084900000, 0x0000000084900000, 0x0000000084a00000|  0%| F|  |TAMS 0x0000000084900000, 0x0000000084900000| Untracked 
|  54|0x0000000084a00000, 0x0000000084a00000, 0x0000000084b00000|  0%| F|  |TAMS 0x0000000084a00000, 0x0000000084a00000| Untracked 
|  55|0x0000000084b00000, 0x0000000084b00000, 0x0000000084c00000|  0%| F|  |TAMS 0x0000000084b00000, 0x0000000084b00000| Untracked 
|  56|0x0000000084c00000, 0x0000000084c00000, 0x0000000084d00000|  0%| F|  |TAMS 0x0000000084c00000, 0x0000000084c00000| Untracked 
|  57|0x0000000084d00000, 0x0000000084d00000, 0x0000000084e00000|  0%| F|  |TAMS 0x0000000084d00000, 0x0000000084d00000| Untracked 
|  58|0x0000000084e00000, 0x0000000084e00000, 0x0000000084f00000|  0%| F|  |TAMS 0x0000000084e00000, 0x0000000084e00000| Untracked 
|  59|0x0000000084f00000, 0x0000000084f00000, 0x0000000085000000|  0%| F|  |TAMS 0x0000000084f00000, 0x0000000084f00000| Untracked 
|  60|0x0000000085000000, 0x0000000085000000, 0x0000000085100000|  0%| F|  |TAMS 0x0000000085000000, 0x0000000085000000| Untracked 
|  61|0x0000000085100000, 0x0000000085100000, 0x0000000085200000|  0%| F|  |TAMS 0x0000000085100000, 0x0000000085100000| Untracked 
|  62|0x0000000085200000, 0x0000000085200000, 0x0000000085300000|  0%| F|  |TAMS 0x0000000085200000, 0x0000000085200000| Untracked 
|  63|0x0000000085300000, 0x0000000085300000, 0x0000000085400000|  0%| F|  |TAMS 0x0000000085300000, 0x0000000085300000| Untracked 
|  64|0x0000000085400000, 0x0000000085400000, 0x0000000085500000|  0%| F|  |TAMS 0x0000000085400000, 0x0000000085400000| Untracked 
|  65|0x0000000085500000, 0x0000000085500000, 0x0000000085600000|  0%| F|  |TAMS 0x0000000085500000, 0x0000000085500000| Untracked 
|  66|0x0000000085600000, 0x0000000085600000, 0x0000000085700000|  0%| F|  |TAMS 0x0000000085600000, 0x0000000085600000| Untracked 
|  67|0x0000000085700000, 0x0000000085700000, 0x0000000085800000|  0%| F|  |TAMS 0x0000000085700000, 0x0000000085700000| Untracked 
|  68|0x0000000085800000, 0x0000000085800000, 0x0000000085900000|  0%| F|  |TAMS 0x0000000085800000, 0x0000000085800000| Untracked 
|  69|0x0000000085900000, 0x0000000085900000, 0x0000000085a00000|  0%| F|  |TAMS 0x0000000085900000, 0x0000000085900000| Untracked 
|  70|0x0000000085a00000, 0x0000000085a00000, 0x0000000085b00000|  0%| F|  |TAMS 0x0000000085a00000, 0x0000000085a00000| Untracked 
|  71|0x0000000085b00000, 0x0000000085b00000, 0x0000000085c00000|  0%| F|  |TAMS 0x0000000085b00000, 0x0000000085b00000| Untracked 
|  72|0x0000000085c00000, 0x0000000085c00000, 0x0000000085d00000|  0%| F|  |TAMS 0x0000000085c00000, 0x0000000085c00000| Untracked 
|  73|0x0000000085d00000, 0x0000000085d00000, 0x0000000085e00000|  0%| F|  |TAMS 0x0000000085d00000, 0x0000000085d00000| Untracked 
|  74|0x0000000085e00000, 0x0000000085e00000, 0x0000000085f00000|  0%| F|  |TAMS 0x0000000085e00000, 0x0000000085e00000| Untracked 
|  75|0x0000000085f00000, 0x0000000085f00000, 0x0000000086000000|  0%| F|  |TAMS 0x0000000085f00000, 0x0000000085f00000| Untracked 
|  76|0x0000000086000000, 0x0000000086000000, 0x0000000086100000|  0%| F|  |TAMS 0x0000000086000000, 0x0000000086000000| Untracked 
|  77|0x0000000086100000, 0x0000000086100000, 0x0000000086200000|  0%| F|  |TAMS 0x0000000086100000, 0x0000000086100000| Untracked 
|  78|0x0000000086200000, 0x0000000086200000, 0x0000000086300000|  0%| F|  |TAMS 0x0000000086200000, 0x0000000086200000| Untracked 
|  79|0x0000000086300000, 0x0000000086300000, 0x0000000086400000|  0%| F|  |TAMS 0x0000000086300000, 0x0000000086300000| Untracked 
|  80|0x0000000086400000, 0x0000000086400000, 0x0000000086500000|  0%| F|  |TAMS 0x0000000086400000, 0x0000000086400000| Untracked 
|  81|0x0000000086500000, 0x0000000086500000, 0x0000000086600000|  0%| F|  |TAMS 0x0000000086500000, 0x0000000086500000| Untracked 
|  82|0x0000000086600000, 0x0000000086600000, 0x0000000086700000|  0%| F|  |TAMS 0x0000000086600000, 0x0000000086600000| Untracked 
|  83|0x0000000086700000, 0x0000000086700000, 0x0000000086800000|  0%| F|  |TAMS 0x0000000086700000, 0x0000000086700000| Untracked 
|  84|0x0000000086800000, 0x0000000086800000, 0x0000000086900000|  0%| F|  |TAMS 0x0000000086800000, 0x0000000086800000| Untracked 
|  85|0x0000000086900000, 0x0000000086900000, 0x0000000086a00000|  0%| F|  |TAMS 0x0000000086900000, 0x0000000086900000| Untracked 
|  86|0x0000000086a00000, 0x0000000086a00000, 0x0000000086b00000|  0%| F|  |TAMS 0x0000000086a00000, 0x0000000086a00000| Untracked 
|  87|0x0000000086b00000, 0x0000000086b00000, 0x0000000086c00000|  0%| F|  |TAMS 0x0000000086b00000, 0x0000000086b00000| Untracked 
|  88|0x0000000086c00000, 0x0000000086c00000, 0x0000000086d00000|  0%| F|  |TAMS 0x0000000086c00000, 0x0000000086c00000| Untracked 
|  89|0x0000000086d00000, 0x0000000086d00000, 0x0000000086e00000|  0%| F|  |TAMS 0x0000000086d00000, 0x0000000086d00000| Untracked 
|  90|0x0000000086e00000, 0x0000000086e00000, 0x0000000086f00000|  0%| F|  |TAMS 0x0000000086e00000, 0x0000000086e00000| Untracked 
|  91|0x0000000086f00000, 0x0000000086f81d08, 0x0000000087000000| 50%| S|CS|TAMS 0x0000000086f00000, 0x0000000086f00000| Complete 
|  92|0x0000000087000000, 0x0000000087100000, 0x0000000087100000|100%| S|CS|TAMS 0x0000000087000000, 0x0000000087000000| Complete 
|  93|0x0000000087100000, 0x0000000087200000, 0x0000000087200000|100%| S|CS|TAMS 0x0000000087100000, 0x0000000087100000| Complete 
|  94|0x0000000087200000, 0x0000000087200000, 0x0000000087300000|  0%| F|  |TAMS 0x0000000087200000, 0x0000000087200000| Untracked 
|  95|0x0000000087300000, 0x0000000087300000, 0x0000000087400000|  0%| F|  |TAMS 0x0000000087300000, 0x0000000087300000| Untracked 
|  96|0x0000000087400000, 0x0000000087400000, 0x0000000087500000|  0%| F|  |TAMS 0x0000000087400000, 0x0000000087400000| Untracked 
|  97|0x0000000087500000, 0x0000000087500000, 0x0000000087600000|  0%| F|  |TAMS 0x0000000087500000, 0x0000000087500000| Untracked 
|  98|0x0000000087600000, 0x0000000087600000, 0x0000000087700000|  0%| F|  |TAMS 0x0000000087600000, 0x0000000087600000| Untracked 
|  99|0x0000000087700000, 0x0000000087700000, 0x0000000087800000|  0%| F|  |TAMS 0x0000000087700000, 0x0000000087700000| Untracked 
| 100|0x0000000087800000, 0x0000000087800000, 0x0000000087900000|  0%| F|  |TAMS 0x0000000087800000, 0x0000000087800000| Untracked 
| 101|0x0000000087900000, 0x0000000087900000, 0x0000000087a00000|  0%| F|  |TAMS 0x0000000087900000, 0x0000000087900000| Untracked 
| 102|0x0000000087a00000, 0x0000000087a00000, 0x0000000087b00000|  0%| F|  |TAMS 0x0000000087a00000, 0x0000000087a00000| Untracked 
| 103|0x0000000087b00000, 0x0000000087b00000, 0x0000000087c00000|  0%| F|  |TAMS 0x0000000087b00000, 0x0000000087b00000| Untracked 
| 104|0x0000000087c00000, 0x0000000087c00000, 0x0000000087d00000|  0%| F|  |TAMS 0x0000000087c00000, 0x0000000087c00000| Untracked 
| 105|0x0000000087d00000, 0x0000000087d00000, 0x0000000087e00000|  0%| F|  |TAMS 0x0000000087d00000, 0x0000000087d00000| Untracked 
| 106|0x0000000087e00000, 0x0000000087e00000, 0x0000000087f00000|  0%| F|  |TAMS 0x0000000087e00000, 0x0000000087e00000| Untracked 
| 107|0x0000000087f00000, 0x0000000087f00000, 0x0000000088000000|  0%| F|  |TAMS 0x0000000087f00000, 0x0000000087f00000| Untracked 
| 108|0x0000000088000000, 0x0000000088000000, 0x0000000088100000|  0%| F|  |TAMS 0x0000000088000000, 0x0000000088000000| Untracked 
| 109|0x0000000088100000, 0x0000000088100000, 0x0000000088200000|  0%| F|  |TAMS 0x0000000088100000, 0x0000000088100000| Untracked 
| 110|0x0000000088200000, 0x0000000088200000, 0x0000000088300000|  0%| F|  |TAMS 0x0000000088200000, 0x0000000088200000| Untracked 
| 111|0x0000000088300000, 0x0000000088300000, 0x0000000088400000|  0%| F|  |TAMS 0x0000000088300000, 0x0000000088300000| Untracked 
| 112|0x0000000088400000, 0x0000000088400000, 0x0000000088500000|  0%| F|  |TAMS 0x0000000088400000, 0x0000000088400000| Untracked 
| 113|0x0000000088500000, 0x0000000088500000, 0x0000000088600000|  0%| F|  |TAMS 0x0000000088500000, 0x0000000088500000| Untracked 
| 114|0x0000000088600000, 0x0000000088600000, 0x0000000088700000|  0%| F|  |TAMS 0x0000000088600000, 0x0000000088600000| Untracked 
| 115|0x0000000088700000, 0x0000000088700000, 0x0000000088800000|  0%| F|  |TAMS 0x0000000088700000, 0x0000000088700000| Untracked 
| 116|0x0000000088800000, 0x0000000088800000, 0x0000000088900000|  0%| F|  |TAMS 0x0000000088800000, 0x0000000088800000| Untracked 
| 117|0x0000000088900000, 0x0000000088900000, 0x0000000088a00000|  0%| F|  |TAMS 0x0000000088900000, 0x0000000088900000| Untracked 
| 118|0x0000000088a00000, 0x0000000088a00000, 0x0000000088b00000|  0%| F|  |TAMS 0x0000000088a00000, 0x0000000088a00000| Untracked 
| 119|0x0000000088b00000, 0x0000000088b00000, 0x0000000088c00000|  0%| F|  |TAMS 0x0000000088b00000, 0x0000000088b00000| Untracked 
| 120|0x0000000088c00000, 0x0000000088c00000, 0x0000000088d00000|  0%| F|  |TAMS 0x0000000088c00000, 0x0000000088c00000| Untracked 
| 121|0x0000000088d00000, 0x0000000088d00000, 0x0000000088e00000|  0%| F|  |TAMS 0x0000000088d00000, 0x0000000088d00000| Untracked 
| 122|0x0000000088e00000, 0x0000000088f00000, 0x0000000088f00000|100%| E|  |TAMS 0x0000000088e00000, 0x0000000088e00000| Complete 
| 123|0x0000000088f00000, 0x0000000089000000, 0x0000000089000000|100%| E|CS|TAMS 0x0000000088f00000, 0x0000000088f00000| Complete 
| 124|0x0000000089000000, 0x0000000089100000, 0x0000000089100000|100%| E|CS|TAMS 0x0000000089000000, 0x0000000089000000| Complete 
| 125|0x0000000089100000, 0x0000000089200000, 0x0000000089200000|100%| E|CS|TAMS 0x0000000089100000, 0x0000000089100000| Complete 
| 126|0x0000000089200000, 0x0000000089300000, 0x0000000089300000|100%| E|CS|TAMS 0x0000000089200000, 0x0000000089200000| Complete 
| 127|0x0000000089300000, 0x0000000089400000, 0x0000000089400000|100%| E|CS|TAMS 0x0000000089300000, 0x0000000089300000| Complete 

Card table byte_map: [0x000001651e770000,0x000001651eb70000] _byte_map_base: 0x000001651e366000

Marking Bits (Prev, Next): (CMBitMap*) 0x0000016507829360, (CMBitMap*) 0x00000165078293a0
 Prev Bits: [0x000001651ef70000, 0x0000016520f20000)
 Next Bits: [0x0000016520f20000, 0x0000016522ed0000)

Polling page: 0x0000016506fa0000

Metaspace:

Usage:
  Non-class:      9.85 MB used.
      Class:      1.35 MB used.
       Both:     11.20 MB used.

Virtual space:
  Non-class space:       16.00 MB reserved,       9.94 MB ( 62%) committed,  2 nodes.
      Class space:        1.00 GB reserved,       1.44 MB ( <1%) committed,  1 nodes.
             Both:        1.02 GB reserved,      11.38 MB (  1%) committed. 

Chunk freelists:
   Non-Class:  512.00 KB
       Class:  2.59 MB
        Both:  3.09 MB

MaxMetaspaceSize: unlimited
CompressedClassSpaceSize: 1.00 GB
Initial GC threshold: 21.00 MB
Current GC threshold: 21.00 MB
CDS: on
MetaspaceReclaimPolicy: balanced
 - commit_granule_bytes: 65536.
 - commit_granule_words: 8192.
 - virtual_space_node_default_size: 1048576.
 - enlarge_chunks_in_place: 1.
 - new_chunks_are_fully_committed: 0.
 - uncommit_free_chunks: 1.
 - use_allocation_guard: 0.
 - handle_deallocations: 1.


Internal statistics:

num_allocs_failed_limit: 0.
num_arena_births: 54.
num_arena_deaths: 0.
num_vsnodes_births: 3.
num_vsnodes_deaths: 0.
num_space_committed: 182.
num_space_uncommitted: 0.
num_chunks_returned_to_freelist: 0.
num_chunks_taken_from_freelist: 441.
num_chunk_merges: 0.
num_chunk_splits: 328.
num_chunks_enlarged: 259.
num_purges: 0.
num_inconsistent_stats: 0.

CodeHeap 'non-profiled nmethods': size=120000Kb used=742Kb max_used=742Kb free=119257Kb
 bounds [0x0000016516b10000, 0x0000016516d80000, 0x000001651e040000]
CodeHeap 'profiled nmethods': size=120000Kb used=4152Kb max_used=4152Kb free=115847Kb
 bounds [0x000001650f5e0000, 0x000001650f9f0000, 0x0000016516b10000]
CodeHeap 'non-nmethods': size=5760Kb used=1158Kb max_used=1207Kb free=4601Kb
 bounds [0x000001650f040000, 0x000001650f2b0000, 0x000001650f5e0000]
 total_blobs=2524 nmethods=2075 adapters=361
 compilation: enabled
              stopped_count=0, restarted_count=0
 full_count=0

Compilation events (20 events):
Event: 53.897 Thread 0x00000165259678f0 2075       3       java.util.Locale::stripExtensions (20 bytes)
Event: 53.898 Thread 0x00000165259678f0 nmethod 2075 0x000001650f9e7590 code [0x000001650f9e7740, 0x000001650f9e79c8]
Event: 53.922 Thread 0x00000165259678f0 2077       3       sun.net.util.URLUtil::urlNoFragString (114 bytes)
Event: 53.926 Thread 0x00000165259678f0 nmethod 2077 0x000001650f9e7a90 code [0x000001650f9e7dc0, 0x000001650f9e8df8]
Event: 55.314 Thread 0x00000165259678f0 2078       3       java.lang.PublicMethods$Key::hashCode (19 bytes)
Event: 55.315 Thread 0x00000165259678f0 nmethod 2078 0x000001650f9e9390 code [0x000001650f9e9540, 0x000001650f9e96d8]
Event: 55.316 Thread 0x00000165259678f0 2079       3       java.lang.PublicMethods$MethodList::merge (192 bytes)
Event: 55.317 Thread 0x00000165259678f0 nmethod 2079 0x000001650f9e9790 code [0x000001650f9e9a00, 0x000001650f9ea4e8]
Event: 55.317 Thread 0x00000165259678f0 2080       3       java.lang.PublicMethods$MethodList::length (24 bytes)
Event: 55.317 Thread 0x00000165259678f0 nmethod 2080 0x000001650f9ea890 code [0x000001650f9eaa20, 0x000001650f9eabf8]
Event: 55.317 Thread 0x00000165259678f0 2081       3       java.lang.PublicMethods::merge (81 bytes)
Event: 55.321 Thread 0x00000165259678f0 nmethod 2081 0x000001650f9ead10 code [0x000001650f9eaf60, 0x000001650f9eb988]
Event: 55.325 Thread 0x00000165259678f0 2082  s    3       java.util.Hashtable::put (104 bytes)
Event: 55.326 Thread 0x00000165259678f0 nmethod 2082 0x000001650f9ebd90 code [0x000001650f9ebfa0, 0x000001650f9ec6b8]
Event: 55.326 Thread 0x00000165259678f0 2083       3       java.util.Hashtable::addEntry (87 bytes)
Event: 55.326 Thread 0x00000165259678f0 nmethod 2083 0x000001650f9ec910 code [0x000001650f9ecb00, 0x000001650f9ed258]
Event: 55.326 Thread 0x00000165259678f0 2084       3       java.util.Hashtable$Entry::<init> (26 bytes)
Event: 55.326 Thread 0x00000165259678f0 nmethod 2084 0x000001650f9ed510 code [0x000001650f9ed6c0, 0x000001650f9ed938]
Event: 55.326 Thread 0x00000165259678f0 2085       3       java.util.WeakHashMap::matchesKey (33 bytes)
Event: 55.327 Thread 0x00000165259678f0 nmethod 2085 0x000001650f9eda10 code [0x000001650f9edbe0, 0x000001650f9ee118]

GC Heap History (4 events):
Event: 15.872 GC heap before
{Heap before GC invocations=0 (full 0):
 garbage-first heap   total 131072K, used 22528K [0x0000000081400000, 0x0000000100000000)
  region size 1024K, 23 young (23552K), 0 survivors (0K)
 Metaspace       used 4779K, committed 4928K, reserved 1056768K
  class space    used 564K, committed 640K, reserved 1048576K
}
Event: 15.879 GC heap after
{Heap after GC invocations=1 (full 0):
 garbage-first heap   total 131072K, used 3571K [0x0000000081400000, 0x0000000100000000)
  region size 1024K, 3 young (3072K), 3 survivors (3072K)
 Metaspace       used 4779K, committed 4928K, reserved 1056768K
  class space    used 564K, committed 640K, reserved 1048576K
}
Event: 48.357 GC heap before
{Heap before GC invocations=1 (full 0):
 garbage-first heap   total 131072K, used 35315K [0x0000000081400000, 0x0000000100000000)
  region size 1024K, 34 young (34816K), 3 survivors (3072K)
 Metaspace       used 10259K, committed 10432K, reserved 1064960K
  class space    used 1252K, committed 1344K, reserved 1048576K
}
Event: 48.369 GC heap after
{Heap after GC invocations=2 (full 0):
 garbage-first heap   total 131072K, used 6216K [0x0000000081400000, 0x0000000100000000)
  region size 1024K, 3 young (3072K), 3 survivors (3072K)
 Metaspace       used 10259K, committed 10432K, reserved 1064960K
  class space    used 1252K, committed 1344K, reserved 1048576K
}

Deoptimization events (20 events):
Event: 53.897 Thread 0x00000165077cdcd0 Uncommon trap: trap_request=0xffffffc6 fr.pc=0x0000016516b60aa8 relative=0x0000000000000368
Event: 53.897 Thread 0x00000165077cdcd0 Uncommon trap: reason=bimorphic_or_optimized_type_check action=maybe_recompile pc=0x0000016516b60aa8 method=java.nio.Buffer.<init>(IIIILjdk/internal/access/foreign/MemorySegmentProxy;)V @ 39 c2
Event: 53.898 Thread 0x00000165077cdcd0 DEOPT PACKING pc=0x0000016516b60aa8 sp=0x00000020275fc770
Event: 53.898 Thread 0x00000165077cdcd0 DEOPT UNPACKING pc=0x000001650f0923a3 sp=0x00000020275fc718 mode 2
Event: 53.898 Thread 0x00000165077cdcd0 Uncommon trap: trap_request=0xffffff45 fr.pc=0x0000016516b5efa8 relative=0x00000000000000a8
Event: 53.898 Thread 0x00000165077cdcd0 Uncommon trap: reason=unstable_if action=reinterpret pc=0x0000016516b5efa8 method=java.nio.Buffer.limit(I)Ljava/nio/Buffer; @ 42 c2
Event: 53.898 Thread 0x00000165077cdcd0 DEOPT PACKING pc=0x0000016516b5efa8 sp=0x00000020275fcb90
Event: 53.898 Thread 0x00000165077cdcd0 DEOPT UNPACKING pc=0x000001650f0923a3 sp=0x00000020275fcb18 mode 2
Event: 53.898 Thread 0x00000165077cdcd0 Uncommon trap: trap_request=0xffffffc6 fr.pc=0x0000016516b60aa8 relative=0x0000000000000368
Event: 53.898 Thread 0x00000165077cdcd0 Uncommon trap: reason=bimorphic_or_optimized_type_check action=maybe_recompile pc=0x0000016516b60aa8 method=java.nio.Buffer.<init>(IIIILjdk/internal/access/foreign/MemorySegmentProxy;)V @ 39 c2
Event: 53.898 Thread 0x00000165077cdcd0 DEOPT PACKING pc=0x0000016516b60aa8 sp=0x00000020275fc850
Event: 53.898 Thread 0x00000165077cdcd0 DEOPT UNPACKING pc=0x000001650f0923a3 sp=0x00000020275fc7f8 mode 2
Event: 55.325 Thread 0x00000165077cdcd0 Uncommon trap: trap_request=0xffffff45 fr.pc=0x0000016516b74320 relative=0x0000000000000680
Event: 55.325 Thread 0x00000165077cdcd0 Uncommon trap: reason=unstable_if action=reinterpret pc=0x0000016516b74320 method=java.lang.String.replace(CC)Ljava/lang/String; @ 2 c2
Event: 55.325 Thread 0x00000165077cdcd0 DEOPT PACKING pc=0x0000016516b74320 sp=0x00000020275fd990
Event: 55.326 Thread 0x00000165077cdcd0 DEOPT UNPACKING pc=0x000001650f0923a3 sp=0x00000020275fd940 mode 2
Event: 55.326 Thread 0x00000165077cdcd0 Uncommon trap: trap_request=0xffffff45 fr.pc=0x0000016516bc2e78 relative=0x00000000000002d8
Event: 55.326 Thread 0x00000165077cdcd0 Uncommon trap: reason=unstable_if action=reinterpret pc=0x0000016516bc2e78 method=java.lang.String.indexOf([BBILjava/lang/String;I)I @ 21 c2
Event: 55.326 Thread 0x00000165077cdcd0 DEOPT PACKING pc=0x0000016516bc2e78 sp=0x00000020275fda80
Event: 55.326 Thread 0x00000165077cdcd0 DEOPT UNPACKING pc=0x000001650f0923a3 sp=0x00000020275fd990 mode 2

Classes unloaded (0 events):
No events

Classes redefined (0 events):
No events

Internal exceptions (13 events):
Event: 4.471 Thread 0x00000165077cdcd0 Exception <a 'java/lang/NullPointerException'{0x00000000890836a8}> (0x00000000890836a8) 
thrown [s\open\src\hotspot\share\interpreter\linkResolver.cpp, line 1350]
Event: 4.495 Thread 0x00000165077cdcd0 Exception <a 'java/lang/NullPointerException'{0x00000000890d0758}> (0x00000000890d0758) 
thrown [s\open\src\hotspot\share\interpreter\linkResolver.cpp, line 1350]
Event: 4.495 Thread 0x00000165077cdcd0 Exception <a 'java/lang/NullPointerException'{0x00000000890d0a30}> (0x00000000890d0a30) 
thrown [s\open\src\hotspot\share\interpreter\linkResolver.cpp, line 1350]
Event: 4.495 Thread 0x00000165077cdcd0 Exception <a 'java/lang/NullPointerException'{0x00000000890d0d08}> (0x00000000890d0d08) 
thrown [s\open\src\hotspot\share\interpreter\linkResolver.cpp, line 1350]
Event: 4.497 Thread 0x00000165077cdcd0 Exception <a 'java/lang/NullPointerException'{0x00000000890d6688}> (0x00000000890d6688) 
thrown [s\open\src\hotspot\share\interpreter\linkResolver.cpp, line 1350]
Event: 4.499 Thread 0x00000165077cdcd0 Exception <a 'java/lang/NullPointerException'{0x00000000890eba40}> (0x00000000890eba40) 
thrown [s\open\src\hotspot\share\interpreter\linkResolver.cpp, line 1350]
Event: 4.499 Thread 0x00000165077cdcd0 Exception <a 'java/lang/NullPointerException'{0x00000000890ebd18}> (0x00000000890ebd18) 
thrown [s\open\src\hotspot\share\interpreter\linkResolver.cpp, line 1350]
Event: 4.499 Thread 0x00000165077cdcd0 Exception <a 'java/lang/NullPointerException'{0x00000000890ebff0}> (0x00000000890ebff0) 
thrown [s\open\src\hotspot\share\interpreter\linkResolver.cpp, line 1350]
Event: 4.499 Thread 0x00000165077cdcd0 Exception <a 'java/lang/NullPointerException'{0x00000000890ec2c8}> (0x00000000890ec2c8) 
thrown [s\open\src\hotspot\share\interpreter\linkResolver.cpp, line 1350]
Event: 12.714 Thread 0x00000165077cdcd0 Exception <a 'java/lang/NoSuchMethodError'{0x0000000088515190}: 'java.lang.Object java.lang.invoke.DirectMethodHandle$Holder.newInvokeSpecial(java.lang.Object, java.lang.Object, java.lang.Object, java.lang.Object, java.lang.Object)'> (0x0000000088515190) 
thrown [s\open\src\hotspot\share\interpreter\linkResolver.cpp, line 759]
Event: 12.876 Thread 0x00000165077cdcd0 Exception <a 'java/lang/NoClassDefFoundError'{0x000000008847b558}: javax/enterprise/inject/Typed> (0x000000008847b558) 
thrown [s\open\src\hotspot\share\classfile\systemDictionary.cpp, line 245]
Event: 46.012 Thread 0x00000165077cdcd0 Exception <a 'java/lang/NoClassDefFoundError'{0x0000000087469b68}: com/google/inject/servlet/ServletModuleTargetVisitor> (0x0000000087469b68) 
thrown [s\open\src\hotspot\share\classfile\systemDictionary.cpp, line 245]
Event: 48.327 Thread 0x00000165077cdcd0 Exception <a 'java/lang/NoSuchMethodError'{0x00000000872b2670}: 'java.lang.Object java.lang.invoke.DirectMethodHandle$Holder.invokeStaticInit(java.lang.Object, int, int, int, int)'> (0x00000000872b2670) 
thrown [s\open\src\hotspot\share\interpreter\linkResolver.cpp, line 759]

VM Operations (20 events):
Event: 48.250 Executing VM operation: Cleanup
Event: 48.313 Executing VM operation: Cleanup done
Event: 48.357 Executing VM operation: G1CollectForAllocation
Event: 48.369 Executing VM operation: G1CollectForAllocation done
Event: 49.372 Executing VM operation: Cleanup
Event: 49.594 Executing VM operation: Cleanup done
Event: 49.599 Executing VM operation: HandshakeAllThreads
Event: 49.599 Executing VM operation: HandshakeAllThreads done
Event: 50.599 Executing VM operation: Cleanup
Event: 50.600 Executing VM operation: Cleanup done
Event: 52.814 Executing VM operation: HandshakeAllThreads
Event: 52.814 Executing VM operation: HandshakeAllThreads done
Event: 52.814 Executing VM operation: Cleanup
Event: 52.814 Executing VM operation: Cleanup done
Event: 52.817 Executing VM operation: HandshakeAllThreads
Event: 52.817 Executing VM operation: HandshakeAllThreads done
Event: 53.826 Executing VM operation: Cleanup
Event: 53.827 Executing VM operation: Cleanup done
Event: 54.832 Executing VM operation: Cleanup
Event: 55.314 Executing VM operation: Cleanup done

Events (20 events):
Event: 52.813 loading class java/net/URL$2
Event: 52.813 loading class java/net/URL$2 done
Event: 52.813 loading class java/net/URL$1
Event: 52.813 loading class java/net/URL$1 done
Event: 52.814 loading class java/net/spi/URLStreamHandlerProvider
Event: 52.814 loading class java/net/spi/URLStreamHandlerProvider done
Event: 52.816 loading class sun/net/www/protocol/https/Handler
Event: 52.816 loading class sun/net/www/protocol/http/Handler
Event: 52.816 loading class sun/net/www/protocol/http/Handler done
Event: 52.816 loading class sun/net/www/protocol/https/Handler done
Event: 52.820 loading class java/util/regex/Pattern$Pos
Event: 52.820 loading class java/util/regex/Pattern$Pos done
Event: 53.896 loading class sun/util/resources/LocaleData$CommonResourceBundleProvider
Event: 53.897 loading class sun/util/resources/LocaleData$LocaleDataResourceBundleProvider
Event: 53.897 loading class java/util/spi/ResourceBundleProvider
Event: 53.897 loading class java/util/spi/ResourceBundleProvider done
Event: 53.897 loading class sun/util/resources/LocaleData$LocaleDataResourceBundleProvider done
Event: 53.897 loading class sun/util/resources/LocaleData$CommonResourceBundleProvider done
Event: 53.897 loading class sun/util/resources/Bundles$2
Event: 53.897 loading class sun/util/resources/Bundles$2 done


Dynamic libraries:
0x00007ff79b0e0000 - 0x00007ff79b0f0000 	C:\Program Files\Java\jdk-17.0.4.1\bin\java.exe
0x00007ff857e50000 - 0x00007ff858064000 	C:\WINDOWS\SYSTEM32\ntdll.dll
0x00007ff856a80000 - 0x00007ff856b42000 	C:\WINDOWS\System32\KERNEL32.DLL
0x00007ff8554e0000 - 0x00007ff855883000 	C:\WINDOWS\System32\KERNELBASE.dll
0x00007ff8559c0000 - 0x00007ff855ad1000 	C:\WINDOWS\System32\ucrtbase.dll
0x00007ff84abe0000 - 0x00007ff84abf8000 	C:\Program Files\Java\jdk-17.0.4.1\bin\jli.dll
0x00007ff8570a0000 - 0x00007ff85714e000 	C:\WINDOWS\System32\ADVAPI32.dll
0x00007ff8569d0000 - 0x00007ff856a77000 	C:\WINDOWS\System32\msvcrt.dll
0x00007ff857470000 - 0x00007ff857514000 	C:\WINDOWS\System32\sechost.dll
0x00007ff857ad0000 - 0x00007ff857be7000 	C:\WINDOWS\System32\RPCRT4.dll
0x00007ff855ee0000 - 0x00007ff85608b000 	C:\WINDOWS\System32\USER32.dll
0x00007ff855c00000 - 0x00007ff855c26000 	C:\WINDOWS\System32\win32u.dll
0x00007ff856b70000 - 0x00007ff856b99000 	C:\WINDOWS\System32\GDI32.dll
0x00007ff855250000 - 0x00007ff855369000 	C:\WINDOWS\System32\gdi32full.dll
0x00007ff855ae0000 - 0x00007ff855b7a000 	C:\WINDOWS\System32\msvcp_win.dll
0x00007ff84c4f0000 - 0x00007ff84c50a000 	C:\Program Files\Java\jdk-17.0.4.1\bin\VCRUNTIME140.dll
0x00007ff83a430000 - 0x00007ff83a6be000 	C:\WINDOWS\WinSxS\amd64_microsoft.windows.common-controls_6595b64144ccf1df_6.0.22621.1635_none_270f70857386168e\COMCTL32.dll
0x00007ff849df0000 - 0x00007ff849dfa000 	C:\WINDOWS\SYSTEM32\VERSION.dll
0x00007ff856ba0000 - 0x00007ff856bd1000 	C:\WINDOWS\System32\IMM32.DLL
0x00007ff84e040000 - 0x00007ff84e04c000 	C:\Program Files\Java\jdk-17.0.4.1\bin\vcruntime140_1.dll
0x00007ff8421c0000 - 0x00007ff84224d000 	C:\Program Files\Java\jdk-17.0.4.1\bin\msvcp140.dll
0x00007fffeb090000 - 0x00007fffebc52000 	C:\Program Files\Java\jdk-17.0.4.1\bin\server\jvm.dll
0x00007ff857460000 - 0x00007ff857468000 	C:\WINDOWS\System32\PSAPI.DLL
0x00007ff84ad00000 - 0x00007ff84ad09000 	C:\WINDOWS\SYSTEM32\WSOCK32.dll
0x00007ff855d30000 - 0x00007ff855da1000 	C:\WINDOWS\System32\WS2_32.dll
0x00007ff849850000 - 0x00007ff849884000 	C:\WINDOWS\SYSTEM32\WINMM.dll
0x00007ff854390000 - 0x00007ff8543a8000 	C:\WINDOWS\SYSTEM32\kernel.appcore.dll
0x00007ff84b650000 - 0x00007ff84b65a000 	C:\Program Files\Java\jdk-17.0.4.1\bin\jimage.dll
0x00007ff852e00000 - 0x00007ff85302e000 	C:\WINDOWS\SYSTEM32\DBGHELP.DLL
0x00007ff856c60000 - 0x00007ff856fe9000 	C:\WINDOWS\System32\combase.dll
0x00007ff8571e0000 - 0x00007ff8572b7000 	C:\WINDOWS\System32\OLEAUT32.dll
0x00007ff83ef60000 - 0x00007ff83ef92000 	C:\WINDOWS\SYSTEM32\dbgcore.DLL
0x00007ff855b80000 - 0x00007ff855bfb000 	C:\WINDOWS\System32\bcryptPrimitives.dll
0x00007ff84ac40000 - 0x00007ff84ac65000 	C:\Program Files\Java\jdk-17.0.4.1\bin\java.dll
0x00007ff8460e0000 - 0x00007ff8461b6000 	C:\Program Files\Java\jdk-17.0.4.1\bin\jsvml.dll
0x00007ff8560b0000 - 0x00007ff8568aa000 	C:\WINDOWS\System32\SHELL32.dll
0x00007ff853260000 - 0x00007ff853b2e000 	C:\WINDOWS\SYSTEM32\windows.storage.dll
0x00007ff853030000 - 0x00007ff85316e000 	C:\WINDOWS\SYSTEM32\wintypes.dll
0x00007ff8579b0000 - 0x00007ff857aa1000 	C:\WINDOWS\System32\SHCORE.dll
0x00007ff8568b0000 - 0x00007ff85690e000 	C:\WINDOWS\System32\shlwapi.dll
0x00007ff855180000 - 0x00007ff8551a1000 	C:\WINDOWS\SYSTEM32\profapi.dll
0x00007ff84ad10000 - 0x00007ff84ad29000 	C:\Program Files\Java\jdk-17.0.4.1\bin\net.dll
0x00007ff849890000 - 0x00007ff8499c7000 	C:\WINDOWS\SYSTEM32\WINHTTP.dll
0x00007ff854800000 - 0x00007ff854869000 	C:\WINDOWS\system32\mswsock.dll
0x00007ff849ba0000 - 0x00007ff849bb6000 	C:\Program Files\Java\jdk-17.0.4.1\bin\nio.dll
0x00007ff849af0000 - 0x00007ff849b08000 	C:\Program Files\Java\jdk-17.0.4.1\bin\zip.dll
0x0000000069ac0000 - 0x0000000069ae4000 	C:\Program Files\NetBeans-14\netbeans\java\maven\lib\jansi-native\Windows\x86_64\jansi.dll
0x00007ff84af30000 - 0x00007ff84af40000 	C:\Program Files\Java\jdk-17.0.4.1\bin\verify.dll

dbghelp: loaded successfully - version: 4.0.5 - missing functions: none
symbol engine: initialized successfully - sym options: 0x614 - pdb path: .;C:\Program Files\Java\jdk-17.0.4.1\bin;C:\WINDOWS\SYSTEM32;C:\WINDOWS\WinSxS\amd64_microsoft.windows.common-controls_6595b64144ccf1df_6.0.22621.1635_none_270f70857386168e;C:\Program Files\Java\jdk-17.0.4.1\bin\server;C:\Program Files\NetBeans-14\netbeans\java\maven\lib\jansi-native\Windows\x86_64

VM Arguments:
jvm_args: -Dclassworlds.conf=C:\Program Files\NetBeans-14\netbeans\java\maven\bin\m2.conf -Dmaven.home=C:\Program Files\NetBeans-14\netbeans\java\maven -Dlibrary.jansi.path=C:\Program Files\NetBeans-14\netbeans\java\maven\lib\jansi-native -Dmaven.multiModuleProjectDirectory=C:\Senac\curso ds\ProjetoIntegradorUC05\Atividade5diversos\Atividade5PIUC05 
java_command: org.codehaus.plexus.classworlds.launcher.Launcher -Dmaven.ext.class.path=C:\Program Files\NetBeans-14\netbeans\java\maven-nblib\netbeans-eventspy.jar -Dfile.encoding=UTF-8 install
java_class_path (initial): C:\Program Files\NetBeans-14\netbeans\java\maven\boot\plexus-classworlds-2.6.0.jar
Launcher Type: SUN_STANDARD

[Global flags]
     intx CICompilerCount                          = 4                                         {product} {ergonomic}
     uint ConcGCThreads                            = 2                                         {product} {ergonomic}
     uint G1ConcRefinementThreads                  = 8                                         {product} {ergonomic}
   size_t G1HeapRegionSize                         = 1048576                                   {product} {ergonomic}
    uintx GCDrainStackTargetSize                   = 64                                        {product} {ergonomic}
   size_t InitialHeapSize                          = 134217728                                 {product} {ergonomic}
   size_t MarkStackSize                            = 4194304                                   {product} {ergonomic}
   size_t MaxHeapSize                              = 2126512128                                {product} {ergonomic}
   size_t MaxNewSize                               = 1275068416                                {product} {ergonomic}
   size_t MinHeapDeltaBytes                        = 1048576                                   {product} {ergonomic}
   size_t MinHeapSize                              = 8388608                                   {product} {ergonomic}
    uintx NonNMethodCodeHeapSize                   = 5839372                                {pd product} {ergonomic}
    uintx NonProfiledCodeHeapSize                  = 122909434                              {pd product} {ergonomic}
    uintx ProfiledCodeHeapSize                     = 122909434                              {pd product} {ergonomic}
    uintx ReservedCodeCacheSize                    = 251658240                              {pd product} {ergonomic}
     bool SegmentedCodeCache                       = true                                      {product} {ergonomic}
   size_t SoftMaxHeapSize                          = 2126512128                             {manageable} {ergonomic}
     bool UseCompressedClassPointers               = true                           {product lp64_product} {ergonomic}
     bool UseCompressedOops                        = true                           {product lp64_product} {ergonomic}
     bool UseG1GC                                  = true                                      {product} {ergonomic}
     bool UseLargePagesIndividualAllocation        = false                                  {pd product} {ergonomic}

Logging:
Log output configuration:
 #0: stdout all=warning uptime,level,tags
 #1: stderr all=off uptime,level,tags

Environment Variables:
JAVA_HOME=C:\Program Files\Java\jdk-17.0.4.1
PATH=C:\Program Files\Common Files\Oracle\Java\javapath;C:\ProgramData\Oracle\Java\javapath;C:\Program Files (x86)\Intel\Intel(R) Management Engine Components\iCLS\;C:\Program Files\Intel\Intel(R) Management Engine Components\iCLS\;C:\windows\system32;C:\windows;C:\windows\System32\Wbem;C:\windows\System32\WindowsPowerShell\v1.0\;C:\windows\System32\OpenSSH\;C:\Program Files (x86)\NVIDIA Corporation\PhysX\Common;C:\Program Files (x86)\Intel\Intel(R) Management Engine Components\DAL;C:\Program Files\Intel\Intel(R) Management Engine Components\DAL;C:\Program Files (x86)\Intel\Intel(R) Management Engine Components\IPT;C:\Program Files\Intel\Intel(R) Management Engine Components\IPT;C:\WINDOWS\system32;C:\WINDOWS;C:\WINDOWS\System32\Wbem;C:\WINDOWS\System32\WindowsPowerShell\v1.0\;C:\WINDOWS\System32\OpenSSH\;C:\Program Files\nodejs\;C:\ProgramData\UNIVALI\Portugol Studio;C:\Program Files\Git\cmd;C:\Users\larak\AppData\Local\Microsoft\WindowsApps;C:\Program Files\JetBrains\PyCharm Community Edition 2020.3.3\bin;;C:\Users\larak\AppData\Local\Programs\Microsoft VS Code\bin;C:\Users\larak\AppData\Roaming\npm;
USERNAME=larak
OS=Windows_NT
PROCESSOR_IDENTIFIER=Intel64 Family 6 Model 142 Stepping 10, GenuineIntel



---------------  S Y S T E M  ---------------

OS:
 Windows 11 , 64 bit Build 22621 (10.0.22621.1778)
OS uptime: 1 days 18:35 hours

CPU: total 8 (initial active 8) (4 cores per cpu, 2 threads per core) family 6 model 142 stepping 10 microcode 0xe0, cx8, cmov, fxsr, ht, mmx, 3dnowpref, sse, sse2, sse3, ssse3, sse4.1, sse4.2, popcnt, lzcnt, tsc, tscinvbit, avx, avx2, aes, erms, clmul, bmi1, bmi2, adx, fma, vzeroupper, clflush, clflushopt

Memory: 4k page, system-wide physical 8106M (382M free)
TotalPageFile size 32682M (AvailPageFile size 887M)
current process WorkingSet (physical memory assigned to process): 90M, peak: 95M
current process commit charge ("private bytes"): 234M, peak: 241M

vm_info: Java HotSpot(TM) 64-Bit Server VM (17.0.4.1+1-LTS-2) for windows-amd64 JRE (17.0.4.1+1-LTS-2), built on Aug 16 2022 18:32:06 by "mach5one" with MS VC++ 16.8 / 16.9 (VS2019)

END.
