#
# There is insufficient memory for the Java Runtime Environment to continue.
# Native memory allocation (malloc) failed to allocate 32744 bytes for ChunkPool::allocate
# Possible reasons:
#   The system is out of physical RAM or swap space
#   The process is running with CompressedOops enabled, and the Java Heap may be blocking the growth of the native heap
# Possible solutions:
#   Reduce memory load on the system
#   Increase physical memory or swap space
#   Check if swap backing store is full
#   Decrease Java heap size (-Xmx/-Xms)
#   Decrease number of Java threads
#   Decrease Java thread stack sizes (-Xss)
#   Set larger code cache with -XX:ReservedCodeCacheSize=
#   JVM is running with Unscaled Compressed Oops mode in which the Java heap is
#     placed in the first 4GB address space. The Java Heap base address is the
#     maximum limit for the native heap growth. Please use -XX:HeapBaseMinAddress
#     to set the Java Heap base and to place the Java Heap above 4GB virtual address.
# This output file may be truncated or incomplete.
#
#  Out of Memory Error (arena.cpp:78), pid=24000, tid=25748
#
# JRE version: Java(TM) SE Runtime Environment (17.0.4.1+1) (build 17.0.4.1+1-LTS-2)
# Java VM: Java HotSpot(TM) 64-Bit Server VM (17.0.4.1+1-LTS-2, mixed mode, sharing, tiered, compressed oops, compressed class ptrs, g1 gc, windows-amd64)
# No core dump will be written. Minidumps are not enabled by default on client versions of Windows
#

---------------  S U M M A R Y ------------

Command Line: -Dclassworlds.conf=C:\Program Files\NetBeans-14\netbeans\java\maven\bin\m2.conf -Dmaven.home=C:\Program Files\NetBeans-14\netbeans\java\maven -Dlibrary.jansi.path=C:\Program Files\NetBeans-14\netbeans\java\maven\lib\jansi-native -Dmaven.multiModuleProjectDirectory=C:\Senac\curso ds\exercicios\uc7\Atividade5PIUC05 org.codehaus.plexus.classworlds.launcher.Launcher -Dmaven.ext.class.path=C:\Program Files\NetBeans-14\netbeans\java\maven-nblib\netbeans-eventspy.jar -Dfile.encoding=UTF-8 install

Host: Intel(R) Core(TM) i5-8250U CPU @ 1.60GHz, 8 cores, 7G,  Windows 11 , 64 bit Build 22621 (10.0.22621.1778)
Time: Fri Jun  9 22:29:23 2023 Hora oficial do Brasil elapsed time: 14.326449 seconds (0d 0h 0m 14s)

---------------  T H R E A D  ---------------

Current thread (0x0000026ea8d48a40):  JavaThread "C1 CompilerThread0" daemon [_thread_in_native, id=25748, stack(0x000000cddf800000,0x000000cddf900000)]


Current CompileTask:
C1:  14326   80       3       java.lang.AbstractStringBuilder::putStringAt (34 bytes)

Stack: [0x000000cddf800000,0x000000cddf900000]
Native frames: (J=compiled Java code, j=interpreted, Vv=VM code, C=native code)
V  [jvm.dll+0x6723ba]
V  [jvm.dll+0x7d1e34]
V  [jvm.dll+0x7d35de]
V  [jvm.dll+0x7d3c43]
V  [jvm.dll+0x243065]
V  [jvm.dll+0xaa7c0]
V  [jvm.dll+0xaab0c]
V  [jvm.dll+0x1799fd]
V  [jvm.dll+0x17bc3e]
V  [jvm.dll+0x17ae6c]
V  [jvm.dll+0x178865]
V  [jvm.dll+0x132993]
V  [jvm.dll+0x13228f]
V  [jvm.dll+0x1324c6]
V  [jvm.dll+0x13195a]
V  [jvm.dll+0x133621]
V  [jvm.dll+0x224e08]
V  [jvm.dll+0x222f75]
V  [jvm.dll+0x787a0b]
V  [jvm.dll+0x781fca]
V  [jvm.dll+0x671245]
C  [ucrtbase.dll+0x29363]
C  [KERNEL32.DLL+0x126ad]
C  [ntdll.dll+0x5a9f8]


---------------  P R O C E S S  ---------------

Threads class SMR info:
_java_thread_list=0x0000026ea988f700, length=12, elements={
0x0000026e8abad9d0, 0x0000026ea8cc1990, 0x0000026ea8cc2ce0, 0x0000026ea8cd95e0,
0x0000026ea8cdc0a0, 0x0000026ea8cdca50, 0x0000026ea8cde810, 0x0000026ea8cdfd40,
0x0000026ea8d48a40, 0x0000026ea9800dc0, 0x0000026ea98c3320, 0x0000026ea98ca670
}

Java Threads: ( => current thread )
  0x0000026e8abad9d0 JavaThread "main" [_thread_in_Java, id=24560, stack(0x000000cdde900000,0x000000cddea00000)]
  0x0000026ea8cc1990 JavaThread "Reference Handler" daemon [_thread_blocked, id=25572, stack(0x000000cddf100000,0x000000cddf200000)]
  0x0000026ea8cc2ce0 JavaThread "Finalizer" daemon [_thread_blocked, id=25576, stack(0x000000cddf200000,0x000000cddf300000)]
  0x0000026ea8cd95e0 JavaThread "Signal Dispatcher" daemon [_thread_blocked, id=25580, stack(0x000000cddf300000,0x000000cddf400000)]
  0x0000026ea8cdc0a0 JavaThread "Attach Listener" daemon [_thread_blocked, id=25584, stack(0x000000cddf400000,0x000000cddf500000)]
  0x0000026ea8cdca50 JavaThread "Service Thread" daemon [_thread_blocked, id=25588, stack(0x000000cddf500000,0x000000cddf600000)]
  0x0000026ea8cde810 JavaThread "Monitor Deflation Thread" daemon [_thread_blocked, id=25592, stack(0x000000cddf600000,0x000000cddf700000)]
  0x0000026ea8cdfd40 JavaThread "C2 CompilerThread0" daemon [_thread_blocked, id=25596, stack(0x000000cddf700000,0x000000cddf800000)]
=>0x0000026ea8d48a40 JavaThread "C1 CompilerThread0" daemon [_thread_in_native, id=25748, stack(0x000000cddf800000,0x000000cddf900000)]
  0x0000026ea9800dc0 JavaThread "Sweeper thread" daemon [_thread_blocked, id=26028, stack(0x000000cddf900000,0x000000cddfa00000)]
  0x0000026ea98c3320 JavaThread "Notification Thread" daemon [_thread_blocked, id=26248, stack(0x000000cddfa00000,0x000000cddfb00000)]
  0x0000026ea98ca670 JavaThread "Common-Cleaner" daemon [_thread_blocked, id=26432, stack(0x000000cddfc00000,0x000000cddfd00000)]

Other Threads:
  0x0000026ea8cbbfa0 VMThread "VM Thread" [stack: 0x000000cddf000000,0x000000cddf100000] [id=25340]
  0x0000026ea98c37f0 WatcherThread [stack: 0x000000cddfb00000,0x000000cddfc00000] [id=26252]
  0x0000026e8ac08a50 GCTaskThread "GC Thread#0" [stack: 0x000000cddeb00000,0x000000cddec00000] [id=25140]
  0x0000026e8ac19710 ConcurrentGCThread "G1 Main Marker" [stack: 0x000000cddec00000,0x000000cdded00000] [id=25144]
  0x0000026e8ac1a130 ConcurrentGCThread "G1 Conc#0" [stack: 0x000000cdded00000,0x000000cddee00000] [id=25148]
  0x0000026e8ac7d910 ConcurrentGCThread "G1 Refine#0" [stack: 0x000000cddee00000,0x000000cddef00000] [id=25152]
  0x0000026e8ac7e1d0 ConcurrentGCThread "G1 Service" [stack: 0x000000cddef00000,0x000000cddf000000] [id=25156]

Threads with active compile tasks:
C1 CompilerThread0    14370   80       3       java.lang.AbstractStringBuilder::putStringAt (34 bytes)

VM state: not at safepoint (normal execution)

VM Mutex/Monitor currently owned by a thread: None

Heap address: 0x0000000081400000, size: 2028 MB, Compressed Oops mode: 32-bit

CDS archive(s) mapped at: [0x0000000800000000-0x0000000800bc0000-0x0000000800bc0000), size 12320768, SharedBaseAddress: 0x0000000800000000, ArchiveRelocationMode: 0.
Compressed class space mapped at: 0x0000000800c00000-0x0000000840c00000, reserved size: 1073741824
Narrow klass base: 0x0000000800000000, Narrow klass shift: 0, Narrow klass range: 0x100000000

GC Precious Log:
 CPUs: 8 total, 8 available
 Memory: 8106M
 Large Page Support: Disabled
 NUMA Support: Disabled
 Compressed Oops: Enabled (32-bit)
 Heap Region Size: 1M
 Heap Min Capacity: 8M
 Heap Initial Capacity: 128M
 Heap Max Capacity: 2028M
 Pre-touch: Disabled
 Parallel Workers: 8
 Concurrent Workers: 2
 Concurrent Refinement Workers: 8
 Periodic GC: Disabled

Heap:
 garbage-first heap   total 131072K, used 1024K [0x0000000081400000, 0x0000000100000000)
  region size 1024K, 2 young (2048K), 0 survivors (0K)
 Metaspace       used 330K, committed 448K, reserved 1056768K
  class space    used 26K, committed 128K, reserved 1048576K

Heap Regions: E=young(eden), S=young(survivor), O=old, HS=humongous(starts), HC=humongous(continues), CS=collection set, F=free, OA=open archive, CA=closed archive, TAMS=top-at-mark-start (previous, next)
|   0|0x0000000081400000, 0x0000000081400000, 0x0000000081500000|  0%| F|  |TAMS 0x0000000081400000, 0x0000000081400000| Untracked 
|   1|0x0000000081500000, 0x0000000081500000, 0x0000000081600000|  0%| F|  |TAMS 0x0000000081500000, 0x0000000081500000| Untracked 
|   2|0x0000000081600000, 0x0000000081600000, 0x0000000081700000|  0%| F|  |TAMS 0x0000000081600000, 0x0000000081600000| Untracked 
|   3|0x0000000081700000, 0x0000000081700000, 0x0000000081800000|  0%| F|  |TAMS 0x0000000081700000, 0x0000000081700000| Untracked 
|   4|0x0000000081800000, 0x0000000081800000, 0x0000000081900000|  0%| F|  |TAMS 0x0000000081800000, 0x0000000081800000| Untracked 
|   5|0x0000000081900000, 0x0000000081900000, 0x0000000081a00000|  0%| F|  |TAMS 0x0000000081900000, 0x0000000081900000| Untracked 
|   6|0x0000000081a00000, 0x0000000081a00000, 0x0000000081b00000|  0%| F|  |TAMS 0x0000000081a00000, 0x0000000081a00000| Untracked 
|   7|0x0000000081b00000, 0x0000000081b00000, 0x0000000081c00000|  0%| F|  |TAMS 0x0000000081b00000, 0x0000000081b00000| Untracked 
|   8|0x0000000081c00000, 0x0000000081c00000, 0x0000000081d00000|  0%| F|  |TAMS 0x0000000081c00000, 0x0000000081c00000| Untracked 
|   9|0x0000000081d00000, 0x0000000081d00000, 0x0000000081e00000|  0%| F|  |TAMS 0x0000000081d00000, 0x0000000081d00000| Untracked 
|  10|0x0000000081e00000, 0x0000000081e00000, 0x0000000081f00000|  0%| F|  |TAMS 0x0000000081e00000, 0x0000000081e00000| Untracked 
|  11|0x0000000081f00000, 0x0000000081f00000, 0x0000000082000000|  0%| F|  |TAMS 0x0000000081f00000, 0x0000000081f00000| Untracked 
|  12|0x0000000082000000, 0x0000000082000000, 0x0000000082100000|  0%| F|  |TAMS 0x0000000082000000, 0x0000000082000000| Untracked 
|  13|0x0000000082100000, 0x0000000082100000, 0x0000000082200000|  0%| F|  |TAMS 0x0000000082100000, 0x0000000082100000| Untracked 
|  14|0x0000000082200000, 0x0000000082200000, 0x0000000082300000|  0%| F|  |TAMS 0x0000000082200000, 0x0000000082200000| Untracked 
|  15|0x0000000082300000, 0x0000000082300000, 0x0000000082400000|  0%| F|  |TAMS 0x0000000082300000, 0x0000000082300000| Untracked 
|  16|0x0000000082400000, 0x0000000082400000, 0x0000000082500000|  0%| F|  |TAMS 0x0000000082400000, 0x0000000082400000| Untracked 
|  17|0x0000000082500000, 0x0000000082500000, 0x0000000082600000|  0%| F|  |TAMS 0x0000000082500000, 0x0000000082500000| Untracked 
|  18|0x0000000082600000, 0x0000000082600000, 0x0000000082700000|  0%| F|  |TAMS 0x0000000082600000, 0x0000000082600000| Untracked 
|  19|0x0000000082700000, 0x0000000082700000, 0x0000000082800000|  0%| F|  |TAMS 0x0000000082700000, 0x0000000082700000| Untracked 
|  20|0x0000000082800000, 0x0000000082800000, 0x0000000082900000|  0%| F|  |TAMS 0x0000000082800000, 0x0000000082800000| Untracked 
|  21|0x0000000082900000, 0x0000000082900000, 0x0000000082a00000|  0%| F|  |TAMS 0x0000000082900000, 0x0000000082900000| Untracked 
|  22|0x0000000082a00000, 0x0000000082a00000, 0x0000000082b00000|  0%| F|  |TAMS 0x0000000082a00000, 0x0000000082a00000| Untracked 
|  23|0x0000000082b00000, 0x0000000082b00000, 0x0000000082c00000|  0%| F|  |TAMS 0x0000000082b00000, 0x0000000082b00000| Untracked 
|  24|0x0000000082c00000, 0x0000000082c00000, 0x0000000082d00000|  0%| F|  |TAMS 0x0000000082c00000, 0x0000000082c00000| Untracked 
|  25|0x0000000082d00000, 0x0000000082d00000, 0x0000000082e00000|  0%| F|  |TAMS 0x0000000082d00000, 0x0000000082d00000| Untracked 
|  26|0x0000000082e00000, 0x0000000082e00000, 0x0000000082f00000|  0%| F|  |TAMS 0x0000000082e00000, 0x0000000082e00000| Untracked 
|  27|0x0000000082f00000, 0x0000000082f00000, 0x0000000083000000|  0%| F|  |TAMS 0x0000000082f00000, 0x0000000082f00000| Untracked 
|  28|0x0000000083000000, 0x0000000083000000, 0x0000000083100000|  0%| F|  |TAMS 0x0000000083000000, 0x0000000083000000| Untracked 
|  29|0x0000000083100000, 0x0000000083100000, 0x0000000083200000|  0%| F|  |TAMS 0x0000000083100000, 0x0000000083100000| Untracked 
|  30|0x0000000083200000, 0x0000000083200000, 0x0000000083300000|  0%| F|  |TAMS 0x0000000083200000, 0x0000000083200000| Untracked 
|  31|0x0000000083300000, 0x0000000083300000, 0x0000000083400000|  0%| F|  |TAMS 0x0000000083300000, 0x0000000083300000| Untracked 
|  32|0x0000000083400000, 0x0000000083400000, 0x0000000083500000|  0%| F|  |TAMS 0x0000000083400000, 0x0000000083400000| Untracked 
|  33|0x0000000083500000, 0x0000000083500000, 0x0000000083600000|  0%| F|  |TAMS 0x0000000083500000, 0x0000000083500000| Untracked 
|  34|0x0000000083600000, 0x0000000083600000, 0x0000000083700000|  0%| F|  |TAMS 0x0000000083600000, 0x0000000083600000| Untracked 
|  35|0x0000000083700000, 0x0000000083700000, 0x0000000083800000|  0%| F|  |TAMS 0x0000000083700000, 0x0000000083700000| Untracked 
|  36|0x0000000083800000, 0x0000000083800000, 0x0000000083900000|  0%| F|  |TAMS 0x0000000083800000, 0x0000000083800000| Untracked 
|  37|0x0000000083900000, 0x0000000083900000, 0x0000000083a00000|  0%| F|  |TAMS 0x0000000083900000, 0x0000000083900000| Untracked 
|  38|0x0000000083a00000, 0x0000000083a00000, 0x0000000083b00000|  0%| F|  |TAMS 0x0000000083a00000, 0x0000000083a00000| Untracked 
|  39|0x0000000083b00000, 0x0000000083b00000, 0x0000000083c00000|  0%| F|  |TAMS 0x0000000083b00000, 0x0000000083b00000| Untracked 
|  40|0x0000000083c00000, 0x0000000083c00000, 0x0000000083d00000|  0%| F|  |TAMS 0x0000000083c00000, 0x0000000083c00000| Untracked 
|  41|0x0000000083d00000, 0x0000000083d00000, 0x0000000083e00000|  0%| F|  |TAMS 0x0000000083d00000, 0x0000000083d00000| Untracked 
|  42|0x0000000083e00000, 0x0000000083e00000, 0x0000000083f00000|  0%| F|  |TAMS 0x0000000083e00000, 0x0000000083e00000| Untracked 
|  43|0x0000000083f00000, 0x0000000083f00000, 0x0000000084000000|  0%| F|  |TAMS 0x0000000083f00000, 0x0000000083f00000| Untracked 
|  44|0x0000000084000000, 0x0000000084000000, 0x0000000084100000|  0%| F|  |TAMS 0x0000000084000000, 0x0000000084000000| Untracked 
|  45|0x0000000084100000, 0x0000000084100000, 0x0000000084200000|  0%| F|  |TAMS 0x0000000084100000, 0x0000000084100000| Untracked 
|  46|0x0000000084200000, 0x0000000084200000, 0x0000000084300000|  0%| F|  |TAMS 0x0000000084200000, 0x0000000084200000| Untracked 
|  47|0x0000000084300000, 0x0000000084300000, 0x0000000084400000|  0%| F|  |TAMS 0x0000000084300000, 0x0000000084300000| Untracked 
|  48|0x0000000084400000, 0x0000000084400000, 0x0000000084500000|  0%| F|  |TAMS 0x0000000084400000, 0x0000000084400000| Untracked 
|  49|0x0000000084500000, 0x0000000084500000, 0x0000000084600000|  0%| F|  |TAMS 0x0000000084500000, 0x0000000084500000| Untracked 
|  50|0x0000000084600000, 0x0000000084600000, 0x0000000084700000|  0%| F|  |TAMS 0x0000000084600000, 0x0000000084600000| Untracked 
|  51|0x0000000084700000, 0x0000000084700000, 0x0000000084800000|  0%| F|  |TAMS 0x0000000084700000, 0x0000000084700000| Untracked 
|  52|0x0000000084800000, 0x0000000084800000, 0x0000000084900000|  0%| F|  |TAMS 0x0000000084800000, 0x0000000084800000| Untracked 
|  53|0x0000000084900000, 0x0000000084900000, 0x0000000084a00000|  0%| F|  |TAMS 0x0000000084900000, 0x0000000084900000| Untracked 
|  54|0x0000000084a00000, 0x0000000084a00000, 0x0000000084b00000|  0%| F|  |TAMS 0x0000000084a00000, 0x0000000084a00000| Untracked 
|  55|0x0000000084b00000, 0x0000000084b00000, 0x0000000084c00000|  0%| F|  |TAMS 0x0000000084b00000, 0x0000000084b00000| Untracked 
|  56|0x0000000084c00000, 0x0000000084c00000, 0x0000000084d00000|  0%| F|  |TAMS 0x0000000084c00000, 0x0000000084c00000| Untracked 
|  57|0x0000000084d00000, 0x0000000084d00000, 0x0000000084e00000|  0%| F|  |TAMS 0x0000000084d00000, 0x0000000084d00000| Untracked 
|  58|0x0000000084e00000, 0x0000000084e00000, 0x0000000084f00000|  0%| F|  |TAMS 0x0000000084e00000, 0x0000000084e00000| Untracked 
|  59|0x0000000084f00000, 0x0000000084f00000, 0x0000000085000000|  0%| F|  |TAMS 0x0000000084f00000, 0x0000000084f00000| Untracked 
|  60|0x0000000085000000, 0x0000000085000000, 0x0000000085100000|  0%| F|  |TAMS 0x0000000085000000, 0x0000000085000000| Untracked 
|  61|0x0000000085100000, 0x0000000085100000, 0x0000000085200000|  0%| F|  |TAMS 0x0000000085100000, 0x0000000085100000| Untracked 
|  62|0x0000000085200000, 0x0000000085200000, 0x0000000085300000|  0%| F|  |TAMS 0x0000000085200000, 0x0000000085200000| Untracked 
|  63|0x0000000085300000, 0x0000000085300000, 0x0000000085400000|  0%| F|  |TAMS 0x0000000085300000, 0x0000000085300000| Untracked 
|  64|0x0000000085400000, 0x0000000085400000, 0x0000000085500000|  0%| F|  |TAMS 0x0000000085400000, 0x0000000085400000| Untracked 
|  65|0x0000000085500000, 0x0000000085500000, 0x0000000085600000|  0%| F|  |TAMS 0x0000000085500000, 0x0000000085500000| Untracked 
|  66|0x0000000085600000, 0x0000000085600000, 0x0000000085700000|  0%| F|  |TAMS 0x0000000085600000, 0x0000000085600000| Untracked 
|  67|0x0000000085700000, 0x0000000085700000, 0x0000000085800000|  0%| F|  |TAMS 0x0000000085700000, 0x0000000085700000| Untracked 
|  68|0x0000000085800000, 0x0000000085800000, 0x0000000085900000|  0%| F|  |TAMS 0x0000000085800000, 0x0000000085800000| Untracked 
|  69|0x0000000085900000, 0x0000000085900000, 0x0000000085a00000|  0%| F|  |TAMS 0x0000000085900000, 0x0000000085900000| Untracked 
|  70|0x0000000085a00000, 0x0000000085a00000, 0x0000000085b00000|  0%| F|  |TAMS 0x0000000085a00000, 0x0000000085a00000| Untracked 
|  71|0x0000000085b00000, 0x0000000085b00000, 0x0000000085c00000|  0%| F|  |TAMS 0x0000000085b00000, 0x0000000085b00000| Untracked 
|  72|0x0000000085c00000, 0x0000000085c00000, 0x0000000085d00000|  0%| F|  |TAMS 0x0000000085c00000, 0x0000000085c00000| Untracked 
|  73|0x0000000085d00000, 0x0000000085d00000, 0x0000000085e00000|  0%| F|  |TAMS 0x0000000085d00000, 0x0000000085d00000| Untracked 
|  74|0x0000000085e00000, 0x0000000085e00000, 0x0000000085f00000|  0%| F|  |TAMS 0x0000000085e00000, 0x0000000085e00000| Untracked 
|  75|0x0000000085f00000, 0x0000000085f00000, 0x0000000086000000|  0%| F|  |TAMS 0x0000000085f00000, 0x0000000085f00000| Untracked 
|  76|0x0000000086000000, 0x0000000086000000, 0x0000000086100000|  0%| F|  |TAMS 0x0000000086000000, 0x0000000086000000| Untracked 
|  77|0x0000000086100000, 0x0000000086100000, 0x0000000086200000|  0%| F|  |TAMS 0x0000000086100000, 0x0000000086100000| Untracked 
|  78|0x0000000086200000, 0x0000000086200000, 0x0000000086300000|  0%| F|  |TAMS 0x0000000086200000, 0x0000000086200000| Untracked 
|  79|0x0000000086300000, 0x0000000086300000, 0x0000000086400000|  0%| F|  |TAMS 0x0000000086300000, 0x0000000086300000| Untracked 
|  80|0x0000000086400000, 0x0000000086400000, 0x0000000086500000|  0%| F|  |TAMS 0x0000000086400000, 0x0000000086400000| Untracked 
|  81|0x0000000086500000, 0x0000000086500000, 0x0000000086600000|  0%| F|  |TAMS 0x0000000086500000, 0x0000000086500000| Untracked 
|  82|0x0000000086600000, 0x0000000086600000, 0x0000000086700000|  0%| F|  |TAMS 0x0000000086600000, 0x0000000086600000| Untracked 
|  83|0x0000000086700000, 0x0000000086700000, 0x0000000086800000|  0%| F|  |TAMS 0x0000000086700000, 0x0000000086700000| Untracked 
|  84|0x0000000086800000, 0x0000000086800000, 0x0000000086900000|  0%| F|  |TAMS 0x0000000086800000, 0x0000000086800000| Untracked 
|  85|0x0000000086900000, 0x0000000086900000, 0x0000000086a00000|  0%| F|  |TAMS 0x0000000086900000, 0x0000000086900000| Untracked 
|  86|0x0000000086a00000, 0x0000000086a00000, 0x0000000086b00000|  0%| F|  |TAMS 0x0000000086a00000, 0x0000000086a00000| Untracked 
|  87|0x0000000086b00000, 0x0000000086b00000, 0x0000000086c00000|  0%| F|  |TAMS 0x0000000086b00000, 0x0000000086b00000| Untracked 
|  88|0x0000000086c00000, 0x0000000086c00000, 0x0000000086d00000|  0%| F|  |TAMS 0x0000000086c00000, 0x0000000086c00000| Untracked 
|  89|0x0000000086d00000, 0x0000000086d00000, 0x0000000086e00000|  0%| F|  |TAMS 0x0000000086d00000, 0x0000000086d00000| Untracked 
|  90|0x0000000086e00000, 0x0000000086e00000, 0x0000000086f00000|  0%| F|  |TAMS 0x0000000086e00000, 0x0000000086e00000| Untracked 
|  91|0x0000000086f00000, 0x0000000086f00000, 0x0000000087000000|  0%| F|  |TAMS 0x0000000086f00000, 0x0000000086f00000| Untracked 
|  92|0x0000000087000000, 0x0000000087000000, 0x0000000087100000|  0%| F|  |TAMS 0x0000000087000000, 0x0000000087000000| Untracked 
|  93|0x0000000087100000, 0x0000000087100000, 0x0000000087200000|  0%| F|  |TAMS 0x0000000087100000, 0x0000000087100000| Untracked 
|  94|0x0000000087200000, 0x0000000087200000, 0x0000000087300000|  0%| F|  |TAMS 0x0000000087200000, 0x0000000087200000| Untracked 
|  95|0x0000000087300000, 0x0000000087300000, 0x0000000087400000|  0%| F|  |TAMS 0x0000000087300000, 0x0000000087300000| Untracked 
|  96|0x0000000087400000, 0x0000000087400000, 0x0000000087500000|  0%| F|  |TAMS 0x0000000087400000, 0x0000000087400000| Untracked 
|  97|0x0000000087500000, 0x0000000087500000, 0x0000000087600000|  0%| F|  |TAMS 0x0000000087500000, 0x0000000087500000| Untracked 
|  98|0x0000000087600000, 0x0000000087600000, 0x0000000087700000|  0%| F|  |TAMS 0x0000000087600000, 0x0000000087600000| Untracked 
|  99|0x0000000087700000, 0x0000000087700000, 0x0000000087800000|  0%| F|  |TAMS 0x0000000087700000, 0x0000000087700000| Untracked 
| 100|0x0000000087800000, 0x0000000087800000, 0x0000000087900000|  0%| F|  |TAMS 0x0000000087800000, 0x0000000087800000| Untracked 
| 101|0x0000000087900000, 0x0000000087900000, 0x0000000087a00000|  0%| F|  |TAMS 0x0000000087900000, 0x0000000087900000| Untracked 
| 102|0x0000000087a00000, 0x0000000087a00000, 0x0000000087b00000|  0%| F|  |TAMS 0x0000000087a00000, 0x0000000087a00000| Untracked 
| 103|0x0000000087b00000, 0x0000000087b00000, 0x0000000087c00000|  0%| F|  |TAMS 0x0000000087b00000, 0x0000000087b00000| Untracked 
| 104|0x0000000087c00000, 0x0000000087c00000, 0x0000000087d00000|  0%| F|  |TAMS 0x0000000087c00000, 0x0000000087c00000| Untracked 
| 105|0x0000000087d00000, 0x0000000087d00000, 0x0000000087e00000|  0%| F|  |TAMS 0x0000000087d00000, 0x0000000087d00000| Untracked 
| 106|0x0000000087e00000, 0x0000000087e00000, 0x0000000087f00000|  0%| F|  |TAMS 0x0000000087e00000, 0x0000000087e00000| Untracked 
| 107|0x0000000087f00000, 0x0000000087f00000, 0x0000000088000000|  0%| F|  |TAMS 0x0000000087f00000, 0x0000000087f00000| Untracked 
| 108|0x0000000088000000, 0x0000000088000000, 0x0000000088100000|  0%| F|  |TAMS 0x0000000088000000, 0x0000000088000000| Untracked 
| 109|0x0000000088100000, 0x0000000088100000, 0x0000000088200000|  0%| F|  |TAMS 0x0000000088100000, 0x0000000088100000| Untracked 
| 110|0x0000000088200000, 0x0000000088200000, 0x0000000088300000|  0%| F|  |TAMS 0x0000000088200000, 0x0000000088200000| Untracked 
| 111|0x0000000088300000, 0x0000000088300000, 0x0000000088400000|  0%| F|  |TAMS 0x0000000088300000, 0x0000000088300000| Untracked 
| 112|0x0000000088400000, 0x0000000088400000, 0x0000000088500000|  0%| F|  |TAMS 0x0000000088400000, 0x0000000088400000| Untracked 
| 113|0x0000000088500000, 0x0000000088500000, 0x0000000088600000|  0%| F|  |TAMS 0x0000000088500000, 0x0000000088500000| Untracked 
| 114|0x0000000088600000, 0x0000000088600000, 0x0000000088700000|  0%| F|  |TAMS 0x0000000088600000, 0x0000000088600000| Untracked 
| 115|0x0000000088700000, 0x0000000088700000, 0x0000000088800000|  0%| F|  |TAMS 0x0000000088700000, 0x0000000088700000| Untracked 
| 116|0x0000000088800000, 0x0000000088800000, 0x0000000088900000|  0%| F|  |TAMS 0x0000000088800000, 0x0000000088800000| Untracked 
| 117|0x0000000088900000, 0x0000000088900000, 0x0000000088a00000|  0%| F|  |TAMS 0x0000000088900000, 0x0000000088900000| Untracked 
| 118|0x0000000088a00000, 0x0000000088a00000, 0x0000000088b00000|  0%| F|  |TAMS 0x0000000088a00000, 0x0000000088a00000| Untracked 
| 119|0x0000000088b00000, 0x0000000088b00000, 0x0000000088c00000|  0%| F|  |TAMS 0x0000000088b00000, 0x0000000088b00000| Untracked 
| 120|0x0000000088c00000, 0x0000000088c00000, 0x0000000088d00000|  0%| F|  |TAMS 0x0000000088c00000, 0x0000000088c00000| Untracked 
| 121|0x0000000088d00000, 0x0000000088d00000, 0x0000000088e00000|  0%| F|  |TAMS 0x0000000088d00000, 0x0000000088d00000| Untracked 
| 122|0x0000000088e00000, 0x0000000088e00000, 0x0000000088f00000|  0%| F|  |TAMS 0x0000000088e00000, 0x0000000088e00000| Untracked 
| 123|0x0000000088f00000, 0x0000000088f00000, 0x0000000089000000|  0%| F|  |TAMS 0x0000000088f00000, 0x0000000088f00000| Untracked 
| 124|0x0000000089000000, 0x0000000089000000, 0x0000000089100000|  0%| F|  |TAMS 0x0000000089000000, 0x0000000089000000| Untracked 
| 125|0x0000000089100000, 0x0000000089100000, 0x0000000089200000|  0%| F|  |TAMS 0x0000000089100000, 0x0000000089100000| Untracked 
| 126|0x0000000089200000, 0x00000000892ec080, 0x0000000089300000| 92%| E|  |TAMS 0x0000000089200000, 0x0000000089200000| Complete 
| 127|0x0000000089300000, 0x0000000089400000, 0x0000000089400000|100%| E|CS|TAMS 0x0000000089300000, 0x0000000089300000| Complete 

Card table byte_map: [0x0000026ea1b60000,0x0000026ea1f60000] _byte_map_base: 0x0000026ea1756000

Marking Bits (Prev, Next): (CMBitMap*) 0x0000026e8ac09060, (CMBitMap*) 0x0000026e8ac090a0
 Prev Bits: [0x0000026ea2360000, 0x0000026ea4310000)
 Next Bits: [0x0000026ea4310000, 0x0000026ea62c0000)

Polling page: 0x0000026e88b00000

Metaspace:

Usage:
  Non-class:    304.44 KB used.
      Class:     26.44 KB used.
       Both:    330.88 KB used.

Virtual space:
  Non-class space:        8.00 MB reserved,     320.00 KB (  4%) committed,  1 nodes.
      Class space:        1.00 GB reserved,     128.00 KB ( <1%) committed,  1 nodes.
             Both:        1.01 GB reserved,     448.00 KB ( <1%) committed. 

Chunk freelists:
   Non-Class:  3.94 MB
       Class:  3.73 MB
        Both:  7.67 MB

MaxMetaspaceSize: unlimited
CompressedClassSpaceSize: 1.00 GB
Initial GC threshold: 21.00 MB
Current GC threshold: 21.00 MB
CDS: on
MetaspaceReclaimPolicy: balanced
 - commit_granule_bytes: 65536.
 - commit_granule_words: 8192.
 - virtual_space_node_default_size: 1048576.
 - enlarge_chunks_in_place: 1.
 - new_chunks_are_fully_committed: 0.
 - uncommit_free_chunks: 1.
 - use_allocation_guard: 0.
 - handle_deallocations: 1.


Internal statistics:

num_allocs_failed_limit: 0.
num_arena_births: 4.
num_arena_deaths: 0.
num_vsnodes_births: 2.
num_vsnodes_deaths: 0.
num_space_committed: 7.
num_space_uncommitted: 0.
num_chunks_returned_to_freelist: 0.
num_chunks_taken_from_freelist: 11.
num_chunk_merges: 0.
num_chunk_splits: 5.
num_chunks_enlarged: 6.
num_purges: 0.
num_inconsistent_stats: 0.

CodeHeap 'non-profiled nmethods': size=120000Kb used=17Kb max_used=17Kb free=119982Kb
 bounds [0x0000026e99ef0000, 0x0000026e9a160000, 0x0000026ea1420000]
CodeHeap 'profiled nmethods': size=120000Kb used=101Kb max_used=101Kb free=119898Kb
 bounds [0x0000026e929c0000, 0x0000026e92c30000, 0x0000026e99ef0000]
CodeHeap 'non-nmethods': size=5760Kb used=1059Kb max_used=1070Kb free=4700Kb
 bounds [0x0000026e92420000, 0x0000026e92690000, 0x0000026e929c0000]
 total_blobs=405 nmethods=83 adapters=235
 compilation: enabled
              stopped_count=0, restarted_count=0
 full_count=0

Compilation events (20 events):
Event: 4.103 Thread 0x0000026ea8d48a40 nmethod 70 0x0000026e929d5910 code [0x0000026e929d5ac0, 0x0000026e929d5cf8]
Event: 4.105 Thread 0x0000026ea8d48a40   71       3       java.lang.String::indexOf (29 bytes)
Event: 4.105 Thread 0x0000026ea8d48a40 nmethod 71 0x0000026e929d5e10 code [0x0000026e929d5fe0, 0x0000026e929d6278]
Event: 4.105 Thread 0x0000026ea8d48a40   72       3       java.lang.StringLatin1::indexOf (36 bytes)
Event: 4.106 Thread 0x0000026ea8d48a40 nmethod 72 0x0000026e929d6390 code [0x0000026e929d6560, 0x0000026e929d6998]
Event: 4.111 Thread 0x0000026ea8d48a40   73       3       java.util.zip.ZipUtils::SH (21 bytes)
Event: 4.112 Thread 0x0000026ea8d48a40 nmethod 73 0x0000026e929d6b10 code [0x0000026e929d6ca0, 0x0000026e929d6df8]
Event: 4.114 Thread 0x0000026ea8d48a40   74       3       java.lang.Math::min (11 bytes)
Event: 4.114 Thread 0x0000026ea8d48a40 nmethod 74 0x0000026e929d6f10 code [0x0000026e929d70a0, 0x0000026e929d71d8]
Event: 4.119 Thread 0x0000026ea8d48a40   75       3       java.lang.Math::max (11 bytes)
Event: 4.119 Thread 0x0000026ea8d48a40 nmethod 75 0x0000026e929d7290 code [0x0000026e929d7420, 0x0000026e929d7558]
Event: 4.123 Thread 0x0000026ea8d48a40   76       3       java.lang.String::<init> (15 bytes)
Event: 4.123 Thread 0x0000026ea8d48a40 nmethod 76 0x0000026e929d7610 code [0x0000026e929d77a0, 0x0000026e929d7958]
Event: 4.126 Thread 0x0000026ea8d48a40   77       3       java.lang.String::indexOf (7 bytes)
Event: 4.126 Thread 0x0000026ea8d48a40 nmethod 77 0x0000026e929d7a10 code [0x0000026e929d7be0, 0x0000026e929d7ef8]
Event: 4.129 Thread 0x0000026ea8d48a40   78       3       java.util.Arrays::copyOfRange (64 bytes)
Event: 4.130 Thread 0x0000026ea8d48a40 nmethod 78 0x0000026e929d8010 code [0x0000026e929d8280, 0x0000026e929d8b98]
Event: 14.322 Thread 0x0000026ea8d48a40   79       3       java.lang.AbstractStringBuilder::putStringAt (12 bytes)
Event: 14.323 Thread 0x0000026ea8d48a40 nmethod 79 0x0000026e929d8f10 code [0x0000026e929d90c0, 0x0000026e929d9308]
Event: 14.323 Thread 0x0000026ea8d48a40   80       3       java.lang.AbstractStringBuilder::putStringAt (34 bytes)

GC Heap History (0 events):
No events

Deoptimization events (0 events):
No events

Classes unloaded (0 events):
No events

Classes redefined (0 events):
No events

Internal exceptions (0 events):
No events

VM Operations (6 events):
Event: 3.906 Executing VM operation: Cleanup
Event: 3.906 Executing VM operation: Cleanup done
Event: 4.116 Executing VM operation: HandshakeAllThreads
Event: 4.116 Executing VM operation: HandshakeAllThreads done
Event: 5.118 Executing VM operation: Cleanup
Event: 5.118 Executing VM operation: Cleanup done

Events (20 events):
Event: 1.915 Thread 0x0000026ea8cdfd40 Thread added: 0x0000026ea8cdfd40
Event: 2.335 Thread 0x0000026ea8d48a40 Thread added: 0x0000026ea8d48a40
Event: 3.240 Thread 0x0000026ea9800dc0 Thread added: 0x0000026ea9800dc0
Event: 3.716 Thread 0x0000026ea98c3320 Thread added: 0x0000026ea98c3320
Event: 3.721 loading class sun/nio/cs/UTF_8$Decoder
Event: 3.722 loading class sun/nio/cs/UTF_8$Decoder done
Event: 4.102 Thread 0x0000026ea98ca670 Thread added: 0x0000026ea98ca670
Event: 4.107 Loaded shared library C:\Program Files\Java\jdk-17.0.4.1\bin\net.dll
Event: 4.109 Loaded shared library C:\Program Files\Java\jdk-17.0.4.1\bin\nio.dll
Event: 4.114 Loaded shared library C:\Program Files\Java\jdk-17.0.4.1\bin\zip.dll
Event: 4.122 loading class java/net/URLClassLoader
Event: 4.122 loading class java/net/URLClassLoader done
Event: 4.122 loading class java/lang/reflect/InvocationTargetException
Event: 4.122 loading class java/lang/reflect/InvocationTargetException done
Event: 4.128 loading class java/lang/IllegalAccessException
Event: 4.128 loading class java/lang/IllegalAccessException done
Event: 4.128 loading class java/io/IOException
Event: 4.128 loading class java/io/IOException done
Event: 14.323 loading class java/net/MalformedURLException
Event: 14.323 loading class java/net/MalformedURLException done


Dynamic libraries:
0x00007ff7d5b60000 - 0x00007ff7d5b70000 	C:\Program Files\Java\jdk-17.0.4.1\bin\java.exe
0x00007ffc59390000 - 0x00007ffc595a4000 	C:\WINDOWS\SYSTEM32\ntdll.dll
0x00007ffc586e0000 - 0x00007ffc587a2000 	C:\WINDOWS\System32\KERNEL32.DLL
0x00007ffc569d0000 - 0x00007ffc56d73000 	C:\WINDOWS\System32\KERNELBASE.dll
0x00007ffc56790000 - 0x00007ffc568a1000 	C:\WINDOWS\System32\ucrtbase.dll
0x00007ffc40e80000 - 0x00007ffc40e98000 	C:\Program Files\Java\jdk-17.0.4.1\bin\jli.dll
0x00007ffc592a0000 - 0x00007ffc5934e000 	C:\WINDOWS\System32\ADVAPI32.dll
0x00007ffc591e0000 - 0x00007ffc59287000 	C:\WINDOWS\System32\msvcrt.dll
0x00007ffc57760000 - 0x00007ffc57804000 	C:\WINDOWS\System32\sechost.dll
0x00007ffc574e0000 - 0x00007ffc575f7000 	C:\WINDOWS\System32\RPCRT4.dll
0x00007ffc587b0000 - 0x00007ffc5895b000 	C:\WINDOWS\System32\USER32.dll
0x00007ffc570d0000 - 0x00007ffc570f6000 	C:\WINDOWS\System32\win32u.dll
0x00007ffc59190000 - 0x00007ffc591b9000 	C:\WINDOWS\System32\GDI32.dll
0x00007ffc56fb0000 - 0x00007ffc570c9000 	C:\WINDOWS\System32\gdi32full.dll
0x00007ffc56930000 - 0x00007ffc569ca000 	C:\WINDOWS\System32\msvcp_win.dll
0x00007ffc4b430000 - 0x00007ffc4b44a000 	C:\Program Files\Java\jdk-17.0.4.1\bin\VCRUNTIME140.dll
0x00007ffc3bac0000 - 0x00007ffc3bd4e000 	C:\WINDOWS\WinSxS\amd64_microsoft.windows.common-controls_6595b64144ccf1df_6.0.22621.1635_none_270f70857386168e\COMCTL32.dll
0x00007ffc4a650000 - 0x00007ffc4a65a000 	C:\WINDOWS\SYSTEM32\VERSION.dll
0x00007ffc58650000 - 0x00007ffc58681000 	C:\WINDOWS\System32\IMM32.DLL
0x00007ffc4c6b0000 - 0x00007ffc4c6bc000 	C:\Program Files\Java\jdk-17.0.4.1\bin\vcruntime140_1.dll
0x00007ffc38ee0000 - 0x00007ffc38f6d000 	C:\Program Files\Java\jdk-17.0.4.1\bin\msvcp140.dll
0x00007ffbf48a0000 - 0x00007ffbf5462000 	C:\Program Files\Java\jdk-17.0.4.1\bin\server\jvm.dll
0x00007ffc571e0000 - 0x00007ffc571e8000 	C:\WINDOWS\System32\PSAPI.DLL
0x00007ffc4c750000 - 0x00007ffc4c759000 	C:\WINDOWS\SYSTEM32\WSOCK32.dll
0x00007ffc59110000 - 0x00007ffc59181000 	C:\WINDOWS\System32\WS2_32.dll
0x00007ffc4af00000 - 0x00007ffc4af34000 	C:\WINDOWS\SYSTEM32\WINMM.dll
0x00007ffc558d0000 - 0x00007ffc558e8000 	C:\WINDOWS\SYSTEM32\kernel.appcore.dll
0x00007ffc4c670000 - 0x00007ffc4c67a000 	C:\Program Files\Java\jdk-17.0.4.1\bin\jimage.dll
0x00007ffc54340000 - 0x00007ffc5456e000 	C:\WINDOWS\SYSTEM32\DBGHELP.DLL
0x00007ffc58970000 - 0x00007ffc58cf9000 	C:\WINDOWS\System32\combase.dll
0x00007ffc58d80000 - 0x00007ffc58e57000 	C:\WINDOWS\System32\OLEAUT32.dll
0x00007ffc40d80000 - 0x00007ffc40db2000 	C:\WINDOWS\SYSTEM32\dbgcore.DLL
0x00007ffc568b0000 - 0x00007ffc5692b000 	C:\WINDOWS\System32\bcryptPrimitives.dll
0x00007ffc43b60000 - 0x00007ffc43b85000 	C:\Program Files\Java\jdk-17.0.4.1\bin\java.dll
0x00007ffc22370000 - 0x00007ffc22446000 	C:\Program Files\Java\jdk-17.0.4.1\bin\jsvml.dll
0x00007ffc57920000 - 0x00007ffc5811a000 	C:\WINDOWS\System32\SHELL32.dll
0x00007ffc547a0000 - 0x00007ffc5506e000 	C:\WINDOWS\SYSTEM32\windows.storage.dll
0x00007ffc54570000 - 0x00007ffc546ae000 	C:\WINDOWS\SYSTEM32\wintypes.dll
0x00007ffc58e60000 - 0x00007ffc58f51000 	C:\WINDOWS\System32\SHCORE.dll
0x00007ffc57600000 - 0x00007ffc5765e000 	C:\WINDOWS\System32\shlwapi.dll
0x00007ffc566c0000 - 0x00007ffc566e1000 	C:\WINDOWS\SYSTEM32\profapi.dll
0x00007ffc4b410000 - 0x00007ffc4b429000 	C:\Program Files\Java\jdk-17.0.4.1\bin\net.dll
0x00007ffc4ad00000 - 0x00007ffc4ae37000 	C:\WINDOWS\SYSTEM32\WINHTTP.dll
0x00007ffc55d40000 - 0x00007ffc55da9000 	C:\WINDOWS\system32\mswsock.dll
0x00007ffc43ab0000 - 0x00007ffc43ac6000 	C:\Program Files\Java\jdk-17.0.4.1\bin\nio.dll
0x00007ffc43750000 - 0x00007ffc43768000 	C:\Program Files\Java\jdk-17.0.4.1\bin\zip.dll

dbghelp: loaded successfully - version: 4.0.5 - missing functions: none
symbol engine: initialized successfully - sym options: 0x614 - pdb path: .;C:\Program Files\Java\jdk-17.0.4.1\bin;C:\WINDOWS\SYSTEM32;C:\WINDOWS\WinSxS\amd64_microsoft.windows.common-controls_6595b64144ccf1df_6.0.22621.1635_none_270f70857386168e;C:\Program Files\Java\jdk-17.0.4.1\bin\server

VM Arguments:
jvm_args: -Dclassworlds.conf=C:\Program Files\NetBeans-14\netbeans\java\maven\bin\m2.conf -Dmaven.home=C:\Program Files\NetBeans-14\netbeans\java\maven -Dlibrary.jansi.path=C:\Program Files\NetBeans-14\netbeans\java\maven\lib\jansi-native -Dmaven.multiModuleProjectDirectory=C:\Senac\curso ds\exercicios\uc7\Atividade5PIUC05 
java_command: org.codehaus.plexus.classworlds.launcher.Launcher -Dmaven.ext.class.path=C:\Program Files\NetBeans-14\netbeans\java\maven-nblib\netbeans-eventspy.jar -Dfile.encoding=UTF-8 install
java_class_path (initial): C:\Program Files\NetBeans-14\netbeans\java\maven\boot\plexus-classworlds-2.6.0.jar
Launcher Type: SUN_STANDARD

[Global flags]
     intx CICompilerCount                          = 4                                         {product} {ergonomic}
     uint ConcGCThreads                            = 2                                         {product} {ergonomic}
     uint G1ConcRefinementThreads                  = 8                                         {product} {ergonomic}
   size_t G1HeapRegionSize                         = 1048576                                   {product} {ergonomic}
    uintx GCDrainStackTargetSize                   = 64                                        {product} {ergonomic}
   size_t InitialHeapSize                          = 134217728                                 {product} {ergonomic}
   size_t MarkStackSize                            = 4194304                                   {product} {ergonomic}
   size_t MaxHeapSize                              = 2126512128                                {product} {ergonomic}
   size_t MaxNewSize                               = 1275068416                                {product} {ergonomic}
   size_t MinHeapDeltaBytes                        = 1048576                                   {product} {ergonomic}
   size_t MinHeapSize                              = 8388608                                   {product} {ergonomic}
    uintx NonNMethodCodeHeapSize                   = 5839372                                {pd product} {ergonomic}
    uintx NonProfiledCodeHeapSize                  = 122909434                              {pd product} {ergonomic}
    uintx ProfiledCodeHeapSize                     = 122909434                              {pd product} {ergonomic}
    uintx ReservedCodeCacheSize                    = 251658240                              {pd product} {ergonomic}
     bool SegmentedCodeCache                       = true                                      {product} {ergonomic}
   size_t SoftMaxHeapSize                          = 2126512128                             {manageable} {ergonomic}
     bool UseCompressedClassPointers               = true                           {product lp64_product} {ergonomic}
     bool UseCompressedOops                        = true                           {product lp64_product} {ergonomic}
     bool UseG1GC                                  = true                                      {product} {ergonomic}
     bool UseLargePagesIndividualAllocation        = false                                  {pd product} {ergonomic}

Logging:
Log output configuration:
 #0: stdout all=warning uptime,level,tags
 #1: stderr all=off uptime,level,tags

Environment Variables:
JAVA_HOME=C:\Program Files\Java\jdk-17.0.4.1
PATH=C:\Program Files\Common Files\Oracle\Java\javapath;C:\ProgramData\Oracle\Java\javapath;C:\Program Files (x86)\Intel\Intel(R) Management Engine Components\iCLS\;C:\Program Files\Intel\Intel(R) Management Engine Components\iCLS\;C:\windows\system32;C:\windows;C:\windows\System32\Wbem;C:\windows\System32\WindowsPowerShell\v1.0\;C:\windows\System32\OpenSSH\;C:\Program Files (x86)\NVIDIA Corporation\PhysX\Common;C:\Program Files (x86)\Intel\Intel(R) Management Engine Components\DAL;C:\Program Files\Intel\Intel(R) Management Engine Components\DAL;C:\Program Files (x86)\Intel\Intel(R) Management Engine Components\IPT;C:\Program Files\Intel\Intel(R) Management Engine Components\IPT;C:\WINDOWS\system32;C:\WINDOWS;C:\WINDOWS\System32\Wbem;C:\WINDOWS\System32\WindowsPowerShell\v1.0\;C:\WINDOWS\System32\OpenSSH\;C:\Program Files\nodejs\;C:\ProgramData\UNIVALI\Portugol Studio;C:\Program Files\Git\cmd;C:\Users\larak\AppData\Local\Microsoft\WindowsApps;C:\Program Files\JetBrains\PyCharm Community Edition 2020.3.3\bin;;C:\Users\larak\AppData\Local\Programs\Microsoft VS Code\bin;C:\Users\larak\AppData\Roaming\npm;
USERNAME=larak
OS=Windows_NT
PROCESSOR_IDENTIFIER=Intel64 Family 6 Model 142 Stepping 10, GenuineIntel



---------------  S Y S T E M  ---------------

OS:
 Windows 11 , 64 bit Build 22621 (10.0.22621.1778)
OS uptime: 0 days 20:23 hours

CPU: total 8 (initial active 8) (4 cores per cpu, 2 threads per core) family 6 model 142 stepping 10 microcode 0xe0, cx8, cmov, fxsr, ht, mmx, 3dnowpref, sse, sse2, sse3, ssse3, sse4.1, sse4.2, popcnt, lzcnt, tsc, tscinvbit, avx, avx2, aes, erms, clmul, bmi1, bmi2, adx, fma, vzeroupper, clflush, clflushopt

Memory: 4k page, system-wide physical 8106M (348M free)
TotalPageFile size 32682M (AvailPageFile size 3M)
current process WorkingSet (physical memory assigned to process): 29M, peak: 29M
current process commit charge ("private bytes"): 209M, peak: 209M

vm_info: Java HotSpot(TM) 64-Bit Server VM (17.0.4.1+1-LTS-2) for windows-amd64 JRE (17.0.4.1+1-LTS-2), built on Aug 16 2022 18:32:06 by "mach5one" with MS VC++ 16.8 / 16.9 (VS2019)

END.
