#
# There is insufficient memory for the Java Runtime Environment to continue.
# Native memory allocation (mmap) failed to map 65536 bytes for Failed to commit metaspace.
# Possible reasons:
#   The system is out of physical RAM or swap space
#   The process is running with CompressedOops enabled, and the Java Heap may be blocking the growth of the native heap
# Possible solutions:
#   Reduce memory load on the system
#   Increase physical memory or swap space
#   Check if swap backing store is full
#   Decrease Java heap size (-Xmx/-Xms)
#   Decrease number of Java threads
#   Decrease Java thread stack sizes (-Xss)
#   Set larger code cache with -XX:ReservedCodeCacheSize=
#   JVM is running with Unscaled Compressed Oops mode in which the Java heap is
#     placed in the first 4GB address space. The Java Heap base address is the
#     maximum limit for the native heap growth. Please use -XX:HeapBaseMinAddress
#     to set the Java Heap base and to place the Java Heap above 4GB virtual address.
# This output file may be truncated or incomplete.
#
#  Out of Memory Error (virtualSpaceNode.cpp:110), pid=17924, tid=17960
#
# JRE version: Java(TM) SE Runtime Environment (17.0.4.1+1) (build 17.0.4.1+1-LTS-2)
# Java VM: Java HotSpot(TM) 64-Bit Server VM (17.0.4.1+1-LTS-2, mixed mode, sharing, tiered, compressed oops, compressed class ptrs, g1 gc, windows-amd64)
# No core dump will be written. Minidumps are not enabled by default on client versions of Windows
#

---------------  S U M M A R Y ------------

Command Line: -Dclassworlds.conf=C:\Program Files\NetBeans-14\netbeans\java\maven\bin\m2.conf -Dmaven.home=C:\Program Files\NetBeans-14\netbeans\java\maven -Dlibrary.jansi.path=C:\Program Files\NetBeans-14\netbeans\java\maven\lib\jansi-native -Dmaven.multiModuleProjectDirectory=C:\Senac\curso ds\exercicios\uc7\Atividade5PIUC05 org.codehaus.plexus.classworlds.launcher.Launcher -Dmaven.ext.class.path=C:\Program Files\NetBeans-14\netbeans\java\maven-nblib\netbeans-eventspy.jar -Dfile.encoding=UTF-8 install

Host: Intel(R) Core(TM) i5-8250U CPU @ 1.60GHz, 8 cores, 7G,  Windows 11 , 64 bit Build 22621 (10.0.22621.1778)
Time: Fri Jun  9 22:29:23 2023 Hora oficial do Brasil elapsed time: 34.401308 seconds (0d 0h 0m 34s)

---------------  T H R E A D  ---------------

Current thread (0x00000207f581d9d0):  JavaThread "main" [_thread_in_vm, id=17960, stack(0x000000bbc2e00000,0x000000bbc2f00000)]

Stack: [0x000000bbc2e00000,0x000000bbc2f00000]
Native frames: (J=compiled Java code, j=interpreted, Vv=VM code, C=native code)
V  [jvm.dll+0x6723ba]
V  [jvm.dll+0x7d1e34]
V  [jvm.dll+0x7d35de]
V  [jvm.dll+0x7d3c43]
V  [jvm.dll+0x243065]
V  [jvm.dll+0x7cdddb]
V  [jvm.dll+0x618166]
V  [jvm.dll+0x1be94e]
V  [jvm.dll+0x61aaa1]
V  [jvm.dll+0x618b06]
V  [jvm.dll+0x629829]
V  [jvm.dll+0x622b34]
V  [jvm.dll+0x37c401]
C  0x000002078000c727

Java frames: (J=compiled Java code, j=interpreted, Vv=VM code)
j  org.eclipse.aether.RequestTrace.newChild(Lorg/eclipse/aether/RequestTrace;Ljava/lang/Object;)Lorg/eclipse/aether/RequestTrace;+0
j  org.apache.maven.project.DefaultProjectBuilder.getModelBuildingRequest(Lorg/apache/maven/project/DefaultProjectBuilder$InternalConfig;)Lorg/apache/maven/model/building/ModelBuildingRequest;+15
j  org.apache.maven.project.DefaultProjectBuilder.build(Ljava/util/List;Ljava/util/List;Ljava/util/Map;Ljava/io/File;Ljava/util/Set;ZZLorg/apache/maven/project/DefaultProjectBuilder$InternalConfig;)Z+6
j  org.apache.maven.project.DefaultProjectBuilder.build(Ljava/util/List;Ljava/util/List;Ljava/util/Map;Ljava/util/List;Ljava/util/Set;ZZLorg/apache/maven/project/DefaultProjectBuilder$InternalConfig;)Z+58
j  org.apache.maven.project.DefaultProjectBuilder.build(Ljava/util/List;ZLorg/apache/maven/project/ProjectBuildingRequest;)Ljava/util/List;+92
j  org.apache.maven.graph.DefaultGraphBuilder.collectProjects(Ljava/util/List;Ljava/util/List;Lorg/apache/maven/execution/MavenExecutionRequest;)V+21
j  org.apache.maven.graph.DefaultGraphBuilder.getProjectsForMavenReactor(Lorg/apache/maven/execution/MavenSession;)Ljava/util/List;+129
j  org.apache.maven.graph.DefaultGraphBuilder.build(Lorg/apache/maven/execution/MavenSession;)Lorg/apache/maven/model/building/Result;+12
j  org.apache.maven.DefaultMaven.buildGraph(Lorg/apache/maven/execution/MavenSession;Lorg/apache/maven/execution/MavenExecutionResult;)Lorg/apache/maven/model/building/Result;+5
j  org.apache.maven.DefaultMaven.doExecute(Lorg/apache/maven/execution/MavenExecutionRequest;Lorg/apache/maven/execution/MavenSession;Lorg/apache/maven/execution/MavenExecutionResult;Lorg/eclipse/aether/DefaultRepositorySystemSession;)Lorg/apache/maven/execution/MavenExecutionResult;+75
j  org.apache.maven.DefaultMaven.doExecute(Lorg/apache/maven/execution/MavenExecutionRequest;)Lorg/apache/maven/execution/MavenExecutionResult;+98
j  org.apache.maven.DefaultMaven.execute(Lorg/apache/maven/execution/MavenExecutionRequest;)Lorg/apache/maven/execution/MavenExecutionResult;+2
j  org.apache.maven.cli.MavenCli.execute(Lorg/apache/maven/cli/CliRequest;)I+27
j  org.apache.maven.cli.MavenCli.doMain(Lorg/apache/maven/cli/CliRequest;)I+71
j  org.apache.maven.cli.MavenCli.main([Ljava/lang/String;Lorg/codehaus/plexus/classworlds/ClassWorld;)I+24
v  ~StubRoutines::call_stub
j  jdk.internal.reflect.NativeMethodAccessorImpl.invoke0(Ljava/lang/reflect/Method;Ljava/lang/Object;[Ljava/lang/Object;)Ljava/lang/Object;+0 java.base@17.0.4.1
j  jdk.internal.reflect.NativeMethodAccessorImpl.invoke(Ljava/lang/Object;[Ljava/lang/Object;)Ljava/lang/Object;+133 java.base@17.0.4.1
j  jdk.internal.reflect.DelegatingMethodAccessorImpl.invoke(Ljava/lang/Object;[Ljava/lang/Object;)Ljava/lang/Object;+6 java.base@17.0.4.1
j  java.lang.reflect.Method.invoke(Ljava/lang/Object;[Ljava/lang/Object;)Ljava/lang/Object;+59 java.base@17.0.4.1
j  org.codehaus.plexus.classworlds.launcher.Launcher.launchEnhanced([Ljava/lang/String;)V+45
j  org.codehaus.plexus.classworlds.launcher.Launcher.launch([Ljava/lang/String;)V+2
j  org.codehaus.plexus.classworlds.launcher.Launcher.mainWithExitCode([Ljava/lang/String;)I+101
j  org.codehaus.plexus.classworlds.launcher.Launcher.main([Ljava/lang/String;)V+1
v  ~StubRoutines::call_stub

---------------  P R O C E S S  ---------------

Threads class SMR info:
_java_thread_list=0x0000020796cfaba0, length=12, elements={
0x00000207f581d9d0, 0x00000207959650c0, 0x0000020795965c70, 0x0000020795979780,
0x000002079597e560, 0x000002079597ef10, 0x000002079597f8c0, 0x0000020795980650,
0x00000207959e9e90, 0x00000207959ec3b0, 0x00000207964c5b80, 0x00000207964cb660
}

Java Threads: ( => current thread )
=>0x00000207f581d9d0 JavaThread "main" [_thread_in_vm, id=17960, stack(0x000000bbc2e00000,0x000000bbc2f00000)]
  0x00000207959650c0 JavaThread "Reference Handler" daemon [_thread_blocked, id=18632, stack(0x000000bbc3600000,0x000000bbc3700000)]
  0x0000020795965c70 JavaThread "Finalizer" daemon [_thread_blocked, id=18636, stack(0x000000bbc3700000,0x000000bbc3800000)]
  0x0000020795979780 JavaThread "Signal Dispatcher" daemon [_thread_blocked, id=18644, stack(0x000000bbc3800000,0x000000bbc3900000)]
  0x000002079597e560 JavaThread "Attach Listener" daemon [_thread_blocked, id=18648, stack(0x000000bbc3900000,0x000000bbc3a00000)]
  0x000002079597ef10 JavaThread "Service Thread" daemon [_thread_blocked, id=18652, stack(0x000000bbc3a00000,0x000000bbc3b00000)]
  0x000002079597f8c0 JavaThread "Monitor Deflation Thread" daemon [_thread_blocked, id=18656, stack(0x000000bbc3b00000,0x000000bbc3c00000)]
  0x0000020795980650 JavaThread "C2 CompilerThread0" daemon [_thread_blocked, id=18660, stack(0x000000bbc3c00000,0x000000bbc3d00000)]
  0x00000207959e9e90 JavaThread "C1 CompilerThread0" daemon [_thread_blocked, id=18820, stack(0x000000bbc3d00000,0x000000bbc3e00000)]
  0x00000207959ec3b0 JavaThread "Sweeper thread" daemon [_thread_blocked, id=18968, stack(0x000000bbc3e00000,0x000000bbc3f00000)]
  0x00000207964c5b80 JavaThread "Notification Thread" daemon [_thread_blocked, id=19140, stack(0x000000bbc3f00000,0x000000bbc4000000)]
  0x00000207964cb660 JavaThread "Common-Cleaner" daemon [_thread_blocked, id=19444, stack(0x000000bbc4100000,0x000000bbc4200000)]

Other Threads:
  0x000002079595d200 VMThread "VM Thread" [stack: 0x000000bbc3500000,0x000000bbc3600000] [id=17500]
  0x0000020795950110 WatcherThread [stack: 0x000000bbc4000000,0x000000bbc4100000] [id=19144]
  0x00000207f5878a50 GCTaskThread "GC Thread#0" [stack: 0x000000bbc3000000,0x000000bbc3100000] [id=18412]
  0x0000020796fb1810 GCTaskThread "GC Thread#1" [stack: 0x000000bbc4300000,0x000000bbc4400000] [id=23276]
  0x000002079717b2e0 GCTaskThread "GC Thread#2" [stack: 0x000000bbc4400000,0x000000bbc4500000] [id=23280]
  0x000002079643c220 GCTaskThread "GC Thread#3" [stack: 0x000000bbc4500000,0x000000bbc4600000] [id=23608]
  0x000002079643c4d0 GCTaskThread "GC Thread#4" [stack: 0x000000bbc4600000,0x000000bbc4700000] [id=23612]
  0x0000020796b3d300 GCTaskThread "GC Thread#5" [stack: 0x000000bbc4700000,0x000000bbc4800000] [id=23616]
  0x0000020796b3d5b0 GCTaskThread "GC Thread#6" [stack: 0x000000bbc4800000,0x000000bbc4900000] [id=23620]
  0x00000207959e5fc0 GCTaskThread "GC Thread#7" [stack: 0x000000bbc4900000,0x000000bbc4a00000] [id=29188]
  0x00000207f5889710 ConcurrentGCThread "G1 Main Marker" [stack: 0x000000bbc3100000,0x000000bbc3200000] [id=18416]
  0x00000207f588a130 ConcurrentGCThread "G1 Conc#0" [stack: 0x000000bbc3200000,0x000000bbc3300000] [id=18420]
  0x00000207f58ed0a0 ConcurrentGCThread "G1 Refine#0" [stack: 0x000000bbc3300000,0x000000bbc3400000] [id=18428]
  0x00000207f58edac0 ConcurrentGCThread "G1 Service" [stack: 0x000000bbc3400000,0x000000bbc3500000] [id=17416]

Threads with active compile tasks:

VM state: not at safepoint (normal execution)

VM Mutex/Monitor currently owned by a thread:  ([mutex/lock_event])
[0x00000207f5817260] Metaspace_lock - owner thread: 0x00000207f581d9d0

Heap address: 0x0000000081400000, size: 2028 MB, Compressed Oops mode: 32-bit

CDS archive(s) mapped at: [0x0000000800000000-0x0000000800bc0000-0x0000000800bc0000), size 12320768, SharedBaseAddress: 0x0000000800000000, ArchiveRelocationMode: 0.
Compressed class space mapped at: 0x0000000800c00000-0x0000000840c00000, reserved size: 1073741824
Narrow klass base: 0x0000000800000000, Narrow klass shift: 0, Narrow klass range: 0x100000000

GC Precious Log:
 CPUs: 8 total, 8 available
 Memory: 8106M
 Large Page Support: Disabled
 NUMA Support: Disabled
 Compressed Oops: Enabled (32-bit)
 Heap Region Size: 1M
 Heap Min Capacity: 8M
 Heap Initial Capacity: 128M
 Heap Max Capacity: 2028M
 Pre-touch: Disabled
 Parallel Workers: 8
 Concurrent Workers: 2
 Concurrent Refinement Workers: 8
 Periodic GC: Disabled

Heap:
 garbage-first heap   total 131072K, used 7990K [0x0000000081400000, 0x0000000100000000)
  region size 1024K, 6 young (6144K), 3 survivors (3072K)
 Metaspace       used 11018K, committed 11200K, reserved 1064960K
  class space    used 1344K, committed 1472K, reserved 1048576K

Heap Regions: E=young(eden), S=young(survivor), O=old, HS=humongous(starts), HC=humongous(continues), CS=collection set, F=free, OA=open archive, CA=closed archive, TAMS=top-at-mark-start (previous, next)
|   0|0x0000000081400000, 0x0000000081500000, 0x0000000081500000|100%| O|  |TAMS 0x0000000081400000, 0x0000000081400000| Untracked 
|   1|0x0000000081500000, 0x0000000081600000, 0x0000000081600000|100%| O|  |TAMS 0x0000000081500000, 0x0000000081500000| Untracked 
|   2|0x0000000081600000, 0x0000000081700000, 0x0000000081700000|100%| O|  |TAMS 0x0000000081600000, 0x0000000081600000| Untracked 
|   3|0x0000000081700000, 0x0000000081753200, 0x0000000081800000| 32%| O|  |TAMS 0x0000000081700000, 0x0000000081700000| Untracked 
|   4|0x0000000081800000, 0x0000000081800000, 0x0000000081900000|  0%| F|  |TAMS 0x0000000081800000, 0x0000000081800000| Untracked 
|   5|0x0000000081900000, 0x0000000081900000, 0x0000000081a00000|  0%| F|  |TAMS 0x0000000081900000, 0x0000000081900000| Untracked 
|   6|0x0000000081a00000, 0x0000000081a00000, 0x0000000081b00000|  0%| F|  |TAMS 0x0000000081a00000, 0x0000000081a00000| Untracked 
|   7|0x0000000081b00000, 0x0000000081b00000, 0x0000000081c00000|  0%| F|  |TAMS 0x0000000081b00000, 0x0000000081b00000| Untracked 
|   8|0x0000000081c00000, 0x0000000081c00000, 0x0000000081d00000|  0%| F|  |TAMS 0x0000000081c00000, 0x0000000081c00000| Untracked 
|   9|0x0000000081d00000, 0x0000000081d00000, 0x0000000081e00000|  0%| F|  |TAMS 0x0000000081d00000, 0x0000000081d00000| Untracked 
|  10|0x0000000081e00000, 0x0000000081e00000, 0x0000000081f00000|  0%| F|  |TAMS 0x0000000081e00000, 0x0000000081e00000| Untracked 
|  11|0x0000000081f00000, 0x0000000081f00000, 0x0000000082000000|  0%| F|  |TAMS 0x0000000081f00000, 0x0000000081f00000| Untracked 
|  12|0x0000000082000000, 0x0000000082000000, 0x0000000082100000|  0%| F|  |TAMS 0x0000000082000000, 0x0000000082000000| Untracked 
|  13|0x0000000082100000, 0x0000000082100000, 0x0000000082200000|  0%| F|  |TAMS 0x0000000082100000, 0x0000000082100000| Untracked 
|  14|0x0000000082200000, 0x0000000082200000, 0x0000000082300000|  0%| F|  |TAMS 0x0000000082200000, 0x0000000082200000| Untracked 
|  15|0x0000000082300000, 0x0000000082300000, 0x0000000082400000|  0%| F|  |TAMS 0x0000000082300000, 0x0000000082300000| Untracked 
|  16|0x0000000082400000, 0x0000000082400000, 0x0000000082500000|  0%| F|  |TAMS 0x0000000082400000, 0x0000000082400000| Untracked 
|  17|0x0000000082500000, 0x0000000082500000, 0x0000000082600000|  0%| F|  |TAMS 0x0000000082500000, 0x0000000082500000| Untracked 
|  18|0x0000000082600000, 0x0000000082600000, 0x0000000082700000|  0%| F|  |TAMS 0x0000000082600000, 0x0000000082600000| Untracked 
|  19|0x0000000082700000, 0x0000000082700000, 0x0000000082800000|  0%| F|  |TAMS 0x0000000082700000, 0x0000000082700000| Untracked 
|  20|0x0000000082800000, 0x0000000082800000, 0x0000000082900000|  0%| F|  |TAMS 0x0000000082800000, 0x0000000082800000| Untracked 
|  21|0x0000000082900000, 0x0000000082900000, 0x0000000082a00000|  0%| F|  |TAMS 0x0000000082900000, 0x0000000082900000| Untracked 
|  22|0x0000000082a00000, 0x0000000082a00000, 0x0000000082b00000|  0%| F|  |TAMS 0x0000000082a00000, 0x0000000082a00000| Untracked 
|  23|0x0000000082b00000, 0x0000000082b00000, 0x0000000082c00000|  0%| F|  |TAMS 0x0000000082b00000, 0x0000000082b00000| Untracked 
|  24|0x0000000082c00000, 0x0000000082c00000, 0x0000000082d00000|  0%| F|  |TAMS 0x0000000082c00000, 0x0000000082c00000| Untracked 
|  25|0x0000000082d00000, 0x0000000082d00000, 0x0000000082e00000|  0%| F|  |TAMS 0x0000000082d00000, 0x0000000082d00000| Untracked 
|  26|0x0000000082e00000, 0x0000000082e00000, 0x0000000082f00000|  0%| F|  |TAMS 0x0000000082e00000, 0x0000000082e00000| Untracked 
|  27|0x0000000082f00000, 0x0000000082f00000, 0x0000000083000000|  0%| F|  |TAMS 0x0000000082f00000, 0x0000000082f00000| Untracked 
|  28|0x0000000083000000, 0x0000000083000000, 0x0000000083100000|  0%| F|  |TAMS 0x0000000083000000, 0x0000000083000000| Untracked 
|  29|0x0000000083100000, 0x0000000083100000, 0x0000000083200000|  0%| F|  |TAMS 0x0000000083100000, 0x0000000083100000| Untracked 
|  30|0x0000000083200000, 0x0000000083200000, 0x0000000083300000|  0%| F|  |TAMS 0x0000000083200000, 0x0000000083200000| Untracked 
|  31|0x0000000083300000, 0x0000000083300000, 0x0000000083400000|  0%| F|  |TAMS 0x0000000083300000, 0x0000000083300000| Untracked 
|  32|0x0000000083400000, 0x0000000083400000, 0x0000000083500000|  0%| F|  |TAMS 0x0000000083400000, 0x0000000083400000| Untracked 
|  33|0x0000000083500000, 0x0000000083500000, 0x0000000083600000|  0%| F|  |TAMS 0x0000000083500000, 0x0000000083500000| Untracked 
|  34|0x0000000083600000, 0x0000000083600000, 0x0000000083700000|  0%| F|  |TAMS 0x0000000083600000, 0x0000000083600000| Untracked 
|  35|0x0000000083700000, 0x0000000083700000, 0x0000000083800000|  0%| F|  |TAMS 0x0000000083700000, 0x0000000083700000| Untracked 
|  36|0x0000000083800000, 0x0000000083800000, 0x0000000083900000|  0%| F|  |TAMS 0x0000000083800000, 0x0000000083800000| Untracked 
|  37|0x0000000083900000, 0x0000000083900000, 0x0000000083a00000|  0%| F|  |TAMS 0x0000000083900000, 0x0000000083900000| Untracked 
|  38|0x0000000083a00000, 0x0000000083a00000, 0x0000000083b00000|  0%| F|  |TAMS 0x0000000083a00000, 0x0000000083a00000| Untracked 
|  39|0x0000000083b00000, 0x0000000083b00000, 0x0000000083c00000|  0%| F|  |TAMS 0x0000000083b00000, 0x0000000083b00000| Untracked 
|  40|0x0000000083c00000, 0x0000000083c00000, 0x0000000083d00000|  0%| F|  |TAMS 0x0000000083c00000, 0x0000000083c00000| Untracked 
|  41|0x0000000083d00000, 0x0000000083d00000, 0x0000000083e00000|  0%| F|  |TAMS 0x0000000083d00000, 0x0000000083d00000| Untracked 
|  42|0x0000000083e00000, 0x0000000083e00000, 0x0000000083f00000|  0%| F|  |TAMS 0x0000000083e00000, 0x0000000083e00000| Untracked 
|  43|0x0000000083f00000, 0x0000000083f00000, 0x0000000084000000|  0%| F|  |TAMS 0x0000000083f00000, 0x0000000083f00000| Untracked 
|  44|0x0000000084000000, 0x0000000084000000, 0x0000000084100000|  0%| F|  |TAMS 0x0000000084000000, 0x0000000084000000| Untracked 
|  45|0x0000000084100000, 0x0000000084100000, 0x0000000084200000|  0%| F|  |TAMS 0x0000000084100000, 0x0000000084100000| Untracked 
|  46|0x0000000084200000, 0x0000000084200000, 0x0000000084300000|  0%| F|  |TAMS 0x0000000084200000, 0x0000000084200000| Untracked 
|  47|0x0000000084300000, 0x0000000084300000, 0x0000000084400000|  0%| F|  |TAMS 0x0000000084300000, 0x0000000084300000| Untracked 
|  48|0x0000000084400000, 0x0000000084400000, 0x0000000084500000|  0%| F|  |TAMS 0x0000000084400000, 0x0000000084400000| Untracked 
|  49|0x0000000084500000, 0x0000000084500000, 0x0000000084600000|  0%| F|  |TAMS 0x0000000084500000, 0x0000000084500000| Untracked 
|  50|0x0000000084600000, 0x0000000084600000, 0x0000000084700000|  0%| F|  |TAMS 0x0000000084600000, 0x0000000084600000| Untracked 
|  51|0x0000000084700000, 0x0000000084700000, 0x0000000084800000|  0%| F|  |TAMS 0x0000000084700000, 0x0000000084700000| Untracked 
|  52|0x0000000084800000, 0x0000000084800000, 0x0000000084900000|  0%| F|  |TAMS 0x0000000084800000, 0x0000000084800000| Untracked 
|  53|0x0000000084900000, 0x0000000084900000, 0x0000000084a00000|  0%| F|  |TAMS 0x0000000084900000, 0x0000000084900000| Untracked 
|  54|0x0000000084a00000, 0x0000000084a00000, 0x0000000084b00000|  0%| F|  |TAMS 0x0000000084a00000, 0x0000000084a00000| Untracked 
|  55|0x0000000084b00000, 0x0000000084b00000, 0x0000000084c00000|  0%| F|  |TAMS 0x0000000084b00000, 0x0000000084b00000| Untracked 
|  56|0x0000000084c00000, 0x0000000084c00000, 0x0000000084d00000|  0%| F|  |TAMS 0x0000000084c00000, 0x0000000084c00000| Untracked 
|  57|0x0000000084d00000, 0x0000000084d00000, 0x0000000084e00000|  0%| F|  |TAMS 0x0000000084d00000, 0x0000000084d00000| Untracked 
|  58|0x0000000084e00000, 0x0000000084e00000, 0x0000000084f00000|  0%| F|  |TAMS 0x0000000084e00000, 0x0000000084e00000| Untracked 
|  59|0x0000000084f00000, 0x0000000084f00000, 0x0000000085000000|  0%| F|  |TAMS 0x0000000084f00000, 0x0000000084f00000| Untracked 
|  60|0x0000000085000000, 0x0000000085000000, 0x0000000085100000|  0%| F|  |TAMS 0x0000000085000000, 0x0000000085000000| Untracked 
|  61|0x0000000085100000, 0x0000000085100000, 0x0000000085200000|  0%| F|  |TAMS 0x0000000085100000, 0x0000000085100000| Untracked 
|  62|0x0000000085200000, 0x0000000085200000, 0x0000000085300000|  0%| F|  |TAMS 0x0000000085200000, 0x0000000085200000| Untracked 
|  63|0x0000000085300000, 0x0000000085300000, 0x0000000085400000|  0%| F|  |TAMS 0x0000000085300000, 0x0000000085300000| Untracked 
|  64|0x0000000085400000, 0x0000000085400000, 0x0000000085500000|  0%| F|  |TAMS 0x0000000085400000, 0x0000000085400000| Untracked 
|  65|0x0000000085500000, 0x0000000085500000, 0x0000000085600000|  0%| F|  |TAMS 0x0000000085500000, 0x0000000085500000| Untracked 
|  66|0x0000000085600000, 0x0000000085600000, 0x0000000085700000|  0%| F|  |TAMS 0x0000000085600000, 0x0000000085600000| Untracked 
|  67|0x0000000085700000, 0x0000000085700000, 0x0000000085800000|  0%| F|  |TAMS 0x0000000085700000, 0x0000000085700000| Untracked 
|  68|0x0000000085800000, 0x0000000085800000, 0x0000000085900000|  0%| F|  |TAMS 0x0000000085800000, 0x0000000085800000| Untracked 
|  69|0x0000000085900000, 0x0000000085900000, 0x0000000085a00000|  0%| F|  |TAMS 0x0000000085900000, 0x0000000085900000| Untracked 
|  70|0x0000000085a00000, 0x0000000085a00000, 0x0000000085b00000|  0%| F|  |TAMS 0x0000000085a00000, 0x0000000085a00000| Untracked 
|  71|0x0000000085b00000, 0x0000000085b00000, 0x0000000085c00000|  0%| F|  |TAMS 0x0000000085b00000, 0x0000000085b00000| Untracked 
|  72|0x0000000085c00000, 0x0000000085c00000, 0x0000000085d00000|  0%| F|  |TAMS 0x0000000085c00000, 0x0000000085c00000| Untracked 
|  73|0x0000000085d00000, 0x0000000085d00000, 0x0000000085e00000|  0%| F|  |TAMS 0x0000000085d00000, 0x0000000085d00000| Untracked 
|  74|0x0000000085e00000, 0x0000000085e00000, 0x0000000085f00000|  0%| F|  |TAMS 0x0000000085e00000, 0x0000000085e00000| Untracked 
|  75|0x0000000085f00000, 0x0000000085f00000, 0x0000000086000000|  0%| F|  |TAMS 0x0000000085f00000, 0x0000000085f00000| Untracked 
|  76|0x0000000086000000, 0x0000000086000000, 0x0000000086100000|  0%| F|  |TAMS 0x0000000086000000, 0x0000000086000000| Untracked 
|  77|0x0000000086100000, 0x0000000086100000, 0x0000000086200000|  0%| F|  |TAMS 0x0000000086100000, 0x0000000086100000| Untracked 
|  78|0x0000000086200000, 0x0000000086200000, 0x0000000086300000|  0%| F|  |TAMS 0x0000000086200000, 0x0000000086200000| Untracked 
|  79|0x0000000086300000, 0x0000000086300000, 0x0000000086400000|  0%| F|  |TAMS 0x0000000086300000, 0x0000000086300000| Untracked 
|  80|0x0000000086400000, 0x0000000086400000, 0x0000000086500000|  0%| F|  |TAMS 0x0000000086400000, 0x0000000086400000| Untracked 
|  81|0x0000000086500000, 0x0000000086500000, 0x0000000086600000|  0%| F|  |TAMS 0x0000000086500000, 0x0000000086500000| Untracked 
|  82|0x0000000086600000, 0x0000000086600000, 0x0000000086700000|  0%| F|  |TAMS 0x0000000086600000, 0x0000000086600000| Untracked 
|  83|0x0000000086700000, 0x0000000086700000, 0x0000000086800000|  0%| F|  |TAMS 0x0000000086700000, 0x0000000086700000| Untracked 
|  84|0x0000000086800000, 0x0000000086800000, 0x0000000086900000|  0%| F|  |TAMS 0x0000000086800000, 0x0000000086800000| Untracked 
|  85|0x0000000086900000, 0x0000000086900000, 0x0000000086a00000|  0%| F|  |TAMS 0x0000000086900000, 0x0000000086900000| Untracked 
|  86|0x0000000086a00000, 0x0000000086a00000, 0x0000000086b00000|  0%| F|  |TAMS 0x0000000086a00000, 0x0000000086a00000| Untracked 
|  87|0x0000000086b00000, 0x0000000086b00000, 0x0000000086c00000|  0%| F|  |TAMS 0x0000000086b00000, 0x0000000086b00000| Untracked 
|  88|0x0000000086c00000, 0x0000000086c00000, 0x0000000086d00000|  0%| F|  |TAMS 0x0000000086c00000, 0x0000000086c00000| Untracked 
|  89|0x0000000086d00000, 0x0000000086d00000, 0x0000000086e00000|  0%| F|  |TAMS 0x0000000086d00000, 0x0000000086d00000| Untracked 
|  90|0x0000000086e00000, 0x0000000086e00000, 0x0000000086f00000|  0%| F|  |TAMS 0x0000000086e00000, 0x0000000086e00000| Untracked 
|  91|0x0000000086f00000, 0x0000000086f7a6b8, 0x0000000087000000| 47%| S|CS|TAMS 0x0000000086f00000, 0x0000000086f00000| Complete 
|  92|0x0000000087000000, 0x0000000087100000, 0x0000000087100000|100%| S|CS|TAMS 0x0000000087000000, 0x0000000087000000| Complete 
|  93|0x0000000087100000, 0x0000000087200000, 0x0000000087200000|100%| S|CS|TAMS 0x0000000087100000, 0x0000000087100000| Complete 
|  94|0x0000000087200000, 0x0000000087200000, 0x0000000087300000|  0%| F|  |TAMS 0x0000000087200000, 0x0000000087200000| Untracked 
|  95|0x0000000087300000, 0x0000000087300000, 0x0000000087400000|  0%| F|  |TAMS 0x0000000087300000, 0x0000000087300000| Untracked 
|  96|0x0000000087400000, 0x0000000087400000, 0x0000000087500000|  0%| F|  |TAMS 0x0000000087400000, 0x0000000087400000| Untracked 
|  97|0x0000000087500000, 0x0000000087500000, 0x0000000087600000|  0%| F|  |TAMS 0x0000000087500000, 0x0000000087500000| Untracked 
|  98|0x0000000087600000, 0x0000000087600000, 0x0000000087700000|  0%| F|  |TAMS 0x0000000087600000, 0x0000000087600000| Untracked 
|  99|0x0000000087700000, 0x0000000087700000, 0x0000000087800000|  0%| F|  |TAMS 0x0000000087700000, 0x0000000087700000| Untracked 
| 100|0x0000000087800000, 0x0000000087800000, 0x0000000087900000|  0%| F|  |TAMS 0x0000000087800000, 0x0000000087800000| Untracked 
| 101|0x0000000087900000, 0x0000000087900000, 0x0000000087a00000|  0%| F|  |TAMS 0x0000000087900000, 0x0000000087900000| Untracked 
| 102|0x0000000087a00000, 0x0000000087a00000, 0x0000000087b00000|  0%| F|  |TAMS 0x0000000087a00000, 0x0000000087a00000| Untracked 
| 103|0x0000000087b00000, 0x0000000087b00000, 0x0000000087c00000|  0%| F|  |TAMS 0x0000000087b00000, 0x0000000087b00000| Untracked 
| 104|0x0000000087c00000, 0x0000000087c00000, 0x0000000087d00000|  0%| F|  |TAMS 0x0000000087c00000, 0x0000000087c00000| Untracked 
| 105|0x0000000087d00000, 0x0000000087d00000, 0x0000000087e00000|  0%| F|  |TAMS 0x0000000087d00000, 0x0000000087d00000| Untracked 
| 106|0x0000000087e00000, 0x0000000087e00000, 0x0000000087f00000|  0%| F|  |TAMS 0x0000000087e00000, 0x0000000087e00000| Untracked 
| 107|0x0000000087f00000, 0x0000000087f00000, 0x0000000088000000|  0%| F|  |TAMS 0x0000000087f00000, 0x0000000087f00000| Untracked 
| 108|0x0000000088000000, 0x0000000088000000, 0x0000000088100000|  0%| F|  |TAMS 0x0000000088000000, 0x0000000088000000| Untracked 
| 109|0x0000000088100000, 0x0000000088100000, 0x0000000088200000|  0%| F|  |TAMS 0x0000000088100000, 0x0000000088100000| Untracked 
| 110|0x0000000088200000, 0x0000000088200000, 0x0000000088300000|  0%| F|  |TAMS 0x0000000088200000, 0x0000000088200000| Untracked 
| 111|0x0000000088300000, 0x0000000088300000, 0x0000000088400000|  0%| F|  |TAMS 0x0000000088300000, 0x0000000088300000| Untracked 
| 112|0x0000000088400000, 0x0000000088400000, 0x0000000088500000|  0%| F|  |TAMS 0x0000000088400000, 0x0000000088400000| Untracked 
| 113|0x0000000088500000, 0x0000000088500000, 0x0000000088600000|  0%| F|  |TAMS 0x0000000088500000, 0x0000000088500000| Untracked 
| 114|0x0000000088600000, 0x0000000088600000, 0x0000000088700000|  0%| F|  |TAMS 0x0000000088600000, 0x0000000088600000| Untracked 
| 115|0x0000000088700000, 0x0000000088700000, 0x0000000088800000|  0%| F|  |TAMS 0x0000000088700000, 0x0000000088700000| Untracked 
| 116|0x0000000088800000, 0x0000000088800000, 0x0000000088900000|  0%| F|  |TAMS 0x0000000088800000, 0x0000000088800000| Untracked 
| 117|0x0000000088900000, 0x0000000088900000, 0x0000000088a00000|  0%| F|  |TAMS 0x0000000088900000, 0x0000000088900000| Untracked 
| 118|0x0000000088a00000, 0x0000000088a00000, 0x0000000088b00000|  0%| F|  |TAMS 0x0000000088a00000, 0x0000000088a00000| Untracked 
| 119|0x0000000088b00000, 0x0000000088b00000, 0x0000000088c00000|  0%| F|  |TAMS 0x0000000088b00000, 0x0000000088b00000| Untracked 
| 120|0x0000000088c00000, 0x0000000088c00000, 0x0000000088d00000|  0%| F|  |TAMS 0x0000000088c00000, 0x0000000088c00000| Untracked 
| 121|0x0000000088d00000, 0x0000000088d00000, 0x0000000088e00000|  0%| F|  |TAMS 0x0000000088d00000, 0x0000000088d00000| Untracked 
| 122|0x0000000088e00000, 0x0000000088e00000, 0x0000000088f00000|  0%| F|  |TAMS 0x0000000088e00000, 0x0000000088e00000| Untracked 
| 123|0x0000000088f00000, 0x0000000088f00000, 0x0000000089000000|  0%| F|  |TAMS 0x0000000088f00000, 0x0000000088f00000| Untracked 
| 124|0x0000000089000000, 0x0000000089000000, 0x0000000089100000|  0%| F|  |TAMS 0x0000000089000000, 0x0000000089000000| Untracked 
| 125|0x0000000089100000, 0x0000000089180800, 0x0000000089200000| 50%| E|  |TAMS 0x0000000089100000, 0x0000000089100000| Complete 
| 126|0x0000000089200000, 0x0000000089300000, 0x0000000089300000|100%| E|CS|TAMS 0x0000000089200000, 0x0000000089200000| Complete 
| 127|0x0000000089300000, 0x0000000089400000, 0x0000000089400000|100%| E|CS|TAMS 0x0000000089300000, 0x0000000089300000| Complete 

Card table byte_map: [0x00000207ff700000,0x00000207ffb00000] _byte_map_base: 0x00000207ff2f6000

Marking Bits (Prev, Next): (CMBitMap*) 0x00000207f5879060, (CMBitMap*) 0x00000207f58790a0
 Prev Bits: [0x000002078f000000, 0x0000020790fb0000)
 Next Bits: [0x0000020790fb0000, 0x0000020792f60000)

Polling page: 0x00000207f58f0000

Metaspace:

Usage:
  Non-class:      9.45 MB used.
      Class:      1.31 MB used.
       Both:     10.76 MB used.

Virtual space:
  Non-class space:       16.00 MB reserved,       9.50 MB ( 59%) committed,  2 nodes.
      Class space:        1.00 GB reserved,       1.44 MB ( <1%) committed,  1 nodes.
             Both:        1.02 GB reserved,      10.94 MB (  1%) committed. 

Chunk freelists:
   Non-Class:  880.00 KB
       Class:  2.62 MB
        Both:  3.48 MB

MaxMetaspaceSize: unlimited
CompressedClassSpaceSize: 1.00 GB
Initial GC threshold: 21.00 MB
Current GC threshold: 21.00 MB
CDS: on
MetaspaceReclaimPolicy: balanced
 - commit_granule_bytes: 65536.
 - commit_granule_words: 8192.
 - virtual_space_node_default_size: 1048576.
 - enlarge_chunks_in_place: 1.
 - new_chunks_are_fully_committed: 0.
 - uncommit_free_chunks: 1.
 - use_allocation_guard: 0.
 - handle_deallocations: 1.


Internal statistics:

num_allocs_failed_limit: 0.
num_arena_births: 54.
num_arena_deaths: 0.
num_vsnodes_births: 3.
num_vsnodes_deaths: 0.
num_space_committed: 175.
num_space_uncommitted: 0.
num_chunks_returned_to_freelist: 0.
num_chunks_taken_from_freelist: 423.
num_chunk_merges: 0.
num_chunk_splits: 315.
num_chunks_enlarged: 247.
num_purges: 0.
num_inconsistent_stats: 0.

CodeHeap 'non-profiled nmethods': size=120000Kb used=759Kb max_used=759Kb free=119240Kb
 bounds [0x0000020787ad0000, 0x0000020787d40000, 0x000002078f000000]
CodeHeap 'profiled nmethods': size=120000Kb used=4068Kb max_used=4068Kb free=115931Kb
 bounds [0x00000207805a0000, 0x00000207809a0000, 0x0000020787ad0000]
CodeHeap 'non-nmethods': size=5760Kb used=1158Kb max_used=1207Kb free=4601Kb
 bounds [0x0000020780000000, 0x0000020780270000, 0x00000207805a0000]
 total_blobs=2492 nmethods=2043 adapters=361
 compilation: enabled
              stopped_count=0, restarted_count=0
 full_count=0

Compilation events (20 events):
Event: 33.746 Thread 0x00000207959e9e90 2048       3       java.util.concurrent.ConcurrentHashMap$EntryIterator::next (51 bytes)
Event: 33.747 Thread 0x00000207959e9e90 nmethod 2048 0x0000020780996190 code [0x0000020780996360, 0x0000020780996878]
Event: 34.326 Thread 0x0000020795980650 2049       4       java.lang.String::indexOf (113 bytes)
Event: 34.329 Thread 0x0000020795980650 nmethod 2049 0x0000020787b8c190 code [0x0000020787b8c320, 0x0000020787b8c698]
Event: 34.348 Thread 0x0000020795980650 2051       4       java.lang.String::indexOf (18 bytes)
Event: 34.349 Thread 0x00000207959e9e90 2052       3       java.net.URLConnection::<init> (62 bytes)
Event: 34.350 Thread 0x00000207959e9e90 nmethod 2052 0x0000020780996a10 code [0x0000020780996c20, 0x0000020780997308]
Event: 34.350 Thread 0x00000207959e9e90 2053       3       java.net.URLConnection::getDefaultUseCaches (30 bytes)
Event: 34.350 Thread 0x00000207959e9e90 nmethod 2053 0x0000020780997510 code [0x0000020780997700, 0x0000020780997be8]
Event: 34.352 Thread 0x0000020795980650 nmethod 2051 0x0000020787b8cc90 code [0x0000020787b8ce20, 0x0000020787b8d1d8]
Event: 34.373 Thread 0x00000207959e9e90 2054       3       java.lang.String::codePointAt (50 bytes)
Event: 34.373 Thread 0x00000207959e9e90 nmethod 2054 0x0000020780997d90 code [0x0000020780997f80, 0x0000020780998328]
Event: 34.374 Thread 0x0000020795980650 2055       4       java.lang.Character::codePointAt (51 bytes)
Event: 34.374 Thread 0x00000207959e9e90 2056       3       java.lang.Character::isLowSurrogate (18 bytes)
Event: 34.374 Thread 0x00000207959e9e90 nmethod 2056 0x0000020780998510 code [0x00000207809986a0, 0x0000020780998838]
Event: 34.377 Thread 0x0000020795980650 nmethod 2055 0x0000020787b8d410 code [0x0000020787b8d5c0, 0x0000020787b8d738]
Event: 34.394 Thread 0x0000020795980650 2057       4       java.util.jar.JarFile::maybeInstantiateVerifier (42 bytes)
Event: 34.396 Thread 0x0000020795980650 nmethod 2057 0x0000020787b8d910 code [0x0000020787b8daa0, 0x0000020787b8db88]
Event: 34.396 Thread 0x00000207959e9e90 2058       3       java.lang.Character::codePointBefore (48 bytes)
Event: 34.397 Thread 0x00000207959e9e90 nmethod 2058 0x0000020780998910 code [0x0000020780998b00, 0x00000207809990d8]

GC Heap History (4 events):
Event: 15.283 GC heap before
{Heap before GC invocations=0 (full 0):
 garbage-first heap   total 131072K, used 23552K [0x0000000081400000, 0x0000000100000000)
  region size 1024K, 23 young (23552K), 0 survivors (0K)
 Metaspace       used 4981K, committed 5120K, reserved 1056768K
  class space    used 585K, committed 640K, reserved 1048576K
}
Event: 15.933 GC heap after
{Heap after GC invocations=1 (full 0):
 garbage-first heap   total 131072K, used 3549K [0x0000000081400000, 0x0000000100000000)
  region size 1024K, 3 young (3072K), 3 survivors (3072K)
 Metaspace       used 4981K, committed 5120K, reserved 1056768K
  class space    used 585K, committed 640K, reserved 1048576K
}
Event: 33.646 GC heap before
{Heap before GC invocations=1 (full 0):
 garbage-first heap   total 131072K, used 35293K [0x0000000081400000, 0x0000000100000000)
  region size 1024K, 34 young (34816K), 3 survivors (3072K)
 Metaspace       used 10386K, committed 10496K, reserved 1064960K
  class space    used 1268K, committed 1344K, reserved 1048576K
}
Event: 33.657 GC heap after
{Heap after GC invocations=2 (full 0):
 garbage-first heap   total 131072K, used 5942K [0x0000000081400000, 0x0000000100000000)
  region size 1024K, 3 young (3072K), 3 survivors (3072K)
 Metaspace       used 10386K, committed 10496K, reserved 1064960K
  class space    used 1268K, committed 1344K, reserved 1048576K
}

Deoptimization events (20 events):
Event: 33.201 Thread 0x00000207f581d9d0 DEOPT PACKING pc=0x0000020787b8955c sp=0x000000bbc2efcfa0
Event: 33.201 Thread 0x00000207f581d9d0 DEOPT UNPACKING pc=0x00000207800523a3 sp=0x000000bbc2efcf60 mode 2
Event: 33.672 Thread 0x00000207f581d9d0 Uncommon trap: trap_request=0xffffff45 fr.pc=0x0000020787b12d88 relative=0x0000000000001ea8
Event: 33.672 Thread 0x00000207f581d9d0 Uncommon trap: reason=unstable_if action=reinterpret pc=0x0000020787b12d88 method=sun.nio.cs.StreamDecoder.implRead([CII)I @ 36 c2
Event: 33.672 Thread 0x00000207f581d9d0 DEOPT PACKING pc=0x0000020787b12d88 sp=0x000000bbc2efdb20
Event: 33.672 Thread 0x00000207f581d9d0 DEOPT UNPACKING pc=0x00000207800523a3 sp=0x000000bbc2efdaa0 mode 2
Event: 33.673 Thread 0x00000207f581d9d0 Uncommon trap: trap_request=0xffffff45 fr.pc=0x0000020787b1d73c relative=0x000000000000089c
Event: 33.673 Thread 0x00000207f581d9d0 Uncommon trap: reason=unstable_if action=reinterpret pc=0x0000020787b1d73c method=sun.nio.cs.StreamDecoder.implRead([CII)I @ 36 c2
Event: 33.673 Thread 0x00000207f581d9d0 DEOPT PACKING pc=0x0000020787b1d73c sp=0x000000bbc2efdbc0
Event: 33.673 Thread 0x00000207f581d9d0 DEOPT UNPACKING pc=0x00000207800523a3 sp=0x000000bbc2efdba0 mode 2
Event: 34.370 Thread 0x00000207f581d9d0 DEOPT PACKING pc=0x0000020787b78d5c sp=0x000000bbc2efdd70
Event: 34.370 Thread 0x00000207f581d9d0 DEOPT UNPACKING pc=0x0000020780052b43 sp=0x000000bbc2efd190 mode 0
Event: 34.371 Thread 0x00000207f581d9d0 Uncommon trap: trap_request=0xffffff45 fr.pc=0x0000020787b7f63c relative=0x0000000000000a7c
Event: 34.371 Thread 0x00000207f581d9d0 Uncommon trap: reason=unstable_if action=reinterpret pc=0x0000020787b7f63c method=sun.net.util.IPAddressUtil.scan(Ljava/lang/String;JJ[C)I @ 14 c2
Event: 34.371 Thread 0x00000207f581d9d0 DEOPT PACKING pc=0x0000020787b7f63c sp=0x000000bbc2efd990
Event: 34.371 Thread 0x00000207f581d9d0 DEOPT UNPACKING pc=0x00000207800523a3 sp=0x000000bbc2efd810 mode 2
Event: 34.374 Thread 0x00000207f581d9d0 Uncommon trap: trap_request=0xffffff45 fr.pc=0x0000020787b742c4 relative=0x0000000000000044
Event: 34.374 Thread 0x00000207f581d9d0 Uncommon trap: reason=unstable_if action=reinterpret pc=0x0000020787b742c4 method=sun.net.util.IPAddressUtil.scan(Ljava/lang/String;JJ[C)I @ 14 c2
Event: 34.374 Thread 0x00000207f581d9d0 DEOPT PACKING pc=0x0000020787b742c4 sp=0x000000bbc2efd910
Event: 34.374 Thread 0x00000207f581d9d0 DEOPT UNPACKING pc=0x00000207800523a3 sp=0x000000bbc2efd7f8 mode 2

Classes unloaded (0 events):
No events

Classes redefined (0 events):
No events

Internal exceptions (13 events):
Event: 4.633 Thread 0x00000207f581d9d0 Exception <a 'java/lang/NullPointerException'{0x0000000089083480}> (0x0000000089083480) 
thrown [s\open\src\hotspot\share\interpreter\linkResolver.cpp, line 1350]
Event: 4.842 Thread 0x00000207f581d9d0 Exception <a 'java/lang/NullPointerException'{0x00000000890c4f98}> (0x00000000890c4f98) 
thrown [s\open\src\hotspot\share\interpreter\linkResolver.cpp, line 1350]
Event: 4.842 Thread 0x00000207f581d9d0 Exception <a 'java/lang/NullPointerException'{0x00000000890c5270}> (0x00000000890c5270) 
thrown [s\open\src\hotspot\share\interpreter\linkResolver.cpp, line 1350]
Event: 4.842 Thread 0x00000207f581d9d0 Exception <a 'java/lang/NullPointerException'{0x00000000890c5548}> (0x00000000890c5548) 
thrown [s\open\src\hotspot\share\interpreter\linkResolver.cpp, line 1350]
Event: 4.844 Thread 0x00000207f581d9d0 Exception <a 'java/lang/NullPointerException'{0x00000000890caec8}> (0x00000000890caec8) 
thrown [s\open\src\hotspot\share\interpreter\linkResolver.cpp, line 1350]
Event: 4.847 Thread 0x00000207f581d9d0 Exception <a 'java/lang/NullPointerException'{0x00000000890e0308}> (0x00000000890e0308) 
thrown [s\open\src\hotspot\share\interpreter\linkResolver.cpp, line 1350]
Event: 4.848 Thread 0x00000207f581d9d0 Exception <a 'java/lang/NullPointerException'{0x00000000890e05e0}> (0x00000000890e05e0) 
thrown [s\open\src\hotspot\share\interpreter\linkResolver.cpp, line 1350]
Event: 4.848 Thread 0x00000207f581d9d0 Exception <a 'java/lang/NullPointerException'{0x00000000890e08b8}> (0x00000000890e08b8) 
thrown [s\open\src\hotspot\share\interpreter\linkResolver.cpp, line 1350]
Event: 4.848 Thread 0x00000207f581d9d0 Exception <a 'java/lang/NullPointerException'{0x00000000890e0b90}> (0x00000000890e0b90) 
thrown [s\open\src\hotspot\share\interpreter\linkResolver.cpp, line 1350]
Event: 11.812 Thread 0x00000207f581d9d0 Exception <a 'java/lang/NoSuchMethodError'{0x0000000088507100}: 'java.lang.Object java.lang.invoke.DirectMethodHandle$Holder.newInvokeSpecial(java.lang.Object, java.lang.Object, java.lang.Object, java.lang.Object, java.lang.Object)'> (0x0000000088507100) 
thrown [s\open\src\hotspot\share\interpreter\linkResolver.cpp, line 759]
Event: 13.376 Thread 0x00000207f581d9d0 Exception <a 'java/lang/NoClassDefFoundError'{0x000000008846ca48}: javax/enterprise/inject/Typed> (0x000000008846ca48) 
thrown [s\open\src\hotspot\share\classfile\systemDictionary.cpp, line 245]
Event: 29.987 Thread 0x00000207f581d9d0 Exception <a 'java/lang/NoClassDefFoundError'{0x00000000875439a0}: com/google/inject/servlet/ServletModuleTargetVisitor> (0x00000000875439a0) 
thrown [s\open\src\hotspot\share\classfile\systemDictionary.cpp, line 245]
Event: 32.543 Thread 0x00000207f581d9d0 Exception <a 'java/lang/NoSuchMethodError'{0x000000008738b828}: 'java.lang.Object java.lang.invoke.DirectMethodHandle$Holder.invokeStaticInit(java.lang.Object, int, int, int, int)'> (0x000000008738b828) 
thrown [s\open\src\hotspot\share\interpreter\linkResolver.cpp, line 759]

VM Operations (20 events):
Event: 28.612 Executing VM operation: Cleanup
Event: 29.159 Executing VM operation: Cleanup done
Event: 29.908 Executing VM operation: HandshakeAllThreads
Event: 29.908 Executing VM operation: HandshakeAllThreads done
Event: 30.923 Executing VM operation: Cleanup
Event: 31.398 Executing VM operation: Cleanup done
Event: 32.021 Executing VM operation: HandshakeAllThreads
Event: 32.021 Executing VM operation: HandshakeAllThreads done
Event: 32.613 Executing VM operation: HandshakeAllThreads
Event: 32.613 Executing VM operation: HandshakeAllThreads done
Event: 32.613 Executing VM operation: Cleanup
Event: 32.614 Executing VM operation: Cleanup done
Event: 33.615 Executing VM operation: Cleanup
Event: 33.615 Executing VM operation: Cleanup done
Event: 33.646 Executing VM operation: G1CollectForAllocation
Event: 33.657 Executing VM operation: G1CollectForAllocation done
Event: 34.369 Executing VM operation: HandshakeAllThreads
Event: 34.369 Executing VM operation: HandshakeAllThreads done
Event: 34.371 Executing VM operation: HandshakeAllThreads
Event: 34.371 Executing VM operation: HandshakeAllThreads done

Events (20 events):
Event: 32.545 loading class jdk/internal/reflect/UnsafeQualifiedFieldAccessorImpl done
Event: 32.545 loading class jdk/internal/reflect/UnsafeQualifiedObjectFieldAccessorImpl done
Event: 33.694 loading class java/lang/ProcessEnvironment$CheckedKeySet
Event: 33.694 loading class java/lang/ProcessEnvironment$CheckedKeySet done
Event: 33.696 loading class java/util/Stack
Event: 33.708 loading class java/util/Stack done
Event: 34.357 loading class java/util/ArrayList$SubList$1
Event: 34.358 loading class java/util/ArrayList$SubList$1 done
Event: 34.368 loading class java/net/URL$2
Event: 34.368 loading class java/net/URL$2 done
Event: 34.368 loading class java/net/URL$1
Event: 34.369 loading class java/net/URL$1 done
Event: 34.369 loading class java/net/spi/URLStreamHandlerProvider
Event: 34.369 loading class java/net/spi/URLStreamHandlerProvider done
Event: 34.370 loading class sun/net/www/protocol/https/Handler
Event: 34.370 loading class sun/net/www/protocol/http/Handler
Event: 34.370 loading class sun/net/www/protocol/http/Handler done
Event: 34.370 loading class sun/net/www/protocol/https/Handler done
Event: 34.373 loading class java/util/regex/Pattern$Pos
Event: 34.373 loading class java/util/regex/Pattern$Pos done


Dynamic libraries:
0x00007ff7d5b60000 - 0x00007ff7d5b70000 	C:\Program Files\Java\jdk-17.0.4.1\bin\java.exe
0x00007ffc59390000 - 0x00007ffc595a4000 	C:\WINDOWS\SYSTEM32\ntdll.dll
0x00007ffc586e0000 - 0x00007ffc587a2000 	C:\WINDOWS\System32\KERNEL32.DLL
0x00007ffc569d0000 - 0x00007ffc56d73000 	C:\WINDOWS\System32\KERNELBASE.dll
0x00007ffc56790000 - 0x00007ffc568a1000 	C:\WINDOWS\System32\ucrtbase.dll
0x00007ffc40e80000 - 0x00007ffc40e98000 	C:\Program Files\Java\jdk-17.0.4.1\bin\jli.dll
0x00007ffc592a0000 - 0x00007ffc5934e000 	C:\WINDOWS\System32\ADVAPI32.dll
0x00007ffc591e0000 - 0x00007ffc59287000 	C:\WINDOWS\System32\msvcrt.dll
0x00007ffc57760000 - 0x00007ffc57804000 	C:\WINDOWS\System32\sechost.dll
0x00007ffc574e0000 - 0x00007ffc575f7000 	C:\WINDOWS\System32\RPCRT4.dll
0x00007ffc587b0000 - 0x00007ffc5895b000 	C:\WINDOWS\System32\USER32.dll
0x00007ffc570d0000 - 0x00007ffc570f6000 	C:\WINDOWS\System32\win32u.dll
0x00007ffc59190000 - 0x00007ffc591b9000 	C:\WINDOWS\System32\GDI32.dll
0x00007ffc56fb0000 - 0x00007ffc570c9000 	C:\WINDOWS\System32\gdi32full.dll
0x00007ffc56930000 - 0x00007ffc569ca000 	C:\WINDOWS\System32\msvcp_win.dll
0x00007ffc4b430000 - 0x00007ffc4b44a000 	C:\Program Files\Java\jdk-17.0.4.1\bin\VCRUNTIME140.dll
0x00007ffc3bac0000 - 0x00007ffc3bd4e000 	C:\WINDOWS\WinSxS\amd64_microsoft.windows.common-controls_6595b64144ccf1df_6.0.22621.1635_none_270f70857386168e\COMCTL32.dll
0x00007ffc4a650000 - 0x00007ffc4a65a000 	C:\WINDOWS\SYSTEM32\VERSION.dll
0x00007ffc58650000 - 0x00007ffc58681000 	C:\WINDOWS\System32\IMM32.DLL
0x00007ffc4c6b0000 - 0x00007ffc4c6bc000 	C:\Program Files\Java\jdk-17.0.4.1\bin\vcruntime140_1.dll
0x00007ffc38ee0000 - 0x00007ffc38f6d000 	C:\Program Files\Java\jdk-17.0.4.1\bin\msvcp140.dll
0x00007ffbf48a0000 - 0x00007ffbf5462000 	C:\Program Files\Java\jdk-17.0.4.1\bin\server\jvm.dll
0x00007ffc571e0000 - 0x00007ffc571e8000 	C:\WINDOWS\System32\PSAPI.DLL
0x00007ffc4c750000 - 0x00007ffc4c759000 	C:\WINDOWS\SYSTEM32\WSOCK32.dll
0x00007ffc59110000 - 0x00007ffc59181000 	C:\WINDOWS\System32\WS2_32.dll
0x00007ffc4af00000 - 0x00007ffc4af34000 	C:\WINDOWS\SYSTEM32\WINMM.dll
0x00007ffc558d0000 - 0x00007ffc558e8000 	C:\WINDOWS\SYSTEM32\kernel.appcore.dll
0x00007ffc4c670000 - 0x00007ffc4c67a000 	C:\Program Files\Java\jdk-17.0.4.1\bin\jimage.dll
0x00007ffc54340000 - 0x00007ffc5456e000 	C:\WINDOWS\SYSTEM32\DBGHELP.DLL
0x00007ffc58970000 - 0x00007ffc58cf9000 	C:\WINDOWS\System32\combase.dll
0x00007ffc58d80000 - 0x00007ffc58e57000 	C:\WINDOWS\System32\OLEAUT32.dll
0x00007ffc40d80000 - 0x00007ffc40db2000 	C:\WINDOWS\SYSTEM32\dbgcore.DLL
0x00007ffc568b0000 - 0x00007ffc5692b000 	C:\WINDOWS\System32\bcryptPrimitives.dll
0x00007ffc43b60000 - 0x00007ffc43b85000 	C:\Program Files\Java\jdk-17.0.4.1\bin\java.dll
0x00007ffc22370000 - 0x00007ffc22446000 	C:\Program Files\Java\jdk-17.0.4.1\bin\jsvml.dll
0x00007ffc57920000 - 0x00007ffc5811a000 	C:\WINDOWS\System32\SHELL32.dll
0x00007ffc547a0000 - 0x00007ffc5506e000 	C:\WINDOWS\SYSTEM32\windows.storage.dll
0x00007ffc54570000 - 0x00007ffc546ae000 	C:\WINDOWS\SYSTEM32\wintypes.dll
0x00007ffc58e60000 - 0x00007ffc58f51000 	C:\WINDOWS\System32\SHCORE.dll
0x00007ffc57600000 - 0x00007ffc5765e000 	C:\WINDOWS\System32\shlwapi.dll
0x00007ffc566c0000 - 0x00007ffc566e1000 	C:\WINDOWS\SYSTEM32\profapi.dll
0x00007ffc4b410000 - 0x00007ffc4b429000 	C:\Program Files\Java\jdk-17.0.4.1\bin\net.dll
0x00007ffc4ad00000 - 0x00007ffc4ae37000 	C:\WINDOWS\SYSTEM32\WINHTTP.dll
0x00007ffc55d40000 - 0x00007ffc55da9000 	C:\WINDOWS\system32\mswsock.dll
0x00007ffc43ab0000 - 0x00007ffc43ac6000 	C:\Program Files\Java\jdk-17.0.4.1\bin\nio.dll
0x00007ffc43750000 - 0x00007ffc43768000 	C:\Program Files\Java\jdk-17.0.4.1\bin\zip.dll
0x0000000069ac0000 - 0x0000000069ae4000 	C:\Program Files\NetBeans-14\netbeans\java\maven\lib\jansi-native\Windows\x86_64\jansi.dll
0x00007ffc4b390000 - 0x00007ffc4b3a0000 	C:\Program Files\Java\jdk-17.0.4.1\bin\verify.dll

dbghelp: loaded successfully - version: 4.0.5 - missing functions: none
symbol engine: initialized successfully - sym options: 0x614 - pdb path: .;C:\Program Files\Java\jdk-17.0.4.1\bin;C:\WINDOWS\SYSTEM32;C:\WINDOWS\WinSxS\amd64_microsoft.windows.common-controls_6595b64144ccf1df_6.0.22621.1635_none_270f70857386168e;C:\Program Files\Java\jdk-17.0.4.1\bin\server;C:\Program Files\NetBeans-14\netbeans\java\maven\lib\jansi-native\Windows\x86_64

VM Arguments:
jvm_args: -Dclassworlds.conf=C:\Program Files\NetBeans-14\netbeans\java\maven\bin\m2.conf -Dmaven.home=C:\Program Files\NetBeans-14\netbeans\java\maven -Dlibrary.jansi.path=C:\Program Files\NetBeans-14\netbeans\java\maven\lib\jansi-native -Dmaven.multiModuleProjectDirectory=C:\Senac\curso ds\exercicios\uc7\Atividade5PIUC05 
java_command: org.codehaus.plexus.classworlds.launcher.Launcher -Dmaven.ext.class.path=C:\Program Files\NetBeans-14\netbeans\java\maven-nblib\netbeans-eventspy.jar -Dfile.encoding=UTF-8 install
java_class_path (initial): C:\Program Files\NetBeans-14\netbeans\java\maven\boot\plexus-classworlds-2.6.0.jar
Launcher Type: SUN_STANDARD

[Global flags]
     intx CICompilerCount                          = 4                                         {product} {ergonomic}
     uint ConcGCThreads                            = 2                                         {product} {ergonomic}
     uint G1ConcRefinementThreads                  = 8                                         {product} {ergonomic}
   size_t G1HeapRegionSize                         = 1048576                                   {product} {ergonomic}
    uintx GCDrainStackTargetSize                   = 64                                        {product} {ergonomic}
   size_t InitialHeapSize                          = 134217728                                 {product} {ergonomic}
   size_t MarkStackSize                            = 4194304                                   {product} {ergonomic}
   size_t MaxHeapSize                              = 2126512128                                {product} {ergonomic}
   size_t MaxNewSize                               = 1275068416                                {product} {ergonomic}
   size_t MinHeapDeltaBytes                        = 1048576                                   {product} {ergonomic}
   size_t MinHeapSize                              = 8388608                                   {product} {ergonomic}
    uintx NonNMethodCodeHeapSize                   = 5839372                                {pd product} {ergonomic}
    uintx NonProfiledCodeHeapSize                  = 122909434                              {pd product} {ergonomic}
    uintx ProfiledCodeHeapSize                     = 122909434                              {pd product} {ergonomic}
    uintx ReservedCodeCacheSize                    = 251658240                              {pd product} {ergonomic}
     bool SegmentedCodeCache                       = true                                      {product} {ergonomic}
   size_t SoftMaxHeapSize                          = 2126512128                             {manageable} {ergonomic}
     bool UseCompressedClassPointers               = true                           {product lp64_product} {ergonomic}
     bool UseCompressedOops                        = true                           {product lp64_product} {ergonomic}
     bool UseG1GC                                  = true                                      {product} {ergonomic}
     bool UseLargePagesIndividualAllocation        = false                                  {pd product} {ergonomic}

Logging:
Log output configuration:
 #0: stdout all=warning uptime,level,tags
 #1: stderr all=off uptime,level,tags

Environment Variables:
JAVA_HOME=C:\Program Files\Java\jdk-17.0.4.1
PATH=C:\Program Files\Common Files\Oracle\Java\javapath;C:\ProgramData\Oracle\Java\javapath;C:\Program Files (x86)\Intel\Intel(R) Management Engine Components\iCLS\;C:\Program Files\Intel\Intel(R) Management Engine Components\iCLS\;C:\windows\system32;C:\windows;C:\windows\System32\Wbem;C:\windows\System32\WindowsPowerShell\v1.0\;C:\windows\System32\OpenSSH\;C:\Program Files (x86)\NVIDIA Corporation\PhysX\Common;C:\Program Files (x86)\Intel\Intel(R) Management Engine Components\DAL;C:\Program Files\Intel\Intel(R) Management Engine Components\DAL;C:\Program Files (x86)\Intel\Intel(R) Management Engine Components\IPT;C:\Program Files\Intel\Intel(R) Management Engine Components\IPT;C:\WINDOWS\system32;C:\WINDOWS;C:\WINDOWS\System32\Wbem;C:\WINDOWS\System32\WindowsPowerShell\v1.0\;C:\WINDOWS\System32\OpenSSH\;C:\Program Files\nodejs\;C:\ProgramData\UNIVALI\Portugol Studio;C:\Program Files\Git\cmd;C:\Users\larak\AppData\Local\Microsoft\WindowsApps;C:\Program Files\JetBrains\PyCharm Community Edition 2020.3.3\bin;;C:\Users\larak\AppData\Local\Programs\Microsoft VS Code\bin;C:\Users\larak\AppData\Roaming\npm;
USERNAME=larak
OS=Windows_NT
PROCESSOR_IDENTIFIER=Intel64 Family 6 Model 142 Stepping 10, GenuineIntel



---------------  S Y S T E M  ---------------

OS:
 Windows 11 , 64 bit Build 22621 (10.0.22621.1778)
OS uptime: 0 days 20:23 hours

CPU: total 8 (initial active 8) (4 cores per cpu, 2 threads per core) family 6 model 142 stepping 10 microcode 0xe0, cx8, cmov, fxsr, ht, mmx, 3dnowpref, sse, sse2, sse3, ssse3, sse4.1, sse4.2, popcnt, lzcnt, tsc, tscinvbit, avx, avx2, aes, erms, clmul, bmi1, bmi2, adx, fma, vzeroupper, clflush, clflushopt

Memory: 4k page, system-wide physical 8106M (308M free)
TotalPageFile size 32682M (AvailPageFile size 0M)
current process WorkingSet (physical memory assigned to process): 95M, peak: 100M
current process commit charge ("private bytes"): 230M, peak: 241M

vm_info: Java HotSpot(TM) 64-Bit Server VM (17.0.4.1+1-LTS-2) for windows-amd64 JRE (17.0.4.1+1-LTS-2), built on Aug 16 2022 18:32:06 by "mach5one" with MS VC++ 16.8 / 16.9 (VS2019)

END.
