#
# There is insufficient memory for the Java Runtime Environment to continue.
# Native memory allocation (malloc) failed to allocate 279056 bytes for Chunk::new
# Possible reasons:
#   The system is out of physical RAM or swap space
#   The process is running with CompressedOops enabled, and the Java Heap may be blocking the growth of the native heap
# Possible solutions:
#   Reduce memory load on the system
#   Increase physical memory or swap space
#   Check if swap backing store is full
#   Decrease Java heap size (-Xmx/-Xms)
#   Decrease number of Java threads
#   Decrease Java thread stack sizes (-Xss)
#   Set larger code cache with -XX:ReservedCodeCacheSize=
#   JVM is running with Unscaled Compressed Oops mode in which the Java heap is
#     placed in the first 4GB address space. The Java Heap base address is the
#     maximum limit for the native heap growth. Please use -XX:HeapBaseMinAddress
#     to set the Java Heap base and to place the Java Heap above 4GB virtual address.
# This output file may be truncated or incomplete.
#
#  Out of Memory Error (arena.cpp:189), pid=28104, tid=25504
#
# JRE version: Java(TM) SE Runtime Environment (17.0.4.1+1) (build 17.0.4.1+1-LTS-2)
# Java VM: Java HotSpot(TM) 64-Bit Server VM (17.0.4.1+1-LTS-2, mixed mode, sharing, tiered, compressed oops, compressed class ptrs, g1 gc, windows-amd64)
# No core dump will be written. Minidumps are not enabled by default on client versions of Windows
#

---------------  S U M M A R Y ------------

Command Line: -Dclassworlds.conf=C:\Program Files\NetBeans-14\netbeans\java\maven\bin\m2.conf -Dmaven.home=C:\Program Files\NetBeans-14\netbeans\java\maven -Dlibrary.jansi.path=C:\Program Files\NetBeans-14\netbeans\java\maven\lib\jansi-native -Dmaven.multiModuleProjectDirectory=C:\Senac\curso ds\ProjetoIntegradorUC05\Atividade5diversos\Atividade5PIUC05 org.codehaus.plexus.classworlds.launcher.Launcher -Dmaven.ext.class.path=C:\Program Files\NetBeans-14\netbeans\java\maven-nblib\netbeans-eventspy.jar -Dfile.encoding=UTF-8 install

Host: Intel(R) Core(TM) i5-8250U CPU @ 1.60GHz, 8 cores, 7G,  Windows 11 , 64 bit Build 22621 (10.0.22621.1778)
Time: Mon Jun 12 15:26:14 2023 Hora oficial do Brasil elapsed time: 55.207908 seconds (0d 0h 0m 55s)

---------------  T H R E A D  ---------------

Current thread (0x0000022195c5e3f0):  JavaThread "C2 CompilerThread0" daemon [_thread_in_native, id=25504, stack(0x000000c94f400000,0x000000c94f500000)]


Current CompileTask:
C2:  55208 2234       4       java.lang.String::<init> (830 bytes)

Stack: [0x000000c94f400000,0x000000c94f500000]
Native frames: (J=compiled Java code, j=interpreted, Vv=VM code, C=native code)
V  [jvm.dll+0x6723ba]
V  [jvm.dll+0x7d1e34]
V  [jvm.dll+0x7d35de]
V  [jvm.dll+0x7d3c43]
V  [jvm.dll+0x243065]
V  [jvm.dll+0xaa57b]
V  [jvm.dll+0xaab0c]
V  [jvm.dll+0x2a9dcf]
V  [jvm.dll+0x57a7f7]
V  [jvm.dll+0x21e342]
V  [jvm.dll+0x21785f]
V  [jvm.dll+0x2154bb]
V  [jvm.dll+0x1a1fcd]
V  [jvm.dll+0x224e08]
V  [jvm.dll+0x222f75]
V  [jvm.dll+0x787a0b]
V  [jvm.dll+0x781fca]
V  [jvm.dll+0x671245]
C  [ucrtbase.dll+0x29363]
C  [KERNEL32.DLL+0x126ad]
C  [ntdll.dll+0x5a9f8]


---------------  P R O C E S S  ---------------

Threads class SMR info:
_java_thread_list=0x0000022197109510, length=12, elements={
0x00000221f7afdcd0, 0x0000022195c40cc0, 0x0000022195c41f20, 0x0000022195c57530,
0x0000022195c5c300, 0x0000022195c5ccb0, 0x0000022195c5d660, 0x0000022195c5e3f0,
0x0000022195cc4940, 0x0000022196802830, 0x00000221968b8710, 0x00000221968c7f90
}

Java Threads: ( => current thread )
  0x00000221f7afdcd0 JavaThread "main" [_thread_in_native, id=12572, stack(0x000000c94e600000,0x000000c94e700000)]
  0x0000022195c40cc0 JavaThread "Reference Handler" daemon [_thread_blocked, id=21664, stack(0x000000c94ee00000,0x000000c94ef00000)]
  0x0000022195c41f20 JavaThread "Finalizer" daemon [_thread_blocked, id=20612, stack(0x000000c94ef00000,0x000000c94f000000)]
  0x0000022195c57530 JavaThread "Signal Dispatcher" daemon [_thread_blocked, id=28136, stack(0x000000c94f000000,0x000000c94f100000)]
  0x0000022195c5c300 JavaThread "Attach Listener" daemon [_thread_blocked, id=7088, stack(0x000000c94f100000,0x000000c94f200000)]
  0x0000022195c5ccb0 JavaThread "Service Thread" daemon [_thread_blocked, id=24872, stack(0x000000c94f200000,0x000000c94f300000)]
  0x0000022195c5d660 JavaThread "Monitor Deflation Thread" daemon [_thread_blocked, id=27776, stack(0x000000c94f300000,0x000000c94f400000)]
=>0x0000022195c5e3f0 JavaThread "C2 CompilerThread0" daemon [_thread_in_native, id=25504, stack(0x000000c94f400000,0x000000c94f500000)]
  0x0000022195cc4940 JavaThread "C1 CompilerThread0" daemon [_thread_blocked, id=25540, stack(0x000000c94f500000,0x000000c94f600000)]
  0x0000022196802830 JavaThread "Sweeper thread" daemon [_thread_blocked, id=27096, stack(0x000000c94f600000,0x000000c94f700000)]
  0x00000221968b8710 JavaThread "Notification Thread" daemon [_thread_blocked, id=19396, stack(0x000000c94f700000,0x000000c94f800000)]
  0x00000221968c7f90 JavaThread "Common-Cleaner" daemon [_thread_blocked, id=7856, stack(0x000000c94f900000,0x000000c94fa00000)]

Other Threads:
  0x0000022195c43170 VMThread "VM Thread" [stack: 0x000000c94ed00000,0x000000c94ee00000] [id=12032]
  0x00000221968c73b0 WatcherThread [stack: 0x000000c94f800000,0x000000c94f900000] [id=19956]
  0x00000221f7b58d50 GCTaskThread "GC Thread#0" [stack: 0x000000c94e800000,0x000000c94e900000] [id=14080]
  0x000002219686e8e0 GCTaskThread "GC Thread#1" [stack: 0x000000c94fb00000,0x000000c94fc00000] [id=15288]
  0x000002219686eb90 GCTaskThread "GC Thread#2" [stack: 0x000000c94fc00000,0x000000c94fd00000] [id=10496]
  0x0000022196b82ed0 GCTaskThread "GC Thread#3" [stack: 0x000000c94fd00000,0x000000c94fe00000] [id=19180]
  0x00000221977f6840 GCTaskThread "GC Thread#4" [stack: 0x000000c94fe00000,0x000000c94ff00000] [id=19776]
  0x00000221977f6af0 GCTaskThread "GC Thread#5" [stack: 0x000000c94ff00000,0x000000c950000000] [id=232]
  0x00000221973f6800 GCTaskThread "GC Thread#6" [stack: 0x000000c950000000,0x000000c950100000] [id=1888]
  0x0000022196a86370 GCTaskThread "GC Thread#7" [stack: 0x000000c94fa00000,0x000000c94fb00000] [id=17936]
  0x00000221f7b69a10 ConcurrentGCThread "G1 Main Marker" [stack: 0x000000c94e900000,0x000000c94ea00000] [id=13264]
  0x00000221f7b6a420 ConcurrentGCThread "G1 Conc#0" [stack: 0x000000c94ea00000,0x000000c94eb00000] [id=27520]
  0x00000221f7bcec00 ConcurrentGCThread "G1 Refine#0" [stack: 0x000000c94eb00000,0x000000c94ec00000] [id=19016]
  0x0000022195af4710 ConcurrentGCThread "G1 Service" [stack: 0x000000c94ec00000,0x000000c94ed00000] [id=5572]

Threads with active compile tasks:
C2 CompilerThread0    55256 2234       4       java.lang.String::<init> (830 bytes)

VM state: not at safepoint (normal execution)

VM Mutex/Monitor currently owned by a thread: None

Heap address: 0x0000000081400000, size: 2028 MB, Compressed Oops mode: 32-bit

CDS archive(s) mapped at: [0x0000000800000000-0x0000000800bc0000-0x0000000800bc0000), size 12320768, SharedBaseAddress: 0x0000000800000000, ArchiveRelocationMode: 0.
Compressed class space mapped at: 0x0000000800c00000-0x0000000840c00000, reserved size: 1073741824
Narrow klass base: 0x0000000800000000, Narrow klass shift: 0, Narrow klass range: 0x100000000

GC Precious Log:
 CPUs: 8 total, 8 available
 Memory: 8106M
 Large Page Support: Disabled
 NUMA Support: Disabled
 Compressed Oops: Enabled (32-bit)
 Heap Region Size: 1M
 Heap Min Capacity: 8M
 Heap Initial Capacity: 128M
 Heap Max Capacity: 2028M
 Pre-touch: Disabled
 Parallel Workers: 8
 Concurrent Workers: 2
 Concurrent Refinement Workers: 8
 Periodic GC: Disabled

Heap:
 garbage-first heap   total 131072K, used 16016K [0x0000000081400000, 0x0000000100000000)
  region size 1024K, 14 young (14336K), 3 survivors (3072K)
 Metaspace       used 12062K, committed 12224K, reserved 1064960K
  class space    used 1435K, committed 1536K, reserved 1048576K

Heap Regions: E=young(eden), S=young(survivor), O=old, HS=humongous(starts), HC=humongous(continues), CS=collection set, F=free, OA=open archive, CA=closed archive, TAMS=top-at-mark-start (previous, next)
|   0|0x0000000081400000, 0x0000000081500000, 0x0000000081500000|100%| O|  |TAMS 0x0000000081400000, 0x0000000081400000| Untracked 
|   1|0x0000000081500000, 0x0000000081600000, 0x0000000081600000|100%| O|  |TAMS 0x0000000081500000, 0x0000000081500000| Untracked 
|   2|0x0000000081600000, 0x0000000081700000, 0x0000000081700000|100%| O|  |TAMS 0x0000000081600000, 0x0000000081600000| Untracked 
|   3|0x0000000081700000, 0x000000008174c800, 0x0000000081800000| 29%| O|  |TAMS 0x0000000081700000, 0x0000000081700000| Untracked 
|   4|0x0000000081800000, 0x0000000081800000, 0x0000000081900000|  0%| F|  |TAMS 0x0000000081800000, 0x0000000081800000| Untracked 
|   5|0x0000000081900000, 0x0000000081900000, 0x0000000081a00000|  0%| F|  |TAMS 0x0000000081900000, 0x0000000081900000| Untracked 
|   6|0x0000000081a00000, 0x0000000081a00000, 0x0000000081b00000|  0%| F|  |TAMS 0x0000000081a00000, 0x0000000081a00000| Untracked 
|   7|0x0000000081b00000, 0x0000000081b00000, 0x0000000081c00000|  0%| F|  |TAMS 0x0000000081b00000, 0x0000000081b00000| Untracked 
|   8|0x0000000081c00000, 0x0000000081c00000, 0x0000000081d00000|  0%| F|  |TAMS 0x0000000081c00000, 0x0000000081c00000| Untracked 
|   9|0x0000000081d00000, 0x0000000081d00000, 0x0000000081e00000|  0%| F|  |TAMS 0x0000000081d00000, 0x0000000081d00000| Untracked 
|  10|0x0000000081e00000, 0x0000000081e00000, 0x0000000081f00000|  0%| F|  |TAMS 0x0000000081e00000, 0x0000000081e00000| Untracked 
|  11|0x0000000081f00000, 0x0000000081f00000, 0x0000000082000000|  0%| F|  |TAMS 0x0000000081f00000, 0x0000000081f00000| Untracked 
|  12|0x0000000082000000, 0x0000000082000000, 0x0000000082100000|  0%| F|  |TAMS 0x0000000082000000, 0x0000000082000000| Untracked 
|  13|0x0000000082100000, 0x0000000082100000, 0x0000000082200000|  0%| F|  |TAMS 0x0000000082100000, 0x0000000082100000| Untracked 
|  14|0x0000000082200000, 0x0000000082200000, 0x0000000082300000|  0%| F|  |TAMS 0x0000000082200000, 0x0000000082200000| Untracked 
|  15|0x0000000082300000, 0x0000000082300000, 0x0000000082400000|  0%| F|  |TAMS 0x0000000082300000, 0x0000000082300000| Untracked 
|  16|0x0000000082400000, 0x0000000082400000, 0x0000000082500000|  0%| F|  |TAMS 0x0000000082400000, 0x0000000082400000| Untracked 
|  17|0x0000000082500000, 0x0000000082500000, 0x0000000082600000|  0%| F|  |TAMS 0x0000000082500000, 0x0000000082500000| Untracked 
|  18|0x0000000082600000, 0x0000000082600000, 0x0000000082700000|  0%| F|  |TAMS 0x0000000082600000, 0x0000000082600000| Untracked 
|  19|0x0000000082700000, 0x0000000082700000, 0x0000000082800000|  0%| F|  |TAMS 0x0000000082700000, 0x0000000082700000| Untracked 
|  20|0x0000000082800000, 0x0000000082800000, 0x0000000082900000|  0%| F|  |TAMS 0x0000000082800000, 0x0000000082800000| Untracked 
|  21|0x0000000082900000, 0x0000000082900000, 0x0000000082a00000|  0%| F|  |TAMS 0x0000000082900000, 0x0000000082900000| Untracked 
|  22|0x0000000082a00000, 0x0000000082a00000, 0x0000000082b00000|  0%| F|  |TAMS 0x0000000082a00000, 0x0000000082a00000| Untracked 
|  23|0x0000000082b00000, 0x0000000082b00000, 0x0000000082c00000|  0%| F|  |TAMS 0x0000000082b00000, 0x0000000082b00000| Untracked 
|  24|0x0000000082c00000, 0x0000000082c00000, 0x0000000082d00000|  0%| F|  |TAMS 0x0000000082c00000, 0x0000000082c00000| Untracked 
|  25|0x0000000082d00000, 0x0000000082d00000, 0x0000000082e00000|  0%| F|  |TAMS 0x0000000082d00000, 0x0000000082d00000| Untracked 
|  26|0x0000000082e00000, 0x0000000082e00000, 0x0000000082f00000|  0%| F|  |TAMS 0x0000000082e00000, 0x0000000082e00000| Untracked 
|  27|0x0000000082f00000, 0x0000000082f00000, 0x0000000083000000|  0%| F|  |TAMS 0x0000000082f00000, 0x0000000082f00000| Untracked 
|  28|0x0000000083000000, 0x0000000083000000, 0x0000000083100000|  0%| F|  |TAMS 0x0000000083000000, 0x0000000083000000| Untracked 
|  29|0x0000000083100000, 0x0000000083100000, 0x0000000083200000|  0%| F|  |TAMS 0x0000000083100000, 0x0000000083100000| Untracked 
|  30|0x0000000083200000, 0x0000000083200000, 0x0000000083300000|  0%| F|  |TAMS 0x0000000083200000, 0x0000000083200000| Untracked 
|  31|0x0000000083300000, 0x0000000083300000, 0x0000000083400000|  0%| F|  |TAMS 0x0000000083300000, 0x0000000083300000| Untracked 
|  32|0x0000000083400000, 0x0000000083400000, 0x0000000083500000|  0%| F|  |TAMS 0x0000000083400000, 0x0000000083400000| Untracked 
|  33|0x0000000083500000, 0x0000000083500000, 0x0000000083600000|  0%| F|  |TAMS 0x0000000083500000, 0x0000000083500000| Untracked 
|  34|0x0000000083600000, 0x0000000083600000, 0x0000000083700000|  0%| F|  |TAMS 0x0000000083600000, 0x0000000083600000| Untracked 
|  35|0x0000000083700000, 0x0000000083700000, 0x0000000083800000|  0%| F|  |TAMS 0x0000000083700000, 0x0000000083700000| Untracked 
|  36|0x0000000083800000, 0x0000000083800000, 0x0000000083900000|  0%| F|  |TAMS 0x0000000083800000, 0x0000000083800000| Untracked 
|  37|0x0000000083900000, 0x0000000083900000, 0x0000000083a00000|  0%| F|  |TAMS 0x0000000083900000, 0x0000000083900000| Untracked 
|  38|0x0000000083a00000, 0x0000000083a00000, 0x0000000083b00000|  0%| F|  |TAMS 0x0000000083a00000, 0x0000000083a00000| Untracked 
|  39|0x0000000083b00000, 0x0000000083b00000, 0x0000000083c00000|  0%| F|  |TAMS 0x0000000083b00000, 0x0000000083b00000| Untracked 
|  40|0x0000000083c00000, 0x0000000083c00000, 0x0000000083d00000|  0%| F|  |TAMS 0x0000000083c00000, 0x0000000083c00000| Untracked 
|  41|0x0000000083d00000, 0x0000000083d00000, 0x0000000083e00000|  0%| F|  |TAMS 0x0000000083d00000, 0x0000000083d00000| Untracked 
|  42|0x0000000083e00000, 0x0000000083e00000, 0x0000000083f00000|  0%| F|  |TAMS 0x0000000083e00000, 0x0000000083e00000| Untracked 
|  43|0x0000000083f00000, 0x0000000083f00000, 0x0000000084000000|  0%| F|  |TAMS 0x0000000083f00000, 0x0000000083f00000| Untracked 
|  44|0x0000000084000000, 0x0000000084000000, 0x0000000084100000|  0%| F|  |TAMS 0x0000000084000000, 0x0000000084000000| Untracked 
|  45|0x0000000084100000, 0x0000000084100000, 0x0000000084200000|  0%| F|  |TAMS 0x0000000084100000, 0x0000000084100000| Untracked 
|  46|0x0000000084200000, 0x0000000084200000, 0x0000000084300000|  0%| F|  |TAMS 0x0000000084200000, 0x0000000084200000| Untracked 
|  47|0x0000000084300000, 0x0000000084300000, 0x0000000084400000|  0%| F|  |TAMS 0x0000000084300000, 0x0000000084300000| Untracked 
|  48|0x0000000084400000, 0x0000000084400000, 0x0000000084500000|  0%| F|  |TAMS 0x0000000084400000, 0x0000000084400000| Untracked 
|  49|0x0000000084500000, 0x0000000084500000, 0x0000000084600000|  0%| F|  |TAMS 0x0000000084500000, 0x0000000084500000| Untracked 
|  50|0x0000000084600000, 0x0000000084600000, 0x0000000084700000|  0%| F|  |TAMS 0x0000000084600000, 0x0000000084600000| Untracked 
|  51|0x0000000084700000, 0x0000000084700000, 0x0000000084800000|  0%| F|  |TAMS 0x0000000084700000, 0x0000000084700000| Untracked 
|  52|0x0000000084800000, 0x0000000084800000, 0x0000000084900000|  0%| F|  |TAMS 0x0000000084800000, 0x0000000084800000| Untracked 
|  53|0x0000000084900000, 0x0000000084900000, 0x0000000084a00000|  0%| F|  |TAMS 0x0000000084900000, 0x0000000084900000| Untracked 
|  54|0x0000000084a00000, 0x0000000084a00000, 0x0000000084b00000|  0%| F|  |TAMS 0x0000000084a00000, 0x0000000084a00000| Untracked 
|  55|0x0000000084b00000, 0x0000000084b00000, 0x0000000084c00000|  0%| F|  |TAMS 0x0000000084b00000, 0x0000000084b00000| Untracked 
|  56|0x0000000084c00000, 0x0000000084c00000, 0x0000000084d00000|  0%| F|  |TAMS 0x0000000084c00000, 0x0000000084c00000| Untracked 
|  57|0x0000000084d00000, 0x0000000084d00000, 0x0000000084e00000|  0%| F|  |TAMS 0x0000000084d00000, 0x0000000084d00000| Untracked 
|  58|0x0000000084e00000, 0x0000000084e00000, 0x0000000084f00000|  0%| F|  |TAMS 0x0000000084e00000, 0x0000000084e00000| Untracked 
|  59|0x0000000084f00000, 0x0000000084f00000, 0x0000000085000000|  0%| F|  |TAMS 0x0000000084f00000, 0x0000000084f00000| Untracked 
|  60|0x0000000085000000, 0x0000000085000000, 0x0000000085100000|  0%| F|  |TAMS 0x0000000085000000, 0x0000000085000000| Untracked 
|  61|0x0000000085100000, 0x0000000085100000, 0x0000000085200000|  0%| F|  |TAMS 0x0000000085100000, 0x0000000085100000| Untracked 
|  62|0x0000000085200000, 0x0000000085200000, 0x0000000085300000|  0%| F|  |TAMS 0x0000000085200000, 0x0000000085200000| Untracked 
|  63|0x0000000085300000, 0x0000000085300000, 0x0000000085400000|  0%| F|  |TAMS 0x0000000085300000, 0x0000000085300000| Untracked 
|  64|0x0000000085400000, 0x0000000085400000, 0x0000000085500000|  0%| F|  |TAMS 0x0000000085400000, 0x0000000085400000| Untracked 
|  65|0x0000000085500000, 0x0000000085500000, 0x0000000085600000|  0%| F|  |TAMS 0x0000000085500000, 0x0000000085500000| Untracked 
|  66|0x0000000085600000, 0x0000000085600000, 0x0000000085700000|  0%| F|  |TAMS 0x0000000085600000, 0x0000000085600000| Untracked 
|  67|0x0000000085700000, 0x0000000085700000, 0x0000000085800000|  0%| F|  |TAMS 0x0000000085700000, 0x0000000085700000| Untracked 
|  68|0x0000000085800000, 0x0000000085800000, 0x0000000085900000|  0%| F|  |TAMS 0x0000000085800000, 0x0000000085800000| Untracked 
|  69|0x0000000085900000, 0x0000000085900000, 0x0000000085a00000|  0%| F|  |TAMS 0x0000000085900000, 0x0000000085900000| Untracked 
|  70|0x0000000085a00000, 0x0000000085a00000, 0x0000000085b00000|  0%| F|  |TAMS 0x0000000085a00000, 0x0000000085a00000| Untracked 
|  71|0x0000000085b00000, 0x0000000085b00000, 0x0000000085c00000|  0%| F|  |TAMS 0x0000000085b00000, 0x0000000085b00000| Untracked 
|  72|0x0000000085c00000, 0x0000000085c00000, 0x0000000085d00000|  0%| F|  |TAMS 0x0000000085c00000, 0x0000000085c00000| Untracked 
|  73|0x0000000085d00000, 0x0000000085d00000, 0x0000000085e00000|  0%| F|  |TAMS 0x0000000085d00000, 0x0000000085d00000| Untracked 
|  74|0x0000000085e00000, 0x0000000085e00000, 0x0000000085f00000|  0%| F|  |TAMS 0x0000000085e00000, 0x0000000085e00000| Untracked 
|  75|0x0000000085f00000, 0x0000000085f00000, 0x0000000086000000|  0%| F|  |TAMS 0x0000000085f00000, 0x0000000085f00000| Untracked 
|  76|0x0000000086000000, 0x0000000086000000, 0x0000000086100000|  0%| F|  |TAMS 0x0000000086000000, 0x0000000086000000| Untracked 
|  77|0x0000000086100000, 0x0000000086100000, 0x0000000086200000|  0%| F|  |TAMS 0x0000000086100000, 0x0000000086100000| Untracked 
|  78|0x0000000086200000, 0x0000000086200000, 0x0000000086300000|  0%| F|  |TAMS 0x0000000086200000, 0x0000000086200000| Untracked 
|  79|0x0000000086300000, 0x0000000086300000, 0x0000000086400000|  0%| F|  |TAMS 0x0000000086300000, 0x0000000086300000| Untracked 
|  80|0x0000000086400000, 0x0000000086400000, 0x0000000086500000|  0%| F|  |TAMS 0x0000000086400000, 0x0000000086400000| Untracked 
|  81|0x0000000086500000, 0x0000000086500000, 0x0000000086600000|  0%| F|  |TAMS 0x0000000086500000, 0x0000000086500000| Untracked 
|  82|0x0000000086600000, 0x0000000086600000, 0x0000000086700000|  0%| F|  |TAMS 0x0000000086600000, 0x0000000086600000| Untracked 
|  83|0x0000000086700000, 0x0000000086700000, 0x0000000086800000|  0%| F|  |TAMS 0x0000000086700000, 0x0000000086700000| Untracked 
|  84|0x0000000086800000, 0x0000000086800000, 0x0000000086900000|  0%| F|  |TAMS 0x0000000086800000, 0x0000000086800000| Untracked 
|  85|0x0000000086900000, 0x0000000086900000, 0x0000000086a00000|  0%| F|  |TAMS 0x0000000086900000, 0x0000000086900000| Untracked 
|  86|0x0000000086a00000, 0x0000000086a00000, 0x0000000086b00000|  0%| F|  |TAMS 0x0000000086a00000, 0x0000000086a00000| Untracked 
|  87|0x0000000086b00000, 0x0000000086b00000, 0x0000000086c00000|  0%| F|  |TAMS 0x0000000086b00000, 0x0000000086b00000| Untracked 
|  88|0x0000000086c00000, 0x0000000086c00000, 0x0000000086d00000|  0%| F|  |TAMS 0x0000000086c00000, 0x0000000086c00000| Untracked 
|  89|0x0000000086d00000, 0x0000000086d00000, 0x0000000086e00000|  0%| F|  |TAMS 0x0000000086d00000, 0x0000000086d00000| Untracked 
|  90|0x0000000086e00000, 0x0000000086e00000, 0x0000000086f00000|  0%| F|  |TAMS 0x0000000086e00000, 0x0000000086e00000| Untracked 
|  91|0x0000000086f00000, 0x0000000086f57990, 0x0000000087000000| 34%| S|CS|TAMS 0x0000000086f00000, 0x0000000086f00000| Complete 
|  92|0x0000000087000000, 0x0000000087100000, 0x0000000087100000|100%| S|CS|TAMS 0x0000000087000000, 0x0000000087000000| Complete 
|  93|0x0000000087100000, 0x0000000087200000, 0x0000000087200000|100%| S|CS|TAMS 0x0000000087100000, 0x0000000087100000| Complete 
|  94|0x0000000087200000, 0x0000000087200000, 0x0000000087300000|  0%| F|  |TAMS 0x0000000087200000, 0x0000000087200000| Untracked 
|  95|0x0000000087300000, 0x0000000087300000, 0x0000000087400000|  0%| F|  |TAMS 0x0000000087300000, 0x0000000087300000| Untracked 
|  96|0x0000000087400000, 0x0000000087400000, 0x0000000087500000|  0%| F|  |TAMS 0x0000000087400000, 0x0000000087400000| Untracked 
|  97|0x0000000087500000, 0x0000000087500000, 0x0000000087600000|  0%| F|  |TAMS 0x0000000087500000, 0x0000000087500000| Untracked 
|  98|0x0000000087600000, 0x0000000087600000, 0x0000000087700000|  0%| F|  |TAMS 0x0000000087600000, 0x0000000087600000| Untracked 
|  99|0x0000000087700000, 0x0000000087700000, 0x0000000087800000|  0%| F|  |TAMS 0x0000000087700000, 0x0000000087700000| Untracked 
| 100|0x0000000087800000, 0x0000000087800000, 0x0000000087900000|  0%| F|  |TAMS 0x0000000087800000, 0x0000000087800000| Untracked 
| 101|0x0000000087900000, 0x0000000087900000, 0x0000000087a00000|  0%| F|  |TAMS 0x0000000087900000, 0x0000000087900000| Untracked 
| 102|0x0000000087a00000, 0x0000000087a00000, 0x0000000087b00000|  0%| F|  |TAMS 0x0000000087a00000, 0x0000000087a00000| Untracked 
| 103|0x0000000087b00000, 0x0000000087b00000, 0x0000000087c00000|  0%| F|  |TAMS 0x0000000087b00000, 0x0000000087b00000| Untracked 
| 104|0x0000000087c00000, 0x0000000087c00000, 0x0000000087d00000|  0%| F|  |TAMS 0x0000000087c00000, 0x0000000087c00000| Untracked 
| 105|0x0000000087d00000, 0x0000000087d00000, 0x0000000087e00000|  0%| F|  |TAMS 0x0000000087d00000, 0x0000000087d00000| Untracked 
| 106|0x0000000087e00000, 0x0000000087e00000, 0x0000000087f00000|  0%| F|  |TAMS 0x0000000087e00000, 0x0000000087e00000| Untracked 
| 107|0x0000000087f00000, 0x0000000087f00000, 0x0000000088000000|  0%| F|  |TAMS 0x0000000087f00000, 0x0000000087f00000| Untracked 
| 108|0x0000000088000000, 0x0000000088000000, 0x0000000088100000|  0%| F|  |TAMS 0x0000000088000000, 0x0000000088000000| Untracked 
| 109|0x0000000088100000, 0x0000000088100000, 0x0000000088200000|  0%| F|  |TAMS 0x0000000088100000, 0x0000000088100000| Untracked 
| 110|0x0000000088200000, 0x0000000088200000, 0x0000000088300000|  0%| F|  |TAMS 0x0000000088200000, 0x0000000088200000| Untracked 
| 111|0x0000000088300000, 0x0000000088300000, 0x0000000088400000|  0%| F|  |TAMS 0x0000000088300000, 0x0000000088300000| Untracked 
| 112|0x0000000088400000, 0x0000000088400000, 0x0000000088500000|  0%| F|  |TAMS 0x0000000088400000, 0x0000000088400000| Untracked 
| 113|0x0000000088500000, 0x0000000088500000, 0x0000000088600000|  0%| F|  |TAMS 0x0000000088500000, 0x0000000088500000| Untracked 
| 114|0x0000000088600000, 0x0000000088600000, 0x0000000088700000|  0%| F|  |TAMS 0x0000000088600000, 0x0000000088600000| Untracked 
| 115|0x0000000088700000, 0x0000000088700000, 0x0000000088800000|  0%| F|  |TAMS 0x0000000088700000, 0x0000000088700000| Untracked 
| 116|0x0000000088800000, 0x0000000088800000, 0x0000000088900000|  0%| F|  |TAMS 0x0000000088800000, 0x0000000088800000| Untracked 
| 117|0x0000000088900000, 0x0000000088988020, 0x0000000088a00000| 53%| E|  |TAMS 0x0000000088900000, 0x0000000088900000| Complete 
| 118|0x0000000088a00000, 0x0000000088b00000, 0x0000000088b00000|100%| E|CS|TAMS 0x0000000088a00000, 0x0000000088a00000| Complete 
| 119|0x0000000088b00000, 0x0000000088c00000, 0x0000000088c00000|100%| E|CS|TAMS 0x0000000088b00000, 0x0000000088b00000| Complete 
| 120|0x0000000088c00000, 0x0000000088d00000, 0x0000000088d00000|100%| E|CS|TAMS 0x0000000088c00000, 0x0000000088c00000| Complete 
| 121|0x0000000088d00000, 0x0000000088e00000, 0x0000000088e00000|100%| E|CS|TAMS 0x0000000088d00000, 0x0000000088d00000| Complete 
| 122|0x0000000088e00000, 0x0000000088f00000, 0x0000000088f00000|100%| E|CS|TAMS 0x0000000088e00000, 0x0000000088e00000| Complete 
| 123|0x0000000088f00000, 0x0000000089000000, 0x0000000089000000|100%| E|CS|TAMS 0x0000000088f00000, 0x0000000088f00000| Complete 
| 124|0x0000000089000000, 0x0000000089100000, 0x0000000089100000|100%| E|CS|TAMS 0x0000000089000000, 0x0000000089000000| Complete 
| 125|0x0000000089100000, 0x0000000089200000, 0x0000000089200000|100%| E|CS|TAMS 0x0000000089100000, 0x0000000089100000| Complete 
| 126|0x0000000089200000, 0x0000000089300000, 0x0000000089300000|100%| E|CS|TAMS 0x0000000089200000, 0x0000000089200000| Complete 
| 127|0x0000000089300000, 0x0000000089400000, 0x0000000089400000|100%| E|CS|TAMS 0x0000000089300000, 0x0000000089300000| Complete 

Card table byte_map: [0x00000221ffaa0000,0x00000221ffea0000] _byte_map_base: 0x00000221ff696000

Marking Bits (Prev, Next): (CMBitMap*) 0x00000221f7b59360, (CMBitMap*) 0x00000221f7b593a0
 Prev Bits: [0x000002218f400000, 0x00000221913b0000)
 Next Bits: [0x00000221913b0000, 0x0000022193360000)

Polling page: 0x00000221f72d0000

Metaspace:

Usage:
  Non-class:     10.38 MB used.
      Class:      1.40 MB used.
       Both:     11.78 MB used.

Virtual space:
  Non-class space:       16.00 MB reserved,      10.44 MB ( 65%) committed,  2 nodes.
      Class space:        1.00 GB reserved,       1.50 MB ( <1%) committed,  1 nodes.
             Both:        1.02 GB reserved,      11.94 MB (  1%) committed. 

Chunk freelists:
   Non-Class:  16.00 KB
       Class:  2.55 MB
        Both:  2.56 MB

MaxMetaspaceSize: unlimited
CompressedClassSpaceSize: 1.00 GB
Initial GC threshold: 21.00 MB
Current GC threshold: 21.00 MB
CDS: on
MetaspaceReclaimPolicy: balanced
 - commit_granule_bytes: 65536.
 - commit_granule_words: 8192.
 - virtual_space_node_default_size: 1048576.
 - enlarge_chunks_in_place: 1.
 - new_chunks_are_fully_committed: 0.
 - uncommit_free_chunks: 1.
 - use_allocation_guard: 0.
 - handle_deallocations: 1.


Internal statistics:

num_allocs_failed_limit: 0.
num_arena_births: 54.
num_arena_deaths: 0.
num_vsnodes_births: 3.
num_vsnodes_deaths: 0.
num_space_committed: 191.
num_space_uncommitted: 0.
num_chunks_returned_to_freelist: 0.
num_chunks_taken_from_freelist: 466.
num_chunk_merges: 0.
num_chunk_splits: 342.
num_chunks_enlarged: 273.
num_purges: 0.
num_inconsistent_stats: 0.

CodeHeap 'non-profiled nmethods': size=120000Kb used=892Kb max_used=892Kb free=119107Kb
 bounds [0x0000022187ad0000, 0x0000022187d40000, 0x000002218f000000]
CodeHeap 'profiled nmethods': size=120000Kb used=4457Kb max_used=4457Kb free=115542Kb
 bounds [0x00000221805a0000, 0x0000022180a00000, 0x0000022187ad0000]
CodeHeap 'non-nmethods': size=5760Kb used=1162Kb max_used=1206Kb free=4597Kb
 bounds [0x0000022180000000, 0x0000022180270000, 0x00000221805a0000]
 total_blobs=2687 nmethods=2232 adapters=367
 compilation: enabled
              stopped_count=0, restarted_count=0
 full_count=0

Compilation events (20 events):
Event: 55.187 Thread 0x0000022195cc4940 nmethod 2233 0x00000221809f4310 code [0x00000221809f44e0, 0x00000221809f4b58]
Event: 55.187 Thread 0x0000022195cc4940 2232       3       org.codehaus.plexus.util.xml.Xpp3Dom::<init> (10 bytes)
Event: 55.187 Thread 0x0000022195cc4940 nmethod 2232 0x00000221809f4d10 code [0x00000221809f4ec0, 0x00000221809f5028]
Event: 55.198 Thread 0x0000022195c5e3f0 2234       4       java.lang.String::<init> (830 bytes)
Event: 55.198 Thread 0x0000022195cc4940 2235       3       java.nio.Buffer::limit (65 bytes)
Event: 55.198 Thread 0x0000022195cc4940 nmethod 2235 0x00000221809f5110 code [0x00000221809f52c0, 0x00000221809f5588]
Event: 55.199 Thread 0x0000022195cc4940 2236       3       java.lang.String::decodeASCII (64 bytes)
Event: 55.199 Thread 0x0000022195cc4940 nmethod 2236 0x00000221809f5690 code [0x00000221809f5860, 0x00000221809f5bb8]
Event: 55.200 Thread 0x0000022195cc4940 2238       1       org.apache.maven.model.Contributor::setName (6 bytes)
Event: 55.200 Thread 0x0000022195cc4940 nmethod 2238 0x0000022187bae910 code [0x0000022187baeaa0, 0x0000022187baebb8]
Event: 55.200 Thread 0x0000022195cc4940 2239       1       org.apache.maven.model.Developer::setId (6 bytes)
Event: 55.200 Thread 0x0000022195cc4940 nmethod 2239 0x0000022187baec10 code [0x0000022187baeda0, 0x0000022187baeeb8]
Event: 55.200 Thread 0x0000022195cc4940 2240       1       org.apache.maven.model.Contributor::setRoles (6 bytes)
Event: 55.200 Thread 0x0000022195cc4940 nmethod 2240 0x0000022187baef10 code [0x0000022187baf0a0, 0x0000022187baf1b8]
Event: 55.201 Thread 0x0000022195cc4940 2243   !   3       org.codehaus.plexus.util.xml.pull.MXParser::parseComment (486 bytes)
Event: 55.204 Thread 0x0000022195cc4940 nmethod 2243 0x00000221809f5d90 code [0x00000221809f61a0, 0x00000221809f7ca8]
Event: 55.204 Thread 0x0000022195cc4940 2245   !   3       org.apache.maven.model.ConfigurationContainer::clone (98 bytes)
Event: 55.205 Thread 0x0000022195cc4940 nmethod 2245 0x00000221809f8990 code [0x00000221809f8c60, 0x00000221809f9b68]
Event: 55.205 Thread 0x0000022195cc4940 2244       3       org.apache.maven.model.ConfigurationContainer::<init> (10 bytes)
Event: 55.205 Thread 0x0000022195cc4940 nmethod 2244 0x00000221809fa190 code [0x00000221809fa320, 0x00000221809fa498]

GC Heap History (4 events):
Event: 16.587 GC heap before
{Heap before GC invocations=0 (full 0):
 garbage-first heap   total 131072K, used 22528K [0x0000000081400000, 0x0000000100000000)
  region size 1024K, 23 young (23552K), 0 survivors (0K)
 Metaspace       used 4782K, committed 4928K, reserved 1056768K
  class space    used 565K, committed 640K, reserved 1048576K
}
Event: 16.597 GC heap after
{Heap after GC invocations=1 (full 0):
 garbage-first heap   total 131072K, used 3563K [0x0000000081400000, 0x0000000100000000)
  region size 1024K, 3 young (3072K), 3 survivors (3072K)
 Metaspace       used 4782K, committed 4928K, reserved 1056768K
  class space    used 565K, committed 640K, reserved 1048576K
}
Event: 39.556 GC heap before
{Heap before GC invocations=1 (full 0):
 garbage-first heap   total 131072K, used 35307K [0x0000000081400000, 0x0000000100000000)
  region size 1024K, 34 young (34816K), 3 survivors (3072K)
 Metaspace       used 10164K, committed 10304K, reserved 1064960K
  class space    used 1244K, committed 1344K, reserved 1048576K
}
Event: 39.567 GC heap after
{Heap after GC invocations=2 (full 0):
 garbage-first heap   total 131072K, used 5776K [0x0000000081400000, 0x0000000100000000)
  region size 1024K, 3 young (3072K), 3 survivors (3072K)
 Metaspace       used 10164K, committed 10304K, reserved 1064960K
  class space    used 1244K, committed 1344K, reserved 1048576K
}

Deoptimization events (20 events):
Event: 52.731 Thread 0x00000221f7afdcd0 Uncommon trap: trap_request=0xffffff45 fr.pc=0x0000022187b287e8 relative=0x0000000000000268
Event: 52.731 Thread 0x00000221f7afdcd0 Uncommon trap: reason=unstable_if action=reinterpret pc=0x0000022187b287e8 method=java.lang.String.decodeASCII([BI[CII)I @ 7 c2
Event: 52.731 Thread 0x00000221f7afdcd0 DEOPT PACKING pc=0x0000022187b287e8 sp=0x000000c94e6fc9a0
Event: 52.731 Thread 0x00000221f7afdcd0 DEOPT UNPACKING pc=0x00000221800523a3 sp=0x000000c94e6fc8d0 mode 2
Event: 53.756 Thread 0x00000221f7afdcd0 Uncommon trap: trap_request=0xffffffde fr.pc=0x0000022187b199c8 relative=0x00000000000009c8
Event: 53.756 Thread 0x00000221f7afdcd0 Uncommon trap: reason=class_check action=maybe_recompile pc=0x0000022187b199c8 method=java.util.HashMap.putVal(ILjava/lang/Object;Ljava/lang/Object;ZZ)Ljava/lang/Object; @ 203 c2
Event: 53.756 Thread 0x00000221f7afdcd0 DEOPT PACKING pc=0x0000022187b199c8 sp=0x000000c94e6fcee0
Event: 53.756 Thread 0x00000221f7afdcd0 DEOPT UNPACKING pc=0x00000221800523a3 sp=0x000000c94e6fce80 mode 2
Event: 53.760 Thread 0x00000221f7afdcd0 Uncommon trap: trap_request=0xffffff45 fr.pc=0x0000022187b90a34 relative=0x0000000000000294
Event: 53.760 Thread 0x00000221f7afdcd0 Uncommon trap: reason=unstable_if action=reinterpret pc=0x0000022187b90a34 method=java.lang.String.indexOf([BBILjava/lang/String;I)I @ 21 c2
Event: 53.760 Thread 0x00000221f7afdcd0 DEOPT PACKING pc=0x0000022187b90a34 sp=0x000000c94e6fcf90
Event: 53.760 Thread 0x00000221f7afdcd0 DEOPT UNPACKING pc=0x00000221800523a3 sp=0x000000c94e6fcef8 mode 2
Event: 53.773 Thread 0x00000221f7afdcd0 Uncommon trap: trap_request=0xffffff45 fr.pc=0x0000022187ba54cc relative=0x00000000000009cc
Event: 53.773 Thread 0x00000221f7afdcd0 Uncommon trap: reason=unstable_if action=reinterpret pc=0x0000022187ba54cc method=org.codehaus.plexus.util.xml.pull.MXParser.nextImpl()I @ 1161 c2
Event: 53.773 Thread 0x00000221f7afdcd0 DEOPT PACKING pc=0x0000022187ba54cc sp=0x000000c94e6fd560
Event: 53.773 Thread 0x00000221f7afdcd0 DEOPT UNPACKING pc=0x00000221800523a3 sp=0x000000c94e6fd4d0 mode 2
Event: 55.198 Thread 0x00000221f7afdcd0 Uncommon trap: trap_request=0xffffff45 fr.pc=0x0000022187b28cbc relative=0x000000000000023c
Event: 55.198 Thread 0x00000221f7afdcd0 Uncommon trap: reason=unstable_if action=reinterpret pc=0x0000022187b28cbc method=java.lang.String.decodeASCII([BI[CII)I @ 7 c2
Event: 55.198 Thread 0x00000221f7afdcd0 DEOPT PACKING pc=0x0000022187b28cbc sp=0x000000c94e6fca60
Event: 55.198 Thread 0x00000221f7afdcd0 DEOPT UNPACKING pc=0x00000221800523a3 sp=0x000000c94e6fca10 mode 2

Classes unloaded (0 events):
No events

Classes redefined (0 events):
No events

Internal exceptions (13 events):
Event: 3.254 Thread 0x00000221f7afdcd0 Exception <a 'java/lang/NullPointerException'{0x00000000890834d8}> (0x00000000890834d8) 
thrown [s\open\src\hotspot\share\interpreter\linkResolver.cpp, line 1350]
Event: 3.770 Thread 0x00000221f7afdcd0 Exception <a 'java/lang/NullPointerException'{0x00000000890d03a8}> (0x00000000890d03a8) 
thrown [s\open\src\hotspot\share\interpreter\linkResolver.cpp, line 1350]
Event: 3.770 Thread 0x00000221f7afdcd0 Exception <a 'java/lang/NullPointerException'{0x00000000890d0680}> (0x00000000890d0680) 
thrown [s\open\src\hotspot\share\interpreter\linkResolver.cpp, line 1350]
Event: 3.770 Thread 0x00000221f7afdcd0 Exception <a 'java/lang/NullPointerException'{0x00000000890d0958}> (0x00000000890d0958) 
thrown [s\open\src\hotspot\share\interpreter\linkResolver.cpp, line 1350]
Event: 3.772 Thread 0x00000221f7afdcd0 Exception <a 'java/lang/NullPointerException'{0x00000000890d62d8}> (0x00000000890d62d8) 
thrown [s\open\src\hotspot\share\interpreter\linkResolver.cpp, line 1350]
Event: 3.779 Thread 0x00000221f7afdcd0 Exception <a 'java/lang/NullPointerException'{0x00000000890eb690}> (0x00000000890eb690) 
thrown [s\open\src\hotspot\share\interpreter\linkResolver.cpp, line 1350]
Event: 3.779 Thread 0x00000221f7afdcd0 Exception <a 'java/lang/NullPointerException'{0x00000000890eb968}> (0x00000000890eb968) 
thrown [s\open\src\hotspot\share\interpreter\linkResolver.cpp, line 1350]
Event: 3.779 Thread 0x00000221f7afdcd0 Exception <a 'java/lang/NullPointerException'{0x00000000890ebc40}> (0x00000000890ebc40) 
thrown [s\open\src\hotspot\share\interpreter\linkResolver.cpp, line 1350]
Event: 3.779 Thread 0x00000221f7afdcd0 Exception <a 'java/lang/NullPointerException'{0x00000000890ebf18}> (0x00000000890ebf18) 
thrown [s\open\src\hotspot\share\interpreter\linkResolver.cpp, line 1350]
Event: 14.015 Thread 0x00000221f7afdcd0 Exception <a 'java/lang/NoSuchMethodError'{0x0000000088515190}: 'java.lang.Object java.lang.invoke.DirectMethodHandle$Holder.newInvokeSpecial(java.lang.Object, java.lang.Object, java.lang.Object, java.lang.Object, java.lang.Object)'> (0x0000000088515190) 
thrown [s\open\src\hotspot\share\interpreter\linkResolver.cpp, line 759]
Event: 14.232 Thread 0x00000221f7afdcd0 Exception <a 'java/lang/NoClassDefFoundError'{0x000000008847b558}: javax/enterprise/inject/Typed> (0x000000008847b558) 
thrown [s\open\src\hotspot\share\classfile\systemDictionary.cpp, line 245]
Event: 36.036 Thread 0x00000221f7afdcd0 Exception <a 'java/lang/NoClassDefFoundError'{0x000000008746af40}: com/google/inject/servlet/ServletModuleTargetVisitor> (0x000000008746af40) 
thrown [s\open\src\hotspot\share\classfile\systemDictionary.cpp, line 245]
Event: 39.573 Thread 0x00000221f7afdcd0 Exception <a 'java/lang/NoSuchMethodError'{0x0000000089322da0}: 'java.lang.Object java.lang.invoke.DirectMethodHandle$Holder.invokeStaticInit(java.lang.Object, int, int, int, int)'> (0x0000000089322da0) 
thrown [s\open\src\hotspot\share\interpreter\linkResolver.cpp, line 759]

VM Operations (20 events):
Event: 45.826 Executing VM operation: HandshakeAllThreads
Event: 45.826 Executing VM operation: HandshakeAllThreads done
Event: 45.827 Executing VM operation: HandshakeAllThreads
Event: 45.827 Executing VM operation: HandshakeAllThreads done
Event: 46.833 Executing VM operation: Cleanup
Event: 47.135 Executing VM operation: Cleanup done
Event: 48.138 Executing VM operation: Cleanup
Event: 49.502 Executing VM operation: Cleanup done
Event: 49.564 Executing VM operation: HandshakeAllThreads
Event: 49.564 Executing VM operation: HandshakeAllThreads done
Event: 49.565 Executing VM operation: HandshakeAllThreads
Event: 49.565 Executing VM operation: HandshakeAllThreads done
Event: 49.571 Executing VM operation: HandshakeAllThreads
Event: 49.571 Executing VM operation: HandshakeAllThreads done
Event: 50.584 Executing VM operation: Cleanup
Event: 50.605 Executing VM operation: Cleanup done
Event: 51.619 Executing VM operation: Cleanup
Event: 51.619 Executing VM operation: Cleanup done
Event: 54.640 Executing VM operation: Cleanup
Event: 55.070 Executing VM operation: Cleanup done

Events (20 events):
Event: 47.145 loading class java/lang/Short$ShortCache
Event: 47.145 loading class java/lang/Short$ShortCache done
Event: 47.145 loading class java/lang/Byte$ByteCache
Event: 47.145 loading class java/lang/Byte$ByteCache done
Event: 49.545 loading class java/util/LinkedList$ListItr
Event: 49.545 loading class java/util/LinkedList$ListItr done
Event: 49.563 loading class java/util/concurrent/locks/ReentrantReadWriteLock
Event: 49.563 loading class java/util/concurrent/locks/ReentrantReadWriteLock done
Event: 49.563 loading class java/util/concurrent/locks/ReentrantReadWriteLock$NonfairSync
Event: 49.563 loading class java/util/concurrent/locks/ReentrantReadWriteLock$Sync
Event: 49.563 loading class java/util/concurrent/locks/ReentrantReadWriteLock$Sync done
Event: 49.563 loading class java/util/concurrent/locks/ReentrantReadWriteLock$NonfairSync done
Event: 49.571 loading class java/util/concurrent/locks/ReentrantReadWriteLock$Sync$ThreadLocalHoldCounter
Event: 49.571 loading class java/util/concurrent/locks/ReentrantReadWriteLock$Sync$ThreadLocalHoldCounter done
Event: 49.571 loading class java/util/concurrent/locks/ReentrantReadWriteLock$ReadLock
Event: 49.571 loading class java/util/concurrent/locks/ReentrantReadWriteLock$ReadLock done
Event: 49.571 loading class java/util/concurrent/locks/ReentrantReadWriteLock$WriteLock
Event: 49.571 loading class java/util/concurrent/locks/ReentrantReadWriteLock$WriteLock done
Event: 50.640 loading class java/util/Formatter$FixedString
Event: 50.640 loading class java/util/Formatter$FixedString done


Dynamic libraries:
0x00007ff79b0e0000 - 0x00007ff79b0f0000 	C:\Program Files\Java\jdk-17.0.4.1\bin\java.exe
0x00007ff857e50000 - 0x00007ff858064000 	C:\WINDOWS\SYSTEM32\ntdll.dll
0x00007ff856a80000 - 0x00007ff856b42000 	C:\WINDOWS\System32\KERNEL32.DLL
0x00007ff8554e0000 - 0x00007ff855883000 	C:\WINDOWS\System32\KERNELBASE.dll
0x00007ff8559c0000 - 0x00007ff855ad1000 	C:\WINDOWS\System32\ucrtbase.dll
0x00007ff84abe0000 - 0x00007ff84abf8000 	C:\Program Files\Java\jdk-17.0.4.1\bin\jli.dll
0x00007ff8570a0000 - 0x00007ff85714e000 	C:\WINDOWS\System32\ADVAPI32.dll
0x00007ff8569d0000 - 0x00007ff856a77000 	C:\WINDOWS\System32\msvcrt.dll
0x00007ff857470000 - 0x00007ff857514000 	C:\WINDOWS\System32\sechost.dll
0x00007ff857ad0000 - 0x00007ff857be7000 	C:\WINDOWS\System32\RPCRT4.dll
0x00007ff855ee0000 - 0x00007ff85608b000 	C:\WINDOWS\System32\USER32.dll
0x00007ff855c00000 - 0x00007ff855c26000 	C:\WINDOWS\System32\win32u.dll
0x00007ff856b70000 - 0x00007ff856b99000 	C:\WINDOWS\System32\GDI32.dll
0x00007ff855250000 - 0x00007ff855369000 	C:\WINDOWS\System32\gdi32full.dll
0x00007ff855ae0000 - 0x00007ff855b7a000 	C:\WINDOWS\System32\msvcp_win.dll
0x00007ff84c4f0000 - 0x00007ff84c50a000 	C:\Program Files\Java\jdk-17.0.4.1\bin\VCRUNTIME140.dll
0x00007ff83a430000 - 0x00007ff83a6be000 	C:\WINDOWS\WinSxS\amd64_microsoft.windows.common-controls_6595b64144ccf1df_6.0.22621.1635_none_270f70857386168e\COMCTL32.dll
0x00007ff849df0000 - 0x00007ff849dfa000 	C:\WINDOWS\SYSTEM32\VERSION.dll
0x00007ff856ba0000 - 0x00007ff856bd1000 	C:\WINDOWS\System32\IMM32.DLL
0x00007ff84e040000 - 0x00007ff84e04c000 	C:\Program Files\Java\jdk-17.0.4.1\bin\vcruntime140_1.dll
0x00007ff8421c0000 - 0x00007ff84224d000 	C:\Program Files\Java\jdk-17.0.4.1\bin\msvcp140.dll
0x00007fffeb090000 - 0x00007fffebc52000 	C:\Program Files\Java\jdk-17.0.4.1\bin\server\jvm.dll
0x00007ff857460000 - 0x00007ff857468000 	C:\WINDOWS\System32\PSAPI.DLL
0x00007ff84ad00000 - 0x00007ff84ad09000 	C:\WINDOWS\SYSTEM32\WSOCK32.dll
0x00007ff855d30000 - 0x00007ff855da1000 	C:\WINDOWS\System32\WS2_32.dll
0x00007ff849850000 - 0x00007ff849884000 	C:\WINDOWS\SYSTEM32\WINMM.dll
0x00007ff854390000 - 0x00007ff8543a8000 	C:\WINDOWS\SYSTEM32\kernel.appcore.dll
0x00007ff84b650000 - 0x00007ff84b65a000 	C:\Program Files\Java\jdk-17.0.4.1\bin\jimage.dll
0x00007ff852e00000 - 0x00007ff85302e000 	C:\WINDOWS\SYSTEM32\DBGHELP.DLL
0x00007ff856c60000 - 0x00007ff856fe9000 	C:\WINDOWS\System32\combase.dll
0x00007ff8571e0000 - 0x00007ff8572b7000 	C:\WINDOWS\System32\OLEAUT32.dll
0x00007ff83ef60000 - 0x00007ff83ef92000 	C:\WINDOWS\SYSTEM32\dbgcore.DLL
0x00007ff855b80000 - 0x00007ff855bfb000 	C:\WINDOWS\System32\bcryptPrimitives.dll
0x00007ff84ac40000 - 0x00007ff84ac65000 	C:\Program Files\Java\jdk-17.0.4.1\bin\java.dll
0x00007ff8460e0000 - 0x00007ff8461b6000 	C:\Program Files\Java\jdk-17.0.4.1\bin\jsvml.dll
0x00007ff8560b0000 - 0x00007ff8568aa000 	C:\WINDOWS\System32\SHELL32.dll
0x00007ff853260000 - 0x00007ff853b2e000 	C:\WINDOWS\SYSTEM32\windows.storage.dll
0x00007ff853030000 - 0x00007ff85316e000 	C:\WINDOWS\SYSTEM32\wintypes.dll
0x00007ff8579b0000 - 0x00007ff857aa1000 	C:\WINDOWS\System32\SHCORE.dll
0x00007ff8568b0000 - 0x00007ff85690e000 	C:\WINDOWS\System32\shlwapi.dll
0x00007ff855180000 - 0x00007ff8551a1000 	C:\WINDOWS\SYSTEM32\profapi.dll
0x00007ff84ad10000 - 0x00007ff84ad29000 	C:\Program Files\Java\jdk-17.0.4.1\bin\net.dll
0x00007ff849890000 - 0x00007ff8499c7000 	C:\WINDOWS\SYSTEM32\WINHTTP.dll
0x00007ff854800000 - 0x00007ff854869000 	C:\WINDOWS\system32\mswsock.dll
0x00007ff849ba0000 - 0x00007ff849bb6000 	C:\Program Files\Java\jdk-17.0.4.1\bin\nio.dll
0x00007ff849af0000 - 0x00007ff849b08000 	C:\Program Files\Java\jdk-17.0.4.1\bin\zip.dll
0x0000000069ac0000 - 0x0000000069ae4000 	C:\Program Files\NetBeans-14\netbeans\java\maven\lib\jansi-native\Windows\x86_64\jansi.dll
0x00007ff84af30000 - 0x00007ff84af40000 	C:\Program Files\Java\jdk-17.0.4.1\bin\verify.dll

dbghelp: loaded successfully - version: 4.0.5 - missing functions: none
symbol engine: initialized successfully - sym options: 0x614 - pdb path: .;C:\Program Files\Java\jdk-17.0.4.1\bin;C:\WINDOWS\SYSTEM32;C:\WINDOWS\WinSxS\amd64_microsoft.windows.common-controls_6595b64144ccf1df_6.0.22621.1635_none_270f70857386168e;C:\Program Files\Java\jdk-17.0.4.1\bin\server;C:\Program Files\NetBeans-14\netbeans\java\maven\lib\jansi-native\Windows\x86_64

VM Arguments:
jvm_args: -Dclassworlds.conf=C:\Program Files\NetBeans-14\netbeans\java\maven\bin\m2.conf -Dmaven.home=C:\Program Files\NetBeans-14\netbeans\java\maven -Dlibrary.jansi.path=C:\Program Files\NetBeans-14\netbeans\java\maven\lib\jansi-native -Dmaven.multiModuleProjectDirectory=C:\Senac\curso ds\ProjetoIntegradorUC05\Atividade5diversos\Atividade5PIUC05 
java_command: org.codehaus.plexus.classworlds.launcher.Launcher -Dmaven.ext.class.path=C:\Program Files\NetBeans-14\netbeans\java\maven-nblib\netbeans-eventspy.jar -Dfile.encoding=UTF-8 install
java_class_path (initial): C:\Program Files\NetBeans-14\netbeans\java\maven\boot\plexus-classworlds-2.6.0.jar
Launcher Type: SUN_STANDARD

[Global flags]
     intx CICompilerCount                          = 4                                         {product} {ergonomic}
     uint ConcGCThreads                            = 2                                         {product} {ergonomic}
     uint G1ConcRefinementThreads                  = 8                                         {product} {ergonomic}
   size_t G1HeapRegionSize                         = 1048576                                   {product} {ergonomic}
    uintx GCDrainStackTargetSize                   = 64                                        {product} {ergonomic}
   size_t InitialHeapSize                          = 134217728                                 {product} {ergonomic}
   size_t MarkStackSize                            = 4194304                                   {product} {ergonomic}
   size_t MaxHeapSize                              = 2126512128                                {product} {ergonomic}
   size_t MaxNewSize                               = 1275068416                                {product} {ergonomic}
   size_t MinHeapDeltaBytes                        = 1048576                                   {product} {ergonomic}
   size_t MinHeapSize                              = 8388608                                   {product} {ergonomic}
    uintx NonNMethodCodeHeapSize                   = 5839372                                {pd product} {ergonomic}
    uintx NonProfiledCodeHeapSize                  = 122909434                              {pd product} {ergonomic}
    uintx ProfiledCodeHeapSize                     = 122909434                              {pd product} {ergonomic}
    uintx ReservedCodeCacheSize                    = 251658240                              {pd product} {ergonomic}
     bool SegmentedCodeCache                       = true                                      {product} {ergonomic}
   size_t SoftMaxHeapSize                          = 2126512128                             {manageable} {ergonomic}
     bool UseCompressedClassPointers               = true                           {product lp64_product} {ergonomic}
     bool UseCompressedOops                        = true                           {product lp64_product} {ergonomic}
     bool UseG1GC                                  = true                                      {product} {ergonomic}
     bool UseLargePagesIndividualAllocation        = false                                  {pd product} {ergonomic}

Logging:
Log output configuration:
 #0: stdout all=warning uptime,level,tags
 #1: stderr all=off uptime,level,tags

Environment Variables:
JAVA_HOME=C:\Program Files\Java\jdk-17.0.4.1
PATH=C:\Program Files\Common Files\Oracle\Java\javapath;C:\ProgramData\Oracle\Java\javapath;C:\Program Files (x86)\Intel\Intel(R) Management Engine Components\iCLS\;C:\Program Files\Intel\Intel(R) Management Engine Components\iCLS\;C:\windows\system32;C:\windows;C:\windows\System32\Wbem;C:\windows\System32\WindowsPowerShell\v1.0\;C:\windows\System32\OpenSSH\;C:\Program Files (x86)\NVIDIA Corporation\PhysX\Common;C:\Program Files (x86)\Intel\Intel(R) Management Engine Components\DAL;C:\Program Files\Intel\Intel(R) Management Engine Components\DAL;C:\Program Files (x86)\Intel\Intel(R) Management Engine Components\IPT;C:\Program Files\Intel\Intel(R) Management Engine Components\IPT;C:\WINDOWS\system32;C:\WINDOWS;C:\WINDOWS\System32\Wbem;C:\WINDOWS\System32\WindowsPowerShell\v1.0\;C:\WINDOWS\System32\OpenSSH\;C:\Program Files\nodejs\;C:\ProgramData\UNIVALI\Portugol Studio;C:\Program Files\Git\cmd;C:\Users\larak\AppData\Local\Microsoft\WindowsApps;C:\Program Files\JetBrains\PyCharm Community Edition 2020.3.3\bin;;C:\Users\larak\AppData\Local\Programs\Microsoft VS Code\bin;C:\Users\larak\AppData\Roaming\npm;
USERNAME=larak
OS=Windows_NT
PROCESSOR_IDENTIFIER=Intel64 Family 6 Model 142 Stepping 10, GenuineIntel



---------------  S Y S T E M  ---------------

OS:
 Windows 11 , 64 bit Build 22621 (10.0.22621.1778)
OS uptime: 1 days 18:35 hours

CPU: total 8 (initial active 8) (4 cores per cpu, 2 threads per core) family 6 model 142 stepping 10 microcode 0xe0, cx8, cmov, fxsr, ht, mmx, 3dnowpref, sse, sse2, sse3, ssse3, sse4.1, sse4.2, popcnt, lzcnt, tsc, tscinvbit, avx, avx2, aes, erms, clmul, bmi1, bmi2, adx, fma, vzeroupper, clflush, clflushopt

Memory: 4k page, system-wide physical 8106M (166M free)
TotalPageFile size 32682M (AvailPageFile size 5M)
current process WorkingSet (physical memory assigned to process): 90M, peak: 100M
current process commit charge ("private bytes"): 233M, peak: 241M

vm_info: Java HotSpot(TM) 64-Bit Server VM (17.0.4.1+1-LTS-2) for windows-amd64 JRE (17.0.4.1+1-LTS-2), built on Aug 16 2022 18:32:06 by "mach5one" with MS VC++ 16.8 / 16.9 (VS2019)

END.
