#
# There is insufficient memory for the Java Runtime Environment to continue.
# Native memory allocation (malloc) failed to allocate 32784 bytes for Chunk::new
# Possible reasons:
#   The system is out of physical RAM or swap space
#   The process is running with CompressedOops enabled, and the Java Heap may be blocking the growth of the native heap
# Possible solutions:
#   Reduce memory load on the system
#   Increase physical memory or swap space
#   Check if swap backing store is full
#   Decrease Java heap size (-Xmx/-Xms)
#   Decrease number of Java threads
#   Decrease Java thread stack sizes (-Xss)
#   Set larger code cache with -XX:ReservedCodeCacheSize=
#   JVM is running with Unscaled Compressed Oops mode in which the Java heap is
#     placed in the first 4GB address space. The Java Heap base address is the
#     maximum limit for the native heap growth. Please use -XX:HeapBaseMinAddress
#     to set the Java Heap base and to place the Java Heap above 4GB virtual address.
# This output file may be truncated or incomplete.
#
#  Out of Memory Error (arena.cpp:189), pid=18468, tid=21908
#
# JRE version: Java(TM) SE Runtime Environment (17.0.4.1+1) (build 17.0.4.1+1-LTS-2)
# Java VM: Java HotSpot(TM) 64-Bit Server VM (17.0.4.1+1-LTS-2, mixed mode, sharing, tiered, compressed oops, compressed class ptrs, g1 gc, windows-amd64)
# No core dump will be written. Minidumps are not enabled by default on client versions of Windows
#

---------------  S U M M A R Y ------------

Command Line: -Dclassworlds.conf=C:\Program Files\NetBeans-14\netbeans\java\maven\bin\m2.conf -Dmaven.home=C:\Program Files\NetBeans-14\netbeans\java\maven -Dlibrary.jansi.path=C:\Program Files\NetBeans-14\netbeans\java\maven\lib\jansi-native -Dmaven.multiModuleProjectDirectory=C:\Senac\curso ds\exercicios\uc7\Atividade5PIUC05 org.codehaus.plexus.classworlds.launcher.Launcher -Dmaven.ext.class.path=C:\Program Files\NetBeans-14\netbeans\java\maven-nblib\netbeans-eventspy.jar -Dfile.encoding=UTF-8 install

Host: Intel(R) Core(TM) i5-8250U CPU @ 1.60GHz, 8 cores, 7G,  Windows 11 , 64 bit Build 22621 (10.0.22621.1778)
Time: Fri Jun  9 22:29:23 2023 Hora oficial do Brasil elapsed time: 22.521751 seconds (0d 0h 0m 22s)

---------------  T H R E A D  ---------------

Current thread (0x000002ff554d4780):  JavaThread "C2 CompilerThread0" daemon [_thread_in_native, id=21908, stack(0x000000ff61100000,0x000000ff61200000)]


Current CompileTask:
C2:  22521 1150   !   4       java.util.concurrent.ConcurrentHashMap::transfer (849 bytes)

Stack: [0x000000ff61100000,0x000000ff61200000]
Native frames: (J=compiled Java code, j=interpreted, Vv=VM code, C=native code)
V  [jvm.dll+0x6723ba]
V  [jvm.dll+0x7d1e34]
V  [jvm.dll+0x7d35de]
V  [jvm.dll+0x7d3c43]
V  [jvm.dll+0x243065]
V  [jvm.dll+0xaa57b]
V  [jvm.dll+0xaab0c]
V  [jvm.dll+0xaa68b]
V  [jvm.dll+0x650bbc]
V  [jvm.dll+0x21cc69]
V  [jvm.dll+0x695641]
V  [jvm.dll+0x2152f9]
V  [jvm.dll+0x1a1fcd]
V  [jvm.dll+0x224e08]
V  [jvm.dll+0x222f75]
V  [jvm.dll+0x787a0b]
V  [jvm.dll+0x781fca]
V  [jvm.dll+0x671245]
C  [ucrtbase.dll+0x29363]
C  [KERNEL32.DLL+0x126ad]
C  [ntdll.dll+0x5a9f8]


---------------  P R O C E S S  ---------------

Threads class SMR info:
_java_thread_list=0x000002ff567a7fa0, length=12, elements={
0x000002ff3738d9d0, 0x000002ff554b6a60, 0x000002ff554b7db0, 0x000002ff554cfbd0,
0x000002ff554d2690, 0x000002ff554d3040, 0x000002ff554d39f0, 0x000002ff554d4780,
0x000002ff554d79d0, 0x000002ff56008070, 0x000002ff560f4cb0, 0x000002ff560fd790
}

Java Threads: ( => current thread )
  0x000002ff3738d9d0 JavaThread "main" [_thread_in_native, id=20496, stack(0x000000ff60300000,0x000000ff60400000)]
  0x000002ff554b6a60 JavaThread "Reference Handler" daemon [_thread_blocked, id=21884, stack(0x000000ff60b00000,0x000000ff60c00000)]
  0x000002ff554b7db0 JavaThread "Finalizer" daemon [_thread_blocked, id=21888, stack(0x000000ff60c00000,0x000000ff60d00000)]
  0x000002ff554cfbd0 JavaThread "Signal Dispatcher" daemon [_thread_blocked, id=21892, stack(0x000000ff60d00000,0x000000ff60e00000)]
  0x000002ff554d2690 JavaThread "Attach Listener" daemon [_thread_blocked, id=21896, stack(0x000000ff60e00000,0x000000ff60f00000)]
  0x000002ff554d3040 JavaThread "Service Thread" daemon [_thread_blocked, id=21900, stack(0x000000ff60f00000,0x000000ff61000000)]
  0x000002ff554d39f0 JavaThread "Monitor Deflation Thread" daemon [_thread_blocked, id=21904, stack(0x000000ff61000000,0x000000ff61100000)]
=>0x000002ff554d4780 JavaThread "C2 CompilerThread0" daemon [_thread_in_native, id=21908, stack(0x000000ff61100000,0x000000ff61200000)]
  0x000002ff554d79d0 JavaThread "C1 CompilerThread0" daemon [_thread_in_native, id=21912, stack(0x000000ff61200000,0x000000ff61300000)]
  0x000002ff56008070 JavaThread "Sweeper thread" daemon [_thread_blocked, id=21916, stack(0x000000ff61300000,0x000000ff61400000)]
  0x000002ff560f4cb0 JavaThread "Notification Thread" daemon [_thread_blocked, id=21968, stack(0x000000ff61400000,0x000000ff61500000)]
  0x000002ff560fd790 JavaThread "Common-Cleaner" daemon [_thread_blocked, id=22332, stack(0x000000ff61600000,0x000000ff61700000)]

Other Threads:
  0x000002ff554b1a40 VMThread "VM Thread" [stack: 0x000000ff60a00000,0x000000ff60b00000] [id=21276]
  0x000002ff560f5180 WatcherThread [stack: 0x000000ff61500000,0x000000ff61600000] [id=21972]
  0x000002ff373e8a50 GCTaskThread "GC Thread#0" [stack: 0x000000ff60500000,0x000000ff60600000] [id=21248]
  0x000002ff5699a180 GCTaskThread "GC Thread#1" [stack: 0x000000ff61700000,0x000000ff61800000] [id=28648]
  0x000002ff5699c010 GCTaskThread "GC Thread#2" [stack: 0x000000ff61800000,0x000000ff61900000] [id=28652]
  0x000002ff565a8fe0 GCTaskThread "GC Thread#3" [stack: 0x000000ff61900000,0x000000ff61a00000] [id=28660]
  0x000002ff565a9290 GCTaskThread "GC Thread#4" [stack: 0x000000ff61a00000,0x000000ff61b00000] [id=28664]
  0x000002ff565a9540 GCTaskThread "GC Thread#5" [stack: 0x000000ff61b00000,0x000000ff61c00000] [id=28668]
  0x000002ff565a97f0 GCTaskThread "GC Thread#6" [stack: 0x000000ff61c00000,0x000000ff61d00000] [id=26092]
  0x000002ff373f9710 ConcurrentGCThread "G1 Main Marker" [stack: 0x000000ff60600000,0x000000ff60700000] [id=21252]
  0x000002ff373fa130 ConcurrentGCThread "G1 Conc#0" [stack: 0x000000ff60700000,0x000000ff60800000] [id=21256]
  0x000002ff5536c530 ConcurrentGCThread "G1 Refine#0" [stack: 0x000000ff60800000,0x000000ff60900000] [id=21260]
  0x000002ff5536cd00 ConcurrentGCThread "G1 Service" [stack: 0x000000ff60900000,0x000000ff60a00000] [id=21264]

Threads with active compile tasks:
C2 CompilerThread0    22565 1150   !   4       java.util.concurrent.ConcurrentHashMap::transfer (849 bytes)
C1 CompilerThread0    22565 1155       3       org.fusesource.jansi.io.AnsiOutputStream::write (898 bytes)

VM state: not at safepoint (normal execution)

VM Mutex/Monitor currently owned by a thread: None

OutOfMemory and StackOverflow Exception counts:
OutOfMemoryError java_heap_errors=1
LinkageErrors=2

Heap address: 0x0000000081400000, size: 2028 MB, Compressed Oops mode: 32-bit

CDS archive(s) mapped at: [0x0000000800000000-0x0000000800bc0000-0x0000000800bc0000), size 12320768, SharedBaseAddress: 0x0000000800000000, ArchiveRelocationMode: 0.
Compressed class space mapped at: 0x0000000800c00000-0x0000000840c00000, reserved size: 1073741824
Narrow klass base: 0x0000000800000000, Narrow klass shift: 0, Narrow klass range: 0x100000000

GC Precious Log:
 CPUs: 8 total, 8 available
 Memory: 8106M
 Large Page Support: Disabled
 NUMA Support: Disabled
 Compressed Oops: Enabled (32-bit)
 Heap Region Size: 1M
 Heap Min Capacity: 8M
 Heap Initial Capacity: 128M
 Heap Max Capacity: 2028M
 Pre-touch: Disabled
 Parallel Workers: 8
 Concurrent Workers: 2
 Concurrent Refinement Workers: 8
 Periodic GC: Disabled

Heap:
 garbage-first heap   total 131072K, used 6604K [0x0000000081400000, 0x0000000100000000)
  region size 1024K, 7 young (7168K), 3 survivors (3072K)
 Metaspace       used 5325K, committed 5504K, reserved 1056768K
  class space    used 619K, committed 704K, reserved 1048576K

Heap Regions: E=young(eden), S=young(survivor), O=old, HS=humongous(starts), HC=humongous(continues), CS=collection set, F=free, OA=open archive, CA=closed archive, TAMS=top-at-mark-start (previous, next)
|   0|0x0000000081400000, 0x0000000081473200, 0x0000000081500000| 44%| O|  |TAMS 0x0000000081400000, 0x0000000081400000| Untracked 
|   1|0x0000000081500000, 0x0000000081500000, 0x0000000081600000|  0%| F|  |TAMS 0x0000000081500000, 0x0000000081500000| Untracked 
|   2|0x0000000081600000, 0x0000000081600000, 0x0000000081700000|  0%| F|  |TAMS 0x0000000081600000, 0x0000000081600000| Untracked 
|   3|0x0000000081700000, 0x0000000081700000, 0x0000000081800000|  0%| F|  |TAMS 0x0000000081700000, 0x0000000081700000| Untracked 
|   4|0x0000000081800000, 0x0000000081800000, 0x0000000081900000|  0%| F|  |TAMS 0x0000000081800000, 0x0000000081800000| Untracked 
|   5|0x0000000081900000, 0x0000000081900000, 0x0000000081a00000|  0%| F|  |TAMS 0x0000000081900000, 0x0000000081900000| Untracked 
|   6|0x0000000081a00000, 0x0000000081a00000, 0x0000000081b00000|  0%| F|  |TAMS 0x0000000081a00000, 0x0000000081a00000| Untracked 
|   7|0x0000000081b00000, 0x0000000081b00000, 0x0000000081c00000|  0%| F|  |TAMS 0x0000000081b00000, 0x0000000081b00000| Untracked 
|   8|0x0000000081c00000, 0x0000000081c00000, 0x0000000081d00000|  0%| F|  |TAMS 0x0000000081c00000, 0x0000000081c00000| Untracked 
|   9|0x0000000081d00000, 0x0000000081d00000, 0x0000000081e00000|  0%| F|  |TAMS 0x0000000081d00000, 0x0000000081d00000| Untracked 
|  10|0x0000000081e00000, 0x0000000081e00000, 0x0000000081f00000|  0%| F|  |TAMS 0x0000000081e00000, 0x0000000081e00000| Untracked 
|  11|0x0000000081f00000, 0x0000000081f00000, 0x0000000082000000|  0%| F|  |TAMS 0x0000000081f00000, 0x0000000081f00000| Untracked 
|  12|0x0000000082000000, 0x0000000082000000, 0x0000000082100000|  0%| F|  |TAMS 0x0000000082000000, 0x0000000082000000| Untracked 
|  13|0x0000000082100000, 0x0000000082100000, 0x0000000082200000|  0%| F|  |TAMS 0x0000000082100000, 0x0000000082100000| Untracked 
|  14|0x0000000082200000, 0x0000000082200000, 0x0000000082300000|  0%| F|  |TAMS 0x0000000082200000, 0x0000000082200000| Untracked 
|  15|0x0000000082300000, 0x0000000082300000, 0x0000000082400000|  0%| F|  |TAMS 0x0000000082300000, 0x0000000082300000| Untracked 
|  16|0x0000000082400000, 0x0000000082400000, 0x0000000082500000|  0%| F|  |TAMS 0x0000000082400000, 0x0000000082400000| Untracked 
|  17|0x0000000082500000, 0x0000000082500000, 0x0000000082600000|  0%| F|  |TAMS 0x0000000082500000, 0x0000000082500000| Untracked 
|  18|0x0000000082600000, 0x0000000082600000, 0x0000000082700000|  0%| F|  |TAMS 0x0000000082600000, 0x0000000082600000| Untracked 
|  19|0x0000000082700000, 0x0000000082700000, 0x0000000082800000|  0%| F|  |TAMS 0x0000000082700000, 0x0000000082700000| Untracked 
|  20|0x0000000082800000, 0x0000000082800000, 0x0000000082900000|  0%| F|  |TAMS 0x0000000082800000, 0x0000000082800000| Untracked 
|  21|0x0000000082900000, 0x0000000082900000, 0x0000000082a00000|  0%| F|  |TAMS 0x0000000082900000, 0x0000000082900000| Untracked 
|  22|0x0000000082a00000, 0x0000000082a00000, 0x0000000082b00000|  0%| F|  |TAMS 0x0000000082a00000, 0x0000000082a00000| Untracked 
|  23|0x0000000082b00000, 0x0000000082b00000, 0x0000000082c00000|  0%| F|  |TAMS 0x0000000082b00000, 0x0000000082b00000| Untracked 
|  24|0x0000000082c00000, 0x0000000082c00000, 0x0000000082d00000|  0%| F|  |TAMS 0x0000000082c00000, 0x0000000082c00000| Untracked 
|  25|0x0000000082d00000, 0x0000000082d00000, 0x0000000082e00000|  0%| F|  |TAMS 0x0000000082d00000, 0x0000000082d00000| Untracked 
|  26|0x0000000082e00000, 0x0000000082e00000, 0x0000000082f00000|  0%| F|  |TAMS 0x0000000082e00000, 0x0000000082e00000| Untracked 
|  27|0x0000000082f00000, 0x0000000082f00000, 0x0000000083000000|  0%| F|  |TAMS 0x0000000082f00000, 0x0000000082f00000| Untracked 
|  28|0x0000000083000000, 0x0000000083000000, 0x0000000083100000|  0%| F|  |TAMS 0x0000000083000000, 0x0000000083000000| Untracked 
|  29|0x0000000083100000, 0x0000000083100000, 0x0000000083200000|  0%| F|  |TAMS 0x0000000083100000, 0x0000000083100000| Untracked 
|  30|0x0000000083200000, 0x0000000083200000, 0x0000000083300000|  0%| F|  |TAMS 0x0000000083200000, 0x0000000083200000| Untracked 
|  31|0x0000000083300000, 0x0000000083300000, 0x0000000083400000|  0%| F|  |TAMS 0x0000000083300000, 0x0000000083300000| Untracked 
|  32|0x0000000083400000, 0x0000000083400000, 0x0000000083500000|  0%| F|  |TAMS 0x0000000083400000, 0x0000000083400000| Untracked 
|  33|0x0000000083500000, 0x0000000083500000, 0x0000000083600000|  0%| F|  |TAMS 0x0000000083500000, 0x0000000083500000| Untracked 
|  34|0x0000000083600000, 0x0000000083600000, 0x0000000083700000|  0%| F|  |TAMS 0x0000000083600000, 0x0000000083600000| Untracked 
|  35|0x0000000083700000, 0x0000000083700000, 0x0000000083800000|  0%| F|  |TAMS 0x0000000083700000, 0x0000000083700000| Untracked 
|  36|0x0000000083800000, 0x0000000083800000, 0x0000000083900000|  0%| F|  |TAMS 0x0000000083800000, 0x0000000083800000| Untracked 
|  37|0x0000000083900000, 0x0000000083900000, 0x0000000083a00000|  0%| F|  |TAMS 0x0000000083900000, 0x0000000083900000| Untracked 
|  38|0x0000000083a00000, 0x0000000083a00000, 0x0000000083b00000|  0%| F|  |TAMS 0x0000000083a00000, 0x0000000083a00000| Untracked 
|  39|0x0000000083b00000, 0x0000000083b00000, 0x0000000083c00000|  0%| F|  |TAMS 0x0000000083b00000, 0x0000000083b00000| Untracked 
|  40|0x0000000083c00000, 0x0000000083c00000, 0x0000000083d00000|  0%| F|  |TAMS 0x0000000083c00000, 0x0000000083c00000| Untracked 
|  41|0x0000000083d00000, 0x0000000083d00000, 0x0000000083e00000|  0%| F|  |TAMS 0x0000000083d00000, 0x0000000083d00000| Untracked 
|  42|0x0000000083e00000, 0x0000000083e00000, 0x0000000083f00000|  0%| F|  |TAMS 0x0000000083e00000, 0x0000000083e00000| Untracked 
|  43|0x0000000083f00000, 0x0000000083f00000, 0x0000000084000000|  0%| F|  |TAMS 0x0000000083f00000, 0x0000000083f00000| Untracked 
|  44|0x0000000084000000, 0x0000000084000000, 0x0000000084100000|  0%| F|  |TAMS 0x0000000084000000, 0x0000000084000000| Untracked 
|  45|0x0000000084100000, 0x0000000084100000, 0x0000000084200000|  0%| F|  |TAMS 0x0000000084100000, 0x0000000084100000| Untracked 
|  46|0x0000000084200000, 0x0000000084200000, 0x0000000084300000|  0%| F|  |TAMS 0x0000000084200000, 0x0000000084200000| Untracked 
|  47|0x0000000084300000, 0x0000000084300000, 0x0000000084400000|  0%| F|  |TAMS 0x0000000084300000, 0x0000000084300000| Untracked 
|  48|0x0000000084400000, 0x0000000084400000, 0x0000000084500000|  0%| F|  |TAMS 0x0000000084400000, 0x0000000084400000| Untracked 
|  49|0x0000000084500000, 0x0000000084500000, 0x0000000084600000|  0%| F|  |TAMS 0x0000000084500000, 0x0000000084500000| Untracked 
|  50|0x0000000084600000, 0x0000000084600000, 0x0000000084700000|  0%| F|  |TAMS 0x0000000084600000, 0x0000000084600000| Untracked 
|  51|0x0000000084700000, 0x0000000084700000, 0x0000000084800000|  0%| F|  |TAMS 0x0000000084700000, 0x0000000084700000| Untracked 
|  52|0x0000000084800000, 0x0000000084800000, 0x0000000084900000|  0%| F|  |TAMS 0x0000000084800000, 0x0000000084800000| Untracked 
|  53|0x0000000084900000, 0x0000000084900000, 0x0000000084a00000|  0%| F|  |TAMS 0x0000000084900000, 0x0000000084900000| Untracked 
|  54|0x0000000084a00000, 0x0000000084a00000, 0x0000000084b00000|  0%| F|  |TAMS 0x0000000084a00000, 0x0000000084a00000| Untracked 
|  55|0x0000000084b00000, 0x0000000084b00000, 0x0000000084c00000|  0%| F|  |TAMS 0x0000000084b00000, 0x0000000084b00000| Untracked 
|  56|0x0000000084c00000, 0x0000000084c00000, 0x0000000084d00000|  0%| F|  |TAMS 0x0000000084c00000, 0x0000000084c00000| Untracked 
|  57|0x0000000084d00000, 0x0000000084d00000, 0x0000000084e00000|  0%| F|  |TAMS 0x0000000084d00000, 0x0000000084d00000| Untracked 
|  58|0x0000000084e00000, 0x0000000084e00000, 0x0000000084f00000|  0%| F|  |TAMS 0x0000000084e00000, 0x0000000084e00000| Untracked 
|  59|0x0000000084f00000, 0x0000000084f00000, 0x0000000085000000|  0%| F|  |TAMS 0x0000000084f00000, 0x0000000084f00000| Untracked 
|  60|0x0000000085000000, 0x0000000085000000, 0x0000000085100000|  0%| F|  |TAMS 0x0000000085000000, 0x0000000085000000| Untracked 
|  61|0x0000000085100000, 0x0000000085100000, 0x0000000085200000|  0%| F|  |TAMS 0x0000000085100000, 0x0000000085100000| Untracked 
|  62|0x0000000085200000, 0x0000000085200000, 0x0000000085300000|  0%| F|  |TAMS 0x0000000085200000, 0x0000000085200000| Untracked 
|  63|0x0000000085300000, 0x0000000085300000, 0x0000000085400000|  0%| F|  |TAMS 0x0000000085300000, 0x0000000085300000| Untracked 
|  64|0x0000000085400000, 0x0000000085400000, 0x0000000085500000|  0%| F|  |TAMS 0x0000000085400000, 0x0000000085400000| Untracked 
|  65|0x0000000085500000, 0x0000000085500000, 0x0000000085600000|  0%| F|  |TAMS 0x0000000085500000, 0x0000000085500000| Untracked 
|  66|0x0000000085600000, 0x0000000085600000, 0x0000000085700000|  0%| F|  |TAMS 0x0000000085600000, 0x0000000085600000| Untracked 
|  67|0x0000000085700000, 0x0000000085700000, 0x0000000085800000|  0%| F|  |TAMS 0x0000000085700000, 0x0000000085700000| Untracked 
|  68|0x0000000085800000, 0x0000000085800000, 0x0000000085900000|  0%| F|  |TAMS 0x0000000085800000, 0x0000000085800000| Untracked 
|  69|0x0000000085900000, 0x0000000085900000, 0x0000000085a00000|  0%| F|  |TAMS 0x0000000085900000, 0x0000000085900000| Untracked 
|  70|0x0000000085a00000, 0x0000000085a00000, 0x0000000085b00000|  0%| F|  |TAMS 0x0000000085a00000, 0x0000000085a00000| Untracked 
|  71|0x0000000085b00000, 0x0000000085b00000, 0x0000000085c00000|  0%| F|  |TAMS 0x0000000085b00000, 0x0000000085b00000| Untracked 
|  72|0x0000000085c00000, 0x0000000085c00000, 0x0000000085d00000|  0%| F|  |TAMS 0x0000000085c00000, 0x0000000085c00000| Untracked 
|  73|0x0000000085d00000, 0x0000000085d00000, 0x0000000085e00000|  0%| F|  |TAMS 0x0000000085d00000, 0x0000000085d00000| Untracked 
|  74|0x0000000085e00000, 0x0000000085e00000, 0x0000000085f00000|  0%| F|  |TAMS 0x0000000085e00000, 0x0000000085e00000| Untracked 
|  75|0x0000000085f00000, 0x0000000085f00000, 0x0000000086000000|  0%| F|  |TAMS 0x0000000085f00000, 0x0000000085f00000| Untracked 
|  76|0x0000000086000000, 0x0000000086000000, 0x0000000086100000|  0%| F|  |TAMS 0x0000000086000000, 0x0000000086000000| Untracked 
|  77|0x0000000086100000, 0x0000000086100000, 0x0000000086200000|  0%| F|  |TAMS 0x0000000086100000, 0x0000000086100000| Untracked 
|  78|0x0000000086200000, 0x0000000086200000, 0x0000000086300000|  0%| F|  |TAMS 0x0000000086200000, 0x0000000086200000| Untracked 
|  79|0x0000000086300000, 0x0000000086300000, 0x0000000086400000|  0%| F|  |TAMS 0x0000000086300000, 0x0000000086300000| Untracked 
|  80|0x0000000086400000, 0x0000000086400000, 0x0000000086500000|  0%| F|  |TAMS 0x0000000086400000, 0x0000000086400000| Untracked 
|  81|0x0000000086500000, 0x0000000086500000, 0x0000000086600000|  0%| F|  |TAMS 0x0000000086500000, 0x0000000086500000| Untracked 
|  82|0x0000000086600000, 0x0000000086600000, 0x0000000086700000|  0%| F|  |TAMS 0x0000000086600000, 0x0000000086600000| Untracked 
|  83|0x0000000086700000, 0x0000000086700000, 0x0000000086800000|  0%| F|  |TAMS 0x0000000086700000, 0x0000000086700000| Untracked 
|  84|0x0000000086800000, 0x0000000086800000, 0x0000000086900000|  0%| F|  |TAMS 0x0000000086800000, 0x0000000086800000| Untracked 
|  85|0x0000000086900000, 0x0000000086900000, 0x0000000086a00000|  0%| F|  |TAMS 0x0000000086900000, 0x0000000086900000| Untracked 
|  86|0x0000000086a00000, 0x0000000086a00000, 0x0000000086b00000|  0%| F|  |TAMS 0x0000000086a00000, 0x0000000086a00000| Untracked 
|  87|0x0000000086b00000, 0x0000000086b00000, 0x0000000086c00000|  0%| F|  |TAMS 0x0000000086b00000, 0x0000000086b00000| Untracked 
|  88|0x0000000086c00000, 0x0000000086c00000, 0x0000000086d00000|  0%| F|  |TAMS 0x0000000086c00000, 0x0000000086c00000| Untracked 
|  89|0x0000000086d00000, 0x0000000086d00000, 0x0000000086e00000|  0%| F|  |TAMS 0x0000000086d00000, 0x0000000086d00000| Untracked 
|  90|0x0000000086e00000, 0x0000000086e00000, 0x0000000086f00000|  0%| F|  |TAMS 0x0000000086e00000, 0x0000000086e00000| Untracked 
|  91|0x0000000086f00000, 0x0000000086f00000, 0x0000000087000000|  0%| F|  |TAMS 0x0000000086f00000, 0x0000000086f00000| Untracked 
|  92|0x0000000087000000, 0x0000000087000000, 0x0000000087100000|  0%| F|  |TAMS 0x0000000087000000, 0x0000000087000000| Untracked 
|  93|0x0000000087100000, 0x0000000087100000, 0x0000000087200000|  0%| F|  |TAMS 0x0000000087100000, 0x0000000087100000| Untracked 
|  94|0x0000000087200000, 0x0000000087200000, 0x0000000087300000|  0%| F|  |TAMS 0x0000000087200000, 0x0000000087200000| Untracked 
|  95|0x0000000087300000, 0x0000000087300000, 0x0000000087400000|  0%| F|  |TAMS 0x0000000087300000, 0x0000000087300000| Untracked 
|  96|0x0000000087400000, 0x0000000087400000, 0x0000000087500000|  0%| F|  |TAMS 0x0000000087400000, 0x0000000087400000| Untracked 
|  97|0x0000000087500000, 0x0000000087500000, 0x0000000087600000|  0%| F|  |TAMS 0x0000000087500000, 0x0000000087500000| Untracked 
|  98|0x0000000087600000, 0x0000000087600000, 0x0000000087700000|  0%| F|  |TAMS 0x0000000087600000, 0x0000000087600000| Untracked 
|  99|0x0000000087700000, 0x0000000087700000, 0x0000000087800000|  0%| F|  |TAMS 0x0000000087700000, 0x0000000087700000| Untracked 
| 100|0x0000000087800000, 0x0000000087800000, 0x0000000087900000|  0%| F|  |TAMS 0x0000000087800000, 0x0000000087800000| Untracked 
| 101|0x0000000087900000, 0x0000000087900000, 0x0000000087a00000|  0%| F|  |TAMS 0x0000000087900000, 0x0000000087900000| Untracked 
| 102|0x0000000087a00000, 0x0000000087b00000, 0x0000000087b00000|100%| S|CS|TAMS 0x0000000087a00000, 0x0000000087a00000| Complete 
| 103|0x0000000087b00000, 0x0000000087c00000, 0x0000000087c00000|100%| S|CS|TAMS 0x0000000087b00000, 0x0000000087b00000| Complete 
| 104|0x0000000087c00000, 0x0000000087d00000, 0x0000000087d00000|100%| S|CS|TAMS 0x0000000087c00000, 0x0000000087c00000| Complete 
| 105|0x0000000087d00000, 0x0000000087d00000, 0x0000000087e00000|  0%| F|  |TAMS 0x0000000087d00000, 0x0000000087d00000| Untracked 
| 106|0x0000000087e00000, 0x0000000087e00000, 0x0000000087f00000|  0%| F|  |TAMS 0x0000000087e00000, 0x0000000087e00000| Untracked 
| 107|0x0000000087f00000, 0x0000000087f00000, 0x0000000088000000|  0%| F|  |TAMS 0x0000000087f00000, 0x0000000087f00000| Untracked 
| 108|0x0000000088000000, 0x0000000088000000, 0x0000000088100000|  0%| F|  |TAMS 0x0000000088000000, 0x0000000088000000| Untracked 
| 109|0x0000000088100000, 0x0000000088100000, 0x0000000088200000|  0%| F|  |TAMS 0x0000000088100000, 0x0000000088100000| Untracked 
| 110|0x0000000088200000, 0x0000000088200000, 0x0000000088300000|  0%| F|  |TAMS 0x0000000088200000, 0x0000000088200000| Untracked 
| 111|0x0000000088300000, 0x0000000088300000, 0x0000000088400000|  0%| F|  |TAMS 0x0000000088300000, 0x0000000088300000| Untracked 
| 112|0x0000000088400000, 0x0000000088400000, 0x0000000088500000|  0%| F|  |TAMS 0x0000000088400000, 0x0000000088400000| Untracked 
| 113|0x0000000088500000, 0x0000000088500000, 0x0000000088600000|  0%| F|  |TAMS 0x0000000088500000, 0x0000000088500000| Untracked 
| 114|0x0000000088600000, 0x0000000088600000, 0x0000000088700000|  0%| F|  |TAMS 0x0000000088600000, 0x0000000088600000| Untracked 
| 115|0x0000000088700000, 0x0000000088700000, 0x0000000088800000|  0%| F|  |TAMS 0x0000000088700000, 0x0000000088700000| Untracked 
| 116|0x0000000088800000, 0x0000000088800000, 0x0000000088900000|  0%| F|  |TAMS 0x0000000088800000, 0x0000000088800000| Untracked 
| 117|0x0000000088900000, 0x0000000088900000, 0x0000000088a00000|  0%| F|  |TAMS 0x0000000088900000, 0x0000000088900000| Untracked 
| 118|0x0000000088a00000, 0x0000000088a00000, 0x0000000088b00000|  0%| F|  |TAMS 0x0000000088a00000, 0x0000000088a00000| Untracked 
| 119|0x0000000088b00000, 0x0000000088b00000, 0x0000000088c00000|  0%| F|  |TAMS 0x0000000088b00000, 0x0000000088b00000| Untracked 
| 120|0x0000000088c00000, 0x0000000088c00000, 0x0000000088d00000|  0%| F|  |TAMS 0x0000000088c00000, 0x0000000088c00000| Untracked 
| 121|0x0000000088d00000, 0x0000000088d00000, 0x0000000088e00000|  0%| F|  |TAMS 0x0000000088d00000, 0x0000000088d00000| Untracked 
| 122|0x0000000088e00000, 0x0000000088e00000, 0x0000000088f00000|  0%| F|  |TAMS 0x0000000088e00000, 0x0000000088e00000| Untracked 
| 123|0x0000000088f00000, 0x0000000088f00000, 0x0000000089000000|  0%| F|  |TAMS 0x0000000088f00000, 0x0000000088f00000| Untracked 
| 124|0x0000000089000000, 0x0000000089100000, 0x0000000089100000|100%| E|  |TAMS 0x0000000089000000, 0x0000000089000000| Complete 
| 125|0x0000000089100000, 0x0000000089200000, 0x0000000089200000|100%| E|CS|TAMS 0x0000000089100000, 0x0000000089100000| Complete 
| 126|0x0000000089200000, 0x0000000089300000, 0x0000000089300000|100%| E|CS|TAMS 0x0000000089200000, 0x0000000089200000| Complete 
| 127|0x0000000089300000, 0x0000000089400000, 0x0000000089400000|100%| E|CS|TAMS 0x0000000089300000, 0x0000000089300000| Complete 

Card table byte_map: [0x000002ff4e330000,0x000002ff4e730000] _byte_map_base: 0x000002ff4df26000

Marking Bits (Prev, Next): (CMBitMap*) 0x000002ff373e9060, (CMBitMap*) 0x000002ff373e90a0
 Prev Bits: [0x000002ff4eb30000, 0x000002ff50ae0000)
 Next Bits: [0x000002ff50ae0000, 0x000002ff52a90000)

Polling page: 0x000002ff352f0000

Metaspace:

Usage:
  Non-class:      4.60 MB used.
      Class:    619.45 KB used.
       Both:      5.20 MB used.

Virtual space:
  Non-class space:        8.00 MB reserved,       4.69 MB ( 59%) committed,  1 nodes.
      Class space:        1.00 GB reserved,     704.00 KB ( <1%) committed,  1 nodes.
             Both:        1.01 GB reserved,       5.38 MB ( <1%) committed. 

Chunk freelists:
   Non-Class:  1.05 MB
       Class:  3.28 MB
        Both:  4.33 MB

MaxMetaspaceSize: unlimited
CompressedClassSpaceSize: 1.00 GB
Initial GC threshold: 21.00 MB
Current GC threshold: 21.00 MB
CDS: on
MetaspaceReclaimPolicy: balanced
 - commit_granule_bytes: 65536.
 - commit_granule_words: 8192.
 - virtual_space_node_default_size: 1048576.
 - enlarge_chunks_in_place: 1.
 - new_chunks_are_fully_committed: 0.
 - uncommit_free_chunks: 1.
 - use_allocation_guard: 0.
 - handle_deallocations: 1.


Internal statistics:

num_allocs_failed_limit: 0.
num_arena_births: 14.
num_arena_deaths: 0.
num_vsnodes_births: 2.
num_vsnodes_deaths: 0.
num_space_committed: 86.
num_space_uncommitted: 0.
num_chunks_returned_to_freelist: 0.
num_chunks_taken_from_freelist: 157.
num_chunk_merges: 0.
num_chunk_splits: 121.
num_chunks_enlarged: 108.
num_purges: 0.
num_inconsistent_stats: 0.

CodeHeap 'non-profiled nmethods': size=120000Kb used=402Kb max_used=402Kb free=119597Kb
 bounds [0x000002ff466d0000, 0x000002ff46940000, 0x000002ff4dc00000]
CodeHeap 'profiled nmethods': size=120000Kb used=2357Kb max_used=2357Kb free=117642Kb
 bounds [0x000002ff3f1a0000, 0x000002ff3f410000, 0x000002ff466d0000]
CodeHeap 'non-nmethods': size=5760Kb used=1142Kb max_used=1215Kb free=4617Kb
 bounds [0x000002ff3ec00000, 0x000002ff3ee70000, 0x000002ff3f1a0000]
 total_blobs=1574 nmethods=1144 adapters=343
 compilation: enabled
              stopped_count=0, restarted_count=0
 full_count=0

Compilation events (20 events):
Event: 22.494 Thread 0x000002ff554d79d0 nmethod 1141 0x000002ff3f3e9410 code [0x000002ff3f3e95c0, 0x000002ff3f3e9828]
Event: 22.494 Thread 0x000002ff554d79d0 1142       3       java.util.ImmutableCollections$List12::get (35 bytes)
Event: 22.495 Thread 0x000002ff554d79d0 nmethod 1142 0x000002ff3f3e9990 code [0x000002ff3f3e9b40, 0x000002ff3f3e9de8]
Event: 22.496 Thread 0x000002ff554d79d0 1143       3       java.security.AccessController::executePrivileged (65 bytes)
Event: 22.497 Thread 0x000002ff554d79d0 nmethod 1143 0x000002ff3f3e9e90 code [0x000002ff3f3ea060, 0x000002ff3f3ea358]
Event: 22.504 Thread 0x000002ff554d79d0 1144       1       jdk.internal.loader.AbstractClassLoaderValue$Sub::parent (5 bytes)
Event: 22.504 Thread 0x000002ff554d79d0 nmethod 1144 0x000002ff46734210 code [0x000002ff467343a0, 0x000002ff46734478]
Event: 22.505 Thread 0x000002ff554d79d0 1145       3       java.lang.Runtime$Version::feature (17 bytes)
Event: 22.505 Thread 0x000002ff554d79d0 nmethod 1145 0x000002ff3f3ea490 code [0x000002ff3f3ea640, 0x000002ff3f3ea928]
Event: 22.506 Thread 0x000002ff554d79d0 1146       3       jdk.internal.access.SharedSecrets::getJavaLangAccess (4 bytes)
Event: 22.506 Thread 0x000002ff554d79d0 nmethod 1146 0x000002ff3f3eaa10 code [0x000002ff3f3eaba0, 0x000002ff3f3eac98]
Event: 22.507 Thread 0x000002ff554d79d0 1147       3       sun.reflect.annotation.AnnotationInvocationHandler::invoke (178 bytes)
Event: 22.508 Thread 0x000002ff554d79d0 nmethod 1147 0x000002ff3f3ead10 code [0x000002ff3f3eb020, 0x000002ff3f3ec1c8]
Event: 22.514 Thread 0x000002ff554d4780 1148       4       java.lang.ClassLoader::checkName (37 bytes)
Event: 22.515 Thread 0x000002ff554d79d0 1149       3       java.security.AccessController::executePrivileged (65 bytes)
Event: 22.516 Thread 0x000002ff554d79d0 nmethod 1149 0x000002ff3f3ec710 code [0x000002ff3f3ec8e0, 0x000002ff3f3ecbd8]
Event: 22.516 Thread 0x000002ff554d4780 nmethod 1148 0x000002ff46734510 code [0x000002ff467346a0, 0x000002ff46734858]
Event: 22.516 Thread 0x000002ff554d4780 1150   !   4       java.util.concurrent.ConcurrentHashMap::transfer (849 bytes)
Event: 22.519 Thread 0x000002ff554d79d0 1151       3       java.lang.CharacterDataLatin1::digit (32 bytes)
Event: 22.519 Thread 0x000002ff554d79d0 nmethod 1151 0x000002ff3f3ecd10 code [0x000002ff3f3ecec0, 0x000002ff3f3ed118]

GC Heap History (2 events):
Event: 19.912 GC heap before
{Heap before GC invocations=0 (full 0):
 garbage-first heap   total 131072K, used 23552K [0x0000000081400000, 0x0000000100000000)
  region size 1024K, 23 young (23552K), 0 survivors (0K)
 Metaspace       used 4797K, committed 4928K, reserved 1056768K
  class space    used 564K, committed 640K, reserved 1048576K
}
Event: 19.937 GC heap after
{Heap after GC invocations=1 (full 0):
 garbage-first heap   total 131072K, used 3532K [0x0000000081400000, 0x0000000100000000)
  region size 1024K, 3 young (3072K), 3 survivors (3072K)
 Metaspace       used 4797K, committed 4928K, reserved 1056768K
  class space    used 564K, committed 640K, reserved 1048576K
}

Deoptimization events (20 events):
Event: 19.851 Thread 0x000002ff3738d9d0 Uncommon trap: trap_request=0xffffff45 fr.pc=0x000002ff46722f70 relative=0x0000000000000910
Event: 19.851 Thread 0x000002ff3738d9d0 Uncommon trap: reason=unstable_if action=reinterpret pc=0x000002ff46722f70 method=org.codehaus.plexus.util.xml.pull.MXParser.nextImpl()I @ 200 c2
Event: 19.851 Thread 0x000002ff3738d9d0 DEOPT PACKING pc=0x000002ff46722f70 sp=0x000000ff603fdcf0
Event: 19.851 Thread 0x000002ff3738d9d0 DEOPT UNPACKING pc=0x000002ff3ec523a3 sp=0x000000ff603fdc68 mode 2
Event: 22.488 Thread 0x000002ff3738d9d0 Uncommon trap: trap_request=0xffffffde fr.pc=0x000002ff46733fc8 relative=0x0000000000000128
Event: 22.488 Thread 0x000002ff3738d9d0 Uncommon trap: reason=class_check action=maybe_recompile pc=0x000002ff46733fc8 method=jdk.internal.misc.Unsafe.allocateUninitializedArray(Ljava/lang/Class;I)Ljava/lang/Object; @ 51 c2
Event: 22.488 Thread 0x000002ff3738d9d0 DEOPT PACKING pc=0x000002ff46733fc8 sp=0x000000ff603fd5c0
Event: 22.488 Thread 0x000002ff3738d9d0 DEOPT UNPACKING pc=0x000002ff3ec523a3 sp=0x000000ff603fd548 mode 2
Event: 22.488 Thread 0x000002ff3738d9d0 Uncommon trap: trap_request=0xffffffde fr.pc=0x000002ff46733fc8 relative=0x0000000000000128
Event: 22.488 Thread 0x000002ff3738d9d0 Uncommon trap: reason=class_check action=maybe_recompile pc=0x000002ff46733fc8 method=jdk.internal.misc.Unsafe.allocateUninitializedArray(Ljava/lang/Class;I)Ljava/lang/Object; @ 51 c2
Event: 22.488 Thread 0x000002ff3738d9d0 DEOPT PACKING pc=0x000002ff46733fc8 sp=0x000000ff603fd420
Event: 22.488 Thread 0x000002ff3738d9d0 DEOPT UNPACKING pc=0x000002ff3ec523a3 sp=0x000000ff603fd3a8 mode 2
Event: 22.488 Thread 0x000002ff3738d9d0 Uncommon trap: trap_request=0xffffffde fr.pc=0x000002ff46733fc8 relative=0x0000000000000128
Event: 22.488 Thread 0x000002ff3738d9d0 Uncommon trap: reason=class_check action=maybe_recompile pc=0x000002ff46733fc8 method=jdk.internal.misc.Unsafe.allocateUninitializedArray(Ljava/lang/Class;I)Ljava/lang/Object; @ 51 c2
Event: 22.488 Thread 0x000002ff3738d9d0 DEOPT PACKING pc=0x000002ff46733fc8 sp=0x000000ff603fd490
Event: 22.488 Thread 0x000002ff3738d9d0 DEOPT UNPACKING pc=0x000002ff3ec523a3 sp=0x000000ff603fd418 mode 2
Event: 22.488 Thread 0x000002ff3738d9d0 Uncommon trap: trap_request=0xffffffde fr.pc=0x000002ff46733fc8 relative=0x0000000000000128
Event: 22.488 Thread 0x000002ff3738d9d0 Uncommon trap: reason=class_check action=maybe_recompile pc=0x000002ff46733fc8 method=jdk.internal.misc.Unsafe.allocateUninitializedArray(Ljava/lang/Class;I)Ljava/lang/Object; @ 51 c2
Event: 22.488 Thread 0x000002ff3738d9d0 DEOPT PACKING pc=0x000002ff46733fc8 sp=0x000000ff603fd180
Event: 22.488 Thread 0x000002ff3738d9d0 DEOPT UNPACKING pc=0x000002ff3ec523a3 sp=0x000000ff603fd108 mode 2

Classes unloaded (0 events):
No events

Classes redefined (0 events):
No events

Internal exceptions (11 events):
Event: 5.524 Thread 0x000002ff3738d9d0 Exception <a 'java/lang/NullPointerException'{0x0000000089083440}> (0x0000000089083440) 
thrown [s\open\src\hotspot\share\interpreter\linkResolver.cpp, line 1350]
Event: 5.561 Thread 0x000002ff3738d9d0 Exception <a 'java/lang/NullPointerException'{0x00000000890c5df0}> (0x00000000890c5df0) 
thrown [s\open\src\hotspot\share\interpreter\linkResolver.cpp, line 1350]
Event: 5.561 Thread 0x000002ff3738d9d0 Exception <a 'java/lang/NullPointerException'{0x00000000890c60c8}> (0x00000000890c60c8) 
thrown [s\open\src\hotspot\share\interpreter\linkResolver.cpp, line 1350]
Event: 5.561 Thread 0x000002ff3738d9d0 Exception <a 'java/lang/NullPointerException'{0x00000000890c63a0}> (0x00000000890c63a0) 
thrown [s\open\src\hotspot\share\interpreter\linkResolver.cpp, line 1350]
Event: 5.563 Thread 0x000002ff3738d9d0 Exception <a 'java/lang/NullPointerException'{0x00000000890cbd20}> (0x00000000890cbd20) 
thrown [s\open\src\hotspot\share\interpreter\linkResolver.cpp, line 1350]
Event: 6.143 Thread 0x000002ff3738d9d0 Exception <a 'java/lang/NullPointerException'{0x00000000890e10d8}> (0x00000000890e10d8) 
thrown [s\open\src\hotspot\share\interpreter\linkResolver.cpp, line 1350]
Event: 6.144 Thread 0x000002ff3738d9d0 Exception <a 'java/lang/NullPointerException'{0x00000000890e13b0}> (0x00000000890e13b0) 
thrown [s\open\src\hotspot\share\interpreter\linkResolver.cpp, line 1350]
Event: 6.144 Thread 0x000002ff3738d9d0 Exception <a 'java/lang/NullPointerException'{0x00000000890e1688}> (0x00000000890e1688) 
thrown [s\open\src\hotspot\share\interpreter\linkResolver.cpp, line 1350]
Event: 6.144 Thread 0x000002ff3738d9d0 Exception <a 'java/lang/NullPointerException'{0x00000000890e1960}> (0x00000000890e1960) 
thrown [s\open\src\hotspot\share\interpreter\linkResolver.cpp, line 1350]
Event: 14.180 Thread 0x000002ff3738d9d0 Exception <a 'java/lang/NoSuchMethodError'{0x000000008850bd30}: 'java.lang.Object java.lang.invoke.DirectMethodHandle$Holder.newInvokeSpecial(java.lang.Object, java.lang.Object, java.lang.Object, java.lang.Object, java.lang.Object)'> (0x000000008850bd30) 
thrown [s\open\src\hotspot\share\interpreter\linkResolver.cpp, line 759]
Event: 14.882 Thread 0x000002ff3738d9d0 Exception <a 'java/lang/NoClassDefFoundError'{0x0000000088471040}: javax/enterprise/inject/Typed> (0x0000000088471040) 
thrown [s\open\src\hotspot\share\classfile\systemDictionary.cpp, line 245]

VM Operations (20 events):
Event: 9.390 Executing VM operation: Cleanup
Event: 9.530 Executing VM operation: Cleanup done
Event: 10.539 Executing VM operation: Cleanup
Event: 10.555 Executing VM operation: Cleanup done
Event: 11.562 Executing VM operation: Cleanup
Event: 11.562 Executing VM operation: Cleanup done
Event: 12.568 Executing VM operation: Cleanup
Event: 13.052 Executing VM operation: Cleanup done
Event: 14.053 Executing VM operation: Cleanup
Event: 14.053 Executing VM operation: Cleanup done
Event: 15.054 Executing VM operation: Cleanup
Event: 15.054 Executing VM operation: Cleanup done
Event: 18.097 Executing VM operation: Cleanup
Event: 18.097 Executing VM operation: Cleanup done
Event: 19.105 Executing VM operation: Cleanup
Event: 19.106 Executing VM operation: Cleanup done
Event: 19.912 Executing VM operation: G1CollectForAllocation
Event: 19.937 Executing VM operation: G1CollectForAllocation done
Event: 20.946 Executing VM operation: Cleanup
Event: 21.145 Executing VM operation: Cleanup done

Events (20 events):
Event: 14.291 loading class java/lang/reflect/TypeVariable
Event: 14.291 loading class java/lang/reflect/TypeVariable done
Event: 14.291 loading class java/lang/reflect/WildcardType
Event: 14.291 loading class java/lang/reflect/WildcardType done
Event: 14.295 loading class sun/reflect/generics/tree/TypeVariableSignature
Event: 14.296 loading class sun/reflect/generics/tree/TypeVariableSignature done
Event: 14.881 loading class java/lang/annotation/IncompleteAnnotationException
Event: 14.881 loading class java/lang/annotation/IncompleteAnnotationException done
Event: 18.090 Thread 0x000002ff564a4d60 Thread added: 0x000002ff564a4d60
Event: 18.701 Thread 0x000002ff564a4d60 Thread exited: 0x000002ff564a4d60
Event: 18.719 loading class jdk/internal/access/foreign/MemorySegmentProxy
Event: 18.719 loading class jdk/internal/access/foreign/MemorySegmentProxy done
Event: 19.952 loading class sun/reflect/generics/reflectiveObjects/TypeVariableImpl
Event: 19.953 loading class sun/reflect/generics/reflectiveObjects/LazyReflectiveObjectGenerator
Event: 19.953 loading class sun/reflect/generics/reflectiveObjects/LazyReflectiveObjectGenerator done
Event: 19.953 loading class sun/reflect/generics/reflectiveObjects/TypeVariableImpl done
Event: 19.953 loading class sun/reflect/generics/reflectiveObjects/ParameterizedTypeImpl
Event: 19.953 loading class sun/reflect/generics/reflectiveObjects/ParameterizedTypeImpl done
Event: 19.953 loading class sun/reflect/misc/ReflectUtil
Event: 19.953 loading class sun/reflect/misc/ReflectUtil done


Dynamic libraries:
0x00007ff7d5b60000 - 0x00007ff7d5b70000 	C:\Program Files\Java\jdk-17.0.4.1\bin\java.exe
0x00007ffc59390000 - 0x00007ffc595a4000 	C:\WINDOWS\SYSTEM32\ntdll.dll
0x00007ffc586e0000 - 0x00007ffc587a2000 	C:\WINDOWS\System32\KERNEL32.DLL
0x00007ffc569d0000 - 0x00007ffc56d73000 	C:\WINDOWS\System32\KERNELBASE.dll
0x00007ffc56790000 - 0x00007ffc568a1000 	C:\WINDOWS\System32\ucrtbase.dll
0x00007ffc40e80000 - 0x00007ffc40e98000 	C:\Program Files\Java\jdk-17.0.4.1\bin\jli.dll
0x00007ffc592a0000 - 0x00007ffc5934e000 	C:\WINDOWS\System32\ADVAPI32.dll
0x00007ffc591e0000 - 0x00007ffc59287000 	C:\WINDOWS\System32\msvcrt.dll
0x00007ffc57760000 - 0x00007ffc57804000 	C:\WINDOWS\System32\sechost.dll
0x00007ffc574e0000 - 0x00007ffc575f7000 	C:\WINDOWS\System32\RPCRT4.dll
0x00007ffc587b0000 - 0x00007ffc5895b000 	C:\WINDOWS\System32\USER32.dll
0x00007ffc570d0000 - 0x00007ffc570f6000 	C:\WINDOWS\System32\win32u.dll
0x00007ffc59190000 - 0x00007ffc591b9000 	C:\WINDOWS\System32\GDI32.dll
0x00007ffc56fb0000 - 0x00007ffc570c9000 	C:\WINDOWS\System32\gdi32full.dll
0x00007ffc56930000 - 0x00007ffc569ca000 	C:\WINDOWS\System32\msvcp_win.dll
0x00007ffc4b430000 - 0x00007ffc4b44a000 	C:\Program Files\Java\jdk-17.0.4.1\bin\VCRUNTIME140.dll
0x00007ffc3bac0000 - 0x00007ffc3bd4e000 	C:\WINDOWS\WinSxS\amd64_microsoft.windows.common-controls_6595b64144ccf1df_6.0.22621.1635_none_270f70857386168e\COMCTL32.dll
0x00007ffc4a650000 - 0x00007ffc4a65a000 	C:\WINDOWS\SYSTEM32\VERSION.dll
0x00007ffc58650000 - 0x00007ffc58681000 	C:\WINDOWS\System32\IMM32.DLL
0x00007ffc4c6b0000 - 0x00007ffc4c6bc000 	C:\Program Files\Java\jdk-17.0.4.1\bin\vcruntime140_1.dll
0x00007ffc38ee0000 - 0x00007ffc38f6d000 	C:\Program Files\Java\jdk-17.0.4.1\bin\msvcp140.dll
0x00007ffbf48a0000 - 0x00007ffbf5462000 	C:\Program Files\Java\jdk-17.0.4.1\bin\server\jvm.dll
0x00007ffc571e0000 - 0x00007ffc571e8000 	C:\WINDOWS\System32\PSAPI.DLL
0x00007ffc4c750000 - 0x00007ffc4c759000 	C:\WINDOWS\SYSTEM32\WSOCK32.dll
0x00007ffc59110000 - 0x00007ffc59181000 	C:\WINDOWS\System32\WS2_32.dll
0x00007ffc4af00000 - 0x00007ffc4af34000 	C:\WINDOWS\SYSTEM32\WINMM.dll
0x00007ffc558d0000 - 0x00007ffc558e8000 	C:\WINDOWS\SYSTEM32\kernel.appcore.dll
0x00007ffc4c670000 - 0x00007ffc4c67a000 	C:\Program Files\Java\jdk-17.0.4.1\bin\jimage.dll
0x00007ffc54340000 - 0x00007ffc5456e000 	C:\WINDOWS\SYSTEM32\DBGHELP.DLL
0x00007ffc58970000 - 0x00007ffc58cf9000 	C:\WINDOWS\System32\combase.dll
0x00007ffc58d80000 - 0x00007ffc58e57000 	C:\WINDOWS\System32\OLEAUT32.dll
0x00007ffc40d80000 - 0x00007ffc40db2000 	C:\WINDOWS\SYSTEM32\dbgcore.DLL
0x00007ffc568b0000 - 0x00007ffc5692b000 	C:\WINDOWS\System32\bcryptPrimitives.dll
0x00007ffc43b60000 - 0x00007ffc43b85000 	C:\Program Files\Java\jdk-17.0.4.1\bin\java.dll
0x00007ffc22370000 - 0x00007ffc22446000 	C:\Program Files\Java\jdk-17.0.4.1\bin\jsvml.dll
0x00007ffc57920000 - 0x00007ffc5811a000 	C:\WINDOWS\System32\SHELL32.dll
0x00007ffc547a0000 - 0x00007ffc5506e000 	C:\WINDOWS\SYSTEM32\windows.storage.dll
0x00007ffc54570000 - 0x00007ffc546ae000 	C:\WINDOWS\SYSTEM32\wintypes.dll
0x00007ffc58e60000 - 0x00007ffc58f51000 	C:\WINDOWS\System32\SHCORE.dll
0x00007ffc57600000 - 0x00007ffc5765e000 	C:\WINDOWS\System32\shlwapi.dll
0x00007ffc566c0000 - 0x00007ffc566e1000 	C:\WINDOWS\SYSTEM32\profapi.dll
0x00007ffc4b410000 - 0x00007ffc4b429000 	C:\Program Files\Java\jdk-17.0.4.1\bin\net.dll
0x00007ffc4ad00000 - 0x00007ffc4ae37000 	C:\WINDOWS\SYSTEM32\WINHTTP.dll
0x00007ffc55d40000 - 0x00007ffc55da9000 	C:\WINDOWS\system32\mswsock.dll
0x00007ffc43ab0000 - 0x00007ffc43ac6000 	C:\Program Files\Java\jdk-17.0.4.1\bin\nio.dll
0x00007ffc43750000 - 0x00007ffc43768000 	C:\Program Files\Java\jdk-17.0.4.1\bin\zip.dll
0x0000000069ac0000 - 0x0000000069ae4000 	C:\Program Files\NetBeans-14\netbeans\java\maven\lib\jansi-native\Windows\x86_64\jansi.dll
0x00007ffc4b390000 - 0x00007ffc4b3a0000 	C:\Program Files\Java\jdk-17.0.4.1\bin\verify.dll

dbghelp: loaded successfully - version: 4.0.5 - missing functions: none
symbol engine: initialized successfully - sym options: 0x614 - pdb path: .;C:\Program Files\Java\jdk-17.0.4.1\bin;C:\WINDOWS\SYSTEM32;C:\WINDOWS\WinSxS\amd64_microsoft.windows.common-controls_6595b64144ccf1df_6.0.22621.1635_none_270f70857386168e;C:\Program Files\Java\jdk-17.0.4.1\bin\server;C:\Program Files\NetBeans-14\netbeans\java\maven\lib\jansi-native\Windows\x86_64

VM Arguments:
jvm_args: -Dclassworlds.conf=C:\Program Files\NetBeans-14\netbeans\java\maven\bin\m2.conf -Dmaven.home=C:\Program Files\NetBeans-14\netbeans\java\maven -Dlibrary.jansi.path=C:\Program Files\NetBeans-14\netbeans\java\maven\lib\jansi-native -Dmaven.multiModuleProjectDirectory=C:\Senac\curso ds\exercicios\uc7\Atividade5PIUC05 
java_command: org.codehaus.plexus.classworlds.launcher.Launcher -Dmaven.ext.class.path=C:\Program Files\NetBeans-14\netbeans\java\maven-nblib\netbeans-eventspy.jar -Dfile.encoding=UTF-8 install
java_class_path (initial): C:\Program Files\NetBeans-14\netbeans\java\maven\boot\plexus-classworlds-2.6.0.jar
Launcher Type: SUN_STANDARD

[Global flags]
     intx CICompilerCount                          = 4                                         {product} {ergonomic}
     uint ConcGCThreads                            = 2                                         {product} {ergonomic}
     uint G1ConcRefinementThreads                  = 8                                         {product} {ergonomic}
   size_t G1HeapRegionSize                         = 1048576                                   {product} {ergonomic}
    uintx GCDrainStackTargetSize                   = 64                                        {product} {ergonomic}
   size_t InitialHeapSize                          = 134217728                                 {product} {ergonomic}
   size_t MarkStackSize                            = 4194304                                   {product} {ergonomic}
   size_t MaxHeapSize                              = 2126512128                                {product} {ergonomic}
   size_t MaxNewSize                               = 1275068416                                {product} {ergonomic}
   size_t MinHeapDeltaBytes                        = 1048576                                   {product} {ergonomic}
   size_t MinHeapSize                              = 8388608                                   {product} {ergonomic}
    uintx NonNMethodCodeHeapSize                   = 5839372                                {pd product} {ergonomic}
    uintx NonProfiledCodeHeapSize                  = 122909434                              {pd product} {ergonomic}
    uintx ProfiledCodeHeapSize                     = 122909434                              {pd product} {ergonomic}
    uintx ReservedCodeCacheSize                    = 251658240                              {pd product} {ergonomic}
     bool SegmentedCodeCache                       = true                                      {product} {ergonomic}
   size_t SoftMaxHeapSize                          = 2126512128                             {manageable} {ergonomic}
     bool UseCompressedClassPointers               = true                           {product lp64_product} {ergonomic}
     bool UseCompressedOops                        = true                           {product lp64_product} {ergonomic}
     bool UseG1GC                                  = true                                      {product} {ergonomic}
     bool UseLargePagesIndividualAllocation        = false                                  {pd product} {ergonomic}

Logging:
Log output configuration:
 #0: stdout all=warning uptime,level,tags
 #1: stderr all=off uptime,level,tags

Environment Variables:
JAVA_HOME=C:\Program Files\Java\jdk-17.0.4.1
PATH=C:\Program Files\Common Files\Oracle\Java\javapath;C:\ProgramData\Oracle\Java\javapath;C:\Program Files (x86)\Intel\Intel(R) Management Engine Components\iCLS\;C:\Program Files\Intel\Intel(R) Management Engine Components\iCLS\;C:\windows\system32;C:\windows;C:\windows\System32\Wbem;C:\windows\System32\WindowsPowerShell\v1.0\;C:\windows\System32\OpenSSH\;C:\Program Files (x86)\NVIDIA Corporation\PhysX\Common;C:\Program Files (x86)\Intel\Intel(R) Management Engine Components\DAL;C:\Program Files\Intel\Intel(R) Management Engine Components\DAL;C:\Program Files (x86)\Intel\Intel(R) Management Engine Components\IPT;C:\Program Files\Intel\Intel(R) Management Engine Components\IPT;C:\WINDOWS\system32;C:\WINDOWS;C:\WINDOWS\System32\Wbem;C:\WINDOWS\System32\WindowsPowerShell\v1.0\;C:\WINDOWS\System32\OpenSSH\;C:\Program Files\nodejs\;C:\ProgramData\UNIVALI\Portugol Studio;C:\Program Files\Git\cmd;C:\Users\larak\AppData\Local\Microsoft\WindowsApps;C:\Program Files\JetBrains\PyCharm Community Edition 2020.3.3\bin;;C:\Users\larak\AppData\Local\Programs\Microsoft VS Code\bin;C:\Users\larak\AppData\Roaming\npm;
USERNAME=larak
OS=Windows_NT
PROCESSOR_IDENTIFIER=Intel64 Family 6 Model 142 Stepping 10, GenuineIntel



---------------  S Y S T E M  ---------------

OS:
 Windows 11 , 64 bit Build 22621 (10.0.22621.1778)
OS uptime: 0 days 20:23 hours

CPU: total 8 (initial active 8) (4 cores per cpu, 2 threads per core) family 6 model 142 stepping 10 microcode 0xe0, cx8, cmov, fxsr, ht, mmx, 3dnowpref, sse, sse2, sse3, ssse3, sse4.1, sse4.2, popcnt, lzcnt, tsc, tscinvbit, avx, avx2, aes, erms, clmul, bmi1, bmi2, adx, fma, vzeroupper, clflush, clflushopt

Memory: 4k page, system-wide physical 8106M (308M free)
TotalPageFile size 32682M (AvailPageFile size 1M)
current process WorkingSet (physical memory assigned to process): 72M, peak: 80M
current process commit charge ("private bytes"): 220M, peak: 229M

vm_info: Java HotSpot(TM) 64-Bit Server VM (17.0.4.1+1-LTS-2) for windows-amd64 JRE (17.0.4.1+1-LTS-2), built on Aug 16 2022 18:32:06 by "mach5one" with MS VC++ 16.8 / 16.9 (VS2019)

END.
