#
# There is insufficient memory for the Java Runtime Environment to continue.
# Native memory allocation (mmap) failed to map 65536 bytes for Failed to commit metaspace.
# Possible reasons:
#   The system is out of physical RAM or swap space
#   The process is running with CompressedOops enabled, and the Java Heap may be blocking the growth of the native heap
# Possible solutions:
#   Reduce memory load on the system
#   Increase physical memory or swap space
#   Check if swap backing store is full
#   Decrease Java heap size (-Xmx/-Xms)
#   Decrease number of Java threads
#   Decrease Java thread stack sizes (-Xss)
#   Set larger code cache with -XX:ReservedCodeCacheSize=
#   JVM is running with Unscaled Compressed Oops mode in which the Java heap is
#     placed in the first 4GB address space. The Java Heap base address is the
#     maximum limit for the native heap growth. Please use -XX:HeapBaseMinAddress
#     to set the Java Heap base and to place the Java Heap above 4GB virtual address.
# This output file may be truncated or incomplete.
#
#  Out of Memory Error (virtualSpaceNode.cpp:110), pid=1276, tid=18748
#
# JRE version: Java(TM) SE Runtime Environment (17.0.4.1+1) (build 17.0.4.1+1-LTS-2)
# Java VM: Java HotSpot(TM) 64-Bit Server VM (17.0.4.1+1-LTS-2, mixed mode, sharing, tiered, compressed oops, compressed class ptrs, g1 gc, windows-amd64)
# No core dump will be written. Minidumps are not enabled by default on client versions of Windows
#

---------------  S U M M A R Y ------------

Command Line: -Dclassworlds.conf=C:\Program Files\NetBeans-14\netbeans\java\maven\bin\m2.conf -Dmaven.home=C:\Program Files\NetBeans-14\netbeans\java\maven -Dlibrary.jansi.path=C:\Program Files\NetBeans-14\netbeans\java\maven\lib\jansi-native -Dmaven.multiModuleProjectDirectory=C:\Senac\curso ds\ProjetoIntegradorUC05\Atividade5diversos\Atividade5PIUC05 org.codehaus.plexus.classworlds.launcher.Launcher -Dmaven.ext.class.path=C:\Program Files\NetBeans-14\netbeans\java\maven-nblib\netbeans-eventspy.jar -Dfile.encoding=UTF-8 install

Host: Intel(R) Core(TM) i5-8250U CPU @ 1.60GHz, 8 cores, 7G,  Windows 11 , 64 bit Build 22621 (10.0.22621.1778)
Time: Mon Jun 12 15:26:13 2023 Hora oficial do Brasil elapsed time: 55.534905 seconds (0d 0h 0m 55s)

---------------  T H R E A D  ---------------

Current thread (0x000001de1d46dcd0):  JavaThread "main" [_thread_in_vm, id=18748, stack(0x000000c8a2600000,0x000000c8a2700000)]

Stack: [0x000000c8a2600000,0x000000c8a2700000]
Native frames: (J=compiled Java code, j=interpreted, Vv=VM code, C=native code)
V  [jvm.dll+0x6723ba]
V  [jvm.dll+0x7d1e34]
V  [jvm.dll+0x7d35de]
V  [jvm.dll+0x7d3c43]
V  [jvm.dll+0x243065]
V  [jvm.dll+0x7cdddb]
V  [jvm.dll+0x618166]
V  [jvm.dll+0x1be94e]
V  [jvm.dll+0x61aaa1]
V  [jvm.dll+0x618b06]
V  [jvm.dll+0x240b2c]
V  [jvm.dll+0x6c89bd]
V  [jvm.dll+0x6c93ef]
V  [jvm.dll+0x36cd13]
V  [jvm.dll+0x36bef2]
V  [jvm.dll+0x36be98]
V  [jvm.dll+0x37bbda]
C  0x000001de264eb7f7

Java frames: (J=compiled Java code, j=interpreted, Vv=VM code)
j  org.apache.maven.graph.DefaultProjectDependencyGraph.<init>(Ljava/util/Collection;)V+20
j  org.apache.maven.graph.DefaultGraphBuilder.reactorDependencyGraph(Lorg/apache/maven/execution/MavenSession;Ljava/util/List;)Lorg/apache/maven/model/building/Result;+5
j  org.apache.maven.graph.DefaultGraphBuilder.build(Lorg/apache/maven/execution/MavenSession;)Lorg/apache/maven/model/building/Result;+24
j  org.apache.maven.DefaultMaven.buildGraph(Lorg/apache/maven/execution/MavenSession;Lorg/apache/maven/execution/MavenExecutionResult;)Lorg/apache/maven/model/building/Result;+5
j  org.apache.maven.DefaultMaven.doExecute(Lorg/apache/maven/execution/MavenExecutionRequest;Lorg/apache/maven/execution/MavenSession;Lorg/apache/maven/execution/MavenExecutionResult;Lorg/eclipse/aether/DefaultRepositorySystemSession;)Lorg/apache/maven/execution/MavenExecutionResult;+75
j  org.apache.maven.DefaultMaven.doExecute(Lorg/apache/maven/execution/MavenExecutionRequest;)Lorg/apache/maven/execution/MavenExecutionResult;+98
j  org.apache.maven.DefaultMaven.execute(Lorg/apache/maven/execution/MavenExecutionRequest;)Lorg/apache/maven/execution/MavenExecutionResult;+2
j  org.apache.maven.cli.MavenCli.execute(Lorg/apache/maven/cli/CliRequest;)I+27
j  org.apache.maven.cli.MavenCli.doMain(Lorg/apache/maven/cli/CliRequest;)I+71
j  org.apache.maven.cli.MavenCli.main([Ljava/lang/String;Lorg/codehaus/plexus/classworlds/ClassWorld;)I+24
v  ~StubRoutines::call_stub
j  jdk.internal.reflect.NativeMethodAccessorImpl.invoke0(Ljava/lang/reflect/Method;Ljava/lang/Object;[Ljava/lang/Object;)Ljava/lang/Object;+0 java.base@17.0.4.1
j  jdk.internal.reflect.NativeMethodAccessorImpl.invoke(Ljava/lang/Object;[Ljava/lang/Object;)Ljava/lang/Object;+133 java.base@17.0.4.1
j  jdk.internal.reflect.DelegatingMethodAccessorImpl.invoke(Ljava/lang/Object;[Ljava/lang/Object;)Ljava/lang/Object;+6 java.base@17.0.4.1
j  java.lang.reflect.Method.invoke(Ljava/lang/Object;[Ljava/lang/Object;)Ljava/lang/Object;+59 java.base@17.0.4.1
j  org.codehaus.plexus.classworlds.launcher.Launcher.launchEnhanced([Ljava/lang/String;)V+45
j  org.codehaus.plexus.classworlds.launcher.Launcher.launch([Ljava/lang/String;)V+2
j  org.codehaus.plexus.classworlds.launcher.Launcher.mainWithExitCode([Ljava/lang/String;)I+101
j  org.codehaus.plexus.classworlds.launcher.Launcher.main([Ljava/lang/String;)V+1
v  ~StubRoutines::call_stub

---------------  P R O C E S S  ---------------

Threads class SMR info:
_java_thread_list=0x000001de3e4c9060, length=12, elements={
0x000001de1d46dcd0, 0x000001de3d5221b0, 0x000001de3d523500, 0x000001de3d537530,
0x000001de3d53c300, 0x000001de3d53ccb0, 0x000001de3d53d660, 0x000001de3d53e3f0,
0x000001de3d54fdf0, 0x000001de3d574ea0, 0x000001de3e0c7700, 0x000001de3e0cde80
}

Java Threads: ( => current thread )
=>0x000001de1d46dcd0 JavaThread "main" [_thread_in_vm, id=18748, stack(0x000000c8a2600000,0x000000c8a2700000)]
  0x000001de3d5221b0 JavaThread "Reference Handler" daemon [_thread_blocked, id=14528, stack(0x000000c8a2e00000,0x000000c8a2f00000)]
  0x000001de3d523500 JavaThread "Finalizer" daemon [_thread_blocked, id=8472, stack(0x000000c8a2f00000,0x000000c8a3000000)]
  0x000001de3d537530 JavaThread "Signal Dispatcher" daemon [_thread_blocked, id=7344, stack(0x000000c8a3000000,0x000000c8a3100000)]
  0x000001de3d53c300 JavaThread "Attach Listener" daemon [_thread_blocked, id=6128, stack(0x000000c8a3100000,0x000000c8a3200000)]
  0x000001de3d53ccb0 JavaThread "Service Thread" daemon [_thread_blocked, id=5232, stack(0x000000c8a3200000,0x000000c8a3300000)]
  0x000001de3d53d660 JavaThread "Monitor Deflation Thread" daemon [_thread_blocked, id=10292, stack(0x000000c8a3300000,0x000000c8a3400000)]
  0x000001de3d53e3f0 JavaThread "C2 CompilerThread0" daemon [_thread_blocked, id=9900, stack(0x000000c8a3400000,0x000000c8a3500000)]
  0x000001de3d54fdf0 JavaThread "C1 CompilerThread0" daemon [_thread_blocked, id=2592, stack(0x000000c8a3500000,0x000000c8a3600000)]
  0x000001de3d574ea0 JavaThread "Sweeper thread" daemon [_thread_blocked, id=24388, stack(0x000000c8a3600000,0x000000c8a3700000)]
  0x000001de3e0c7700 JavaThread "Notification Thread" daemon [_thread_blocked, id=5296, stack(0x000000c8a3700000,0x000000c8a3800000)]
  0x000001de3e0cde80 JavaThread "Common-Cleaner" daemon [_thread_blocked, id=8504, stack(0x000000c8a3900000,0x000000c8a3a00000)]

Other Threads:
  0x000001de3d51a020 VMThread "VM Thread" [stack: 0x000000c8a2d00000,0x000000c8a2e00000] [id=22008] _threads_hazard_ptr=0x000001de3e4c9060
  0x000001de3e0cdbf0 WatcherThread [stack: 0x000000c8a3800000,0x000000c8a3900000] [id=16548]
  0x000001de1d4c8d50 GCTaskThread "GC Thread#0" [stack: 0x000000c8a2800000,0x000000c8a2900000] [id=17036]
  0x000001de3e4f85f0 GCTaskThread "GC Thread#1" [stack: 0x000000c8a3b00000,0x000000c8a3c00000] [id=25812]
  0x000001de3e4f88a0 GCTaskThread "GC Thread#2" [stack: 0x000000c8a3c00000,0x000000c8a3d00000] [id=18964]
  0x000001de3e867200 GCTaskThread "GC Thread#3" [stack: 0x000000c8a3d00000,0x000000c8a3e00000] [id=17020]
  0x000001de3ed9ef30 GCTaskThread "GC Thread#4" [stack: 0x000000c8a3e00000,0x000000c8a3f00000] [id=18140]
  0x000001de3e28dd10 GCTaskThread "GC Thread#5" [stack: 0x000000c8a3f00000,0x000000c8a4000000] [id=8052]
  0x000001de3e28dfc0 GCTaskThread "GC Thread#6" [stack: 0x000000c8a4000000,0x000000c8a4100000] [id=14200]
  0x000001de3e03b620 GCTaskThread "GC Thread#7" [stack: 0x000000c8a3a00000,0x000000c8a3b00000] [id=5068]
  0x000001de1d4d9a10 ConcurrentGCThread "G1 Main Marker" [stack: 0x000000c8a2900000,0x000000c8a2a00000] [id=16712]
  0x000001de1d4da420 ConcurrentGCThread "G1 Conc#0" [stack: 0x000000c8a2a00000,0x000000c8a2b00000] [id=5440]
  0x000001de1d53ec00 ConcurrentGCThread "G1 Refine#0" [stack: 0x000000c8a2b00000,0x000000c8a2c00000] [id=16236]
  0x000001de3d3d4710 ConcurrentGCThread "G1 Service" [stack: 0x000000c8a2c00000,0x000000c8a2d00000] [id=2712]

Threads with active compile tasks:

VM state: synchronizing (normal execution)

VM Mutex/Monitor currently owned by a thread:  ([mutex/lock_event])
[0x000001de1d468690] Metaspace_lock - owner thread: 0x000001de1d46dcd0
[0x000001de1d46a8a0] Threads_lock - owner thread: 0x000001de3d51a020

Heap address: 0x0000000081400000, size: 2028 MB, Compressed Oops mode: 32-bit

CDS archive(s) mapped at: [0x0000000800000000-0x0000000800bc0000-0x0000000800bc0000), size 12320768, SharedBaseAddress: 0x0000000800000000, ArchiveRelocationMode: 0.
Compressed class space mapped at: 0x0000000800c00000-0x0000000840c00000, reserved size: 1073741824
Narrow klass base: 0x0000000800000000, Narrow klass shift: 0, Narrow klass range: 0x100000000

GC Precious Log:
 CPUs: 8 total, 8 available
 Memory: 8106M
 Large Page Support: Disabled
 NUMA Support: Disabled
 Compressed Oops: Enabled (32-bit)
 Heap Region Size: 1M
 Heap Min Capacity: 8M
 Heap Initial Capacity: 128M
 Heap Max Capacity: 2028M
 Pre-touch: Disabled
 Parallel Workers: 8
 Concurrent Workers: 2
 Concurrent Refinement Workers: 8
 Periodic GC: Disabled

Heap:
 garbage-first heap   total 131072K, used 12123K [0x0000000081400000, 0x0000000100000000)
  region size 1024K, 10 young (10240K), 3 survivors (3072K)
 Metaspace       used 11630K, committed 11776K, reserved 1064960K
  class space    used 1396K, committed 1472K, reserved 1048576K

Heap Regions: E=young(eden), S=young(survivor), O=old, HS=humongous(starts), HC=humongous(continues), CS=collection set, F=free, OA=open archive, CA=closed archive, TAMS=top-at-mark-start (previous, next)
|   0|0x0000000081400000, 0x0000000081500000, 0x0000000081500000|100%| O|  |TAMS 0x0000000081400000, 0x0000000081400000| Untracked 
|   1|0x0000000081500000, 0x0000000081600000, 0x0000000081600000|100%| O|  |TAMS 0x0000000081500000, 0x0000000081500000| Untracked 
|   2|0x0000000081600000, 0x0000000081700000, 0x0000000081700000|100%| O|  |TAMS 0x0000000081600000, 0x0000000081600000| Untracked 
|   3|0x0000000081700000, 0x000000008177fa00, 0x0000000081800000| 49%| O|  |TAMS 0x0000000081700000, 0x0000000081700000| Untracked 
|   4|0x0000000081800000, 0x0000000081800000, 0x0000000081900000|  0%| F|  |TAMS 0x0000000081800000, 0x0000000081800000| Untracked 
|   5|0x0000000081900000, 0x0000000081900000, 0x0000000081a00000|  0%| F|  |TAMS 0x0000000081900000, 0x0000000081900000| Untracked 
|   6|0x0000000081a00000, 0x0000000081a00000, 0x0000000081b00000|  0%| F|  |TAMS 0x0000000081a00000, 0x0000000081a00000| Untracked 
|   7|0x0000000081b00000, 0x0000000081b00000, 0x0000000081c00000|  0%| F|  |TAMS 0x0000000081b00000, 0x0000000081b00000| Untracked 
|   8|0x0000000081c00000, 0x0000000081c00000, 0x0000000081d00000|  0%| F|  |TAMS 0x0000000081c00000, 0x0000000081c00000| Untracked 
|   9|0x0000000081d00000, 0x0000000081d00000, 0x0000000081e00000|  0%| F|  |TAMS 0x0000000081d00000, 0x0000000081d00000| Untracked 
|  10|0x0000000081e00000, 0x0000000081e00000, 0x0000000081f00000|  0%| F|  |TAMS 0x0000000081e00000, 0x0000000081e00000| Untracked 
|  11|0x0000000081f00000, 0x0000000081f00000, 0x0000000082000000|  0%| F|  |TAMS 0x0000000081f00000, 0x0000000081f00000| Untracked 
|  12|0x0000000082000000, 0x0000000082000000, 0x0000000082100000|  0%| F|  |TAMS 0x0000000082000000, 0x0000000082000000| Untracked 
|  13|0x0000000082100000, 0x0000000082100000, 0x0000000082200000|  0%| F|  |TAMS 0x0000000082100000, 0x0000000082100000| Untracked 
|  14|0x0000000082200000, 0x0000000082200000, 0x0000000082300000|  0%| F|  |TAMS 0x0000000082200000, 0x0000000082200000| Untracked 
|  15|0x0000000082300000, 0x0000000082300000, 0x0000000082400000|  0%| F|  |TAMS 0x0000000082300000, 0x0000000082300000| Untracked 
|  16|0x0000000082400000, 0x0000000082400000, 0x0000000082500000|  0%| F|  |TAMS 0x0000000082400000, 0x0000000082400000| Untracked 
|  17|0x0000000082500000, 0x0000000082500000, 0x0000000082600000|  0%| F|  |TAMS 0x0000000082500000, 0x0000000082500000| Untracked 
|  18|0x0000000082600000, 0x0000000082600000, 0x0000000082700000|  0%| F|  |TAMS 0x0000000082600000, 0x0000000082600000| Untracked 
|  19|0x0000000082700000, 0x0000000082700000, 0x0000000082800000|  0%| F|  |TAMS 0x0000000082700000, 0x0000000082700000| Untracked 
|  20|0x0000000082800000, 0x0000000082800000, 0x0000000082900000|  0%| F|  |TAMS 0x0000000082800000, 0x0000000082800000| Untracked 
|  21|0x0000000082900000, 0x0000000082900000, 0x0000000082a00000|  0%| F|  |TAMS 0x0000000082900000, 0x0000000082900000| Untracked 
|  22|0x0000000082a00000, 0x0000000082a00000, 0x0000000082b00000|  0%| F|  |TAMS 0x0000000082a00000, 0x0000000082a00000| Untracked 
|  23|0x0000000082b00000, 0x0000000082b00000, 0x0000000082c00000|  0%| F|  |TAMS 0x0000000082b00000, 0x0000000082b00000| Untracked 
|  24|0x0000000082c00000, 0x0000000082c00000, 0x0000000082d00000|  0%| F|  |TAMS 0x0000000082c00000, 0x0000000082c00000| Untracked 
|  25|0x0000000082d00000, 0x0000000082d00000, 0x0000000082e00000|  0%| F|  |TAMS 0x0000000082d00000, 0x0000000082d00000| Untracked 
|  26|0x0000000082e00000, 0x0000000082e00000, 0x0000000082f00000|  0%| F|  |TAMS 0x0000000082e00000, 0x0000000082e00000| Untracked 
|  27|0x0000000082f00000, 0x0000000082f00000, 0x0000000083000000|  0%| F|  |TAMS 0x0000000082f00000, 0x0000000082f00000| Untracked 
|  28|0x0000000083000000, 0x0000000083000000, 0x0000000083100000|  0%| F|  |TAMS 0x0000000083000000, 0x0000000083000000| Untracked 
|  29|0x0000000083100000, 0x0000000083100000, 0x0000000083200000|  0%| F|  |TAMS 0x0000000083100000, 0x0000000083100000| Untracked 
|  30|0x0000000083200000, 0x0000000083200000, 0x0000000083300000|  0%| F|  |TAMS 0x0000000083200000, 0x0000000083200000| Untracked 
|  31|0x0000000083300000, 0x0000000083300000, 0x0000000083400000|  0%| F|  |TAMS 0x0000000083300000, 0x0000000083300000| Untracked 
|  32|0x0000000083400000, 0x0000000083400000, 0x0000000083500000|  0%| F|  |TAMS 0x0000000083400000, 0x0000000083400000| Untracked 
|  33|0x0000000083500000, 0x0000000083500000, 0x0000000083600000|  0%| F|  |TAMS 0x0000000083500000, 0x0000000083500000| Untracked 
|  34|0x0000000083600000, 0x0000000083600000, 0x0000000083700000|  0%| F|  |TAMS 0x0000000083600000, 0x0000000083600000| Untracked 
|  35|0x0000000083700000, 0x0000000083700000, 0x0000000083800000|  0%| F|  |TAMS 0x0000000083700000, 0x0000000083700000| Untracked 
|  36|0x0000000083800000, 0x0000000083800000, 0x0000000083900000|  0%| F|  |TAMS 0x0000000083800000, 0x0000000083800000| Untracked 
|  37|0x0000000083900000, 0x0000000083900000, 0x0000000083a00000|  0%| F|  |TAMS 0x0000000083900000, 0x0000000083900000| Untracked 
|  38|0x0000000083a00000, 0x0000000083a00000, 0x0000000083b00000|  0%| F|  |TAMS 0x0000000083a00000, 0x0000000083a00000| Untracked 
|  39|0x0000000083b00000, 0x0000000083b00000, 0x0000000083c00000|  0%| F|  |TAMS 0x0000000083b00000, 0x0000000083b00000| Untracked 
|  40|0x0000000083c00000, 0x0000000083c00000, 0x0000000083d00000|  0%| F|  |TAMS 0x0000000083c00000, 0x0000000083c00000| Untracked 
|  41|0x0000000083d00000, 0x0000000083d00000, 0x0000000083e00000|  0%| F|  |TAMS 0x0000000083d00000, 0x0000000083d00000| Untracked 
|  42|0x0000000083e00000, 0x0000000083e00000, 0x0000000083f00000|  0%| F|  |TAMS 0x0000000083e00000, 0x0000000083e00000| Untracked 
|  43|0x0000000083f00000, 0x0000000083f00000, 0x0000000084000000|  0%| F|  |TAMS 0x0000000083f00000, 0x0000000083f00000| Untracked 
|  44|0x0000000084000000, 0x0000000084000000, 0x0000000084100000|  0%| F|  |TAMS 0x0000000084000000, 0x0000000084000000| Untracked 
|  45|0x0000000084100000, 0x0000000084100000, 0x0000000084200000|  0%| F|  |TAMS 0x0000000084100000, 0x0000000084100000| Untracked 
|  46|0x0000000084200000, 0x0000000084200000, 0x0000000084300000|  0%| F|  |TAMS 0x0000000084200000, 0x0000000084200000| Untracked 
|  47|0x0000000084300000, 0x0000000084300000, 0x0000000084400000|  0%| F|  |TAMS 0x0000000084300000, 0x0000000084300000| Untracked 
|  48|0x0000000084400000, 0x0000000084400000, 0x0000000084500000|  0%| F|  |TAMS 0x0000000084400000, 0x0000000084400000| Untracked 
|  49|0x0000000084500000, 0x0000000084500000, 0x0000000084600000|  0%| F|  |TAMS 0x0000000084500000, 0x0000000084500000| Untracked 
|  50|0x0000000084600000, 0x0000000084600000, 0x0000000084700000|  0%| F|  |TAMS 0x0000000084600000, 0x0000000084600000| Untracked 
|  51|0x0000000084700000, 0x0000000084700000, 0x0000000084800000|  0%| F|  |TAMS 0x0000000084700000, 0x0000000084700000| Untracked 
|  52|0x0000000084800000, 0x0000000084800000, 0x0000000084900000|  0%| F|  |TAMS 0x0000000084800000, 0x0000000084800000| Untracked 
|  53|0x0000000084900000, 0x0000000084900000, 0x0000000084a00000|  0%| F|  |TAMS 0x0000000084900000, 0x0000000084900000| Untracked 
|  54|0x0000000084a00000, 0x0000000084a00000, 0x0000000084b00000|  0%| F|  |TAMS 0x0000000084a00000, 0x0000000084a00000| Untracked 
|  55|0x0000000084b00000, 0x0000000084b00000, 0x0000000084c00000|  0%| F|  |TAMS 0x0000000084b00000, 0x0000000084b00000| Untracked 
|  56|0x0000000084c00000, 0x0000000084c00000, 0x0000000084d00000|  0%| F|  |TAMS 0x0000000084c00000, 0x0000000084c00000| Untracked 
|  57|0x0000000084d00000, 0x0000000084d00000, 0x0000000084e00000|  0%| F|  |TAMS 0x0000000084d00000, 0x0000000084d00000| Untracked 
|  58|0x0000000084e00000, 0x0000000084e00000, 0x0000000084f00000|  0%| F|  |TAMS 0x0000000084e00000, 0x0000000084e00000| Untracked 
|  59|0x0000000084f00000, 0x0000000084f00000, 0x0000000085000000|  0%| F|  |TAMS 0x0000000084f00000, 0x0000000084f00000| Untracked 
|  60|0x0000000085000000, 0x0000000085000000, 0x0000000085100000|  0%| F|  |TAMS 0x0000000085000000, 0x0000000085000000| Untracked 
|  61|0x0000000085100000, 0x0000000085100000, 0x0000000085200000|  0%| F|  |TAMS 0x0000000085100000, 0x0000000085100000| Untracked 
|  62|0x0000000085200000, 0x0000000085200000, 0x0000000085300000|  0%| F|  |TAMS 0x0000000085200000, 0x0000000085200000| Untracked 
|  63|0x0000000085300000, 0x0000000085300000, 0x0000000085400000|  0%| F|  |TAMS 0x0000000085300000, 0x0000000085300000| Untracked 
|  64|0x0000000085400000, 0x0000000085400000, 0x0000000085500000|  0%| F|  |TAMS 0x0000000085400000, 0x0000000085400000| Untracked 
|  65|0x0000000085500000, 0x0000000085500000, 0x0000000085600000|  0%| F|  |TAMS 0x0000000085500000, 0x0000000085500000| Untracked 
|  66|0x0000000085600000, 0x0000000085600000, 0x0000000085700000|  0%| F|  |TAMS 0x0000000085600000, 0x0000000085600000| Untracked 
|  67|0x0000000085700000, 0x0000000085700000, 0x0000000085800000|  0%| F|  |TAMS 0x0000000085700000, 0x0000000085700000| Untracked 
|  68|0x0000000085800000, 0x0000000085800000, 0x0000000085900000|  0%| F|  |TAMS 0x0000000085800000, 0x0000000085800000| Untracked 
|  69|0x0000000085900000, 0x0000000085900000, 0x0000000085a00000|  0%| F|  |TAMS 0x0000000085900000, 0x0000000085900000| Untracked 
|  70|0x0000000085a00000, 0x0000000085a00000, 0x0000000085b00000|  0%| F|  |TAMS 0x0000000085a00000, 0x0000000085a00000| Untracked 
|  71|0x0000000085b00000, 0x0000000085b00000, 0x0000000085c00000|  0%| F|  |TAMS 0x0000000085b00000, 0x0000000085b00000| Untracked 
|  72|0x0000000085c00000, 0x0000000085c00000, 0x0000000085d00000|  0%| F|  |TAMS 0x0000000085c00000, 0x0000000085c00000| Untracked 
|  73|0x0000000085d00000, 0x0000000085d00000, 0x0000000085e00000|  0%| F|  |TAMS 0x0000000085d00000, 0x0000000085d00000| Untracked 
|  74|0x0000000085e00000, 0x0000000085e00000, 0x0000000085f00000|  0%| F|  |TAMS 0x0000000085e00000, 0x0000000085e00000| Untracked 
|  75|0x0000000085f00000, 0x0000000085f00000, 0x0000000086000000|  0%| F|  |TAMS 0x0000000085f00000, 0x0000000085f00000| Untracked 
|  76|0x0000000086000000, 0x0000000086000000, 0x0000000086100000|  0%| F|  |TAMS 0x0000000086000000, 0x0000000086000000| Untracked 
|  77|0x0000000086100000, 0x0000000086100000, 0x0000000086200000|  0%| F|  |TAMS 0x0000000086100000, 0x0000000086100000| Untracked 
|  78|0x0000000086200000, 0x0000000086200000, 0x0000000086300000|  0%| F|  |TAMS 0x0000000086200000, 0x0000000086200000| Untracked 
|  79|0x0000000086300000, 0x0000000086300000, 0x0000000086400000|  0%| F|  |TAMS 0x0000000086300000, 0x0000000086300000| Untracked 
|  80|0x0000000086400000, 0x0000000086400000, 0x0000000086500000|  0%| F|  |TAMS 0x0000000086400000, 0x0000000086400000| Untracked 
|  81|0x0000000086500000, 0x0000000086500000, 0x0000000086600000|  0%| F|  |TAMS 0x0000000086500000, 0x0000000086500000| Untracked 
|  82|0x0000000086600000, 0x0000000086600000, 0x0000000086700000|  0%| F|  |TAMS 0x0000000086600000, 0x0000000086600000| Untracked 
|  83|0x0000000086700000, 0x0000000086700000, 0x0000000086800000|  0%| F|  |TAMS 0x0000000086700000, 0x0000000086700000| Untracked 
|  84|0x0000000086800000, 0x0000000086800000, 0x0000000086900000|  0%| F|  |TAMS 0x0000000086800000, 0x0000000086800000| Untracked 
|  85|0x0000000086900000, 0x0000000086900000, 0x0000000086a00000|  0%| F|  |TAMS 0x0000000086900000, 0x0000000086900000| Untracked 
|  86|0x0000000086a00000, 0x0000000086a00000, 0x0000000086b00000|  0%| F|  |TAMS 0x0000000086a00000, 0x0000000086a00000| Untracked 
|  87|0x0000000086b00000, 0x0000000086b00000, 0x0000000086c00000|  0%| F|  |TAMS 0x0000000086b00000, 0x0000000086b00000| Untracked 
|  88|0x0000000086c00000, 0x0000000086c00000, 0x0000000086d00000|  0%| F|  |TAMS 0x0000000086c00000, 0x0000000086c00000| Untracked 
|  89|0x0000000086d00000, 0x0000000086d00000, 0x0000000086e00000|  0%| F|  |TAMS 0x0000000086d00000, 0x0000000086d00000| Untracked 
|  90|0x0000000086e00000, 0x0000000086e00000, 0x0000000086f00000|  0%| F|  |TAMS 0x0000000086e00000, 0x0000000086e00000| Untracked 
|  91|0x0000000086f00000, 0x0000000086f572f0, 0x0000000087000000| 34%| S|CS|TAMS 0x0000000086f00000, 0x0000000086f00000| Complete 
|  92|0x0000000087000000, 0x0000000087100000, 0x0000000087100000|100%| S|CS|TAMS 0x0000000087000000, 0x0000000087000000| Complete 
|  93|0x0000000087100000, 0x0000000087200000, 0x0000000087200000|100%| S|CS|TAMS 0x0000000087100000, 0x0000000087100000| Complete 
|  94|0x0000000087200000, 0x0000000087200000, 0x0000000087300000|  0%| F|  |TAMS 0x0000000087200000, 0x0000000087200000| Untracked 
|  95|0x0000000087300000, 0x0000000087300000, 0x0000000087400000|  0%| F|  |TAMS 0x0000000087300000, 0x0000000087300000| Untracked 
|  96|0x0000000087400000, 0x0000000087400000, 0x0000000087500000|  0%| F|  |TAMS 0x0000000087400000, 0x0000000087400000| Untracked 
|  97|0x0000000087500000, 0x0000000087500000, 0x0000000087600000|  0%| F|  |TAMS 0x0000000087500000, 0x0000000087500000| Untracked 
|  98|0x0000000087600000, 0x0000000087600000, 0x0000000087700000|  0%| F|  |TAMS 0x0000000087600000, 0x0000000087600000| Untracked 
|  99|0x0000000087700000, 0x0000000087700000, 0x0000000087800000|  0%| F|  |TAMS 0x0000000087700000, 0x0000000087700000| Untracked 
| 100|0x0000000087800000, 0x0000000087800000, 0x0000000087900000|  0%| F|  |TAMS 0x0000000087800000, 0x0000000087800000| Untracked 
| 101|0x0000000087900000, 0x0000000087900000, 0x0000000087a00000|  0%| F|  |TAMS 0x0000000087900000, 0x0000000087900000| Untracked 
| 102|0x0000000087a00000, 0x0000000087a00000, 0x0000000087b00000|  0%| F|  |TAMS 0x0000000087a00000, 0x0000000087a00000| Untracked 
| 103|0x0000000087b00000, 0x0000000087b00000, 0x0000000087c00000|  0%| F|  |TAMS 0x0000000087b00000, 0x0000000087b00000| Untracked 
| 104|0x0000000087c00000, 0x0000000087c00000, 0x0000000087d00000|  0%| F|  |TAMS 0x0000000087c00000, 0x0000000087c00000| Untracked 
| 105|0x0000000087d00000, 0x0000000087d00000, 0x0000000087e00000|  0%| F|  |TAMS 0x0000000087d00000, 0x0000000087d00000| Untracked 
| 106|0x0000000087e00000, 0x0000000087e00000, 0x0000000087f00000|  0%| F|  |TAMS 0x0000000087e00000, 0x0000000087e00000| Untracked 
| 107|0x0000000087f00000, 0x0000000087f00000, 0x0000000088000000|  0%| F|  |TAMS 0x0000000087f00000, 0x0000000087f00000| Untracked 
| 108|0x0000000088000000, 0x0000000088000000, 0x0000000088100000|  0%| F|  |TAMS 0x0000000088000000, 0x0000000088000000| Untracked 
| 109|0x0000000088100000, 0x0000000088100000, 0x0000000088200000|  0%| F|  |TAMS 0x0000000088100000, 0x0000000088100000| Untracked 
| 110|0x0000000088200000, 0x0000000088200000, 0x0000000088300000|  0%| F|  |TAMS 0x0000000088200000, 0x0000000088200000| Untracked 
| 111|0x0000000088300000, 0x0000000088300000, 0x0000000088400000|  0%| F|  |TAMS 0x0000000088300000, 0x0000000088300000| Untracked 
| 112|0x0000000088400000, 0x0000000088400000, 0x0000000088500000|  0%| F|  |TAMS 0x0000000088400000, 0x0000000088400000| Untracked 
| 113|0x0000000088500000, 0x0000000088500000, 0x0000000088600000|  0%| F|  |TAMS 0x0000000088500000, 0x0000000088500000| Untracked 
| 114|0x0000000088600000, 0x0000000088600000, 0x0000000088700000|  0%| F|  |TAMS 0x0000000088600000, 0x0000000088600000| Untracked 
| 115|0x0000000088700000, 0x0000000088700000, 0x0000000088800000|  0%| F|  |TAMS 0x0000000088700000, 0x0000000088700000| Untracked 
| 116|0x0000000088800000, 0x0000000088800000, 0x0000000088900000|  0%| F|  |TAMS 0x0000000088800000, 0x0000000088800000| Untracked 
| 117|0x0000000088900000, 0x0000000088900000, 0x0000000088a00000|  0%| F|  |TAMS 0x0000000088900000, 0x0000000088900000| Untracked 
| 118|0x0000000088a00000, 0x0000000088a00000, 0x0000000088b00000|  0%| F|  |TAMS 0x0000000088a00000, 0x0000000088a00000| Untracked 
| 119|0x0000000088b00000, 0x0000000088b00000, 0x0000000088c00000|  0%| F|  |TAMS 0x0000000088b00000, 0x0000000088b00000| Untracked 
| 120|0x0000000088c00000, 0x0000000088c00000, 0x0000000088d00000|  0%| F|  |TAMS 0x0000000088c00000, 0x0000000088c00000| Untracked 
| 121|0x0000000088d00000, 0x0000000088e00000, 0x0000000088e00000|100%| E|  |TAMS 0x0000000088d00000, 0x0000000088d00000| Complete 
| 122|0x0000000088e00000, 0x0000000088f00000, 0x0000000088f00000|100%| E|CS|TAMS 0x0000000088e00000, 0x0000000088e00000| Complete 
| 123|0x0000000088f00000, 0x0000000089000000, 0x0000000089000000|100%| E|CS|TAMS 0x0000000088f00000, 0x0000000088f00000| Complete 
| 124|0x0000000089000000, 0x0000000089100000, 0x0000000089100000|100%| E|CS|TAMS 0x0000000089000000, 0x0000000089000000| Complete 
| 125|0x0000000089100000, 0x0000000089200000, 0x0000000089200000|100%| E|CS|TAMS 0x0000000089100000, 0x0000000089100000| Complete 
| 126|0x0000000089200000, 0x0000000089300000, 0x0000000089300000|100%| E|CS|TAMS 0x0000000089200000, 0x0000000089200000| Complete 
| 127|0x0000000089300000, 0x0000000089400000, 0x0000000089400000|100%| E|CS|TAMS 0x0000000089300000, 0x0000000089300000| Complete 

Card table byte_map: [0x000001de36340000,0x000001de36740000] _byte_map_base: 0x000001de35f36000

Marking Bits (Prev, Next): (CMBitMap*) 0x000001de1d4c9360, (CMBitMap*) 0x000001de1d4c93a0
 Prev Bits: [0x000001de36b40000, 0x000001de38af0000)
 Next Bits: [0x000001de38af0000, 0x000001de3aaa0000)

Polling page: 0x000001de1d540000

Metaspace:

Usage:
  Non-class:      9.99 MB used.
      Class:      1.36 MB used.
       Both:     11.36 MB used.

Virtual space:
  Non-class space:       16.00 MB reserved,      10.06 MB ( 63%) committed,  2 nodes.
      Class space:        1.00 GB reserved,       1.44 MB ( <1%) committed,  1 nodes.
             Both:        1.02 GB reserved,      11.50 MB (  1%) committed. 

Chunk freelists:
   Non-Class:  368.00 KB
       Class:  2.58 MB
        Both:  2.94 MB

MaxMetaspaceSize: unlimited
CompressedClassSpaceSize: 1.00 GB
Initial GC threshold: 21.00 MB
Current GC threshold: 21.00 MB
CDS: on
MetaspaceReclaimPolicy: balanced
 - commit_granule_bytes: 65536.
 - commit_granule_words: 8192.
 - virtual_space_node_default_size: 1048576.
 - enlarge_chunks_in_place: 1.
 - new_chunks_are_fully_committed: 0.
 - uncommit_free_chunks: 1.
 - use_allocation_guard: 0.
 - handle_deallocations: 1.


Internal statistics:

num_allocs_failed_limit: 0.
num_arena_births: 54.
num_arena_deaths: 0.
num_vsnodes_births: 3.
num_vsnodes_deaths: 0.
num_space_committed: 184.
num_space_uncommitted: 0.
num_chunks_returned_to_freelist: 0.
num_chunks_taken_from_freelist: 447.
num_chunk_merges: 0.
num_chunk_splits: 330.
num_chunks_enlarged: 264.
num_purges: 0.
num_inconsistent_stats: 0.

CodeHeap 'non-profiled nmethods': size=120000Kb used=795Kb max_used=795Kb free=119204Kb
 bounds [0x000001de2dfa0000, 0x000001de2e210000, 0x000001de354d0000]
CodeHeap 'profiled nmethods': size=120000Kb used=4150Kb max_used=4150Kb free=115849Kb
 bounds [0x000001de26a70000, 0x000001de26e80000, 0x000001de2dfa0000]
CodeHeap 'non-nmethods': size=5760Kb used=1160Kb max_used=1214Kb free=4599Kb
 bounds [0x000001de264d0000, 0x000001de26740000, 0x000001de26a70000]
 total_blobs=2536 nmethods=2084 adapters=364
 compilation: enabled
              stopped_count=0, restarted_count=0
 full_count=0

Compilation events (20 events):
Event: 53.536 Thread 0x000001de3d54fdf0 2082   !   3       jdk.internal.reflect.ReflectionFactory::checkInitted (100 bytes)
Event: 53.538 Thread 0x000001de3d54fdf0 nmethod 2082 0x000001de26e73210 code [0x000001de26e73520, 0x000001de26e74568]
Event: 53.538 Thread 0x000001de3d54fdf0 2083       3       java.lang.reflect.ReflectAccess::getRoot (5 bytes)
Event: 53.538 Thread 0x000001de3d54fdf0 nmethod 2083 0x000001de26e74a10 code [0x000001de26e74bc0, 0x000001de26e74d88]
Event: 53.538 Thread 0x000001de3d54fdf0 2081       3       com.google.common.cache.LocalCache$StrongValueReference::<init> (10 bytes)
Event: 53.538 Thread 0x000001de3d54fdf0 nmethod 2081 0x000001de26e74e90 code [0x000001de26e75020, 0x000001de26e751d8]
Event: 53.538 Thread 0x000001de3d54fdf0 2084   !   3       jdk.internal.reflect.NativeConstructorAccessorImpl::newInstance (122 bytes)
Event: 53.539 Thread 0x000001de3d54fdf0 nmethod 2084 0x000001de26e75290 code [0x000001de26e754e0, 0x000001de26e760c8]
Event: 53.542 Thread 0x000001de3d54fdf0 2086       3       org.codehaus.plexus.util.xml.pull.MXParser::nextImpl (1202 bytes)
Event: 53.547 Thread 0x000001de3d54fdf0 nmethod 2086 0x000001de26e76590 code [0x000001de26e76c20, 0x000001de26e79f68]
Event: 53.557 Thread 0x000001de3d53e3f0 2087       4       java.util.StringTokenizer::scanToken (179 bytes)
Event: 53.558 Thread 0x000001de3d54fdf0 2088       3       java.lang.String::indexOf (18 bytes)
Event: 53.558 Thread 0x000001de3d54fdf0 nmethod 2088 0x000001de26e7ae10 code [0x000001de26e7afe0, 0x000001de26e7b2a8]
Event: 53.561 Thread 0x000001de3d53e3f0 nmethod 2087 0x000001de2e066190 code [0x000001de2e066320, 0x000001de2e066628]
Event: 53.561 Thread 0x000001de3d53e3f0 2089       4       java.lang.StringBuilder::<init> (7 bytes)
Event: 53.562 Thread 0x000001de3d54fdf0 2090       3       org.eclipse.sisu.plexus.RealmFilteredBeans$FilteredItr::hasNext (81 bytes)
Event: 53.563 Thread 0x000001de3d54fdf0 nmethod 2090 0x000001de26e7b410 code [0x000001de26e7b680, 0x000001de26e7c3e8]
Event: 53.563 Thread 0x000001de3d54fdf0 2091   !   3       com.google.inject.internal.InjectorImpl::getProvider (46 bytes)
Event: 53.564 Thread 0x000001de3d53e3f0 nmethod 2089 0x000001de2e066890 code [0x000001de2e066a20, 0x000001de2e066bf8]
Event: 53.564 Thread 0x000001de3d54fdf0 nmethod 2091 0x000001de26e7c790 code [0x000001de26e7ca20, 0x000001de26e7d4e8]

GC Heap History (4 events):
Event: 14.477 GC heap before
{Heap before GC invocations=0 (full 0):
 garbage-first heap   total 131072K, used 22528K [0x0000000081400000, 0x0000000100000000)
  region size 1024K, 23 young (23552K), 0 survivors (0K)
 Metaspace       used 4804K, committed 4928K, reserved 1056768K
  class space    used 565K, committed 640K, reserved 1048576K
}
Event: 16.136 GC heap after
{Heap after GC invocations=1 (full 0):
 garbage-first heap   total 131072K, used 3549K [0x0000000081400000, 0x0000000100000000)
  region size 1024K, 3 young (3072K), 3 survivors (3072K)
 Metaspace       used 4804K, committed 4928K, reserved 1056768K
  class space    used 565K, committed 640K, reserved 1048576K
}
Event: 45.541 GC heap before
{Heap before GC invocations=1 (full 0):
 garbage-first heap   total 131072K, used 35293K [0x0000000081400000, 0x0000000100000000)
  region size 1024K, 34 young (34816K), 3 survivors (3072K)
 Metaspace       used 10243K, committed 10368K, reserved 1064960K
  class space    used 1254K, committed 1344K, reserved 1048576K
}
Event: 45.554 GC heap after
{Heap after GC invocations=2 (full 0):
 garbage-first heap   total 131072K, used 5979K [0x0000000081400000, 0x0000000100000000)
  region size 1024K, 3 young (3072K), 3 survivors (3072K)
 Metaspace       used 10243K, committed 10368K, reserved 1064960K
  class space    used 1254K, committed 1344K, reserved 1048576K
}

Deoptimization events (20 events):
Event: 51.423 Thread 0x000001de1d46dcd0 Uncommon trap: trap_request=0xffffffc6 fr.pc=0x000001de2dff53a8 relative=0x0000000000000368
Event: 51.423 Thread 0x000001de1d46dcd0 Uncommon trap: reason=bimorphic_or_optimized_type_check action=maybe_recompile pc=0x000001de2dff53a8 method=java.nio.Buffer.<init>(IIIILjdk/internal/access/foreign/MemorySegmentProxy;)V @ 39 c2
Event: 51.423 Thread 0x000001de1d46dcd0 DEOPT PACKING pc=0x000001de2dff53a8 sp=0x000000c8a26fc7d0
Event: 51.423 Thread 0x000001de1d46dcd0 DEOPT UNPACKING pc=0x000001de265223a3 sp=0x000000c8a26fc778 mode 2
Event: 52.473 Thread 0x000001de1d46dcd0 Uncommon trap: trap_request=0xffffff45 fr.pc=0x000001de2e00eda0 relative=0x0000000000000680
Event: 52.473 Thread 0x000001de1d46dcd0 Uncommon trap: reason=unstable_if action=reinterpret pc=0x000001de2e00eda0 method=java.lang.String.replace(CC)Ljava/lang/String; @ 2 c2
Event: 52.473 Thread 0x000001de1d46dcd0 DEOPT PACKING pc=0x000001de2e00eda0 sp=0x000000c8a26fd910
Event: 52.473 Thread 0x000001de1d46dcd0 DEOPT UNPACKING pc=0x000001de265223a3 sp=0x000000c8a26fd8c0 mode 2
Event: 52.474 Thread 0x000001de1d46dcd0 Uncommon trap: trap_request=0xffffff45 fr.pc=0x000001de2e0598f8 relative=0x00000000000002d8
Event: 52.474 Thread 0x000001de1d46dcd0 Uncommon trap: reason=unstable_if action=reinterpret pc=0x000001de2e0598f8 method=java.lang.String.indexOf([BBILjava/lang/String;I)I @ 21 c2
Event: 52.474 Thread 0x000001de1d46dcd0 DEOPT PACKING pc=0x000001de2e0598f8 sp=0x000000c8a26fda00
Event: 52.474 Thread 0x000001de1d46dcd0 DEOPT UNPACKING pc=0x000001de265223a3 sp=0x000000c8a26fd910 mode 2
Event: 53.532 Thread 0x000001de1d46dcd0 Uncommon trap: trap_request=0xffffff45 fr.pc=0x000001de2e0038b0 relative=0x0000000000000a30
Event: 53.532 Thread 0x000001de1d46dcd0 Uncommon trap: reason=unstable_if action=reinterpret pc=0x000001de2e0038b0 method=org.codehaus.plexus.util.xml.pull.MXParser.nextImpl()I @ 241 c2
Event: 53.532 Thread 0x000001de1d46dcd0 DEOPT PACKING pc=0x000001de2e0038b0 sp=0x000000c8a26fcb90
Event: 53.532 Thread 0x000001de1d46dcd0 DEOPT UNPACKING pc=0x000001de265223a3 sp=0x000000c8a26fcb08 mode 2
Event: 53.563 Thread 0x000001de1d46dcd0 Uncommon trap: trap_request=0xffffffde fr.pc=0x000001de2dffb6a8 relative=0x00000000000009a8
Event: 53.563 Thread 0x000001de1d46dcd0 Uncommon trap: reason=class_check action=maybe_recompile pc=0x000001de2dffb6a8 method=java.util.HashMap.putVal(ILjava/lang/Object;Ljava/lang/Object;ZZ)Ljava/lang/Object; @ 203 c2
Event: 53.563 Thread 0x000001de1d46dcd0 DEOPT PACKING pc=0x000001de2dffb6a8 sp=0x000000c8a26fbcc0
Event: 53.563 Thread 0x000001de1d46dcd0 DEOPT UNPACKING pc=0x000001de265223a3 sp=0x000000c8a26fbbe0 mode 2

Classes unloaded (0 events):
No events

Classes redefined (0 events):
No events

Internal exceptions (13 events):
Event: 4.381 Thread 0x000001de1d46dcd0 Exception <a 'java/lang/NullPointerException'{0x0000000089083518}> (0x0000000089083518) 
thrown [s\open\src\hotspot\share\interpreter\linkResolver.cpp, line 1350]
Event: 5.071 Thread 0x000001de1d46dcd0 Exception <a 'java/lang/NullPointerException'{0x00000000890d0580}> (0x00000000890d0580) 
thrown [s\open\src\hotspot\share\interpreter\linkResolver.cpp, line 1350]
Event: 5.071 Thread 0x000001de1d46dcd0 Exception <a 'java/lang/NullPointerException'{0x00000000890d0858}> (0x00000000890d0858) 
thrown [s\open\src\hotspot\share\interpreter\linkResolver.cpp, line 1350]
Event: 5.071 Thread 0x000001de1d46dcd0 Exception <a 'java/lang/NullPointerException'{0x00000000890d0b30}> (0x00000000890d0b30) 
thrown [s\open\src\hotspot\share\interpreter\linkResolver.cpp, line 1350]
Event: 5.073 Thread 0x000001de1d46dcd0 Exception <a 'java/lang/NullPointerException'{0x00000000890d64b0}> (0x00000000890d64b0) 
thrown [s\open\src\hotspot\share\interpreter\linkResolver.cpp, line 1350]
Event: 5.076 Thread 0x000001de1d46dcd0 Exception <a 'java/lang/NullPointerException'{0x00000000890eb868}> (0x00000000890eb868) 
thrown [s\open\src\hotspot\share\interpreter\linkResolver.cpp, line 1350]
Event: 5.076 Thread 0x000001de1d46dcd0 Exception <a 'java/lang/NullPointerException'{0x00000000890ebb40}> (0x00000000890ebb40) 
thrown [s\open\src\hotspot\share\interpreter\linkResolver.cpp, line 1350]
Event: 5.076 Thread 0x000001de1d46dcd0 Exception <a 'java/lang/NullPointerException'{0x00000000890ebe18}> (0x00000000890ebe18) 
thrown [s\open\src\hotspot\share\interpreter\linkResolver.cpp, line 1350]
Event: 5.076 Thread 0x000001de1d46dcd0 Exception <a 'java/lang/NullPointerException'{0x00000000890ec0f0}> (0x00000000890ec0f0) 
thrown [s\open\src\hotspot\share\interpreter\linkResolver.cpp, line 1350]
Event: 11.853 Thread 0x000001de1d46dcd0 Exception <a 'java/lang/NoSuchMethodError'{0x0000000088514c28}: 'java.lang.Object java.lang.invoke.DirectMethodHandle$Holder.newInvokeSpecial(java.lang.Object, java.lang.Object, java.lang.Object, java.lang.Object, java.lang.Object)'> (0x0000000088514c28) 
thrown [s\open\src\hotspot\share\interpreter\linkResolver.cpp, line 759]
Event: 12.509 Thread 0x000001de1d46dcd0 Exception <a 'java/lang/NoClassDefFoundError'{0x000000008847b390}: javax/enterprise/inject/Typed> (0x000000008847b390) 
thrown [s\open\src\hotspot\share\classfile\systemDictionary.cpp, line 245]
Event: 40.794 Thread 0x000001de1d46dcd0 Exception <a 'java/lang/NoClassDefFoundError'{0x0000000087468418}: com/google/inject/servlet/ServletModuleTargetVisitor> (0x0000000087468418) 
thrown [s\open\src\hotspot\share\classfile\systemDictionary.cpp, line 245]
Event: 44.436 Thread 0x000001de1d46dcd0 Exception <a 'java/lang/NoSuchMethodError'{0x00000000872b0bd8}: 'java.lang.Object java.lang.invoke.DirectMethodHandle$Holder.invokeStaticInit(java.lang.Object, int, int, int, int)'> (0x00000000872b0bd8) 
thrown [s\open\src\hotspot\share\interpreter\linkResolver.cpp, line 759]

VM Operations (20 events):
Event: 45.411 Executing VM operation: Cleanup
Event: 45.516 Executing VM operation: Cleanup done
Event: 45.541 Executing VM operation: G1CollectForAllocation
Event: 45.555 Executing VM operation: G1CollectForAllocation done
Event: 45.578 Executing VM operation: HandshakeAllThreads
Event: 45.578 Executing VM operation: HandshakeAllThreads done
Event: 46.591 Executing VM operation: Cleanup
Event: 46.591 Executing VM operation: Cleanup done
Event: 47.985 Executing VM operation: HandshakeAllThreads
Event: 47.985 Executing VM operation: HandshakeAllThreads done
Event: 47.985 Executing VM operation: Cleanup
Event: 47.985 Executing VM operation: Cleanup done
Event: 47.986 Executing VM operation: HandshakeAllThreads
Event: 47.986 Executing VM operation: HandshakeAllThreads done
Event: 48.996 Executing VM operation: Cleanup
Event: 48.996 Executing VM operation: Cleanup done
Event: 52.023 Executing VM operation: Cleanup
Event: 52.387 Executing VM operation: Cleanup done
Event: 53.394 Executing VM operation: Cleanup
Event: 53.507 Executing VM operation: Cleanup done

Events (20 events):
Event: 47.984 loading class java/net/spi/URLStreamHandlerProvider
Event: 47.985 loading class java/net/spi/URLStreamHandlerProvider done
Event: 47.986 loading class sun/net/www/protocol/https/Handler
Event: 47.986 loading class sun/net/www/protocol/http/Handler
Event: 47.986 loading class sun/net/www/protocol/http/Handler done
Event: 47.986 loading class sun/net/www/protocol/https/Handler done
Event: 47.992 loading class java/util/regex/Pattern$Pos
Event: 47.993 loading class java/util/regex/Pattern$Pos done
Event: 51.422 loading class sun/util/resources/LocaleData$CommonResourceBundleProvider
Event: 51.422 loading class sun/util/resources/LocaleData$LocaleDataResourceBundleProvider
Event: 51.422 loading class java/util/spi/ResourceBundleProvider
Event: 51.422 loading class java/util/spi/ResourceBundleProvider done
Event: 51.422 loading class sun/util/resources/LocaleData$LocaleDataResourceBundleProvider done
Event: 51.422 loading class sun/util/resources/LocaleData$CommonResourceBundleProvider done
Event: 51.422 loading class sun/util/resources/Bundles$2
Event: 51.422 loading class sun/util/resources/Bundles$2 done
Event: 53.509 loading class java/lang/Short$ShortCache
Event: 53.509 loading class java/lang/Short$ShortCache done
Event: 53.509 loading class java/lang/Byte$ByteCache
Event: 53.509 loading class java/lang/Byte$ByteCache done


Dynamic libraries:
0x00007ff79b0e0000 - 0x00007ff79b0f0000 	C:\Program Files\Java\jdk-17.0.4.1\bin\java.exe
0x00007ff857e50000 - 0x00007ff858064000 	C:\WINDOWS\SYSTEM32\ntdll.dll
0x00007ff856a80000 - 0x00007ff856b42000 	C:\WINDOWS\System32\KERNEL32.DLL
0x00007ff8554e0000 - 0x00007ff855883000 	C:\WINDOWS\System32\KERNELBASE.dll
0x00007ff8559c0000 - 0x00007ff855ad1000 	C:\WINDOWS\System32\ucrtbase.dll
0x00007ff84abe0000 - 0x00007ff84abf8000 	C:\Program Files\Java\jdk-17.0.4.1\bin\jli.dll
0x00007ff8570a0000 - 0x00007ff85714e000 	C:\WINDOWS\System32\ADVAPI32.dll
0x00007ff8569d0000 - 0x00007ff856a77000 	C:\WINDOWS\System32\msvcrt.dll
0x00007ff857470000 - 0x00007ff857514000 	C:\WINDOWS\System32\sechost.dll
0x00007ff857ad0000 - 0x00007ff857be7000 	C:\WINDOWS\System32\RPCRT4.dll
0x00007ff855ee0000 - 0x00007ff85608b000 	C:\WINDOWS\System32\USER32.dll
0x00007ff855c00000 - 0x00007ff855c26000 	C:\WINDOWS\System32\win32u.dll
0x00007ff856b70000 - 0x00007ff856b99000 	C:\WINDOWS\System32\GDI32.dll
0x00007ff855250000 - 0x00007ff855369000 	C:\WINDOWS\System32\gdi32full.dll
0x00007ff855ae0000 - 0x00007ff855b7a000 	C:\WINDOWS\System32\msvcp_win.dll
0x00007ff84c4f0000 - 0x00007ff84c50a000 	C:\Program Files\Java\jdk-17.0.4.1\bin\VCRUNTIME140.dll
0x00007ff83a430000 - 0x00007ff83a6be000 	C:\WINDOWS\WinSxS\amd64_microsoft.windows.common-controls_6595b64144ccf1df_6.0.22621.1635_none_270f70857386168e\COMCTL32.dll
0x00007ff849df0000 - 0x00007ff849dfa000 	C:\WINDOWS\SYSTEM32\VERSION.dll
0x00007ff856ba0000 - 0x00007ff856bd1000 	C:\WINDOWS\System32\IMM32.DLL
0x00007ff84e040000 - 0x00007ff84e04c000 	C:\Program Files\Java\jdk-17.0.4.1\bin\vcruntime140_1.dll
0x00007ff8421c0000 - 0x00007ff84224d000 	C:\Program Files\Java\jdk-17.0.4.1\bin\msvcp140.dll
0x00007fffeb090000 - 0x00007fffebc52000 	C:\Program Files\Java\jdk-17.0.4.1\bin\server\jvm.dll
0x00007ff857460000 - 0x00007ff857468000 	C:\WINDOWS\System32\PSAPI.DLL
0x00007ff84ad00000 - 0x00007ff84ad09000 	C:\WINDOWS\SYSTEM32\WSOCK32.dll
0x00007ff855d30000 - 0x00007ff855da1000 	C:\WINDOWS\System32\WS2_32.dll
0x00007ff849850000 - 0x00007ff849884000 	C:\WINDOWS\SYSTEM32\WINMM.dll
0x00007ff854390000 - 0x00007ff8543a8000 	C:\WINDOWS\SYSTEM32\kernel.appcore.dll
0x00007ff84b650000 - 0x00007ff84b65a000 	C:\Program Files\Java\jdk-17.0.4.1\bin\jimage.dll
0x00007ff852e00000 - 0x00007ff85302e000 	C:\WINDOWS\SYSTEM32\DBGHELP.DLL
0x00007ff856c60000 - 0x00007ff856fe9000 	C:\WINDOWS\System32\combase.dll
0x00007ff8571e0000 - 0x00007ff8572b7000 	C:\WINDOWS\System32\OLEAUT32.dll
0x00007ff83ef60000 - 0x00007ff83ef92000 	C:\WINDOWS\SYSTEM32\dbgcore.DLL
0x00007ff855b80000 - 0x00007ff855bfb000 	C:\WINDOWS\System32\bcryptPrimitives.dll
0x00007ff84ac40000 - 0x00007ff84ac65000 	C:\Program Files\Java\jdk-17.0.4.1\bin\java.dll
0x00007ff8460e0000 - 0x00007ff8461b6000 	C:\Program Files\Java\jdk-17.0.4.1\bin\jsvml.dll
0x00007ff8560b0000 - 0x00007ff8568aa000 	C:\WINDOWS\System32\SHELL32.dll
0x00007ff853260000 - 0x00007ff853b2e000 	C:\WINDOWS\SYSTEM32\windows.storage.dll
0x00007ff853030000 - 0x00007ff85316e000 	C:\WINDOWS\SYSTEM32\wintypes.dll
0x00007ff8579b0000 - 0x00007ff857aa1000 	C:\WINDOWS\System32\SHCORE.dll
0x00007ff8568b0000 - 0x00007ff85690e000 	C:\WINDOWS\System32\shlwapi.dll
0x00007ff855180000 - 0x00007ff8551a1000 	C:\WINDOWS\SYSTEM32\profapi.dll
0x00007ff84ad10000 - 0x00007ff84ad29000 	C:\Program Files\Java\jdk-17.0.4.1\bin\net.dll
0x00007ff849890000 - 0x00007ff8499c7000 	C:\WINDOWS\SYSTEM32\WINHTTP.dll
0x00007ff854800000 - 0x00007ff854869000 	C:\WINDOWS\system32\mswsock.dll
0x00007ff849ba0000 - 0x00007ff849bb6000 	C:\Program Files\Java\jdk-17.0.4.1\bin\nio.dll
0x00007ff849af0000 - 0x00007ff849b08000 	C:\Program Files\Java\jdk-17.0.4.1\bin\zip.dll
0x0000000069ac0000 - 0x0000000069ae4000 	C:\Program Files\NetBeans-14\netbeans\java\maven\lib\jansi-native\Windows\x86_64\jansi.dll
0x00007ff84af30000 - 0x00007ff84af40000 	C:\Program Files\Java\jdk-17.0.4.1\bin\verify.dll

dbghelp: loaded successfully - version: 4.0.5 - missing functions: none
symbol engine: initialized successfully - sym options: 0x614 - pdb path: .;C:\Program Files\Java\jdk-17.0.4.1\bin;C:\WINDOWS\SYSTEM32;C:\WINDOWS\WinSxS\amd64_microsoft.windows.common-controls_6595b64144ccf1df_6.0.22621.1635_none_270f70857386168e;C:\Program Files\Java\jdk-17.0.4.1\bin\server;C:\Program Files\NetBeans-14\netbeans\java\maven\lib\jansi-native\Windows\x86_64

VM Arguments:
jvm_args: -Dclassworlds.conf=C:\Program Files\NetBeans-14\netbeans\java\maven\bin\m2.conf -Dmaven.home=C:\Program Files\NetBeans-14\netbeans\java\maven -Dlibrary.jansi.path=C:\Program Files\NetBeans-14\netbeans\java\maven\lib\jansi-native -Dmaven.multiModuleProjectDirectory=C:\Senac\curso ds\ProjetoIntegradorUC05\Atividade5diversos\Atividade5PIUC05 
java_command: org.codehaus.plexus.classworlds.launcher.Launcher -Dmaven.ext.class.path=C:\Program Files\NetBeans-14\netbeans\java\maven-nblib\netbeans-eventspy.jar -Dfile.encoding=UTF-8 install
java_class_path (initial): C:\Program Files\NetBeans-14\netbeans\java\maven\boot\plexus-classworlds-2.6.0.jar
Launcher Type: SUN_STANDARD

[Global flags]
     intx CICompilerCount                          = 4                                         {product} {ergonomic}
     uint ConcGCThreads                            = 2                                         {product} {ergonomic}
     uint G1ConcRefinementThreads                  = 8                                         {product} {ergonomic}
   size_t G1HeapRegionSize                         = 1048576                                   {product} {ergonomic}
    uintx GCDrainStackTargetSize                   = 64                                        {product} {ergonomic}
   size_t InitialHeapSize                          = 134217728                                 {product} {ergonomic}
   size_t MarkStackSize                            = 4194304                                   {product} {ergonomic}
   size_t MaxHeapSize                              = 2126512128                                {product} {ergonomic}
   size_t MaxNewSize                               = 1275068416                                {product} {ergonomic}
   size_t MinHeapDeltaBytes                        = 1048576                                   {product} {ergonomic}
   size_t MinHeapSize                              = 8388608                                   {product} {ergonomic}
    uintx NonNMethodCodeHeapSize                   = 5839372                                {pd product} {ergonomic}
    uintx NonProfiledCodeHeapSize                  = 122909434                              {pd product} {ergonomic}
    uintx ProfiledCodeHeapSize                     = 122909434                              {pd product} {ergonomic}
    uintx ReservedCodeCacheSize                    = 251658240                              {pd product} {ergonomic}
     bool SegmentedCodeCache                       = true                                      {product} {ergonomic}
   size_t SoftMaxHeapSize                          = 2126512128                             {manageable} {ergonomic}
     bool UseCompressedClassPointers               = true                           {product lp64_product} {ergonomic}
     bool UseCompressedOops                        = true                           {product lp64_product} {ergonomic}
     bool UseG1GC                                  = true                                      {product} {ergonomic}
     bool UseLargePagesIndividualAllocation        = false                                  {pd product} {ergonomic}

Logging:
Log output configuration:
 #0: stdout all=warning uptime,level,tags
 #1: stderr all=off uptime,level,tags

Environment Variables:
JAVA_HOME=C:\Program Files\Java\jdk-17.0.4.1
PATH=C:\Program Files\Common Files\Oracle\Java\javapath;C:\ProgramData\Oracle\Java\javapath;C:\Program Files (x86)\Intel\Intel(R) Management Engine Components\iCLS\;C:\Program Files\Intel\Intel(R) Management Engine Components\iCLS\;C:\windows\system32;C:\windows;C:\windows\System32\Wbem;C:\windows\System32\WindowsPowerShell\v1.0\;C:\windows\System32\OpenSSH\;C:\Program Files (x86)\NVIDIA Corporation\PhysX\Common;C:\Program Files (x86)\Intel\Intel(R) Management Engine Components\DAL;C:\Program Files\Intel\Intel(R) Management Engine Components\DAL;C:\Program Files (x86)\Intel\Intel(R) Management Engine Components\IPT;C:\Program Files\Intel\Intel(R) Management Engine Components\IPT;C:\WINDOWS\system32;C:\WINDOWS;C:\WINDOWS\System32\Wbem;C:\WINDOWS\System32\WindowsPowerShell\v1.0\;C:\WINDOWS\System32\OpenSSH\;C:\Program Files\nodejs\;C:\ProgramData\UNIVALI\Portugol Studio;C:\Program Files\Git\cmd;C:\Users\larak\AppData\Local\Microsoft\WindowsApps;C:\Program Files\JetBrains\PyCharm Community Edition 2020.3.3\bin;;C:\Users\larak\AppData\Local\Programs\Microsoft VS Code\bin;C:\Users\larak\AppData\Roaming\npm;
USERNAME=larak
OS=Windows_NT
PROCESSOR_IDENTIFIER=Intel64 Family 6 Model 142 Stepping 10, GenuineIntel



---------------  S Y S T E M  ---------------

OS:
 Windows 11 , 64 bit Build 22621 (10.0.22621.1778)
OS uptime: 1 days 18:35 hours

CPU: total 8 (initial active 8) (4 cores per cpu, 2 threads per core) family 6 model 142 stepping 10 microcode 0xe0, cx8, cmov, fxsr, ht, mmx, 3dnowpref, sse, sse2, sse3, ssse3, sse4.1, sse4.2, popcnt, lzcnt, tsc, tscinvbit, avx, avx2, aes, erms, clmul, bmi1, bmi2, adx, fma, vzeroupper, clflush, clflushopt

Memory: 4k page, system-wide physical 8106M (320M free)
TotalPageFile size 32682M (AvailPageFile size 450M)
current process WorkingSet (physical memory assigned to process): 94M, peak: 100M
current process commit charge ("private bytes"): 234M, peak: 241M

vm_info: Java HotSpot(TM) 64-Bit Server VM (17.0.4.1+1-LTS-2) for windows-amd64 JRE (17.0.4.1+1-LTS-2), built on Aug 16 2022 18:32:06 by "mach5one" with MS VC++ 16.8 / 16.9 (VS2019)

END.
