#
# There is insufficient memory for the Java Runtime Environment to continue.
# Native memory allocation (malloc) failed to allocate 131088 bytes for Chunk::new
# Possible reasons:
#   The system is out of physical RAM or swap space
#   The process is running with CompressedOops enabled, and the Java Heap may be blocking the growth of the native heap
# Possible solutions:
#   Reduce memory load on the system
#   Increase physical memory or swap space
#   Check if swap backing store is full
#   Decrease Java heap size (-Xmx/-Xms)
#   Decrease number of Java threads
#   Decrease Java thread stack sizes (-Xss)
#   Set larger code cache with -XX:ReservedCodeCacheSize=
#   JVM is running with Unscaled Compressed Oops mode in which the Java heap is
#     placed in the first 4GB address space. The Java Heap base address is the
#     maximum limit for the native heap growth. Please use -XX:HeapBaseMinAddress
#     to set the Java Heap base and to place the Java Heap above 4GB virtual address.
# This output file may be truncated or incomplete.
#
#  Out of Memory Error (arena.cpp:189), pid=25512, tid=24496
#
# JRE version: Java(TM) SE Runtime Environment (17.0.4.1+1) (build 17.0.4.1+1-LTS-2)
# Java VM: Java HotSpot(TM) 64-Bit Server VM (17.0.4.1+1-LTS-2, mixed mode, sharing, tiered, compressed oops, compressed class ptrs, g1 gc, windows-amd64)
# No core dump will be written. Minidumps are not enabled by default on client versions of Windows
#

---------------  S U M M A R Y ------------

Command Line: -Dclassworlds.conf=C:\Program Files\NetBeans-14\netbeans\java\maven\bin\m2.conf -Dmaven.home=C:\Program Files\NetBeans-14\netbeans\java\maven -Dlibrary.jansi.path=C:\Program Files\NetBeans-14\netbeans\java\maven\lib\jansi-native -Dmaven.multiModuleProjectDirectory=C:\Senac\curso ds\ProjetoIntegradorUC05\Atividade5diversos\Atividade5PIUC05 org.codehaus.plexus.classworlds.launcher.Launcher -Dmaven.ext.class.path=C:\Program Files\NetBeans-14\netbeans\java\maven-nblib\netbeans-eventspy.jar -Dfile.encoding=UTF-8 install

Host: Intel(R) Core(TM) i5-8250U CPU @ 1.60GHz, 8 cores, 7G,  Windows 11 , 64 bit Build 22621 (10.0.22621.1778)
Time: Mon Jun 12 15:26:43 2023 Hora oficial do Brasil elapsed time: 76.046894 seconds (0d 0h 1m 16s)

---------------  T H R E A D  ---------------

Current thread (0x000001da951ff240):  JavaThread "C2 CompilerThread0" daemon [_thread_in_native, id=24496, stack(0x0000000aa9c00000,0x0000000aa9d00000)]


Current CompileTask:
C2:  76047 1805   !   4       java.net.URL::<init> (543 bytes)

Stack: [0x0000000aa9c00000,0x0000000aa9d00000]
Native frames: (J=compiled Java code, j=interpreted, Vv=VM code, C=native code)
V  [jvm.dll+0x6723ba]
V  [jvm.dll+0x7d1e34]
V  [jvm.dll+0x7d35de]
V  [jvm.dll+0x7d3c43]
V  [jvm.dll+0x243065]
V  [jvm.dll+0xaa57b]
V  [jvm.dll+0xaab0c]
V  [jvm.dll+0xaa68b]
V  [jvm.dll+0x697568]
V  [jvm.dll+0x35cf17]
V  [jvm.dll+0x35d38c]
V  [jvm.dll+0x35d170]
V  [jvm.dll+0x2ce4ce]
V  [jvm.dll+0x638cc7]
V  [jvm.dll+0x10fb7c]
V  [jvm.dll+0x33a946]
V  [jvm.dll+0x68df46]
V  [jvm.dll+0x68d292]
V  [jvm.dll+0x68875d]
V  [jvm.dll+0x68281b]
V  [jvm.dll+0x681e57]
V  [jvm.dll+0x67fd52]
V  [jvm.dll+0x1a51cc]
V  [jvm.dll+0x2a8fe4]
V  [jvm.dll+0x68a865]
V  [jvm.dll+0x68281b]
V  [jvm.dll+0x681e57]
V  [jvm.dll+0x67fd52]
V  [jvm.dll+0x1a51cc]
V  [jvm.dll+0x2a8fe4]
V  [jvm.dll+0x68a865]
V  [jvm.dll+0x68281b]
V  [jvm.dll+0x681e57]
V  [jvm.dll+0x67fd52]
V  [jvm.dll+0x1a51cc]
V  [jvm.dll+0x1a5d96]
V  [jvm.dll+0x2a8fe4]
V  [jvm.dll+0x68a865]
V  [jvm.dll+0x68281b]
V  [jvm.dll+0x681e57]
V  [jvm.dll+0x67fd52]
V  [jvm.dll+0x1a51cc]
V  [jvm.dll+0x1a5d96]
V  [jvm.dll+0x1a5d96]
V  [jvm.dll+0x1a5cd8]
V  [jvm.dll+0x2a8fe4]
V  [jvm.dll+0x68a865]
V  [jvm.dll+0x68281b]
V  [jvm.dll+0x681e57]
V  [jvm.dll+0x67fd52]
V  [jvm.dll+0x1a51cc]
V  [jvm.dll+0x215188]
V  [jvm.dll+0x1a1fcd]
V  [jvm.dll+0x224e08]
V  [jvm.dll+0x222f75]
V  [jvm.dll+0x787a0b]
V  [jvm.dll+0x781fca]
V  [jvm.dll+0x671245]
C  [ucrtbase.dll+0x29363]
C  [KERNEL32.DLL+0x126ad]
C  [ntdll.dll+0x5a9f8]


---------------  P R O C E S S  ---------------

Threads class SMR info:
_java_thread_list=0x000001da960fbb70, length=12, elements={
0x000001daf70adcd0, 0x000001da951e3f50, 0x000001da951e4b00, 0x000001da951fa790,
0x000001da951fd150, 0x000001da951fdb00, 0x000001da951fe4b0, 0x000001da951ff240,
0x000001da95c04150, 0x000001da95c0ac70, 0x000001da95cc88e0, 0x000001da95cd0070
}

Java Threads: ( => current thread )
  0x000001daf70adcd0 JavaThread "main" [_thread_in_vm, id=27352, stack(0x0000000aa8e00000,0x0000000aa8f00000)]
  0x000001da951e3f50 JavaThread "Reference Handler" daemon [_thread_blocked, id=6988, stack(0x0000000aa9600000,0x0000000aa9700000)]
  0x000001da951e4b00 JavaThread "Finalizer" daemon [_thread_blocked, id=13424, stack(0x0000000aa9700000,0x0000000aa9800000)]
  0x000001da951fa790 JavaThread "Signal Dispatcher" daemon [_thread_blocked, id=21136, stack(0x0000000aa9800000,0x0000000aa9900000)]
  0x000001da951fd150 JavaThread "Attach Listener" daemon [_thread_blocked, id=28016, stack(0x0000000aa9900000,0x0000000aa9a00000)]
  0x000001da951fdb00 JavaThread "Service Thread" daemon [_thread_blocked, id=21192, stack(0x0000000aa9a00000,0x0000000aa9b00000)]
  0x000001da951fe4b0 JavaThread "Monitor Deflation Thread" daemon [_thread_blocked, id=19532, stack(0x0000000aa9b00000,0x0000000aa9c00000)]
=>0x000001da951ff240 JavaThread "C2 CompilerThread0" daemon [_thread_in_native, id=24496, stack(0x0000000aa9c00000,0x0000000aa9d00000)]
  0x000001da95c04150 JavaThread "C1 CompilerThread0" daemon [_thread_blocked, id=16032, stack(0x0000000aa9d00000,0x0000000aa9e00000)]
  0x000001da95c0ac70 JavaThread "Sweeper thread" daemon [_thread_blocked, id=27132, stack(0x0000000aa9e00000,0x0000000aa9f00000)]
  0x000001da95cc88e0 JavaThread "Notification Thread" daemon [_thread_blocked, id=28460, stack(0x0000000aa9f00000,0x0000000aaa000000)]
  0x000001da95cd0070 JavaThread "Common-Cleaner" daemon [_thread_blocked, id=19260, stack(0x0000000aaa100000,0x0000000aaa200000)]

Other Threads:
  0x000001da951dd4a0 VMThread "VM Thread" [stack: 0x0000000aa9500000,0x0000000aa9600000] [id=1920]
  0x000001da95cccdc0 WatcherThread [stack: 0x0000000aaa000000,0x0000000aaa100000] [id=23436]
  0x000001daf7108d50 GCTaskThread "GC Thread#0" [stack: 0x0000000aa9000000,0x0000000aa9100000] [id=27032]
  0x000001da962cbbe0 GCTaskThread "GC Thread#1" [stack: 0x0000000aaa300000,0x0000000aaa400000] [id=11712]
  0x000001da96474410 GCTaskThread "GC Thread#2" [stack: 0x0000000aaa400000,0x0000000aaa500000] [id=17572]
  0x000001da95c90e70 GCTaskThread "GC Thread#3" [stack: 0x0000000aaa500000,0x0000000aaa600000] [id=23360]
  0x000001da95c91120 GCTaskThread "GC Thread#4" [stack: 0x0000000aaa600000,0x0000000aaa700000] [id=20060]
  0x000001da95c913d0 GCTaskThread "GC Thread#5" [stack: 0x0000000aaa700000,0x0000000aaa800000] [id=25864]
  0x000001da962e41b0 GCTaskThread "GC Thread#6" [stack: 0x0000000aaa800000,0x0000000aaa900000] [id=11688]
  0x000001daf7119a10 ConcurrentGCThread "G1 Main Marker" [stack: 0x0000000aa9100000,0x0000000aa9200000] [id=27492]
  0x000001daf711a580 ConcurrentGCThread "G1 Conc#0" [stack: 0x0000000aa9200000,0x0000000aa9300000] [id=27356]
  0x000001da950a24c0 ConcurrentGCThread "G1 Refine#0" [stack: 0x0000000aa9300000,0x0000000aa9400000] [id=27296]
  0x000001daf71728c0 ConcurrentGCThread "G1 Service" [stack: 0x0000000aa9400000,0x0000000aa9500000] [id=4852]

Threads with active compile tasks:
C2 CompilerThread0    76147 1805   !   4       java.net.URL::<init> (543 bytes)

VM state: not at safepoint (normal execution)

VM Mutex/Monitor currently owned by a thread: None

Heap address: 0x0000000081400000, size: 2028 MB, Compressed Oops mode: 32-bit

CDS archive(s) mapped at: [0x0000000800000000-0x0000000800bc0000-0x0000000800bc0000), size 12320768, SharedBaseAddress: 0x0000000800000000, ArchiveRelocationMode: 0.
Compressed class space mapped at: 0x0000000800c00000-0x0000000840c00000, reserved size: 1073741824
Narrow klass base: 0x0000000800000000, Narrow klass shift: 0, Narrow klass range: 0x100000000

GC Precious Log:
 CPUs: 8 total, 8 available
 Memory: 8106M
 Large Page Support: Disabled
 NUMA Support: Disabled
 Compressed Oops: Enabled (32-bit)
 Heap Region Size: 1M
 Heap Min Capacity: 8M
 Heap Initial Capacity: 128M
 Heap Max Capacity: 2028M
 Pre-touch: Disabled
 Parallel Workers: 8
 Concurrent Workers: 2
 Concurrent Refinement Workers: 8
 Periodic GC: Disabled

Heap:
 garbage-first heap   total 131072K, used 32225K [0x0000000081400000, 0x0000000100000000)
  region size 1024K, 32 young (32768K), 3 survivors (3072K)
 Metaspace       used 9730K, committed 9856K, reserved 1064960K
  class space    used 1202K, committed 1280K, reserved 1048576K

Heap Regions: E=young(eden), S=young(survivor), O=old, HS=humongous(starts), HC=humongous(continues), CS=collection set, F=free, OA=open archive, CA=closed archive, TAMS=top-at-mark-start (previous, next)
|   0|0x0000000081400000, 0x0000000081478600, 0x0000000081500000| 47%| O|  |TAMS 0x0000000081400000, 0x0000000081400000| Untracked 
|   1|0x0000000081500000, 0x0000000081500000, 0x0000000081600000|  0%| F|  |TAMS 0x0000000081500000, 0x0000000081500000| Untracked 
|   2|0x0000000081600000, 0x0000000081600000, 0x0000000081700000|  0%| F|  |TAMS 0x0000000081600000, 0x0000000081600000| Untracked 
|   3|0x0000000081700000, 0x0000000081700000, 0x0000000081800000|  0%| F|  |TAMS 0x0000000081700000, 0x0000000081700000| Untracked 
|   4|0x0000000081800000, 0x0000000081800000, 0x0000000081900000|  0%| F|  |TAMS 0x0000000081800000, 0x0000000081800000| Untracked 
|   5|0x0000000081900000, 0x0000000081900000, 0x0000000081a00000|  0%| F|  |TAMS 0x0000000081900000, 0x0000000081900000| Untracked 
|   6|0x0000000081a00000, 0x0000000081a00000, 0x0000000081b00000|  0%| F|  |TAMS 0x0000000081a00000, 0x0000000081a00000| Untracked 
|   7|0x0000000081b00000, 0x0000000081b00000, 0x0000000081c00000|  0%| F|  |TAMS 0x0000000081b00000, 0x0000000081b00000| Untracked 
|   8|0x0000000081c00000, 0x0000000081c00000, 0x0000000081d00000|  0%| F|  |TAMS 0x0000000081c00000, 0x0000000081c00000| Untracked 
|   9|0x0000000081d00000, 0x0000000081d00000, 0x0000000081e00000|  0%| F|  |TAMS 0x0000000081d00000, 0x0000000081d00000| Untracked 
|  10|0x0000000081e00000, 0x0000000081e00000, 0x0000000081f00000|  0%| F|  |TAMS 0x0000000081e00000, 0x0000000081e00000| Untracked 
|  11|0x0000000081f00000, 0x0000000081f00000, 0x0000000082000000|  0%| F|  |TAMS 0x0000000081f00000, 0x0000000081f00000| Untracked 
|  12|0x0000000082000000, 0x0000000082000000, 0x0000000082100000|  0%| F|  |TAMS 0x0000000082000000, 0x0000000082000000| Untracked 
|  13|0x0000000082100000, 0x0000000082100000, 0x0000000082200000|  0%| F|  |TAMS 0x0000000082100000, 0x0000000082100000| Untracked 
|  14|0x0000000082200000, 0x0000000082200000, 0x0000000082300000|  0%| F|  |TAMS 0x0000000082200000, 0x0000000082200000| Untracked 
|  15|0x0000000082300000, 0x0000000082300000, 0x0000000082400000|  0%| F|  |TAMS 0x0000000082300000, 0x0000000082300000| Untracked 
|  16|0x0000000082400000, 0x0000000082400000, 0x0000000082500000|  0%| F|  |TAMS 0x0000000082400000, 0x0000000082400000| Untracked 
|  17|0x0000000082500000, 0x0000000082500000, 0x0000000082600000|  0%| F|  |TAMS 0x0000000082500000, 0x0000000082500000| Untracked 
|  18|0x0000000082600000, 0x0000000082600000, 0x0000000082700000|  0%| F|  |TAMS 0x0000000082600000, 0x0000000082600000| Untracked 
|  19|0x0000000082700000, 0x0000000082700000, 0x0000000082800000|  0%| F|  |TAMS 0x0000000082700000, 0x0000000082700000| Untracked 
|  20|0x0000000082800000, 0x0000000082800000, 0x0000000082900000|  0%| F|  |TAMS 0x0000000082800000, 0x0000000082800000| Untracked 
|  21|0x0000000082900000, 0x0000000082900000, 0x0000000082a00000|  0%| F|  |TAMS 0x0000000082900000, 0x0000000082900000| Untracked 
|  22|0x0000000082a00000, 0x0000000082a00000, 0x0000000082b00000|  0%| F|  |TAMS 0x0000000082a00000, 0x0000000082a00000| Untracked 
|  23|0x0000000082b00000, 0x0000000082b00000, 0x0000000082c00000|  0%| F|  |TAMS 0x0000000082b00000, 0x0000000082b00000| Untracked 
|  24|0x0000000082c00000, 0x0000000082c00000, 0x0000000082d00000|  0%| F|  |TAMS 0x0000000082c00000, 0x0000000082c00000| Untracked 
|  25|0x0000000082d00000, 0x0000000082d00000, 0x0000000082e00000|  0%| F|  |TAMS 0x0000000082d00000, 0x0000000082d00000| Untracked 
|  26|0x0000000082e00000, 0x0000000082e00000, 0x0000000082f00000|  0%| F|  |TAMS 0x0000000082e00000, 0x0000000082e00000| Untracked 
|  27|0x0000000082f00000, 0x0000000082f00000, 0x0000000083000000|  0%| F|  |TAMS 0x0000000082f00000, 0x0000000082f00000| Untracked 
|  28|0x0000000083000000, 0x0000000083000000, 0x0000000083100000|  0%| F|  |TAMS 0x0000000083000000, 0x0000000083000000| Untracked 
|  29|0x0000000083100000, 0x0000000083100000, 0x0000000083200000|  0%| F|  |TAMS 0x0000000083100000, 0x0000000083100000| Untracked 
|  30|0x0000000083200000, 0x0000000083200000, 0x0000000083300000|  0%| F|  |TAMS 0x0000000083200000, 0x0000000083200000| Untracked 
|  31|0x0000000083300000, 0x0000000083300000, 0x0000000083400000|  0%| F|  |TAMS 0x0000000083300000, 0x0000000083300000| Untracked 
|  32|0x0000000083400000, 0x0000000083400000, 0x0000000083500000|  0%| F|  |TAMS 0x0000000083400000, 0x0000000083400000| Untracked 
|  33|0x0000000083500000, 0x0000000083500000, 0x0000000083600000|  0%| F|  |TAMS 0x0000000083500000, 0x0000000083500000| Untracked 
|  34|0x0000000083600000, 0x0000000083600000, 0x0000000083700000|  0%| F|  |TAMS 0x0000000083600000, 0x0000000083600000| Untracked 
|  35|0x0000000083700000, 0x0000000083700000, 0x0000000083800000|  0%| F|  |TAMS 0x0000000083700000, 0x0000000083700000| Untracked 
|  36|0x0000000083800000, 0x0000000083800000, 0x0000000083900000|  0%| F|  |TAMS 0x0000000083800000, 0x0000000083800000| Untracked 
|  37|0x0000000083900000, 0x0000000083900000, 0x0000000083a00000|  0%| F|  |TAMS 0x0000000083900000, 0x0000000083900000| Untracked 
|  38|0x0000000083a00000, 0x0000000083a00000, 0x0000000083b00000|  0%| F|  |TAMS 0x0000000083a00000, 0x0000000083a00000| Untracked 
|  39|0x0000000083b00000, 0x0000000083b00000, 0x0000000083c00000|  0%| F|  |TAMS 0x0000000083b00000, 0x0000000083b00000| Untracked 
|  40|0x0000000083c00000, 0x0000000083c00000, 0x0000000083d00000|  0%| F|  |TAMS 0x0000000083c00000, 0x0000000083c00000| Untracked 
|  41|0x0000000083d00000, 0x0000000083d00000, 0x0000000083e00000|  0%| F|  |TAMS 0x0000000083d00000, 0x0000000083d00000| Untracked 
|  42|0x0000000083e00000, 0x0000000083e00000, 0x0000000083f00000|  0%| F|  |TAMS 0x0000000083e00000, 0x0000000083e00000| Untracked 
|  43|0x0000000083f00000, 0x0000000083f00000, 0x0000000084000000|  0%| F|  |TAMS 0x0000000083f00000, 0x0000000083f00000| Untracked 
|  44|0x0000000084000000, 0x0000000084000000, 0x0000000084100000|  0%| F|  |TAMS 0x0000000084000000, 0x0000000084000000| Untracked 
|  45|0x0000000084100000, 0x0000000084100000, 0x0000000084200000|  0%| F|  |TAMS 0x0000000084100000, 0x0000000084100000| Untracked 
|  46|0x0000000084200000, 0x0000000084200000, 0x0000000084300000|  0%| F|  |TAMS 0x0000000084200000, 0x0000000084200000| Untracked 
|  47|0x0000000084300000, 0x0000000084300000, 0x0000000084400000|  0%| F|  |TAMS 0x0000000084300000, 0x0000000084300000| Untracked 
|  48|0x0000000084400000, 0x0000000084400000, 0x0000000084500000|  0%| F|  |TAMS 0x0000000084400000, 0x0000000084400000| Untracked 
|  49|0x0000000084500000, 0x0000000084500000, 0x0000000084600000|  0%| F|  |TAMS 0x0000000084500000, 0x0000000084500000| Untracked 
|  50|0x0000000084600000, 0x0000000084600000, 0x0000000084700000|  0%| F|  |TAMS 0x0000000084600000, 0x0000000084600000| Untracked 
|  51|0x0000000084700000, 0x0000000084700000, 0x0000000084800000|  0%| F|  |TAMS 0x0000000084700000, 0x0000000084700000| Untracked 
|  52|0x0000000084800000, 0x0000000084800000, 0x0000000084900000|  0%| F|  |TAMS 0x0000000084800000, 0x0000000084800000| Untracked 
|  53|0x0000000084900000, 0x0000000084900000, 0x0000000084a00000|  0%| F|  |TAMS 0x0000000084900000, 0x0000000084900000| Untracked 
|  54|0x0000000084a00000, 0x0000000084a00000, 0x0000000084b00000|  0%| F|  |TAMS 0x0000000084a00000, 0x0000000084a00000| Untracked 
|  55|0x0000000084b00000, 0x0000000084b00000, 0x0000000084c00000|  0%| F|  |TAMS 0x0000000084b00000, 0x0000000084b00000| Untracked 
|  56|0x0000000084c00000, 0x0000000084c00000, 0x0000000084d00000|  0%| F|  |TAMS 0x0000000084c00000, 0x0000000084c00000| Untracked 
|  57|0x0000000084d00000, 0x0000000084d00000, 0x0000000084e00000|  0%| F|  |TAMS 0x0000000084d00000, 0x0000000084d00000| Untracked 
|  58|0x0000000084e00000, 0x0000000084e00000, 0x0000000084f00000|  0%| F|  |TAMS 0x0000000084e00000, 0x0000000084e00000| Untracked 
|  59|0x0000000084f00000, 0x0000000084f00000, 0x0000000085000000|  0%| F|  |TAMS 0x0000000084f00000, 0x0000000084f00000| Untracked 
|  60|0x0000000085000000, 0x0000000085000000, 0x0000000085100000|  0%| F|  |TAMS 0x0000000085000000, 0x0000000085000000| Untracked 
|  61|0x0000000085100000, 0x0000000085100000, 0x0000000085200000|  0%| F|  |TAMS 0x0000000085100000, 0x0000000085100000| Untracked 
|  62|0x0000000085200000, 0x0000000085200000, 0x0000000085300000|  0%| F|  |TAMS 0x0000000085200000, 0x0000000085200000| Untracked 
|  63|0x0000000085300000, 0x0000000085300000, 0x0000000085400000|  0%| F|  |TAMS 0x0000000085300000, 0x0000000085300000| Untracked 
|  64|0x0000000085400000, 0x0000000085400000, 0x0000000085500000|  0%| F|  |TAMS 0x0000000085400000, 0x0000000085400000| Untracked 
|  65|0x0000000085500000, 0x0000000085500000, 0x0000000085600000|  0%| F|  |TAMS 0x0000000085500000, 0x0000000085500000| Untracked 
|  66|0x0000000085600000, 0x0000000085600000, 0x0000000085700000|  0%| F|  |TAMS 0x0000000085600000, 0x0000000085600000| Untracked 
|  67|0x0000000085700000, 0x0000000085700000, 0x0000000085800000|  0%| F|  |TAMS 0x0000000085700000, 0x0000000085700000| Untracked 
|  68|0x0000000085800000, 0x0000000085800000, 0x0000000085900000|  0%| F|  |TAMS 0x0000000085800000, 0x0000000085800000| Untracked 
|  69|0x0000000085900000, 0x0000000085900000, 0x0000000085a00000|  0%| F|  |TAMS 0x0000000085900000, 0x0000000085900000| Untracked 
|  70|0x0000000085a00000, 0x0000000085a00000, 0x0000000085b00000|  0%| F|  |TAMS 0x0000000085a00000, 0x0000000085a00000| Untracked 
|  71|0x0000000085b00000, 0x0000000085b00000, 0x0000000085c00000|  0%| F|  |TAMS 0x0000000085b00000, 0x0000000085b00000| Untracked 
|  72|0x0000000085c00000, 0x0000000085c00000, 0x0000000085d00000|  0%| F|  |TAMS 0x0000000085c00000, 0x0000000085c00000| Untracked 
|  73|0x0000000085d00000, 0x0000000085d00000, 0x0000000085e00000|  0%| F|  |TAMS 0x0000000085d00000, 0x0000000085d00000| Untracked 
|  74|0x0000000085e00000, 0x0000000085e00000, 0x0000000085f00000|  0%| F|  |TAMS 0x0000000085e00000, 0x0000000085e00000| Untracked 
|  75|0x0000000085f00000, 0x0000000085f00000, 0x0000000086000000|  0%| F|  |TAMS 0x0000000085f00000, 0x0000000085f00000| Untracked 
|  76|0x0000000086000000, 0x0000000086000000, 0x0000000086100000|  0%| F|  |TAMS 0x0000000086000000, 0x0000000086000000| Untracked 
|  77|0x0000000086100000, 0x0000000086100000, 0x0000000086200000|  0%| F|  |TAMS 0x0000000086100000, 0x0000000086100000| Untracked 
|  78|0x0000000086200000, 0x0000000086200000, 0x0000000086300000|  0%| F|  |TAMS 0x0000000086200000, 0x0000000086200000| Untracked 
|  79|0x0000000086300000, 0x0000000086300000, 0x0000000086400000|  0%| F|  |TAMS 0x0000000086300000, 0x0000000086300000| Untracked 
|  80|0x0000000086400000, 0x0000000086400000, 0x0000000086500000|  0%| F|  |TAMS 0x0000000086400000, 0x0000000086400000| Untracked 
|  81|0x0000000086500000, 0x0000000086500000, 0x0000000086600000|  0%| F|  |TAMS 0x0000000086500000, 0x0000000086500000| Untracked 
|  82|0x0000000086600000, 0x0000000086600000, 0x0000000086700000|  0%| F|  |TAMS 0x0000000086600000, 0x0000000086600000| Untracked 
|  83|0x0000000086700000, 0x0000000086700000, 0x0000000086800000|  0%| F|  |TAMS 0x0000000086700000, 0x0000000086700000| Untracked 
|  84|0x0000000086800000, 0x0000000086800000, 0x0000000086900000|  0%| F|  |TAMS 0x0000000086800000, 0x0000000086800000| Untracked 
|  85|0x0000000086900000, 0x0000000086900000, 0x0000000086a00000|  0%| F|  |TAMS 0x0000000086900000, 0x0000000086900000| Untracked 
|  86|0x0000000086a00000, 0x0000000086a00000, 0x0000000086b00000|  0%| F|  |TAMS 0x0000000086a00000, 0x0000000086a00000| Untracked 
|  87|0x0000000086b00000, 0x0000000086b00000, 0x0000000086c00000|  0%| F|  |TAMS 0x0000000086b00000, 0x0000000086b00000| Untracked 
|  88|0x0000000086c00000, 0x0000000086c00000, 0x0000000086d00000|  0%| F|  |TAMS 0x0000000086c00000, 0x0000000086c00000| Untracked 
|  89|0x0000000086d00000, 0x0000000086d00000, 0x0000000086e00000|  0%| F|  |TAMS 0x0000000086d00000, 0x0000000086d00000| Untracked 
|  90|0x0000000086e00000, 0x0000000086e00000, 0x0000000086f00000|  0%| F|  |TAMS 0x0000000086e00000, 0x0000000086e00000| Untracked 
|  91|0x0000000086f00000, 0x0000000086f00000, 0x0000000087000000|  0%| F|  |TAMS 0x0000000086f00000, 0x0000000086f00000| Untracked 
|  92|0x0000000087000000, 0x0000000087000000, 0x0000000087100000|  0%| F|  |TAMS 0x0000000087000000, 0x0000000087000000| Untracked 
|  93|0x0000000087100000, 0x0000000087100000, 0x0000000087200000|  0%| F|  |TAMS 0x0000000087100000, 0x0000000087100000| Untracked 
|  94|0x0000000087200000, 0x0000000087200000, 0x0000000087300000|  0%| F|  |TAMS 0x0000000087200000, 0x0000000087200000| Untracked 
|  95|0x0000000087300000, 0x0000000087300000, 0x0000000087400000|  0%| F|  |TAMS 0x0000000087300000, 0x0000000087300000| Untracked 
|  96|0x0000000087400000, 0x0000000087500000, 0x0000000087500000|100%| E|  |TAMS 0x0000000087400000, 0x0000000087400000| Complete 
|  97|0x0000000087500000, 0x0000000087600000, 0x0000000087600000|100%| E|CS|TAMS 0x0000000087500000, 0x0000000087500000| Complete 
|  98|0x0000000087600000, 0x0000000087700000, 0x0000000087700000|100%| E|CS|TAMS 0x0000000087600000, 0x0000000087600000| Complete 
|  99|0x0000000087700000, 0x0000000087800000, 0x0000000087800000|100%| E|CS|TAMS 0x0000000087700000, 0x0000000087700000| Complete 
| 100|0x0000000087800000, 0x0000000087900000, 0x0000000087900000|100%| E|CS|TAMS 0x0000000087800000, 0x0000000087800000| Complete 
| 101|0x0000000087900000, 0x0000000087a00000, 0x0000000087a00000|100%| E|CS|TAMS 0x0000000087900000, 0x0000000087900000| Complete 
| 102|0x0000000087a00000, 0x0000000087b00000, 0x0000000087b00000|100%| S|CS|TAMS 0x0000000087a00000, 0x0000000087a00000| Complete 
| 103|0x0000000087b00000, 0x0000000087c00000, 0x0000000087c00000|100%| S|CS|TAMS 0x0000000087b00000, 0x0000000087b00000| Complete 
| 104|0x0000000087c00000, 0x0000000087d00000, 0x0000000087d00000|100%| S|CS|TAMS 0x0000000087c00000, 0x0000000087c00000| Complete 
| 105|0x0000000087d00000, 0x0000000087e00000, 0x0000000087e00000|100%| E|CS|TAMS 0x0000000087d00000, 0x0000000087d00000| Complete 
| 106|0x0000000087e00000, 0x0000000087f00000, 0x0000000087f00000|100%| E|CS|TAMS 0x0000000087e00000, 0x0000000087e00000| Complete 
| 107|0x0000000087f00000, 0x0000000088000000, 0x0000000088000000|100%| E|CS|TAMS 0x0000000087f00000, 0x0000000087f00000| Complete 
| 108|0x0000000088000000, 0x0000000088100000, 0x0000000088100000|100%| E|CS|TAMS 0x0000000088000000, 0x0000000088000000| Complete 
| 109|0x0000000088100000, 0x0000000088200000, 0x0000000088200000|100%| E|CS|TAMS 0x0000000088100000, 0x0000000088100000| Complete 
| 110|0x0000000088200000, 0x0000000088300000, 0x0000000088300000|100%| E|CS|TAMS 0x0000000088200000, 0x0000000088200000| Complete 
| 111|0x0000000088300000, 0x0000000088400000, 0x0000000088400000|100%| E|CS|TAMS 0x0000000088300000, 0x0000000088300000| Complete 
| 112|0x0000000088400000, 0x0000000088500000, 0x0000000088500000|100%| E|CS|TAMS 0x0000000088400000, 0x0000000088400000| Complete 
| 113|0x0000000088500000, 0x0000000088600000, 0x0000000088600000|100%| E|CS|TAMS 0x0000000088500000, 0x0000000088500000| Complete 
| 114|0x0000000088600000, 0x0000000088700000, 0x0000000088700000|100%| E|CS|TAMS 0x0000000088600000, 0x0000000088600000| Complete 
| 115|0x0000000088700000, 0x0000000088800000, 0x0000000088800000|100%| E|CS|TAMS 0x0000000088700000, 0x0000000088700000| Complete 
| 116|0x0000000088800000, 0x0000000088900000, 0x0000000088900000|100%| E|CS|TAMS 0x0000000088800000, 0x0000000088800000| Complete 
| 117|0x0000000088900000, 0x0000000088a00000, 0x0000000088a00000|100%| E|CS|TAMS 0x0000000088900000, 0x0000000088900000| Complete 
| 118|0x0000000088a00000, 0x0000000088b00000, 0x0000000088b00000|100%| E|CS|TAMS 0x0000000088a00000, 0x0000000088a00000| Complete 
| 119|0x0000000088b00000, 0x0000000088c00000, 0x0000000088c00000|100%| E|CS|TAMS 0x0000000088b00000, 0x0000000088b00000| Complete 
| 120|0x0000000088c00000, 0x0000000088d00000, 0x0000000088d00000|100%| E|CS|TAMS 0x0000000088c00000, 0x0000000088c00000| Complete 
| 121|0x0000000088d00000, 0x0000000088e00000, 0x0000000088e00000|100%| E|CS|TAMS 0x0000000088d00000, 0x0000000088d00000| Complete 
| 122|0x0000000088e00000, 0x0000000088f00000, 0x0000000088f00000|100%| E|CS|TAMS 0x0000000088e00000, 0x0000000088e00000| Complete 
| 123|0x0000000088f00000, 0x0000000089000000, 0x0000000089000000|100%| E|CS|TAMS 0x0000000088f00000, 0x0000000088f00000| Complete 
| 124|0x0000000089000000, 0x0000000089100000, 0x0000000089100000|100%| E|CS|TAMS 0x0000000089000000, 0x0000000089000000| Complete 
| 125|0x0000000089100000, 0x0000000089200000, 0x0000000089200000|100%| E|CS|TAMS 0x0000000089100000, 0x0000000089100000| Complete 
| 126|0x0000000089200000, 0x0000000089300000, 0x0000000089300000|100%| E|CS|TAMS 0x0000000089200000, 0x0000000089200000| Complete 
| 127|0x0000000089300000, 0x0000000089400000, 0x0000000089400000|100%| E|CS|TAMS 0x0000000089300000, 0x0000000089300000| Complete 

Card table byte_map: [0x000001daff050000,0x000001daff450000] _byte_map_base: 0x000001dafec46000

Marking Bits (Prev, Next): (CMBitMap*) 0x000001daf7109360, (CMBitMap*) 0x000001daf71093a0
 Prev Bits: [0x000001da8f000000, 0x000001da90fb0000)
 Next Bits: [0x000001da90fb0000, 0x000001da92f60000)

Polling page: 0x000001daf6880000

Metaspace:

Usage:
  Non-class:      8.33 MB used.
      Class:      1.17 MB used.
       Both:      9.50 MB used.

Virtual space:
  Non-class space:       16.00 MB reserved,       8.38 MB ( 52%) committed,  2 nodes.
      Class space:        1.00 GB reserved,       1.25 MB ( <1%) committed,  1 nodes.
             Both:        1.02 GB reserved,       9.62 MB ( <1%) committed. 

Chunk freelists:
   Non-Class:  1.64 MB
       Class:  2.72 MB
        Both:  4.36 MB

MaxMetaspaceSize: unlimited
CompressedClassSpaceSize: 1.00 GB
Initial GC threshold: 21.00 MB
Current GC threshold: 21.00 MB
CDS: on
MetaspaceReclaimPolicy: balanced
 - commit_granule_bytes: 65536.
 - commit_granule_words: 8192.
 - virtual_space_node_default_size: 1048576.
 - enlarge_chunks_in_place: 1.
 - new_chunks_are_fully_committed: 0.
 - uncommit_free_chunks: 1.
 - use_allocation_guard: 0.
 - handle_deallocations: 1.


Internal statistics:

num_allocs_failed_limit: 0.
num_arena_births: 30.
num_arena_deaths: 0.
num_vsnodes_births: 3.
num_vsnodes_deaths: 0.
num_space_committed: 154.
num_space_uncommitted: 0.
num_chunks_returned_to_freelist: 0.
num_chunks_taken_from_freelist: 352.
num_chunk_merges: 0.
num_chunk_splits: 269.
num_chunks_enlarged: 220.
num_purges: 0.
num_inconsistent_stats: 0.

CodeHeap 'non-profiled nmethods': size=120000Kb used=586Kb max_used=586Kb free=119413Kb
 bounds [0x000001da87ad0000, 0x000001da87d40000, 0x000001da8f000000]
CodeHeap 'profiled nmethods': size=120000Kb used=3596Kb max_used=3596Kb free=116403Kb
 bounds [0x000001da805a0000, 0x000001da80930000, 0x000001da87ad0000]
CodeHeap 'non-nmethods': size=5760Kb used=1154Kb max_used=1180Kb free=4605Kb
 bounds [0x000001da80000000, 0x000001da80270000, 0x000001da805a0000]
 total_blobs=2237 nmethods=1799 adapters=350
 compilation: enabled
              stopped_count=0, restarted_count=0
 full_count=0

Compilation events (20 events):
Event: 75.902 Thread 0x000001da95c04150 1796       3       com.google.common.collect.CompactHashMap::remove (168 bytes)
Event: 75.903 Thread 0x000001da95c04150 nmethod 1796 0x000001da8091f490 code [0x000001da8091f6e0, 0x000001da80920128]
Event: 75.903 Thread 0x000001da95c04150 1797       3       java.util.HashMap::afterNodeRemoval (1 bytes)
Event: 75.903 Thread 0x000001da95c04150 nmethod 1797 0x000001da80920690 code [0x000001da80920820, 0x000001da80920938]
Event: 75.904 Thread 0x000001da951ff240 nmethod 1798 0x000001da87b61f10 code [0x000001da87b620a0, 0x000001da87b621f8]
Event: 75.906 Thread 0x000001da95c04150 1799       3       com.google.common.collect.LinkedHashMultimap$ValueSet::<init> (55 bytes)
Event: 75.906 Thread 0x000001da95c04150 nmethod 1799 0x000001da80920a10 code [0x000001da80920c00, 0x000001da80921148]
Event: 75.906 Thread 0x000001da95c04150 1800       3       com.google.inject.internal.InternalInjectorCreator::isEagerSingleton (44 bytes)
Event: 75.907 Thread 0x000001da95c04150 nmethod 1800 0x000001da80921310 code [0x000001da80921500, 0x000001da80921b08]
Event: 75.907 Thread 0x000001da95c04150 1801       3       com.google.inject.internal.Scoping::isEagerSingleton (38 bytes)
Event: 75.907 Thread 0x000001da95c04150 nmethod 1801 0x000001da80921d10 code [0x000001da80921ec0, 0x000001da80922158]
Event: 75.938 Thread 0x000001da951ff240 1802       4       sun.net.util.IPAddressUtil::checkHostString (53 bytes)
Event: 75.939 Thread 0x000001da951ff240 nmethod 1802 0x000001da87b62390 code [0x000001da87b62500, 0x000001da87b62598]
Event: 75.939 Thread 0x000001da951ff240 1803       4       sun.net.util.IPAddressUtil::scan (92 bytes)
Event: 75.941 Thread 0x000001da951ff240 nmethod 1803 0x000001da87b62710 code [0x000001da87b62880, 0x000001da87b62938]
Event: 75.954 Thread 0x000001da951ff240 1805   !   4       java.net.URL::<init> (543 bytes)
Event: 75.956 Thread 0x000001da95c04150 1804       3       com.google.inject.internal.LinkedBindingImpl::acceptTargetVisitor (8 bytes)
Event: 76.031 Thread 0x000001da95c04150 nmethod 1804 0x000001da80922210 code [0x000001da809223c0, 0x000001da809225a8]
Event: 76.031 Thread 0x000001da95c04150 1806   !   3       java.lang.ClassLoader::addClass (27 bytes)
Event: 76.032 Thread 0x000001da95c04150 nmethod 1806 0x000001da80922690 code [0x000001da80922860, 0x000001da80922e88]

GC Heap History (2 events):
Event: 52.176 GC heap before
{Heap before GC invocations=0 (full 0):
 garbage-first heap   total 131072K, used 22528K [0x0000000081400000, 0x0000000100000000)
  region size 1024K, 23 young (23552K), 0 survivors (0K)
 Metaspace       used 4800K, committed 4928K, reserved 1056768K
  class space    used 563K, committed 640K, reserved 1048576K
}
Event: 52.199 GC heap after
{Heap after GC invocations=1 (full 0):
 garbage-first heap   total 131072K, used 3553K [0x0000000081400000, 0x0000000100000000)
  region size 1024K, 3 young (3072K), 3 survivors (3072K)
 Metaspace       used 4800K, committed 4928K, reserved 1056768K
  class space    used 563K, committed 640K, reserved 1048576K
}

Deoptimization events (20 events):
Event: 58.001 Thread 0x000001daf70adcd0 Uncommon trap: trap_request=0xffffffde fr.pc=0x000001da87b1a948 relative=0x00000000000009c8
Event: 58.001 Thread 0x000001daf70adcd0 Uncommon trap: reason=class_check action=maybe_recompile pc=0x000001da87b1a948 method=java.util.HashMap.putVal(ILjava/lang/Object;Ljava/lang/Object;ZZ)Ljava/lang/Object; @ 203 c2
Event: 58.001 Thread 0x000001daf70adcd0 DEOPT PACKING pc=0x000001da87b1a948 sp=0x0000000aa8efe030
Event: 58.001 Thread 0x000001daf70adcd0 DEOPT UNPACKING pc=0x000001da800523a3 sp=0x0000000aa8efdfd0 mode 2
Event: 65.256 Thread 0x000001daf70adcd0 Uncommon trap: trap_request=0xffffffc6 fr.pc=0x000001da87b25ee8 relative=0x00000000000002a8
Event: 65.256 Thread 0x000001daf70adcd0 Uncommon trap: reason=bimorphic_or_optimized_type_check action=maybe_recompile pc=0x000001da87b25ee8 method=java.util.HashMap.getNode(Ljava/lang/Object;)Ljava/util/HashMap$Node; @ 128 c2
Event: 65.256 Thread 0x000001daf70adcd0 DEOPT PACKING pc=0x000001da87b25ee8 sp=0x0000000aa8efdf90
Event: 65.256 Thread 0x000001daf70adcd0 DEOPT UNPACKING pc=0x000001da800523a3 sp=0x0000000aa8efdef8 mode 2
Event: 65.258 Thread 0x000001daf70adcd0 Uncommon trap: trap_request=0xffffffc6 fr.pc=0x000001da87b25ee8 relative=0x00000000000002a8
Event: 65.258 Thread 0x000001daf70adcd0 Uncommon trap: reason=bimorphic_or_optimized_type_check action=maybe_recompile pc=0x000001da87b25ee8 method=java.util.HashMap.getNode(Ljava/lang/Object;)Ljava/util/HashMap$Node; @ 128 c2
Event: 65.258 Thread 0x000001daf70adcd0 DEOPT PACKING pc=0x000001da87b25ee8 sp=0x0000000aa8efdf90
Event: 65.258 Thread 0x000001daf70adcd0 DEOPT UNPACKING pc=0x000001da800523a3 sp=0x0000000aa8efdef8 mode 2
Event: 65.261 Thread 0x000001daf70adcd0 Uncommon trap: trap_request=0xffffffc6 fr.pc=0x000001da87b25ee8 relative=0x00000000000002a8
Event: 65.261 Thread 0x000001daf70adcd0 Uncommon trap: reason=bimorphic_or_optimized_type_check action=maybe_recompile pc=0x000001da87b25ee8 method=java.util.HashMap.getNode(Ljava/lang/Object;)Ljava/util/HashMap$Node; @ 128 c2
Event: 65.261 Thread 0x000001daf70adcd0 DEOPT PACKING pc=0x000001da87b25ee8 sp=0x0000000aa8efde60
Event: 65.261 Thread 0x000001daf70adcd0 DEOPT UNPACKING pc=0x000001da800523a3 sp=0x0000000aa8efddc8 mode 2
Event: 69.686 Thread 0x000001daf70adcd0 Uncommon trap: trap_request=0xffffffde fr.pc=0x000001da87b1a948 relative=0x00000000000009c8
Event: 69.686 Thread 0x000001daf70adcd0 Uncommon trap: reason=class_check action=maybe_recompile pc=0x000001da87b1a948 method=java.util.HashMap.putVal(ILjava/lang/Object;Ljava/lang/Object;ZZ)Ljava/lang/Object; @ 203 c2
Event: 69.686 Thread 0x000001daf70adcd0 DEOPT PACKING pc=0x000001da87b1a948 sp=0x0000000aa8efe220
Event: 69.686 Thread 0x000001daf70adcd0 DEOPT UNPACKING pc=0x000001da800523a3 sp=0x0000000aa8efe1c0 mode 2

Classes unloaded (0 events):
No events

Classes redefined (0 events):
No events

Internal exceptions (12 events):
Event: 4.414 Thread 0x000001daf70adcd0 Exception <a 'java/lang/NullPointerException'{0x0000000089083518}> (0x0000000089083518) 
thrown [s\open\src\hotspot\share\interpreter\linkResolver.cpp, line 1350]
Event: 4.491 Thread 0x000001daf70adcd0 Exception <a 'java/lang/NullPointerException'{0x00000000890d0f38}> (0x00000000890d0f38) 
thrown [s\open\src\hotspot\share\interpreter\linkResolver.cpp, line 1350]
Event: 4.491 Thread 0x000001daf70adcd0 Exception <a 'java/lang/NullPointerException'{0x00000000890d1210}> (0x00000000890d1210) 
thrown [s\open\src\hotspot\share\interpreter\linkResolver.cpp, line 1350]
Event: 4.491 Thread 0x000001daf70adcd0 Exception <a 'java/lang/NullPointerException'{0x00000000890d14e8}> (0x00000000890d14e8) 
thrown [s\open\src\hotspot\share\interpreter\linkResolver.cpp, line 1350]
Event: 4.498 Thread 0x000001daf70adcd0 Exception <a 'java/lang/NullPointerException'{0x00000000890d6e68}> (0x00000000890d6e68) 
thrown [s\open\src\hotspot\share\interpreter\linkResolver.cpp, line 1350]
Event: 4.529 Thread 0x000001daf70adcd0 Exception <a 'java/lang/NullPointerException'{0x00000000890ec220}> (0x00000000890ec220) 
thrown [s\open\src\hotspot\share\interpreter\linkResolver.cpp, line 1350]
Event: 4.529 Thread 0x000001daf70adcd0 Exception <a 'java/lang/NullPointerException'{0x00000000890ec4f8}> (0x00000000890ec4f8) 
thrown [s\open\src\hotspot\share\interpreter\linkResolver.cpp, line 1350]
Event: 4.529 Thread 0x000001daf70adcd0 Exception <a 'java/lang/NullPointerException'{0x00000000890ec7d0}> (0x00000000890ec7d0) 
thrown [s\open\src\hotspot\share\interpreter\linkResolver.cpp, line 1350]
Event: 4.529 Thread 0x000001daf70adcd0 Exception <a 'java/lang/NullPointerException'{0x00000000890ecaa8}> (0x00000000890ecaa8) 
thrown [s\open\src\hotspot\share\interpreter\linkResolver.cpp, line 1350]
Event: 47.594 Thread 0x000001daf70adcd0 Exception <a 'java/lang/NoSuchMethodError'{0x0000000088514c28}: 'java.lang.Object java.lang.invoke.DirectMethodHandle$Holder.newInvokeSpecial(java.lang.Object, java.lang.Object, java.lang.Object, java.lang.Object, java.lang.Object)'> (0x0000000088514c28) 
thrown [s\open\src\hotspot\share\interpreter\linkResolver.cpp, line 759]
Event: 49.011 Thread 0x000001daf70adcd0 Exception <a 'java/lang/NoClassDefFoundError'{0x000000008847b410}: javax/enterprise/inject/Typed> (0x000000008847b410) 
thrown [s\open\src\hotspot\share\classfile\systemDictionary.cpp, line 245]
Event: 75.951 Thread 0x000001daf70adcd0 Exception <a 'java/lang/NoClassDefFoundError'{0x00000000874684f0}: com/google/inject/servlet/ServletModuleTargetVisitor> (0x00000000874684f0) 
thrown [s\open\src\hotspot\share\classfile\systemDictionary.cpp, line 245]

VM Operations (20 events):
Event: 65.393 Executing VM operation: Cleanup
Event: 66.445 Executing VM operation: Cleanup done
Event: 67.450 Executing VM operation: Cleanup
Event: 67.459 Executing VM operation: Cleanup done
Event: 68.471 Executing VM operation: Cleanup
Event: 68.471 Executing VM operation: Cleanup done
Event: 70.483 Executing VM operation: Cleanup
Event: 70.742 Executing VM operation: Cleanup done
Event: 70.801 Executing VM operation: HandshakeAllThreads
Event: 70.801 Executing VM operation: HandshakeAllThreads done
Event: 70.805 Executing VM operation: HandshakeAllThreads
Event: 70.805 Executing VM operation: HandshakeAllThreads done
Event: 71.806 Executing VM operation: Cleanup
Event: 72.577 Executing VM operation: Cleanup done
Event: 73.584 Executing VM operation: Cleanup
Event: 73.710 Executing VM operation: Cleanup done
Event: 74.669 Executing VM operation: HandshakeAllThreads
Event: 74.669 Executing VM operation: HandshakeAllThreads done
Event: 75.673 Executing VM operation: Cleanup
Event: 75.674 Executing VM operation: Cleanup done

Events (20 events):
Event: 64.442 loading class sun/reflect/generics/tree/MethodTypeSignature
Event: 64.442 loading class sun/reflect/generics/tree/MethodTypeSignature done
Event: 65.223 loading class java/nio/channels/ReadableByteChannel
Event: 65.223 loading class java/nio/channels/Channel
Event: 65.223 loading class java/nio/channels/Channel done
Event: 65.223 loading class java/nio/channels/ReadableByteChannel done
Event: 65.224 loading class java/nio/channels/WritableByteChannel
Event: 65.224 loading class java/nio/channels/WritableByteChannel done
Event: 66.499 loading class sun/reflect/generics/repository/FieldRepository
Event: 66.500 loading class sun/reflect/generics/repository/FieldRepository done
Event: 72.606 loading class sun/reflect/generics/scope/MethodScope
Event: 72.607 loading class sun/reflect/generics/scope/MethodScope done
Event: 72.607 loading class sun/reflect/generics/repository/MethodRepository
Event: 72.607 loading class sun/reflect/generics/repository/MethodRepository done
Event: 74.568 loading class java/util/ConcurrentModificationException
Event: 74.568 loading class java/util/ConcurrentModificationException done
Event: 75.759 loading class jdk/internal/reflect/UnsafeObjectFieldAccessorImpl
Event: 75.760 loading class jdk/internal/reflect/UnsafeObjectFieldAccessorImpl done
Event: 75.951 loading class java/lang/ClassFormatError
Event: 75.951 loading class java/lang/ClassFormatError done


Dynamic libraries:
0x00007ff79b0e0000 - 0x00007ff79b0f0000 	C:\Program Files\Java\jdk-17.0.4.1\bin\java.exe
0x00007ff857e50000 - 0x00007ff858064000 	C:\WINDOWS\SYSTEM32\ntdll.dll
0x00007ff856a80000 - 0x00007ff856b42000 	C:\WINDOWS\System32\KERNEL32.DLL
0x00007ff8554e0000 - 0x00007ff855883000 	C:\WINDOWS\System32\KERNELBASE.dll
0x00007ff8559c0000 - 0x00007ff855ad1000 	C:\WINDOWS\System32\ucrtbase.dll
0x00007ff84abe0000 - 0x00007ff84abf8000 	C:\Program Files\Java\jdk-17.0.4.1\bin\jli.dll
0x00007ff8570a0000 - 0x00007ff85714e000 	C:\WINDOWS\System32\ADVAPI32.dll
0x00007ff8569d0000 - 0x00007ff856a77000 	C:\WINDOWS\System32\msvcrt.dll
0x00007ff857470000 - 0x00007ff857514000 	C:\WINDOWS\System32\sechost.dll
0x00007ff857ad0000 - 0x00007ff857be7000 	C:\WINDOWS\System32\RPCRT4.dll
0x00007ff855ee0000 - 0x00007ff85608b000 	C:\WINDOWS\System32\USER32.dll
0x00007ff855c00000 - 0x00007ff855c26000 	C:\WINDOWS\System32\win32u.dll
0x00007ff856b70000 - 0x00007ff856b99000 	C:\WINDOWS\System32\GDI32.dll
0x00007ff855250000 - 0x00007ff855369000 	C:\WINDOWS\System32\gdi32full.dll
0x00007ff855ae0000 - 0x00007ff855b7a000 	C:\WINDOWS\System32\msvcp_win.dll
0x00007ff84c4f0000 - 0x00007ff84c50a000 	C:\Program Files\Java\jdk-17.0.4.1\bin\VCRUNTIME140.dll
0x00007ff83a430000 - 0x00007ff83a6be000 	C:\WINDOWS\WinSxS\amd64_microsoft.windows.common-controls_6595b64144ccf1df_6.0.22621.1635_none_270f70857386168e\COMCTL32.dll
0x00007ff849df0000 - 0x00007ff849dfa000 	C:\WINDOWS\SYSTEM32\VERSION.dll
0x00007ff856ba0000 - 0x00007ff856bd1000 	C:\WINDOWS\System32\IMM32.DLL
0x00007ff84e040000 - 0x00007ff84e04c000 	C:\Program Files\Java\jdk-17.0.4.1\bin\vcruntime140_1.dll
0x00007ff8421c0000 - 0x00007ff84224d000 	C:\Program Files\Java\jdk-17.0.4.1\bin\msvcp140.dll
0x00007fffeb090000 - 0x00007fffebc52000 	C:\Program Files\Java\jdk-17.0.4.1\bin\server\jvm.dll
0x00007ff857460000 - 0x00007ff857468000 	C:\WINDOWS\System32\PSAPI.DLL
0x00007ff84ad00000 - 0x00007ff84ad09000 	C:\WINDOWS\SYSTEM32\WSOCK32.dll
0x00007ff855d30000 - 0x00007ff855da1000 	C:\WINDOWS\System32\WS2_32.dll
0x00007ff849850000 - 0x00007ff849884000 	C:\WINDOWS\SYSTEM32\WINMM.dll
0x00007ff854390000 - 0x00007ff8543a8000 	C:\WINDOWS\SYSTEM32\kernel.appcore.dll
0x00007ff84b650000 - 0x00007ff84b65a000 	C:\Program Files\Java\jdk-17.0.4.1\bin\jimage.dll
0x00007ff852e00000 - 0x00007ff85302e000 	C:\WINDOWS\SYSTEM32\DBGHELP.DLL
0x00007ff856c60000 - 0x00007ff856fe9000 	C:\WINDOWS\System32\combase.dll
0x00007ff8571e0000 - 0x00007ff8572b7000 	C:\WINDOWS\System32\OLEAUT32.dll
0x00007ff83ef60000 - 0x00007ff83ef92000 	C:\WINDOWS\SYSTEM32\dbgcore.DLL
0x00007ff855b80000 - 0x00007ff855bfb000 	C:\WINDOWS\System32\bcryptPrimitives.dll
0x00007ff84ac40000 - 0x00007ff84ac65000 	C:\Program Files\Java\jdk-17.0.4.1\bin\java.dll
0x00007ff8460e0000 - 0x00007ff8461b6000 	C:\Program Files\Java\jdk-17.0.4.1\bin\jsvml.dll
0x00007ff8560b0000 - 0x00007ff8568aa000 	C:\WINDOWS\System32\SHELL32.dll
0x00007ff853260000 - 0x00007ff853b2e000 	C:\WINDOWS\SYSTEM32\windows.storage.dll
0x00007ff853030000 - 0x00007ff85316e000 	C:\WINDOWS\SYSTEM32\wintypes.dll
0x00007ff8579b0000 - 0x00007ff857aa1000 	C:\WINDOWS\System32\SHCORE.dll
0x00007ff8568b0000 - 0x00007ff85690e000 	C:\WINDOWS\System32\shlwapi.dll
0x00007ff855180000 - 0x00007ff8551a1000 	C:\WINDOWS\SYSTEM32\profapi.dll
0x00007ff84ad10000 - 0x00007ff84ad29000 	C:\Program Files\Java\jdk-17.0.4.1\bin\net.dll
0x00007ff849890000 - 0x00007ff8499c7000 	C:\WINDOWS\SYSTEM32\WINHTTP.dll
0x00007ff854800000 - 0x00007ff854869000 	C:\WINDOWS\system32\mswsock.dll
0x00007ff849ba0000 - 0x00007ff849bb6000 	C:\Program Files\Java\jdk-17.0.4.1\bin\nio.dll
0x00007ff849af0000 - 0x00007ff849b08000 	C:\Program Files\Java\jdk-17.0.4.1\bin\zip.dll
0x0000000069ac0000 - 0x0000000069ae4000 	C:\Program Files\NetBeans-14\netbeans\java\maven\lib\jansi-native\Windows\x86_64\jansi.dll
0x00007ff84af30000 - 0x00007ff84af40000 	C:\Program Files\Java\jdk-17.0.4.1\bin\verify.dll

dbghelp: loaded successfully - version: 4.0.5 - missing functions: none
symbol engine: initialized successfully - sym options: 0x614 - pdb path: .;C:\Program Files\Java\jdk-17.0.4.1\bin;C:\WINDOWS\SYSTEM32;C:\WINDOWS\WinSxS\amd64_microsoft.windows.common-controls_6595b64144ccf1df_6.0.22621.1635_none_270f70857386168e;C:\Program Files\Java\jdk-17.0.4.1\bin\server;C:\Program Files\NetBeans-14\netbeans\java\maven\lib\jansi-native\Windows\x86_64

VM Arguments:
jvm_args: -Dclassworlds.conf=C:\Program Files\NetBeans-14\netbeans\java\maven\bin\m2.conf -Dmaven.home=C:\Program Files\NetBeans-14\netbeans\java\maven -Dlibrary.jansi.path=C:\Program Files\NetBeans-14\netbeans\java\maven\lib\jansi-native -Dmaven.multiModuleProjectDirectory=C:\Senac\curso ds\ProjetoIntegradorUC05\Atividade5diversos\Atividade5PIUC05 
java_command: org.codehaus.plexus.classworlds.launcher.Launcher -Dmaven.ext.class.path=C:\Program Files\NetBeans-14\netbeans\java\maven-nblib\netbeans-eventspy.jar -Dfile.encoding=UTF-8 install
java_class_path (initial): C:\Program Files\NetBeans-14\netbeans\java\maven\boot\plexus-classworlds-2.6.0.jar
Launcher Type: SUN_STANDARD

[Global flags]
     intx CICompilerCount                          = 4                                         {product} {ergonomic}
     uint ConcGCThreads                            = 2                                         {product} {ergonomic}
     uint G1ConcRefinementThreads                  = 8                                         {product} {ergonomic}
   size_t G1HeapRegionSize                         = 1048576                                   {product} {ergonomic}
    uintx GCDrainStackTargetSize                   = 64                                        {product} {ergonomic}
   size_t InitialHeapSize                          = 134217728                                 {product} {ergonomic}
   size_t MarkStackSize                            = 4194304                                   {product} {ergonomic}
   size_t MaxHeapSize                              = 2126512128                                {product} {ergonomic}
   size_t MaxNewSize                               = 1275068416                                {product} {ergonomic}
   size_t MinHeapDeltaBytes                        = 1048576                                   {product} {ergonomic}
   size_t MinHeapSize                              = 8388608                                   {product} {ergonomic}
    uintx NonNMethodCodeHeapSize                   = 5839372                                {pd product} {ergonomic}
    uintx NonProfiledCodeHeapSize                  = 122909434                              {pd product} {ergonomic}
    uintx ProfiledCodeHeapSize                     = 122909434                              {pd product} {ergonomic}
    uintx ReservedCodeCacheSize                    = 251658240                              {pd product} {ergonomic}
     bool SegmentedCodeCache                       = true                                      {product} {ergonomic}
   size_t SoftMaxHeapSize                          = 2126512128                             {manageable} {ergonomic}
     bool UseCompressedClassPointers               = true                           {product lp64_product} {ergonomic}
     bool UseCompressedOops                        = true                           {product lp64_product} {ergonomic}
     bool UseG1GC                                  = true                                      {product} {ergonomic}
     bool UseLargePagesIndividualAllocation        = false                                  {pd product} {ergonomic}

Logging:
Log output configuration:
 #0: stdout all=warning uptime,level,tags
 #1: stderr all=off uptime,level,tags

Environment Variables:
JAVA_HOME=C:\Program Files\Java\jdk-17.0.4.1
PATH=C:\Program Files\Common Files\Oracle\Java\javapath;C:\ProgramData\Oracle\Java\javapath;C:\Program Files (x86)\Intel\Intel(R) Management Engine Components\iCLS\;C:\Program Files\Intel\Intel(R) Management Engine Components\iCLS\;C:\windows\system32;C:\windows;C:\windows\System32\Wbem;C:\windows\System32\WindowsPowerShell\v1.0\;C:\windows\System32\OpenSSH\;C:\Program Files (x86)\NVIDIA Corporation\PhysX\Common;C:\Program Files (x86)\Intel\Intel(R) Management Engine Components\DAL;C:\Program Files\Intel\Intel(R) Management Engine Components\DAL;C:\Program Files (x86)\Intel\Intel(R) Management Engine Components\IPT;C:\Program Files\Intel\Intel(R) Management Engine Components\IPT;C:\WINDOWS\system32;C:\WINDOWS;C:\WINDOWS\System32\Wbem;C:\WINDOWS\System32\WindowsPowerShell\v1.0\;C:\WINDOWS\System32\OpenSSH\;C:\Program Files\nodejs\;C:\ProgramData\UNIVALI\Portugol Studio;C:\Program Files\Git\cmd;C:\Users\larak\AppData\Local\Microsoft\WindowsApps;C:\Program Files\JetBrains\PyCharm Community Edition 2020.3.3\bin;;C:\Users\larak\AppData\Local\Programs\Microsoft VS Code\bin;C:\Users\larak\AppData\Roaming\npm;
USERNAME=larak
OS=Windows_NT
PROCESSOR_IDENTIFIER=Intel64 Family 6 Model 142 Stepping 10, GenuineIntel



---------------  S Y S T E M  ---------------

OS:
 Windows 11 , 64 bit Build 22621 (10.0.22621.1778)
OS uptime: 1 days 18:36 hours

CPU: total 8 (initial active 8) (4 cores per cpu, 2 threads per core) family 6 model 142 stepping 10 microcode 0xe0, cx8, cmov, fxsr, ht, mmx, 3dnowpref, sse, sse2, sse3, ssse3, sse4.1, sse4.2, popcnt, lzcnt, tsc, tscinvbit, avx, avx2, aes, erms, clmul, bmi1, bmi2, adx, fma, vzeroupper, clflush, clflushopt

Memory: 4k page, system-wide physical 8106M (219M free)
TotalPageFile size 32682M (AvailPageFile size 12M)
current process WorkingSet (physical memory assigned to process): 86M, peak: 86M
current process commit charge ("private bytes"): 228M, peak: 229M

vm_info: Java HotSpot(TM) 64-Bit Server VM (17.0.4.1+1-LTS-2) for windows-amd64 JRE (17.0.4.1+1-LTS-2), built on Aug 16 2022 18:32:06 by "mach5one" with MS VC++ 16.8 / 16.9 (VS2019)

END.
