#
# There is insufficient memory for the Java Runtime Environment to continue.
# Native memory allocation (malloc) failed to allocate 428048 bytes for Chunk::new
# Possible reasons:
#   The system is out of physical RAM or swap space
#   The process is running with CompressedOops enabled, and the Java Heap may be blocking the growth of the native heap
# Possible solutions:
#   Reduce memory load on the system
#   Increase physical memory or swap space
#   Check if swap backing store is full
#   Decrease Java heap size (-Xmx/-Xms)
#   Decrease number of Java threads
#   Decrease Java thread stack sizes (-Xss)
#   Set larger code cache with -XX:ReservedCodeCacheSize=
#   JVM is running with Unscaled Compressed Oops mode in which the Java heap is
#     placed in the first 4GB address space. The Java Heap base address is the
#     maximum limit for the native heap growth. Please use -XX:HeapBaseMinAddress
#     to set the Java Heap base and to place the Java Heap above 4GB virtual address.
# This output file may be truncated or incomplete.
#
#  Out of Memory Error (arena.cpp:189), pid=27508, tid=26440
#
# JRE version: Java(TM) SE Runtime Environment (17.0.4.1+1) (build 17.0.4.1+1-LTS-2)
# Java VM: Java HotSpot(TM) 64-Bit Server VM (17.0.4.1+1-LTS-2, mixed mode, sharing, tiered, compressed oops, compressed class ptrs, g1 gc, windows-amd64)
# No core dump will be written. Minidumps are not enabled by default on client versions of Windows
#

---------------  S U M M A R Y ------------

Command Line: -Dclassworlds.conf=C:\Program Files\NetBeans-14\netbeans\java\maven\bin\m2.conf -Dmaven.home=C:\Program Files\NetBeans-14\netbeans\java\maven -Dlibrary.jansi.path=C:\Program Files\NetBeans-14\netbeans\java\maven\lib\jansi-native -Dmaven.multiModuleProjectDirectory=C:\Senac\curso ds\ProjetoIntegradorUC05\Atividade5diversos\Atividade5PIUC05 org.codehaus.plexus.classworlds.launcher.Launcher -Dmaven.ext.class.path=C:\Program Files\NetBeans-14\netbeans\java\maven-nblib\netbeans-eventspy.jar -Dfile.encoding=UTF-8 install

Host: Intel(R) Core(TM) i5-8250U CPU @ 1.60GHz, 8 cores, 7G,  Windows 11 , 64 bit Build 22621 (10.0.22621.1778)
Time: Mon Jun 12 15:26:14 2023 Hora oficial do Brasil elapsed time: 57.000971 seconds (0d 0h 0m 57s)

---------------  T H R E A D  ---------------

Current thread (0x000002d6e03deed0):  JavaThread "C2 CompilerThread0" daemon [_thread_in_native, id=26440, stack(0x000000f2e3400000,0x000000f2e3500000)]


Current CompileTask:
C2:  57001 2722       4       java.util.regex.Pattern$CharPropertyGreedy::match (160 bytes)

Stack: [0x000000f2e3400000,0x000000f2e3500000]
Native frames: (J=compiled Java code, j=interpreted, Vv=VM code, C=native code)
V  [jvm.dll+0x6723ba]
V  [jvm.dll+0x7d1e34]
V  [jvm.dll+0x7d35de]
V  [jvm.dll+0x7d3c43]
V  [jvm.dll+0x243065]
V  [jvm.dll+0xaa57b]
V  [jvm.dll+0xaab0c]
V  [jvm.dll+0x360467]
V  [jvm.dll+0x32a971]
V  [jvm.dll+0x329e1a]
V  [jvm.dll+0x2161a1]
V  [jvm.dll+0x2155c1]
V  [jvm.dll+0x1a1fcd]
V  [jvm.dll+0x224e08]
V  [jvm.dll+0x222f75]
V  [jvm.dll+0x787a0b]
V  [jvm.dll+0x781fca]
V  [jvm.dll+0x671245]
C  [ucrtbase.dll+0x29363]
C  [KERNEL32.DLL+0x126ad]
C  [ntdll.dll+0x5a9f8]


---------------  P R O C E S S  ---------------

Threads class SMR info:
_java_thread_list=0x000002d6e1caa3d0, length=12, elements={
0x000002d6c22adcd0, 0x000002d6e03c3b20, 0x000002d6e03c50f0, 0x000002d6e03da420,
0x000002d6e03dcde0, 0x000002d6e03dd790, 0x000002d6e03de140, 0x000002d6e03deed0,
0x000002d6e0448370, 0x000002d6e044e560, 0x000002d6e10c2540, 0x000002d6e10cb870
}

Java Threads: ( => current thread )
  0x000002d6c22adcd0 JavaThread "main" [_thread_in_native, id=16020, stack(0x000000f2e2500000,0x000000f2e2600000)]
  0x000002d6e03c3b20 JavaThread "Reference Handler" daemon [_thread_blocked, id=16476, stack(0x000000f2e2d00000,0x000000f2e2e00000)]
  0x000002d6e03c50f0 JavaThread "Finalizer" daemon [_thread_blocked, id=3216, stack(0x000000f2e2e00000,0x000000f2e2f00000)]
  0x000002d6e03da420 JavaThread "Signal Dispatcher" daemon [_thread_blocked, id=17808, stack(0x000000f2e3000000,0x000000f2e3100000)]
  0x000002d6e03dcde0 JavaThread "Attach Listener" daemon [_thread_blocked, id=26200, stack(0x000000f2e3100000,0x000000f2e3200000)]
  0x000002d6e03dd790 JavaThread "Service Thread" daemon [_thread_blocked, id=16244, stack(0x000000f2e3200000,0x000000f2e3300000)]
  0x000002d6e03de140 JavaThread "Monitor Deflation Thread" daemon [_thread_blocked, id=13540, stack(0x000000f2e3300000,0x000000f2e3400000)]
=>0x000002d6e03deed0 JavaThread "C2 CompilerThread0" daemon [_thread_in_native, id=26440, stack(0x000000f2e3400000,0x000000f2e3500000)]
  0x000002d6e0448370 JavaThread "C1 CompilerThread0" daemon [_thread_blocked, id=26120, stack(0x000000f2e3500000,0x000000f2e3600000)]
  0x000002d6e044e560 JavaThread "Sweeper thread" daemon [_thread_blocked, id=12460, stack(0x000000f2e3600000,0x000000f2e3700000)]
  0x000002d6e10c2540 JavaThread "Notification Thread" daemon [_thread_blocked, id=19200, stack(0x000000f2e3700000,0x000000f2e3800000)]
  0x000002d6e10cb870 JavaThread "Common-Cleaner" daemon [_thread_blocked, id=14568, stack(0x000000f2e3900000,0x000000f2e3a00000)]

Other Threads:
  0x000002d6e03bc130 VMThread "VM Thread" [stack: 0x000000f2e2c00000,0x000000f2e2d00000] [id=1780]
  0x000002d6c2320340 WatcherThread [stack: 0x000000f2e3800000,0x000000f2e3900000] [id=18364]
  0x000002d6c2308d50 GCTaskThread "GC Thread#0" [stack: 0x000000f2e2700000,0x000000f2e2800000] [id=26252]
  0x000002d6e1e95720 GCTaskThread "GC Thread#1" [stack: 0x000000f2e3b00000,0x000000f2e3c00000] [id=5544]
  0x000002d6e1e959d0 GCTaskThread "GC Thread#2" [stack: 0x000000f2e3c00000,0x000000f2e3d00000] [id=28496]
  0x000002d6e1ea8ff0 GCTaskThread "GC Thread#3" [stack: 0x000000f2e3d00000,0x000000f2e3e00000] [id=4116]
  0x000002d6e1ea92a0 GCTaskThread "GC Thread#4" [stack: 0x000000f2e3e00000,0x000000f2e3f00000] [id=21968]
  0x000002d6e12ff790 GCTaskThread "GC Thread#5" [stack: 0x000000f2e3f00000,0x000000f2e4000000] [id=8176]
  0x000002d6e12ffa40 GCTaskThread "GC Thread#6" [stack: 0x000000f2e4000000,0x000000f2e4100000] [id=25992]
  0x000002d6e158ce50 GCTaskThread "GC Thread#7" [stack: 0x000000f2e3a00000,0x000000f2e3b00000] [id=15668]
  0x000002d6c2319a10 ConcurrentGCThread "G1 Main Marker" [stack: 0x000000f2e2800000,0x000000f2e2900000] [id=24944]
  0x000002d6c231a420 ConcurrentGCThread "G1 Conc#0" [stack: 0x000000f2e2900000,0x000000f2e2a00000] [id=25604]
  0x000002d6c237e310 ConcurrentGCThread "G1 Refine#0" [stack: 0x000000f2e2a00000,0x000000f2e2b00000] [id=22056]
  0x000002d6c237ebd0 ConcurrentGCThread "G1 Service" [stack: 0x000000f2e2b00000,0x000000f2e2c00000] [id=13268]

Threads with active compile tasks:
C2 CompilerThread0    57040 2722       4       java.util.regex.Pattern$CharPropertyGreedy::match (160 bytes)

VM state: not at safepoint (normal execution)

VM Mutex/Monitor currently owned by a thread: None

Heap address: 0x0000000081400000, size: 2028 MB, Compressed Oops mode: 32-bit

CDS archive(s) mapped at: [0x0000000800000000-0x0000000800bc0000-0x0000000800bc0000), size 12320768, SharedBaseAddress: 0x0000000800000000, ArchiveRelocationMode: 0.
Compressed class space mapped at: 0x0000000800c00000-0x0000000840c00000, reserved size: 1073741824
Narrow klass base: 0x0000000800000000, Narrow klass shift: 0, Narrow klass range: 0x100000000

GC Precious Log:
 CPUs: 8 total, 8 available
 Memory: 8106M
 Large Page Support: Disabled
 NUMA Support: Disabled
 Compressed Oops: Enabled (32-bit)
 Heap Region Size: 1M
 Heap Min Capacity: 8M
 Heap Initial Capacity: 128M
 Heap Max Capacity: 2028M
 Pre-touch: Disabled
 Parallel Workers: 8
 Concurrent Workers: 2
 Concurrent Refinement Workers: 8
 Periodic GC: Disabled

Heap:
 garbage-first heap   total 131072K, used 33722K [0x0000000081400000, 0x0000000100000000)
  region size 1024K, 31 young (31744K), 3 survivors (3072K)
 Metaspace       used 12502K, committed 12672K, reserved 1064960K
  class space    used 1462K, committed 1536K, reserved 1048576K

Heap Regions: E=young(eden), S=young(survivor), O=old, HS=humongous(starts), HC=humongous(continues), CS=collection set, F=free, OA=open archive, CA=closed archive, TAMS=top-at-mark-start (previous, next)
|   0|0x0000000081400000, 0x0000000081500000, 0x0000000081500000|100%| O|  |TAMS 0x0000000081400000, 0x0000000081400000| Untracked 
|   1|0x0000000081500000, 0x0000000081600000, 0x0000000081600000|100%| O|  |TAMS 0x0000000081500000, 0x0000000081500000| Untracked 
|   2|0x0000000081600000, 0x0000000081700000, 0x0000000081700000|100%| O|  |TAMS 0x0000000081600000, 0x0000000081600000| Untracked 
|   3|0x0000000081700000, 0x000000008176ce00, 0x0000000081800000| 42%| O|  |TAMS 0x0000000081700000, 0x0000000081700000| Untracked 
|   4|0x0000000081800000, 0x0000000081800000, 0x0000000081900000|  0%| F|  |TAMS 0x0000000081800000, 0x0000000081800000| Untracked 
|   5|0x0000000081900000, 0x0000000081900000, 0x0000000081a00000|  0%| F|  |TAMS 0x0000000081900000, 0x0000000081900000| Untracked 
|   6|0x0000000081a00000, 0x0000000081a00000, 0x0000000081b00000|  0%| F|  |TAMS 0x0000000081a00000, 0x0000000081a00000| Untracked 
|   7|0x0000000081b00000, 0x0000000081b00000, 0x0000000081c00000|  0%| F|  |TAMS 0x0000000081b00000, 0x0000000081b00000| Untracked 
|   8|0x0000000081c00000, 0x0000000081c00000, 0x0000000081d00000|  0%| F|  |TAMS 0x0000000081c00000, 0x0000000081c00000| Untracked 
|   9|0x0000000081d00000, 0x0000000081d00000, 0x0000000081e00000|  0%| F|  |TAMS 0x0000000081d00000, 0x0000000081d00000| Untracked 
|  10|0x0000000081e00000, 0x0000000081e00000, 0x0000000081f00000|  0%| F|  |TAMS 0x0000000081e00000, 0x0000000081e00000| Untracked 
|  11|0x0000000081f00000, 0x0000000081f00000, 0x0000000082000000|  0%| F|  |TAMS 0x0000000081f00000, 0x0000000081f00000| Untracked 
|  12|0x0000000082000000, 0x0000000082000000, 0x0000000082100000|  0%| F|  |TAMS 0x0000000082000000, 0x0000000082000000| Untracked 
|  13|0x0000000082100000, 0x0000000082100000, 0x0000000082200000|  0%| F|  |TAMS 0x0000000082100000, 0x0000000082100000| Untracked 
|  14|0x0000000082200000, 0x0000000082200000, 0x0000000082300000|  0%| F|  |TAMS 0x0000000082200000, 0x0000000082200000| Untracked 
|  15|0x0000000082300000, 0x0000000082300000, 0x0000000082400000|  0%| F|  |TAMS 0x0000000082300000, 0x0000000082300000| Untracked 
|  16|0x0000000082400000, 0x0000000082400000, 0x0000000082500000|  0%| F|  |TAMS 0x0000000082400000, 0x0000000082400000| Untracked 
|  17|0x0000000082500000, 0x0000000082500000, 0x0000000082600000|  0%| F|  |TAMS 0x0000000082500000, 0x0000000082500000| Untracked 
|  18|0x0000000082600000, 0x0000000082600000, 0x0000000082700000|  0%| F|  |TAMS 0x0000000082600000, 0x0000000082600000| Untracked 
|  19|0x0000000082700000, 0x0000000082700000, 0x0000000082800000|  0%| F|  |TAMS 0x0000000082700000, 0x0000000082700000| Untracked 
|  20|0x0000000082800000, 0x0000000082800000, 0x0000000082900000|  0%| F|  |TAMS 0x0000000082800000, 0x0000000082800000| Untracked 
|  21|0x0000000082900000, 0x0000000082900000, 0x0000000082a00000|  0%| F|  |TAMS 0x0000000082900000, 0x0000000082900000| Untracked 
|  22|0x0000000082a00000, 0x0000000082a00000, 0x0000000082b00000|  0%| F|  |TAMS 0x0000000082a00000, 0x0000000082a00000| Untracked 
|  23|0x0000000082b00000, 0x0000000082b00000, 0x0000000082c00000|  0%| F|  |TAMS 0x0000000082b00000, 0x0000000082b00000| Untracked 
|  24|0x0000000082c00000, 0x0000000082c00000, 0x0000000082d00000|  0%| F|  |TAMS 0x0000000082c00000, 0x0000000082c00000| Untracked 
|  25|0x0000000082d00000, 0x0000000082d00000, 0x0000000082e00000|  0%| F|  |TAMS 0x0000000082d00000, 0x0000000082d00000| Untracked 
|  26|0x0000000082e00000, 0x0000000082e00000, 0x0000000082f00000|  0%| F|  |TAMS 0x0000000082e00000, 0x0000000082e00000| Untracked 
|  27|0x0000000082f00000, 0x0000000082f00000, 0x0000000083000000|  0%| F|  |TAMS 0x0000000082f00000, 0x0000000082f00000| Untracked 
|  28|0x0000000083000000, 0x0000000083000000, 0x0000000083100000|  0%| F|  |TAMS 0x0000000083000000, 0x0000000083000000| Untracked 
|  29|0x0000000083100000, 0x0000000083100000, 0x0000000083200000|  0%| F|  |TAMS 0x0000000083100000, 0x0000000083100000| Untracked 
|  30|0x0000000083200000, 0x0000000083200000, 0x0000000083300000|  0%| F|  |TAMS 0x0000000083200000, 0x0000000083200000| Untracked 
|  31|0x0000000083300000, 0x0000000083300000, 0x0000000083400000|  0%| F|  |TAMS 0x0000000083300000, 0x0000000083300000| Untracked 
|  32|0x0000000083400000, 0x0000000083400000, 0x0000000083500000|  0%| F|  |TAMS 0x0000000083400000, 0x0000000083400000| Untracked 
|  33|0x0000000083500000, 0x0000000083500000, 0x0000000083600000|  0%| F|  |TAMS 0x0000000083500000, 0x0000000083500000| Untracked 
|  34|0x0000000083600000, 0x0000000083600000, 0x0000000083700000|  0%| F|  |TAMS 0x0000000083600000, 0x0000000083600000| Untracked 
|  35|0x0000000083700000, 0x0000000083700000, 0x0000000083800000|  0%| F|  |TAMS 0x0000000083700000, 0x0000000083700000| Untracked 
|  36|0x0000000083800000, 0x0000000083800000, 0x0000000083900000|  0%| F|  |TAMS 0x0000000083800000, 0x0000000083800000| Untracked 
|  37|0x0000000083900000, 0x0000000083900000, 0x0000000083a00000|  0%| F|  |TAMS 0x0000000083900000, 0x0000000083900000| Untracked 
|  38|0x0000000083a00000, 0x0000000083a00000, 0x0000000083b00000|  0%| F|  |TAMS 0x0000000083a00000, 0x0000000083a00000| Untracked 
|  39|0x0000000083b00000, 0x0000000083b00000, 0x0000000083c00000|  0%| F|  |TAMS 0x0000000083b00000, 0x0000000083b00000| Untracked 
|  40|0x0000000083c00000, 0x0000000083c00000, 0x0000000083d00000|  0%| F|  |TAMS 0x0000000083c00000, 0x0000000083c00000| Untracked 
|  41|0x0000000083d00000, 0x0000000083d00000, 0x0000000083e00000|  0%| F|  |TAMS 0x0000000083d00000, 0x0000000083d00000| Untracked 
|  42|0x0000000083e00000, 0x0000000083e00000, 0x0000000083f00000|  0%| F|  |TAMS 0x0000000083e00000, 0x0000000083e00000| Untracked 
|  43|0x0000000083f00000, 0x0000000083f00000, 0x0000000084000000|  0%| F|  |TAMS 0x0000000083f00000, 0x0000000083f00000| Untracked 
|  44|0x0000000084000000, 0x0000000084000000, 0x0000000084100000|  0%| F|  |TAMS 0x0000000084000000, 0x0000000084000000| Untracked 
|  45|0x0000000084100000, 0x0000000084100000, 0x0000000084200000|  0%| F|  |TAMS 0x0000000084100000, 0x0000000084100000| Untracked 
|  46|0x0000000084200000, 0x0000000084200000, 0x0000000084300000|  0%| F|  |TAMS 0x0000000084200000, 0x0000000084200000| Untracked 
|  47|0x0000000084300000, 0x0000000084300000, 0x0000000084400000|  0%| F|  |TAMS 0x0000000084300000, 0x0000000084300000| Untracked 
|  48|0x0000000084400000, 0x0000000084400000, 0x0000000084500000|  0%| F|  |TAMS 0x0000000084400000, 0x0000000084400000| Untracked 
|  49|0x0000000084500000, 0x0000000084500000, 0x0000000084600000|  0%| F|  |TAMS 0x0000000084500000, 0x0000000084500000| Untracked 
|  50|0x0000000084600000, 0x0000000084600000, 0x0000000084700000|  0%| F|  |TAMS 0x0000000084600000, 0x0000000084600000| Untracked 
|  51|0x0000000084700000, 0x0000000084700000, 0x0000000084800000|  0%| F|  |TAMS 0x0000000084700000, 0x0000000084700000| Untracked 
|  52|0x0000000084800000, 0x0000000084800000, 0x0000000084900000|  0%| F|  |TAMS 0x0000000084800000, 0x0000000084800000| Untracked 
|  53|0x0000000084900000, 0x0000000084900000, 0x0000000084a00000|  0%| F|  |TAMS 0x0000000084900000, 0x0000000084900000| Untracked 
|  54|0x0000000084a00000, 0x0000000084a00000, 0x0000000084b00000|  0%| F|  |TAMS 0x0000000084a00000, 0x0000000084a00000| Untracked 
|  55|0x0000000084b00000, 0x0000000084b00000, 0x0000000084c00000|  0%| F|  |TAMS 0x0000000084b00000, 0x0000000084b00000| Untracked 
|  56|0x0000000084c00000, 0x0000000084c00000, 0x0000000084d00000|  0%| F|  |TAMS 0x0000000084c00000, 0x0000000084c00000| Untracked 
|  57|0x0000000084d00000, 0x0000000084d00000, 0x0000000084e00000|  0%| F|  |TAMS 0x0000000084d00000, 0x0000000084d00000| Untracked 
|  58|0x0000000084e00000, 0x0000000084e00000, 0x0000000084f00000|  0%| F|  |TAMS 0x0000000084e00000, 0x0000000084e00000| Untracked 
|  59|0x0000000084f00000, 0x0000000084f00000, 0x0000000085000000|  0%| F|  |TAMS 0x0000000084f00000, 0x0000000084f00000| Untracked 
|  60|0x0000000085000000, 0x0000000085000000, 0x0000000085100000|  0%| F|  |TAMS 0x0000000085000000, 0x0000000085000000| Untracked 
|  61|0x0000000085100000, 0x0000000085100000, 0x0000000085200000|  0%| F|  |TAMS 0x0000000085100000, 0x0000000085100000| Untracked 
|  62|0x0000000085200000, 0x0000000085200000, 0x0000000085300000|  0%| F|  |TAMS 0x0000000085200000, 0x0000000085200000| Untracked 
|  63|0x0000000085300000, 0x0000000085300000, 0x0000000085400000|  0%| F|  |TAMS 0x0000000085300000, 0x0000000085300000| Untracked 
|  64|0x0000000085400000, 0x0000000085400000, 0x0000000085500000|  0%| F|  |TAMS 0x0000000085400000, 0x0000000085400000| Untracked 
|  65|0x0000000085500000, 0x0000000085500000, 0x0000000085600000|  0%| F|  |TAMS 0x0000000085500000, 0x0000000085500000| Untracked 
|  66|0x0000000085600000, 0x0000000085600000, 0x0000000085700000|  0%| F|  |TAMS 0x0000000085600000, 0x0000000085600000| Untracked 
|  67|0x0000000085700000, 0x0000000085700000, 0x0000000085800000|  0%| F|  |TAMS 0x0000000085700000, 0x0000000085700000| Untracked 
|  68|0x0000000085800000, 0x0000000085800000, 0x0000000085900000|  0%| F|  |TAMS 0x0000000085800000, 0x0000000085800000| Untracked 
|  69|0x0000000085900000, 0x0000000085900000, 0x0000000085a00000|  0%| F|  |TAMS 0x0000000085900000, 0x0000000085900000| Untracked 
|  70|0x0000000085a00000, 0x0000000085a00000, 0x0000000085b00000|  0%| F|  |TAMS 0x0000000085a00000, 0x0000000085a00000| Untracked 
|  71|0x0000000085b00000, 0x0000000085b00000, 0x0000000085c00000|  0%| F|  |TAMS 0x0000000085b00000, 0x0000000085b00000| Untracked 
|  72|0x0000000085c00000, 0x0000000085c00000, 0x0000000085d00000|  0%| F|  |TAMS 0x0000000085c00000, 0x0000000085c00000| Untracked 
|  73|0x0000000085d00000, 0x0000000085d00000, 0x0000000085e00000|  0%| F|  |TAMS 0x0000000085d00000, 0x0000000085d00000| Untracked 
|  74|0x0000000085e00000, 0x0000000085e00000, 0x0000000085f00000|  0%| F|  |TAMS 0x0000000085e00000, 0x0000000085e00000| Untracked 
|  75|0x0000000085f00000, 0x0000000085f00000, 0x0000000086000000|  0%| F|  |TAMS 0x0000000085f00000, 0x0000000085f00000| Untracked 
|  76|0x0000000086000000, 0x0000000086000000, 0x0000000086100000|  0%| F|  |TAMS 0x0000000086000000, 0x0000000086000000| Untracked 
|  77|0x0000000086100000, 0x0000000086100000, 0x0000000086200000|  0%| F|  |TAMS 0x0000000086100000, 0x0000000086100000| Untracked 
|  78|0x0000000086200000, 0x0000000086200000, 0x0000000086300000|  0%| F|  |TAMS 0x0000000086200000, 0x0000000086200000| Untracked 
|  79|0x0000000086300000, 0x0000000086300000, 0x0000000086400000|  0%| F|  |TAMS 0x0000000086300000, 0x0000000086300000| Untracked 
|  80|0x0000000086400000, 0x0000000086400000, 0x0000000086500000|  0%| F|  |TAMS 0x0000000086400000, 0x0000000086400000| Untracked 
|  81|0x0000000086500000, 0x0000000086500000, 0x0000000086600000|  0%| F|  |TAMS 0x0000000086500000, 0x0000000086500000| Untracked 
|  82|0x0000000086600000, 0x0000000086600000, 0x0000000086700000|  0%| F|  |TAMS 0x0000000086600000, 0x0000000086600000| Untracked 
|  83|0x0000000086700000, 0x0000000086700000, 0x0000000086800000|  0%| F|  |TAMS 0x0000000086700000, 0x0000000086700000| Untracked 
|  84|0x0000000086800000, 0x0000000086800000, 0x0000000086900000|  0%| F|  |TAMS 0x0000000086800000, 0x0000000086800000| Untracked 
|  85|0x0000000086900000, 0x0000000086900000, 0x0000000086a00000|  0%| F|  |TAMS 0x0000000086900000, 0x0000000086900000| Untracked 
|  86|0x0000000086a00000, 0x0000000086a00000, 0x0000000086b00000|  0%| F|  |TAMS 0x0000000086a00000, 0x0000000086a00000| Untracked 
|  87|0x0000000086b00000, 0x0000000086b00000, 0x0000000086c00000|  0%| F|  |TAMS 0x0000000086b00000, 0x0000000086b00000| Untracked 
|  88|0x0000000086c00000, 0x0000000086c00000, 0x0000000086d00000|  0%| F|  |TAMS 0x0000000086c00000, 0x0000000086c00000| Untracked 
|  89|0x0000000086d00000, 0x0000000086d00000, 0x0000000086e00000|  0%| F|  |TAMS 0x0000000086d00000, 0x0000000086d00000| Untracked 
|  90|0x0000000086e00000, 0x0000000086e00000, 0x0000000086f00000|  0%| F|  |TAMS 0x0000000086e00000, 0x0000000086e00000| Untracked 
|  91|0x0000000086f00000, 0x0000000086f81af8, 0x0000000087000000| 50%| S|CS|TAMS 0x0000000086f00000, 0x0000000086f00000| Complete 
|  92|0x0000000087000000, 0x0000000087100000, 0x0000000087100000|100%| S|CS|TAMS 0x0000000087000000, 0x0000000087000000| Complete 
|  93|0x0000000087100000, 0x0000000087200000, 0x0000000087200000|100%| S|CS|TAMS 0x0000000087100000, 0x0000000087100000| Complete 
|  94|0x0000000087200000, 0x0000000087200000, 0x0000000087300000|  0%| F|  |TAMS 0x0000000087200000, 0x0000000087200000| Untracked 
|  95|0x0000000087300000, 0x0000000087300000, 0x0000000087400000|  0%| F|  |TAMS 0x0000000087300000, 0x0000000087300000| Untracked 
|  96|0x0000000087400000, 0x0000000087400000, 0x0000000087500000|  0%| F|  |TAMS 0x0000000087400000, 0x0000000087400000| Untracked 
|  97|0x0000000087500000, 0x0000000087500000, 0x0000000087600000|  0%| F|  |TAMS 0x0000000087500000, 0x0000000087500000| Untracked 
|  98|0x0000000087600000, 0x0000000087600000, 0x0000000087700000|  0%| F|  |TAMS 0x0000000087600000, 0x0000000087600000| Untracked 
|  99|0x0000000087700000, 0x0000000087700000, 0x0000000087800000|  0%| F|  |TAMS 0x0000000087700000, 0x0000000087700000| Untracked 
| 100|0x0000000087800000, 0x0000000087900000, 0x0000000087900000|100%| E|  |TAMS 0x0000000087800000, 0x0000000087800000| Complete 
| 101|0x0000000087900000, 0x0000000087a00000, 0x0000000087a00000|100%| E|CS|TAMS 0x0000000087900000, 0x0000000087900000| Complete 
| 102|0x0000000087a00000, 0x0000000087b00000, 0x0000000087b00000|100%| E|CS|TAMS 0x0000000087a00000, 0x0000000087a00000| Complete 
| 103|0x0000000087b00000, 0x0000000087c00000, 0x0000000087c00000|100%| E|CS|TAMS 0x0000000087b00000, 0x0000000087b00000| Complete 
| 104|0x0000000087c00000, 0x0000000087d00000, 0x0000000087d00000|100%| E|CS|TAMS 0x0000000087c00000, 0x0000000087c00000| Complete 
| 105|0x0000000087d00000, 0x0000000087e00000, 0x0000000087e00000|100%| E|CS|TAMS 0x0000000087d00000, 0x0000000087d00000| Complete 
| 106|0x0000000087e00000, 0x0000000087f00000, 0x0000000087f00000|100%| E|CS|TAMS 0x0000000087e00000, 0x0000000087e00000| Complete 
| 107|0x0000000087f00000, 0x0000000088000000, 0x0000000088000000|100%| E|CS|TAMS 0x0000000087f00000, 0x0000000087f00000| Complete 
| 108|0x0000000088000000, 0x0000000088100000, 0x0000000088100000|100%| E|CS|TAMS 0x0000000088000000, 0x0000000088000000| Complete 
| 109|0x0000000088100000, 0x0000000088200000, 0x0000000088200000|100%| E|CS|TAMS 0x0000000088100000, 0x0000000088100000| Complete 
| 110|0x0000000088200000, 0x0000000088300000, 0x0000000088300000|100%| E|CS|TAMS 0x0000000088200000, 0x0000000088200000| Complete 
| 111|0x0000000088300000, 0x0000000088400000, 0x0000000088400000|100%| E|CS|TAMS 0x0000000088300000, 0x0000000088300000| Complete 
| 112|0x0000000088400000, 0x0000000088500000, 0x0000000088500000|100%| E|CS|TAMS 0x0000000088400000, 0x0000000088400000| Complete 
| 113|0x0000000088500000, 0x0000000088600000, 0x0000000088600000|100%| E|CS|TAMS 0x0000000088500000, 0x0000000088500000| Complete 
| 114|0x0000000088600000, 0x0000000088700000, 0x0000000088700000|100%| E|CS|TAMS 0x0000000088600000, 0x0000000088600000| Complete 
| 115|0x0000000088700000, 0x0000000088800000, 0x0000000088800000|100%| E|CS|TAMS 0x0000000088700000, 0x0000000088700000| Complete 
| 116|0x0000000088800000, 0x0000000088900000, 0x0000000088900000|100%| E|CS|TAMS 0x0000000088800000, 0x0000000088800000| Complete 
| 117|0x0000000088900000, 0x0000000088a00000, 0x0000000088a00000|100%| E|CS|TAMS 0x0000000088900000, 0x0000000088900000| Complete 
| 118|0x0000000088a00000, 0x0000000088b00000, 0x0000000088b00000|100%| E|CS|TAMS 0x0000000088a00000, 0x0000000088a00000| Complete 
| 119|0x0000000088b00000, 0x0000000088c00000, 0x0000000088c00000|100%| E|CS|TAMS 0x0000000088b00000, 0x0000000088b00000| Complete 
| 120|0x0000000088c00000, 0x0000000088d00000, 0x0000000088d00000|100%| E|CS|TAMS 0x0000000088c00000, 0x0000000088c00000| Complete 
| 121|0x0000000088d00000, 0x0000000088e00000, 0x0000000088e00000|100%| E|CS|TAMS 0x0000000088d00000, 0x0000000088d00000| Complete 
| 122|0x0000000088e00000, 0x0000000088f00000, 0x0000000088f00000|100%| E|CS|TAMS 0x0000000088e00000, 0x0000000088e00000| Complete 
| 123|0x0000000088f00000, 0x0000000089000000, 0x0000000089000000|100%| E|CS|TAMS 0x0000000088f00000, 0x0000000088f00000| Complete 
| 124|0x0000000089000000, 0x0000000089100000, 0x0000000089100000|100%| E|CS|TAMS 0x0000000089000000, 0x0000000089000000| Complete 
| 125|0x0000000089100000, 0x0000000089200000, 0x0000000089200000|100%| E|CS|TAMS 0x0000000089100000, 0x0000000089100000| Complete 
| 126|0x0000000089200000, 0x0000000089300000, 0x0000000089300000|100%| E|CS|TAMS 0x0000000089200000, 0x0000000089200000| Complete 
| 127|0x0000000089300000, 0x0000000089400000, 0x0000000089400000|100%| E|CS|TAMS 0x0000000089300000, 0x0000000089300000| Complete 

Card table byte_map: [0x000002d6d9260000,0x000002d6d9660000] _byte_map_base: 0x000002d6d8e56000

Marking Bits (Prev, Next): (CMBitMap*) 0x000002d6c2309360, (CMBitMap*) 0x000002d6c23093a0
 Prev Bits: [0x000002d6d9a60000, 0x000002d6dba10000)
 Next Bits: [0x000002d6dba10000, 0x000002d6dd9c0000)

Polling page: 0x000002d6c1a80000

Metaspace:

Usage:
  Non-class:     10.78 MB used.
      Class:      1.43 MB used.
       Both:     12.21 MB used.

Virtual space:
  Non-class space:       16.00 MB reserved,      10.88 MB ( 68%) committed,  2 nodes.
      Class space:        1.00 GB reserved,       1.50 MB ( <1%) committed,  1 nodes.
             Both:        1.02 GB reserved,      12.38 MB (  1%) committed. 

Chunk freelists:
   Non-Class:  3.70 MB
       Class:  2.52 MB
        Both:  6.22 MB

MaxMetaspaceSize: unlimited
CompressedClassSpaceSize: 1.00 GB
Initial GC threshold: 21.00 MB
Current GC threshold: 21.00 MB
CDS: on
MetaspaceReclaimPolicy: balanced
 - commit_granule_bytes: 65536.
 - commit_granule_words: 8192.
 - virtual_space_node_default_size: 1048576.
 - enlarge_chunks_in_place: 1.
 - new_chunks_are_fully_committed: 0.
 - uncommit_free_chunks: 1.
 - use_allocation_guard: 0.
 - handle_deallocations: 1.


Internal statistics:

num_allocs_failed_limit: 0.
num_arena_births: 62.
num_arena_deaths: 0.
num_vsnodes_births: 3.
num_vsnodes_deaths: 0.
num_space_committed: 198.
num_space_uncommitted: 0.
num_chunks_returned_to_freelist: 0.
num_chunks_taken_from_freelist: 489.
num_chunk_merges: 0.
num_chunk_splits: 364.
num_chunks_enlarged: 283.
num_purges: 0.
num_inconsistent_stats: 0.

CodeHeap 'non-profiled nmethods': size=120000Kb used=1135Kb max_used=1135Kb free=118864Kb
 bounds [0x000002d6d15f0000, 0x000002d6d1860000, 0x000002d6d8b20000]
CodeHeap 'profiled nmethods': size=120000Kb used=5300Kb max_used=5300Kb free=114699Kb
 bounds [0x000002d6ca0c0000, 0x000002d6ca5f0000, 0x000002d6d15f0000]
CodeHeap 'non-nmethods': size=5760Kb used=1166Kb max_used=1229Kb free=4593Kb
 bounds [0x000002d6c9b20000, 0x000002d6c9d90000, 0x000002d6ca0c0000]
 total_blobs=3174 nmethods=2718 adapters=368
 compilation: enabled
              stopped_count=0, restarted_count=0
 full_count=0

Compilation events (20 events):
Event: 56.954 Thread 0x000002d6e0448370 2719       1       org.apache.maven.model.Activation::isActiveByDefault (5 bytes)
Event: 56.954 Thread 0x000002d6e0448370 nmethod 2719 0x000002d6d170a310 code [0x000002d6d170a4a0, 0x000002d6d170a578]
Event: 56.954 Thread 0x000002d6e0448370 2721       3       org.apache.maven.model.ModelBase::getRepositories (23 bytes)
Event: 56.955 Thread 0x000002d6e0448370 nmethod 2721 0x000002d6ca5e5510 code [0x000002d6ca5e56e0, 0x000002d6ca5e5ad8]
Event: 56.955 Thread 0x000002d6e0448370 2723       3       org.eclipse.aether.artifact.DefaultArtifact::merge (70 bytes)
Event: 56.955 Thread 0x000002d6e0448370 nmethod 2723 0x000002d6ca5e5c10 code [0x000002d6ca5e5e60, 0x000002d6ca5e6978]
Event: 56.961 Thread 0x000002d6e03deed0 nmethod 2717 0x000002d6d170a610 code [0x000002d6d170a7a0, 0x000002d6d170ae98]
Event: 56.961 Thread 0x000002d6e03deed0 2722       4       java.util.regex.Pattern$CharPropertyGreedy::match (160 bytes)
Event: 56.976 Thread 0x000002d6e0448370 2726       3       org.apache.maven.model.io.xpp3.MavenXpp3Reader::parseDeveloper (497 bytes)
Event: 56.982 Thread 0x000002d6e0448370 nmethod 2726 0x000002d6ca5e6c90 code [0x000002d6ca5e7440, 0x000002d6ca5eb5d8]
Event: 56.982 Thread 0x000002d6e0448370 2727       3       org.apache.maven.model.Developer::<init> (5 bytes)
Event: 56.982 Thread 0x000002d6e0448370 nmethod 2727 0x000002d6ca5ecc10 code [0x000002d6ca5ecdc0, 0x000002d6ca5ecf78]
Event: 56.982 Thread 0x000002d6e0448370 2731       1       org.eclipse.aether.repository.RemoteRepository::getMirroredRepositories (5 bytes)
Event: 56.982 Thread 0x000002d6e0448370 nmethod 2731 0x000002d6d170b090 code [0x000002d6d170b220, 0x000002d6d170b2f8]
Event: 56.982 Thread 0x000002d6e0448370 2728       1       org.apache.maven.model.Contributor::setOrganization (6 bytes)
Event: 56.982 Thread 0x000002d6e0448370 nmethod 2728 0x000002d6d170b390 code [0x000002d6d170b520, 0x000002d6d170b638]
Event: 56.982 Thread 0x000002d6e0448370 2729       1       org.apache.maven.model.ModelBase::setDependencies (6 bytes)
Event: 56.982 Thread 0x000002d6e0448370 nmethod 2729 0x000002d6d170b690 code [0x000002d6d170b820, 0x000002d6d170b938]
Event: 56.982 Thread 0x000002d6e0448370 2730       1       org.apache.maven.model.BuildBase::setDirectory (6 bytes)
Event: 56.982 Thread 0x000002d6e0448370 nmethod 2730 0x000002d6d170b990 code [0x000002d6d170bb20, 0x000002d6d170bc38]

GC Heap History (4 events):
Event: 11.796 GC heap before
{Heap before GC invocations=0 (full 0):
 garbage-first heap   total 131072K, used 22528K [0x0000000081400000, 0x0000000100000000)
  region size 1024K, 23 young (23552K), 0 survivors (0K)
 Metaspace       used 4787K, committed 4928K, reserved 1056768K
  class space    used 563K, committed 640K, reserved 1048576K
}
Event: 11.820 GC heap after
{Heap after GC invocations=1 (full 0):
 garbage-first heap   total 131072K, used 3550K [0x0000000081400000, 0x0000000100000000)
  region size 1024K, 3 young (3072K), 3 survivors (3072K)
 Metaspace       used 4787K, committed 4928K, reserved 1056768K
  class space    used 563K, committed 640K, reserved 1048576K
}
Event: 35.431 GC heap before
{Heap before GC invocations=1 (full 0):
 garbage-first heap   total 131072K, used 35294K [0x0000000081400000, 0x0000000100000000)
  region size 1024K, 34 young (34816K), 3 survivors (3072K)
 Metaspace       used 10233K, committed 10368K, reserved 1064960K
  class space    used 1253K, committed 1344K, reserved 1048576K
}
Event: 35.450 GC heap after
{Heap after GC invocations=2 (full 0):
 garbage-first heap   total 131072K, used 6074K [0x0000000081400000, 0x0000000100000000)
  region size 1024K, 3 young (3072K), 3 survivors (3072K)
 Metaspace       used 10233K, committed 10368K, reserved 1064960K
  class space    used 1253K, committed 1344K, reserved 1048576K
}

Deoptimization events (20 events):
Event: 54.377 Thread 0x000002d6c22adcd0 DEOPT PACKING pc=0x000002d6d166a1ac sp=0x000000f2e25fd2a0
Event: 54.377 Thread 0x000002d6c22adcd0 DEOPT UNPACKING pc=0x000002d6c9b723a3 sp=0x000000f2e25fd248 mode 2
Event: 54.404 Thread 0x000002d6c22adcd0 Uncommon trap: trap_request=0xffffff45 fr.pc=0x000002d6d16f1cc0 relative=0x0000000000000f20
Event: 54.404 Thread 0x000002d6c22adcd0 Uncommon trap: reason=unstable_if action=reinterpret pc=0x000002d6d16f1cc0 method=org.codehaus.plexus.util.xml.pull.MXParser.nextImpl()I @ 280 c2
Event: 54.404 Thread 0x000002d6c22adcd0 DEOPT PACKING pc=0x000002d6d16f1cc0 sp=0x000000f2e25fcde0
Event: 54.404 Thread 0x000002d6c22adcd0 DEOPT UNPACKING pc=0x000002d6c9b723a3 sp=0x000000f2e25fcd50 mode 2
Event: 54.407 Thread 0x000002d6c22adcd0 DEOPT PACKING pc=0x000002d6ca516cf6 sp=0x000000f2e25fcef0
Event: 54.408 Thread 0x000002d6c22adcd0 DEOPT UNPACKING pc=0x000002d6c9b72b43 sp=0x000000f2e25fc3f8 mode 0
Event: 55.407 Thread 0x000002d6c22adcd0 Uncommon trap: trap_request=0xffffff45 fr.pc=0x000002d6d168515c relative=0x000000000000023c
Event: 55.407 Thread 0x000002d6c22adcd0 Uncommon trap: reason=unstable_if action=reinterpret pc=0x000002d6d168515c method=java.util.HashMap.hash(Ljava/lang/Object;)I @ 1 c2
Event: 55.408 Thread 0x000002d6c22adcd0 DEOPT PACKING pc=0x000002d6d168515c sp=0x000000f2e25fdc40
Event: 55.408 Thread 0x000002d6c22adcd0 DEOPT UNPACKING pc=0x000002d6c9b723a3 sp=0x000000f2e25fdad8 mode 2
Event: 55.408 Thread 0x000002d6c22adcd0 Uncommon trap: trap_request=0xffffff45 fr.pc=0x000002d6d1682cec relative=0x000000000000024c
Event: 55.408 Thread 0x000002d6c22adcd0 Uncommon trap: reason=unstable_if action=reinterpret pc=0x000002d6d1682cec method=java.util.HashMap.hash(Ljava/lang/Object;)I @ 1 c2
Event: 55.408 Thread 0x000002d6c22adcd0 DEOPT PACKING pc=0x000002d6d1682cec sp=0x000000f2e25fdbd0
Event: 55.408 Thread 0x000002d6c22adcd0 DEOPT UNPACKING pc=0x000002d6c9b723a3 sp=0x000000f2e25fdad8 mode 2
Event: 55.408 Thread 0x000002d6c22adcd0 Uncommon trap: trap_request=0xffffff45 fr.pc=0x000002d6d167d398 relative=0x0000000000000098
Event: 55.408 Thread 0x000002d6c22adcd0 Uncommon trap: reason=unstable_if action=reinterpret pc=0x000002d6d167d398 method=java.util.HashMap.hash(Ljava/lang/Object;)I @ 1 c2
Event: 55.408 Thread 0x000002d6c22adcd0 DEOPT PACKING pc=0x000002d6d167d398 sp=0x000000f2e25fdb50
Event: 55.408 Thread 0x000002d6c22adcd0 DEOPT UNPACKING pc=0x000002d6c9b723a3 sp=0x000000f2e25fdae8 mode 2

Classes unloaded (0 events):
No events

Classes redefined (0 events):
No events

Internal exceptions (16 events):
Event: 2.818 Thread 0x000002d6c22adcd0 Exception <a 'java/lang/NullPointerException'{0x00000000890840f0}> (0x00000000890840f0) 
thrown [s\open\src\hotspot\share\interpreter\linkResolver.cpp, line 1350]
Event: 3.123 Thread 0x000002d6c22adcd0 Exception <a 'java/lang/NullPointerException'{0x00000000890d0d60}> (0x00000000890d0d60) 
thrown [s\open\src\hotspot\share\interpreter\linkResolver.cpp, line 1350]
Event: 3.123 Thread 0x000002d6c22adcd0 Exception <a 'java/lang/NullPointerException'{0x00000000890d1038}> (0x00000000890d1038) 
thrown [s\open\src\hotspot\share\interpreter\linkResolver.cpp, line 1350]
Event: 3.123 Thread 0x000002d6c22adcd0 Exception <a 'java/lang/NullPointerException'{0x00000000890d1310}> (0x00000000890d1310) 
thrown [s\open\src\hotspot\share\interpreter\linkResolver.cpp, line 1350]
Event: 3.132 Thread 0x000002d6c22adcd0 Exception <a 'java/lang/NullPointerException'{0x00000000890d6c90}> (0x00000000890d6c90) 
thrown [s\open\src\hotspot\share\interpreter\linkResolver.cpp, line 1350]
Event: 3.155 Thread 0x000002d6c22adcd0 Exception <a 'java/lang/NullPointerException'{0x00000000890ec048}> (0x00000000890ec048) 
thrown [s\open\src\hotspot\share\interpreter\linkResolver.cpp, line 1350]
Event: 3.156 Thread 0x000002d6c22adcd0 Exception <a 'java/lang/NullPointerException'{0x00000000890ec320}> (0x00000000890ec320) 
thrown [s\open\src\hotspot\share\interpreter\linkResolver.cpp, line 1350]
Event: 3.156 Thread 0x000002d6c22adcd0 Exception <a 'java/lang/NullPointerException'{0x00000000890ec5f8}> (0x00000000890ec5f8) 
thrown [s\open\src\hotspot\share\interpreter\linkResolver.cpp, line 1350]
Event: 3.156 Thread 0x000002d6c22adcd0 Exception <a 'java/lang/NullPointerException'{0x00000000890ec8d0}> (0x00000000890ec8d0) 
thrown [s\open\src\hotspot\share\interpreter\linkResolver.cpp, line 1350]
Event: 9.567 Thread 0x000002d6c22adcd0 Exception <a 'java/lang/NoSuchMethodError'{0x0000000088513578}: 'java.lang.Object java.lang.invoke.DirectMethodHandle$Holder.newInvokeSpecial(java.lang.Object, java.lang.Object, java.lang.Object, java.lang.Object, java.lang.Object)'> (0x0000000088513578) 
thrown [s\open\src\hotspot\share\interpreter\linkResolver.cpp, line 759]
Event: 10.668 Thread 0x000002d6c22adcd0 Exception <a 'java/lang/NoClassDefFoundError'{0x0000000088479220}: javax/enterprise/inject/Typed> (0x0000000088479220) 
thrown [s\open\src\hotspot\share\classfile\systemDictionary.cpp, line 245]
Event: 30.306 Thread 0x000002d6c22adcd0 Exception <a 'java/lang/NoClassDefFoundError'{0x000000008749a560}: com/google/inject/servlet/ServletModuleTargetVisitor> (0x000000008749a560) 
thrown [s\open\src\hotspot\share\classfile\systemDictionary.cpp, line 245]
Event: 35.023 Thread 0x000002d6c22adcd0 Exception <a 'java/lang/NoSuchMethodError'{0x00000000872e2648}: 'java.lang.Object java.lang.invoke.DirectMethodHandle$Holder.invokeStaticInit(java.lang.Object, int, int, int, int)'> (0x00000000872e2648) 
thrown [s\open\src\hotspot\share\interpreter\linkResolver.cpp, line 759]
Event: 55.407 Thread 0x000002d6c22adcd0 Implicit null exception at 0x000002d6d1684f6f to 0x000002d6d1685140
Event: 55.408 Thread 0x000002d6c22adcd0 Implicit null exception at 0x000002d6d1682aef to 0x000002d6d1682cd0
Event: 55.408 Thread 0x000002d6c22adcd0 Implicit null exception at 0x000002d6d167d30f to 0x000002d6d167d389

VM Operations (20 events):
Event: 43.435 Executing VM operation: HandshakeAllThreads
Event: 43.435 Executing VM operation: HandshakeAllThreads done
Event: 43.435 Executing VM operation: Cleanup
Event: 43.435 Executing VM operation: Cleanup done
Event: 43.435 Executing VM operation: HandshakeAllThreads
Event: 43.435 Executing VM operation: HandshakeAllThreads done
Event: 44.448 Executing VM operation: Cleanup
Event: 44.543 Executing VM operation: Cleanup done
Event: 45.550 Executing VM operation: Cleanup
Event: 45.550 Executing VM operation: Cleanup done
Event: 48.576 Executing VM operation: Cleanup
Event: 48.811 Executing VM operation: Cleanup done
Event: 49.816 Executing VM operation: Cleanup
Event: 49.817 Executing VM operation: Cleanup done
Event: 53.850 Executing VM operation: Cleanup
Event: 54.279 Executing VM operation: Cleanup done
Event: 55.281 Executing VM operation: Cleanup
Event: 55.281 Executing VM operation: Cleanup done
Event: 56.288 Executing VM operation: Cleanup
Event: 56.288 Executing VM operation: Cleanup done

Events (20 events):
Event: 41.311 loading class java/util/LinkedList$ListItr
Event: 41.311 loading class java/util/LinkedList$ListItr done
Event: 43.434 loading class java/util/concurrent/locks/ReentrantReadWriteLock
Event: 43.434 loading class java/util/concurrent/locks/ReentrantReadWriteLock done
Event: 43.434 loading class java/util/concurrent/locks/ReentrantReadWriteLock$NonfairSync
Event: 43.434 loading class java/util/concurrent/locks/ReentrantReadWriteLock$Sync
Event: 43.434 loading class java/util/concurrent/locks/ReentrantReadWriteLock$Sync done
Event: 43.434 loading class java/util/concurrent/locks/ReentrantReadWriteLock$NonfairSync done
Event: 43.435 loading class java/util/concurrent/locks/ReentrantReadWriteLock$Sync$ThreadLocalHoldCounter
Event: 43.435 loading class java/util/concurrent/locks/ReentrantReadWriteLock$Sync$ThreadLocalHoldCounter done
Event: 43.435 loading class java/util/concurrent/locks/ReentrantReadWriteLock$ReadLock
Event: 43.436 loading class java/util/concurrent/locks/ReentrantReadWriteLock$ReadLock done
Event: 43.436 loading class java/util/concurrent/locks/ReentrantReadWriteLock$WriteLock
Event: 43.436 loading class java/util/concurrent/locks/ReentrantReadWriteLock$WriteLock done
Event: 44.640 loading class java/util/Formatter$FixedString
Event: 44.640 loading class java/util/Formatter$FixedString done
Event: 47.802 Thread 0x000002d6e21d9890 Thread added: 0x000002d6e21d9890
Event: 53.121 Thread 0x000002d6e21d9890 Thread exited: 0x000002d6e21d9890
Event: 56.979 loading class java/util/Collections$UnmodifiableList$1
Event: 56.983 loading class java/util/Collections$UnmodifiableList$1 done


Dynamic libraries:
0x00007ff79b0e0000 - 0x00007ff79b0f0000 	C:\Program Files\Java\jdk-17.0.4.1\bin\java.exe
0x00007ff857e50000 - 0x00007ff858064000 	C:\WINDOWS\SYSTEM32\ntdll.dll
0x00007ff856a80000 - 0x00007ff856b42000 	C:\WINDOWS\System32\KERNEL32.DLL
0x00007ff8554e0000 - 0x00007ff855883000 	C:\WINDOWS\System32\KERNELBASE.dll
0x00007ff8559c0000 - 0x00007ff855ad1000 	C:\WINDOWS\System32\ucrtbase.dll
0x00007ff84abe0000 - 0x00007ff84abf8000 	C:\Program Files\Java\jdk-17.0.4.1\bin\jli.dll
0x00007ff8570a0000 - 0x00007ff85714e000 	C:\WINDOWS\System32\ADVAPI32.dll
0x00007ff8569d0000 - 0x00007ff856a77000 	C:\WINDOWS\System32\msvcrt.dll
0x00007ff857470000 - 0x00007ff857514000 	C:\WINDOWS\System32\sechost.dll
0x00007ff857ad0000 - 0x00007ff857be7000 	C:\WINDOWS\System32\RPCRT4.dll
0x00007ff855ee0000 - 0x00007ff85608b000 	C:\WINDOWS\System32\USER32.dll
0x00007ff855c00000 - 0x00007ff855c26000 	C:\WINDOWS\System32\win32u.dll
0x00007ff856b70000 - 0x00007ff856b99000 	C:\WINDOWS\System32\GDI32.dll
0x00007ff855250000 - 0x00007ff855369000 	C:\WINDOWS\System32\gdi32full.dll
0x00007ff855ae0000 - 0x00007ff855b7a000 	C:\WINDOWS\System32\msvcp_win.dll
0x00007ff84c4f0000 - 0x00007ff84c50a000 	C:\Program Files\Java\jdk-17.0.4.1\bin\VCRUNTIME140.dll
0x00007ff83a430000 - 0x00007ff83a6be000 	C:\WINDOWS\WinSxS\amd64_microsoft.windows.common-controls_6595b64144ccf1df_6.0.22621.1635_none_270f70857386168e\COMCTL32.dll
0x00007ff849df0000 - 0x00007ff849dfa000 	C:\WINDOWS\SYSTEM32\VERSION.dll
0x00007ff856ba0000 - 0x00007ff856bd1000 	C:\WINDOWS\System32\IMM32.DLL
0x00007ff84e040000 - 0x00007ff84e04c000 	C:\Program Files\Java\jdk-17.0.4.1\bin\vcruntime140_1.dll
0x00007ff8421c0000 - 0x00007ff84224d000 	C:\Program Files\Java\jdk-17.0.4.1\bin\msvcp140.dll
0x00007fffeb090000 - 0x00007fffebc52000 	C:\Program Files\Java\jdk-17.0.4.1\bin\server\jvm.dll
0x00007ff857460000 - 0x00007ff857468000 	C:\WINDOWS\System32\PSAPI.DLL
0x00007ff84ad00000 - 0x00007ff84ad09000 	C:\WINDOWS\SYSTEM32\WSOCK32.dll
0x00007ff855d30000 - 0x00007ff855da1000 	C:\WINDOWS\System32\WS2_32.dll
0x00007ff849850000 - 0x00007ff849884000 	C:\WINDOWS\SYSTEM32\WINMM.dll
0x00007ff854390000 - 0x00007ff8543a8000 	C:\WINDOWS\SYSTEM32\kernel.appcore.dll
0x00007ff84b650000 - 0x00007ff84b65a000 	C:\Program Files\Java\jdk-17.0.4.1\bin\jimage.dll
0x00007ff852e00000 - 0x00007ff85302e000 	C:\WINDOWS\SYSTEM32\DBGHELP.DLL
0x00007ff856c60000 - 0x00007ff856fe9000 	C:\WINDOWS\System32\combase.dll
0x00007ff8571e0000 - 0x00007ff8572b7000 	C:\WINDOWS\System32\OLEAUT32.dll
0x00007ff83ef60000 - 0x00007ff83ef92000 	C:\WINDOWS\SYSTEM32\dbgcore.DLL
0x00007ff855b80000 - 0x00007ff855bfb000 	C:\WINDOWS\System32\bcryptPrimitives.dll
0x00007ff84ac40000 - 0x00007ff84ac65000 	C:\Program Files\Java\jdk-17.0.4.1\bin\java.dll
0x00007ff8460e0000 - 0x00007ff8461b6000 	C:\Program Files\Java\jdk-17.0.4.1\bin\jsvml.dll
0x00007ff8560b0000 - 0x00007ff8568aa000 	C:\WINDOWS\System32\SHELL32.dll
0x00007ff853260000 - 0x00007ff853b2e000 	C:\WINDOWS\SYSTEM32\windows.storage.dll
0x00007ff853030000 - 0x00007ff85316e000 	C:\WINDOWS\SYSTEM32\wintypes.dll
0x00007ff8579b0000 - 0x00007ff857aa1000 	C:\WINDOWS\System32\SHCORE.dll
0x00007ff8568b0000 - 0x00007ff85690e000 	C:\WINDOWS\System32\shlwapi.dll
0x00007ff855180000 - 0x00007ff8551a1000 	C:\WINDOWS\SYSTEM32\profapi.dll
0x00007ff84ad10000 - 0x00007ff84ad29000 	C:\Program Files\Java\jdk-17.0.4.1\bin\net.dll
0x00007ff849890000 - 0x00007ff8499c7000 	C:\WINDOWS\SYSTEM32\WINHTTP.dll
0x00007ff854800000 - 0x00007ff854869000 	C:\WINDOWS\system32\mswsock.dll
0x00007ff849ba0000 - 0x00007ff849bb6000 	C:\Program Files\Java\jdk-17.0.4.1\bin\nio.dll
0x00007ff849af0000 - 0x00007ff849b08000 	C:\Program Files\Java\jdk-17.0.4.1\bin\zip.dll
0x0000000069ac0000 - 0x0000000069ae4000 	C:\Program Files\NetBeans-14\netbeans\java\maven\lib\jansi-native\Windows\x86_64\jansi.dll
0x00007ff84af30000 - 0x00007ff84af40000 	C:\Program Files\Java\jdk-17.0.4.1\bin\verify.dll

dbghelp: loaded successfully - version: 4.0.5 - missing functions: none
symbol engine: initialized successfully - sym options: 0x614 - pdb path: .;C:\Program Files\Java\jdk-17.0.4.1\bin;C:\WINDOWS\SYSTEM32;C:\WINDOWS\WinSxS\amd64_microsoft.windows.common-controls_6595b64144ccf1df_6.0.22621.1635_none_270f70857386168e;C:\Program Files\Java\jdk-17.0.4.1\bin\server;C:\Program Files\NetBeans-14\netbeans\java\maven\lib\jansi-native\Windows\x86_64

VM Arguments:
jvm_args: -Dclassworlds.conf=C:\Program Files\NetBeans-14\netbeans\java\maven\bin\m2.conf -Dmaven.home=C:\Program Files\NetBeans-14\netbeans\java\maven -Dlibrary.jansi.path=C:\Program Files\NetBeans-14\netbeans\java\maven\lib\jansi-native -Dmaven.multiModuleProjectDirectory=C:\Senac\curso ds\ProjetoIntegradorUC05\Atividade5diversos\Atividade5PIUC05 
java_command: org.codehaus.plexus.classworlds.launcher.Launcher -Dmaven.ext.class.path=C:\Program Files\NetBeans-14\netbeans\java\maven-nblib\netbeans-eventspy.jar -Dfile.encoding=UTF-8 install
java_class_path (initial): C:\Program Files\NetBeans-14\netbeans\java\maven\boot\plexus-classworlds-2.6.0.jar
Launcher Type: SUN_STANDARD

[Global flags]
     intx CICompilerCount                          = 4                                         {product} {ergonomic}
     uint ConcGCThreads                            = 2                                         {product} {ergonomic}
     uint G1ConcRefinementThreads                  = 8                                         {product} {ergonomic}
   size_t G1HeapRegionSize                         = 1048576                                   {product} {ergonomic}
    uintx GCDrainStackTargetSize                   = 64                                        {product} {ergonomic}
   size_t InitialHeapSize                          = 134217728                                 {product} {ergonomic}
   size_t MarkStackSize                            = 4194304                                   {product} {ergonomic}
   size_t MaxHeapSize                              = 2126512128                                {product} {ergonomic}
   size_t MaxNewSize                               = 1275068416                                {product} {ergonomic}
   size_t MinHeapDeltaBytes                        = 1048576                                   {product} {ergonomic}
   size_t MinHeapSize                              = 8388608                                   {product} {ergonomic}
    uintx NonNMethodCodeHeapSize                   = 5839372                                {pd product} {ergonomic}
    uintx NonProfiledCodeHeapSize                  = 122909434                              {pd product} {ergonomic}
    uintx ProfiledCodeHeapSize                     = 122909434                              {pd product} {ergonomic}
    uintx ReservedCodeCacheSize                    = 251658240                              {pd product} {ergonomic}
     bool SegmentedCodeCache                       = true                                      {product} {ergonomic}
   size_t SoftMaxHeapSize                          = 2126512128                             {manageable} {ergonomic}
     bool UseCompressedClassPointers               = true                           {product lp64_product} {ergonomic}
     bool UseCompressedOops                        = true                           {product lp64_product} {ergonomic}
     bool UseG1GC                                  = true                                      {product} {ergonomic}
     bool UseLargePagesIndividualAllocation        = false                                  {pd product} {ergonomic}

Logging:
Log output configuration:
 #0: stdout all=warning uptime,level,tags
 #1: stderr all=off uptime,level,tags

Environment Variables:
JAVA_HOME=C:\Program Files\Java\jdk-17.0.4.1
PATH=C:\Program Files\Common Files\Oracle\Java\javapath;C:\ProgramData\Oracle\Java\javapath;C:\Program Files (x86)\Intel\Intel(R) Management Engine Components\iCLS\;C:\Program Files\Intel\Intel(R) Management Engine Components\iCLS\;C:\windows\system32;C:\windows;C:\windows\System32\Wbem;C:\windows\System32\WindowsPowerShell\v1.0\;C:\windows\System32\OpenSSH\;C:\Program Files (x86)\NVIDIA Corporation\PhysX\Common;C:\Program Files (x86)\Intel\Intel(R) Management Engine Components\DAL;C:\Program Files\Intel\Intel(R) Management Engine Components\DAL;C:\Program Files (x86)\Intel\Intel(R) Management Engine Components\IPT;C:\Program Files\Intel\Intel(R) Management Engine Components\IPT;C:\WINDOWS\system32;C:\WINDOWS;C:\WINDOWS\System32\Wbem;C:\WINDOWS\System32\WindowsPowerShell\v1.0\;C:\WINDOWS\System32\OpenSSH\;C:\Program Files\nodejs\;C:\ProgramData\UNIVALI\Portugol Studio;C:\Program Files\Git\cmd;C:\Users\larak\AppData\Local\Microsoft\WindowsApps;C:\Program Files\JetBrains\PyCharm Community Edition 2020.3.3\bin;;C:\Users\larak\AppData\Local\Programs\Microsoft VS Code\bin;C:\Users\larak\AppData\Roaming\npm;
USERNAME=larak
OS=Windows_NT
PROCESSOR_IDENTIFIER=Intel64 Family 6 Model 142 Stepping 10, GenuineIntel



---------------  S Y S T E M  ---------------

OS:
 Windows 11 , 64 bit Build 22621 (10.0.22621.1778)
OS uptime: 1 days 18:35 hours

CPU: total 8 (initial active 8) (4 cores per cpu, 2 threads per core) family 6 model 142 stepping 10 microcode 0xe0, cx8, cmov, fxsr, ht, mmx, 3dnowpref, sse, sse2, sse3, ssse3, sse4.1, sse4.2, popcnt, lzcnt, tsc, tscinvbit, avx, avx2, aes, erms, clmul, bmi1, bmi2, adx, fma, vzeroupper, clflush, clflushopt

Memory: 4k page, system-wide physical 8106M (170M free)
TotalPageFile size 32682M (AvailPageFile size 2M)
current process WorkingSet (physical memory assigned to process): 94M, peak: 103M
current process commit charge ("private bytes"): 235M, peak: 241M

vm_info: Java HotSpot(TM) 64-Bit Server VM (17.0.4.1+1-LTS-2) for windows-amd64 JRE (17.0.4.1+1-LTS-2), built on Aug 16 2022 18:32:06 by "mach5one" with MS VC++ 16.8 / 16.9 (VS2019)

END.
