#
# There is insufficient memory for the Java Runtime Environment to continue.
# Native memory allocation (malloc) failed to allocate 301776 bytes for Chunk::new
# Possible reasons:
#   The system is out of physical RAM or swap space
#   The process is running with CompressedOops enabled, and the Java Heap may be blocking the growth of the native heap
# Possible solutions:
#   Reduce memory load on the system
#   Increase physical memory or swap space
#   Check if swap backing store is full
#   Decrease Java heap size (-Xmx/-Xms)
#   Decrease number of Java threads
#   Decrease Java thread stack sizes (-Xss)
#   Set larger code cache with -XX:ReservedCodeCacheSize=
#   JVM is running with Unscaled Compressed Oops mode in which the Java heap is
#     placed in the first 4GB address space. The Java Heap base address is the
#     maximum limit for the native heap growth. Please use -XX:HeapBaseMinAddress
#     to set the Java Heap base and to place the Java Heap above 4GB virtual address.
# This output file may be truncated or incomplete.
#
#  Out of Memory Error (arena.cpp:189), pid=18032, tid=24608
#
# JRE version: Java(TM) SE Runtime Environment (17.0.4.1+1) (build 17.0.4.1+1-LTS-2)
# Java VM: Java HotSpot(TM) 64-Bit Server VM (17.0.4.1+1-LTS-2, mixed mode, sharing, tiered, compressed oops, compressed class ptrs, g1 gc, windows-amd64)
# No core dump will be written. Minidumps are not enabled by default on client versions of Windows
#

---------------  S U M M A R Y ------------

Command Line: -Dclassworlds.conf=C:\Program Files\NetBeans-14\netbeans\java\maven\bin\m2.conf -Dmaven.home=C:\Program Files\NetBeans-14\netbeans\java\maven -Dlibrary.jansi.path=C:\Program Files\NetBeans-14\netbeans\java\maven\lib\jansi-native -Dmaven.multiModuleProjectDirectory=C:\Senac\curso ds\ProjetoIntegradorUC05\Atividade5diversos\Atividade5PIUC05 org.codehaus.plexus.classworlds.launcher.Launcher -Dmaven.ext.class.path=C:\Program Files\NetBeans-14\netbeans\java\maven-nblib\netbeans-eventspy.jar -Dfile.encoding=UTF-8 install

Host: Intel(R) Core(TM) i5-8250U CPU @ 1.60GHz, 8 cores, 7G,  Windows 11 , 64 bit Build 22621 (10.0.22621.1778)
Time: Mon Jun 12 15:26:01 2023 Hora oficial do Brasil elapsed time: 44.630129 seconds (0d 0h 0m 44s)

---------------  T H R E A D  ---------------

Current thread (0x0000015e951ff290):  JavaThread "C2 CompilerThread0" daemon [_thread_in_native, id=24608, stack(0x0000005654200000,0x0000005654300000)]


Current CompileTask:
C2:  44630 2151       4       org.codehaus.plexus.util.xml.pull.MXParser::parseStartTag (1195 bytes)

Stack: [0x0000005654200000,0x0000005654300000]
Native frames: (J=compiled Java code, j=interpreted, Vv=VM code, C=native code)
V  [jvm.dll+0x6723ba]
V  [jvm.dll+0x7d1e34]
V  [jvm.dll+0x7d35de]
V  [jvm.dll+0x7d3c43]
V  [jvm.dll+0x243065]
V  [jvm.dll+0xaa57b]
V  [jvm.dll+0xaab0c]
V  [jvm.dll+0x2a9dcf]
V  [jvm.dll+0x57a7f7]
V  [jvm.dll+0x21e342]
V  [jvm.dll+0x217ca2]
V  [jvm.dll+0x2154bb]
V  [jvm.dll+0x1a1fcd]
V  [jvm.dll+0x224e08]
V  [jvm.dll+0x222f75]
V  [jvm.dll+0x787a0b]
V  [jvm.dll+0x781fca]
V  [jvm.dll+0x671245]
C  [ucrtbase.dll+0x29363]
C  [KERNEL32.DLL+0x126ad]
C  [ntdll.dll+0x5a9f8]


---------------  P R O C E S S  ---------------

Threads class SMR info:
_java_thread_list=0x0000015e961b2be0, length=12, elements={
0x0000015ef6fedcd0, 0x0000015e951e2fd0, 0x0000015e951e45a0, 0x0000015e951f83d0,
0x0000015e951fd1a0, 0x0000015e951fdb50, 0x0000015e951fe500, 0x0000015e951ff290,
0x0000015e9526db80, 0x0000015e9526e920, 0x0000015e95cbfc90, 0x0000015e95cc8180
}

Java Threads: ( => current thread )
  0x0000015ef6fedcd0 JavaThread "main" [_thread_in_vm, id=25496, stack(0x0000005653400000,0x0000005653500000)]
  0x0000015e951e2fd0 JavaThread "Reference Handler" daemon [_thread_blocked, id=14944, stack(0x0000005653c00000,0x0000005653d00000)]
  0x0000015e951e45a0 JavaThread "Finalizer" daemon [_thread_blocked, id=15428, stack(0x0000005653d00000,0x0000005653e00000)]
  0x0000015e951f83d0 JavaThread "Signal Dispatcher" daemon [_thread_blocked, id=9856, stack(0x0000005653e00000,0x0000005653f00000)]
  0x0000015e951fd1a0 JavaThread "Attach Listener" daemon [_thread_blocked, id=16688, stack(0x0000005653f00000,0x0000005654000000)]
  0x0000015e951fdb50 JavaThread "Service Thread" daemon [_thread_blocked, id=19128, stack(0x0000005654000000,0x0000005654100000)]
  0x0000015e951fe500 JavaThread "Monitor Deflation Thread" daemon [_thread_blocked, id=25588, stack(0x0000005654100000,0x0000005654200000)]
=>0x0000015e951ff290 JavaThread "C2 CompilerThread0" daemon [_thread_in_native, id=24608, stack(0x0000005654200000,0x0000005654300000)]
  0x0000015e9526db80 JavaThread "C1 CompilerThread0" daemon [_thread_blocked, id=19840, stack(0x0000005654300000,0x0000005654400000)]
  0x0000015e9526e920 JavaThread "Sweeper thread" daemon [_thread_blocked, id=19356, stack(0x0000005654400000,0x0000005654500000)]
  0x0000015e95cbfc90 JavaThread "Notification Thread" daemon [_thread_blocked, id=16136, stack(0x0000005654500000,0x0000005654600000)]
  0x0000015e95cc8180 JavaThread "Common-Cleaner" daemon [_thread_blocked, id=25368, stack(0x0000005654700000,0x0000005654800000)]

Other Threads:
  0x0000015e951db5e0 VMThread "VM Thread" [stack: 0x0000005653b00000,0x0000005653c00000] [id=16208]
  0x0000015ef7060d80 WatcherThread [stack: 0x0000005654600000,0x0000005654700000] [id=11964]
  0x0000015ef7048d50 GCTaskThread "GC Thread#0" [stack: 0x0000005653600000,0x0000005653700000] [id=15164]
  0x0000015e95ebf9b0 GCTaskThread "GC Thread#1" [stack: 0x0000005654800000,0x0000005654900000] [id=24128]
  0x0000015e95ebfc60 GCTaskThread "GC Thread#2" [stack: 0x0000005654900000,0x0000005654a00000] [id=24084]
  0x0000015e9713a830 GCTaskThread "GC Thread#3" [stack: 0x0000005654a00000,0x0000005654b00000] [id=19132]
  0x0000015e9713aae0 GCTaskThread "GC Thread#4" [stack: 0x0000005654b00000,0x0000005654c00000] [id=15272]
  0x0000015e968008a0 GCTaskThread "GC Thread#5" [stack: 0x0000005654c00000,0x0000005654d00000] [id=26536]
  0x0000015e96800b50 GCTaskThread "GC Thread#6" [stack: 0x0000005654d00000,0x0000005654e00000] [id=26432]
  0x0000015e9621c220 GCTaskThread "GC Thread#7" [stack: 0x0000005654e00000,0x0000005654f00000] [id=16100]
  0x0000015ef7059a10 ConcurrentGCThread "G1 Main Marker" [stack: 0x0000005653700000,0x0000005653800000] [id=7932]
  0x0000015ef705a420 ConcurrentGCThread "G1 Conc#0" [stack: 0x0000005653800000,0x0000005653900000] [id=15884]
  0x0000015ef70be1b0 ConcurrentGCThread "G1 Refine#0" [stack: 0x0000005653900000,0x0000005653a00000] [id=14184]
  0x0000015ef70bebd0 ConcurrentGCThread "G1 Service" [stack: 0x0000005653a00000,0x0000005653b00000] [id=23976]

Threads with active compile tasks:
C2 CompilerThread0    44676 2151       4       org.codehaus.plexus.util.xml.pull.MXParser::parseStartTag (1195 bytes)

VM state: not at safepoint (normal execution)

VM Mutex/Monitor currently owned by a thread: None

Heap address: 0x0000000081400000, size: 2028 MB, Compressed Oops mode: 32-bit

CDS archive(s) mapped at: [0x0000000800000000-0x0000000800bc0000-0x0000000800bc0000), size 12320768, SharedBaseAddress: 0x0000000800000000, ArchiveRelocationMode: 0.
Compressed class space mapped at: 0x0000000800c00000-0x0000000840c00000, reserved size: 1073741824
Narrow klass base: 0x0000000800000000, Narrow klass shift: 0, Narrow klass range: 0x100000000

GC Precious Log:
 CPUs: 8 total, 8 available
 Memory: 8106M
 Large Page Support: Disabled
 NUMA Support: Disabled
 Compressed Oops: Enabled (32-bit)
 Heap Region Size: 1M
 Heap Min Capacity: 8M
 Heap Initial Capacity: 128M
 Heap Max Capacity: 2028M
 Pre-touch: Disabled
 Parallel Workers: 8
 Concurrent Workers: 2
 Concurrent Refinement Workers: 8
 Periodic GC: Disabled

Heap:
 garbage-first heap   total 131072K, used 14079K [0x0000000081400000, 0x0000000100000000)
  region size 1024K, 12 young (12288K), 3 survivors (3072K)
 Metaspace       used 11945K, committed 12096K, reserved 1064960K
  class space    used 1424K, committed 1536K, reserved 1048576K

Heap Regions: E=young(eden), S=young(survivor), O=old, HS=humongous(starts), HC=humongous(continues), CS=collection set, F=free, OA=open archive, CA=closed archive, TAMS=top-at-mark-start (previous, next)
|   0|0x0000000081400000, 0x0000000081500000, 0x0000000081500000|100%| O|  |TAMS 0x0000000081400000, 0x0000000081400000| Untracked 
|   1|0x0000000081500000, 0x0000000081600000, 0x0000000081600000|100%| O|  |TAMS 0x0000000081500000, 0x0000000081500000| Untracked 
|   2|0x0000000081600000, 0x0000000081700000, 0x0000000081700000|100%| O|  |TAMS 0x0000000081600000, 0x0000000081600000| Untracked 
|   3|0x0000000081700000, 0x0000000081768c00, 0x0000000081800000| 40%| O|  |TAMS 0x0000000081700000, 0x0000000081700000| Untracked 
|   4|0x0000000081800000, 0x0000000081800000, 0x0000000081900000|  0%| F|  |TAMS 0x0000000081800000, 0x0000000081800000| Untracked 
|   5|0x0000000081900000, 0x0000000081900000, 0x0000000081a00000|  0%| F|  |TAMS 0x0000000081900000, 0x0000000081900000| Untracked 
|   6|0x0000000081a00000, 0x0000000081a00000, 0x0000000081b00000|  0%| F|  |TAMS 0x0000000081a00000, 0x0000000081a00000| Untracked 
|   7|0x0000000081b00000, 0x0000000081b00000, 0x0000000081c00000|  0%| F|  |TAMS 0x0000000081b00000, 0x0000000081b00000| Untracked 
|   8|0x0000000081c00000, 0x0000000081c00000, 0x0000000081d00000|  0%| F|  |TAMS 0x0000000081c00000, 0x0000000081c00000| Untracked 
|   9|0x0000000081d00000, 0x0000000081d00000, 0x0000000081e00000|  0%| F|  |TAMS 0x0000000081d00000, 0x0000000081d00000| Untracked 
|  10|0x0000000081e00000, 0x0000000081e00000, 0x0000000081f00000|  0%| F|  |TAMS 0x0000000081e00000, 0x0000000081e00000| Untracked 
|  11|0x0000000081f00000, 0x0000000081f00000, 0x0000000082000000|  0%| F|  |TAMS 0x0000000081f00000, 0x0000000081f00000| Untracked 
|  12|0x0000000082000000, 0x0000000082000000, 0x0000000082100000|  0%| F|  |TAMS 0x0000000082000000, 0x0000000082000000| Untracked 
|  13|0x0000000082100000, 0x0000000082100000, 0x0000000082200000|  0%| F|  |TAMS 0x0000000082100000, 0x0000000082100000| Untracked 
|  14|0x0000000082200000, 0x0000000082200000, 0x0000000082300000|  0%| F|  |TAMS 0x0000000082200000, 0x0000000082200000| Untracked 
|  15|0x0000000082300000, 0x0000000082300000, 0x0000000082400000|  0%| F|  |TAMS 0x0000000082300000, 0x0000000082300000| Untracked 
|  16|0x0000000082400000, 0x0000000082400000, 0x0000000082500000|  0%| F|  |TAMS 0x0000000082400000, 0x0000000082400000| Untracked 
|  17|0x0000000082500000, 0x0000000082500000, 0x0000000082600000|  0%| F|  |TAMS 0x0000000082500000, 0x0000000082500000| Untracked 
|  18|0x0000000082600000, 0x0000000082600000, 0x0000000082700000|  0%| F|  |TAMS 0x0000000082600000, 0x0000000082600000| Untracked 
|  19|0x0000000082700000, 0x0000000082700000, 0x0000000082800000|  0%| F|  |TAMS 0x0000000082700000, 0x0000000082700000| Untracked 
|  20|0x0000000082800000, 0x0000000082800000, 0x0000000082900000|  0%| F|  |TAMS 0x0000000082800000, 0x0000000082800000| Untracked 
|  21|0x0000000082900000, 0x0000000082900000, 0x0000000082a00000|  0%| F|  |TAMS 0x0000000082900000, 0x0000000082900000| Untracked 
|  22|0x0000000082a00000, 0x0000000082a00000, 0x0000000082b00000|  0%| F|  |TAMS 0x0000000082a00000, 0x0000000082a00000| Untracked 
|  23|0x0000000082b00000, 0x0000000082b00000, 0x0000000082c00000|  0%| F|  |TAMS 0x0000000082b00000, 0x0000000082b00000| Untracked 
|  24|0x0000000082c00000, 0x0000000082c00000, 0x0000000082d00000|  0%| F|  |TAMS 0x0000000082c00000, 0x0000000082c00000| Untracked 
|  25|0x0000000082d00000, 0x0000000082d00000, 0x0000000082e00000|  0%| F|  |TAMS 0x0000000082d00000, 0x0000000082d00000| Untracked 
|  26|0x0000000082e00000, 0x0000000082e00000, 0x0000000082f00000|  0%| F|  |TAMS 0x0000000082e00000, 0x0000000082e00000| Untracked 
|  27|0x0000000082f00000, 0x0000000082f00000, 0x0000000083000000|  0%| F|  |TAMS 0x0000000082f00000, 0x0000000082f00000| Untracked 
|  28|0x0000000083000000, 0x0000000083000000, 0x0000000083100000|  0%| F|  |TAMS 0x0000000083000000, 0x0000000083000000| Untracked 
|  29|0x0000000083100000, 0x0000000083100000, 0x0000000083200000|  0%| F|  |TAMS 0x0000000083100000, 0x0000000083100000| Untracked 
|  30|0x0000000083200000, 0x0000000083200000, 0x0000000083300000|  0%| F|  |TAMS 0x0000000083200000, 0x0000000083200000| Untracked 
|  31|0x0000000083300000, 0x0000000083300000, 0x0000000083400000|  0%| F|  |TAMS 0x0000000083300000, 0x0000000083300000| Untracked 
|  32|0x0000000083400000, 0x0000000083400000, 0x0000000083500000|  0%| F|  |TAMS 0x0000000083400000, 0x0000000083400000| Untracked 
|  33|0x0000000083500000, 0x0000000083500000, 0x0000000083600000|  0%| F|  |TAMS 0x0000000083500000, 0x0000000083500000| Untracked 
|  34|0x0000000083600000, 0x0000000083600000, 0x0000000083700000|  0%| F|  |TAMS 0x0000000083600000, 0x0000000083600000| Untracked 
|  35|0x0000000083700000, 0x0000000083700000, 0x0000000083800000|  0%| F|  |TAMS 0x0000000083700000, 0x0000000083700000| Untracked 
|  36|0x0000000083800000, 0x0000000083800000, 0x0000000083900000|  0%| F|  |TAMS 0x0000000083800000, 0x0000000083800000| Untracked 
|  37|0x0000000083900000, 0x0000000083900000, 0x0000000083a00000|  0%| F|  |TAMS 0x0000000083900000, 0x0000000083900000| Untracked 
|  38|0x0000000083a00000, 0x0000000083a00000, 0x0000000083b00000|  0%| F|  |TAMS 0x0000000083a00000, 0x0000000083a00000| Untracked 
|  39|0x0000000083b00000, 0x0000000083b00000, 0x0000000083c00000|  0%| F|  |TAMS 0x0000000083b00000, 0x0000000083b00000| Untracked 
|  40|0x0000000083c00000, 0x0000000083c00000, 0x0000000083d00000|  0%| F|  |TAMS 0x0000000083c00000, 0x0000000083c00000| Untracked 
|  41|0x0000000083d00000, 0x0000000083d00000, 0x0000000083e00000|  0%| F|  |TAMS 0x0000000083d00000, 0x0000000083d00000| Untracked 
|  42|0x0000000083e00000, 0x0000000083e00000, 0x0000000083f00000|  0%| F|  |TAMS 0x0000000083e00000, 0x0000000083e00000| Untracked 
|  43|0x0000000083f00000, 0x0000000083f00000, 0x0000000084000000|  0%| F|  |TAMS 0x0000000083f00000, 0x0000000083f00000| Untracked 
|  44|0x0000000084000000, 0x0000000084000000, 0x0000000084100000|  0%| F|  |TAMS 0x0000000084000000, 0x0000000084000000| Untracked 
|  45|0x0000000084100000, 0x0000000084100000, 0x0000000084200000|  0%| F|  |TAMS 0x0000000084100000, 0x0000000084100000| Untracked 
|  46|0x0000000084200000, 0x0000000084200000, 0x0000000084300000|  0%| F|  |TAMS 0x0000000084200000, 0x0000000084200000| Untracked 
|  47|0x0000000084300000, 0x0000000084300000, 0x0000000084400000|  0%| F|  |TAMS 0x0000000084300000, 0x0000000084300000| Untracked 
|  48|0x0000000084400000, 0x0000000084400000, 0x0000000084500000|  0%| F|  |TAMS 0x0000000084400000, 0x0000000084400000| Untracked 
|  49|0x0000000084500000, 0x0000000084500000, 0x0000000084600000|  0%| F|  |TAMS 0x0000000084500000, 0x0000000084500000| Untracked 
|  50|0x0000000084600000, 0x0000000084600000, 0x0000000084700000|  0%| F|  |TAMS 0x0000000084600000, 0x0000000084600000| Untracked 
|  51|0x0000000084700000, 0x0000000084700000, 0x0000000084800000|  0%| F|  |TAMS 0x0000000084700000, 0x0000000084700000| Untracked 
|  52|0x0000000084800000, 0x0000000084800000, 0x0000000084900000|  0%| F|  |TAMS 0x0000000084800000, 0x0000000084800000| Untracked 
|  53|0x0000000084900000, 0x0000000084900000, 0x0000000084a00000|  0%| F|  |TAMS 0x0000000084900000, 0x0000000084900000| Untracked 
|  54|0x0000000084a00000, 0x0000000084a00000, 0x0000000084b00000|  0%| F|  |TAMS 0x0000000084a00000, 0x0000000084a00000| Untracked 
|  55|0x0000000084b00000, 0x0000000084b00000, 0x0000000084c00000|  0%| F|  |TAMS 0x0000000084b00000, 0x0000000084b00000| Untracked 
|  56|0x0000000084c00000, 0x0000000084c00000, 0x0000000084d00000|  0%| F|  |TAMS 0x0000000084c00000, 0x0000000084c00000| Untracked 
|  57|0x0000000084d00000, 0x0000000084d00000, 0x0000000084e00000|  0%| F|  |TAMS 0x0000000084d00000, 0x0000000084d00000| Untracked 
|  58|0x0000000084e00000, 0x0000000084e00000, 0x0000000084f00000|  0%| F|  |TAMS 0x0000000084e00000, 0x0000000084e00000| Untracked 
|  59|0x0000000084f00000, 0x0000000084f00000, 0x0000000085000000|  0%| F|  |TAMS 0x0000000084f00000, 0x0000000084f00000| Untracked 
|  60|0x0000000085000000, 0x0000000085000000, 0x0000000085100000|  0%| F|  |TAMS 0x0000000085000000, 0x0000000085000000| Untracked 
|  61|0x0000000085100000, 0x0000000085100000, 0x0000000085200000|  0%| F|  |TAMS 0x0000000085100000, 0x0000000085100000| Untracked 
|  62|0x0000000085200000, 0x0000000085200000, 0x0000000085300000|  0%| F|  |TAMS 0x0000000085200000, 0x0000000085200000| Untracked 
|  63|0x0000000085300000, 0x0000000085300000, 0x0000000085400000|  0%| F|  |TAMS 0x0000000085300000, 0x0000000085300000| Untracked 
|  64|0x0000000085400000, 0x0000000085400000, 0x0000000085500000|  0%| F|  |TAMS 0x0000000085400000, 0x0000000085400000| Untracked 
|  65|0x0000000085500000, 0x0000000085500000, 0x0000000085600000|  0%| F|  |TAMS 0x0000000085500000, 0x0000000085500000| Untracked 
|  66|0x0000000085600000, 0x0000000085600000, 0x0000000085700000|  0%| F|  |TAMS 0x0000000085600000, 0x0000000085600000| Untracked 
|  67|0x0000000085700000, 0x0000000085700000, 0x0000000085800000|  0%| F|  |TAMS 0x0000000085700000, 0x0000000085700000| Untracked 
|  68|0x0000000085800000, 0x0000000085800000, 0x0000000085900000|  0%| F|  |TAMS 0x0000000085800000, 0x0000000085800000| Untracked 
|  69|0x0000000085900000, 0x0000000085900000, 0x0000000085a00000|  0%| F|  |TAMS 0x0000000085900000, 0x0000000085900000| Untracked 
|  70|0x0000000085a00000, 0x0000000085a00000, 0x0000000085b00000|  0%| F|  |TAMS 0x0000000085a00000, 0x0000000085a00000| Untracked 
|  71|0x0000000085b00000, 0x0000000085b00000, 0x0000000085c00000|  0%| F|  |TAMS 0x0000000085b00000, 0x0000000085b00000| Untracked 
|  72|0x0000000085c00000, 0x0000000085c00000, 0x0000000085d00000|  0%| F|  |TAMS 0x0000000085c00000, 0x0000000085c00000| Untracked 
|  73|0x0000000085d00000, 0x0000000085d00000, 0x0000000085e00000|  0%| F|  |TAMS 0x0000000085d00000, 0x0000000085d00000| Untracked 
|  74|0x0000000085e00000, 0x0000000085e00000, 0x0000000085f00000|  0%| F|  |TAMS 0x0000000085e00000, 0x0000000085e00000| Untracked 
|  75|0x0000000085f00000, 0x0000000085f00000, 0x0000000086000000|  0%| F|  |TAMS 0x0000000085f00000, 0x0000000085f00000| Untracked 
|  76|0x0000000086000000, 0x0000000086000000, 0x0000000086100000|  0%| F|  |TAMS 0x0000000086000000, 0x0000000086000000| Untracked 
|  77|0x0000000086100000, 0x0000000086100000, 0x0000000086200000|  0%| F|  |TAMS 0x0000000086100000, 0x0000000086100000| Untracked 
|  78|0x0000000086200000, 0x0000000086200000, 0x0000000086300000|  0%| F|  |TAMS 0x0000000086200000, 0x0000000086200000| Untracked 
|  79|0x0000000086300000, 0x0000000086300000, 0x0000000086400000|  0%| F|  |TAMS 0x0000000086300000, 0x0000000086300000| Untracked 
|  80|0x0000000086400000, 0x0000000086400000, 0x0000000086500000|  0%| F|  |TAMS 0x0000000086400000, 0x0000000086400000| Untracked 
|  81|0x0000000086500000, 0x0000000086500000, 0x0000000086600000|  0%| F|  |TAMS 0x0000000086500000, 0x0000000086500000| Untracked 
|  82|0x0000000086600000, 0x0000000086600000, 0x0000000086700000|  0%| F|  |TAMS 0x0000000086600000, 0x0000000086600000| Untracked 
|  83|0x0000000086700000, 0x0000000086700000, 0x0000000086800000|  0%| F|  |TAMS 0x0000000086700000, 0x0000000086700000| Untracked 
|  84|0x0000000086800000, 0x0000000086800000, 0x0000000086900000|  0%| F|  |TAMS 0x0000000086800000, 0x0000000086800000| Untracked 
|  85|0x0000000086900000, 0x0000000086900000, 0x0000000086a00000|  0%| F|  |TAMS 0x0000000086900000, 0x0000000086900000| Untracked 
|  86|0x0000000086a00000, 0x0000000086a00000, 0x0000000086b00000|  0%| F|  |TAMS 0x0000000086a00000, 0x0000000086a00000| Untracked 
|  87|0x0000000086b00000, 0x0000000086b00000, 0x0000000086c00000|  0%| F|  |TAMS 0x0000000086b00000, 0x0000000086b00000| Untracked 
|  88|0x0000000086c00000, 0x0000000086c00000, 0x0000000086d00000|  0%| F|  |TAMS 0x0000000086c00000, 0x0000000086c00000| Untracked 
|  89|0x0000000086d00000, 0x0000000086d00000, 0x0000000086e00000|  0%| F|  |TAMS 0x0000000086d00000, 0x0000000086d00000| Untracked 
|  90|0x0000000086e00000, 0x0000000086e00000, 0x0000000086f00000|  0%| F|  |TAMS 0x0000000086e00000, 0x0000000086e00000| Untracked 
|  91|0x0000000086f00000, 0x0000000086f572f0, 0x0000000087000000| 34%| S|CS|TAMS 0x0000000086f00000, 0x0000000086f00000| Complete 
|  92|0x0000000087000000, 0x0000000087100000, 0x0000000087100000|100%| S|CS|TAMS 0x0000000087000000, 0x0000000087000000| Complete 
|  93|0x0000000087100000, 0x0000000087200000, 0x0000000087200000|100%| S|CS|TAMS 0x0000000087100000, 0x0000000087100000| Complete 
|  94|0x0000000087200000, 0x0000000087200000, 0x0000000087300000|  0%| F|  |TAMS 0x0000000087200000, 0x0000000087200000| Untracked 
|  95|0x0000000087300000, 0x0000000087300000, 0x0000000087400000|  0%| F|  |TAMS 0x0000000087300000, 0x0000000087300000| Untracked 
|  96|0x0000000087400000, 0x0000000087400000, 0x0000000087500000|  0%| F|  |TAMS 0x0000000087400000, 0x0000000087400000| Untracked 
|  97|0x0000000087500000, 0x0000000087500000, 0x0000000087600000|  0%| F|  |TAMS 0x0000000087500000, 0x0000000087500000| Untracked 
|  98|0x0000000087600000, 0x0000000087600000, 0x0000000087700000|  0%| F|  |TAMS 0x0000000087600000, 0x0000000087600000| Untracked 
|  99|0x0000000087700000, 0x0000000087700000, 0x0000000087800000|  0%| F|  |TAMS 0x0000000087700000, 0x0000000087700000| Untracked 
| 100|0x0000000087800000, 0x0000000087800000, 0x0000000087900000|  0%| F|  |TAMS 0x0000000087800000, 0x0000000087800000| Untracked 
| 101|0x0000000087900000, 0x0000000087900000, 0x0000000087a00000|  0%| F|  |TAMS 0x0000000087900000, 0x0000000087900000| Untracked 
| 102|0x0000000087a00000, 0x0000000087a00000, 0x0000000087b00000|  0%| F|  |TAMS 0x0000000087a00000, 0x0000000087a00000| Untracked 
| 103|0x0000000087b00000, 0x0000000087b00000, 0x0000000087c00000|  0%| F|  |TAMS 0x0000000087b00000, 0x0000000087b00000| Untracked 
| 104|0x0000000087c00000, 0x0000000087c00000, 0x0000000087d00000|  0%| F|  |TAMS 0x0000000087c00000, 0x0000000087c00000| Untracked 
| 105|0x0000000087d00000, 0x0000000087d00000, 0x0000000087e00000|  0%| F|  |TAMS 0x0000000087d00000, 0x0000000087d00000| Untracked 
| 106|0x0000000087e00000, 0x0000000087e00000, 0x0000000087f00000|  0%| F|  |TAMS 0x0000000087e00000, 0x0000000087e00000| Untracked 
| 107|0x0000000087f00000, 0x0000000087f00000, 0x0000000088000000|  0%| F|  |TAMS 0x0000000087f00000, 0x0000000087f00000| Untracked 
| 108|0x0000000088000000, 0x0000000088000000, 0x0000000088100000|  0%| F|  |TAMS 0x0000000088000000, 0x0000000088000000| Untracked 
| 109|0x0000000088100000, 0x0000000088100000, 0x0000000088200000|  0%| F|  |TAMS 0x0000000088100000, 0x0000000088100000| Untracked 
| 110|0x0000000088200000, 0x0000000088200000, 0x0000000088300000|  0%| F|  |TAMS 0x0000000088200000, 0x0000000088200000| Untracked 
| 111|0x0000000088300000, 0x0000000088300000, 0x0000000088400000|  0%| F|  |TAMS 0x0000000088300000, 0x0000000088300000| Untracked 
| 112|0x0000000088400000, 0x0000000088400000, 0x0000000088500000|  0%| F|  |TAMS 0x0000000088400000, 0x0000000088400000| Untracked 
| 113|0x0000000088500000, 0x0000000088500000, 0x0000000088600000|  0%| F|  |TAMS 0x0000000088500000, 0x0000000088500000| Untracked 
| 114|0x0000000088600000, 0x0000000088600000, 0x0000000088700000|  0%| F|  |TAMS 0x0000000088600000, 0x0000000088600000| Untracked 
| 115|0x0000000088700000, 0x0000000088700000, 0x0000000088800000|  0%| F|  |TAMS 0x0000000088700000, 0x0000000088700000| Untracked 
| 116|0x0000000088800000, 0x0000000088800000, 0x0000000088900000|  0%| F|  |TAMS 0x0000000088800000, 0x0000000088800000| Untracked 
| 117|0x0000000088900000, 0x0000000088900000, 0x0000000088a00000|  0%| F|  |TAMS 0x0000000088900000, 0x0000000088900000| Untracked 
| 118|0x0000000088a00000, 0x0000000088a00000, 0x0000000088b00000|  0%| F|  |TAMS 0x0000000088a00000, 0x0000000088a00000| Untracked 
| 119|0x0000000088b00000, 0x0000000088b80c10, 0x0000000088c00000| 50%| E|  |TAMS 0x0000000088b00000, 0x0000000088b00000| Complete 
| 120|0x0000000088c00000, 0x0000000088d00000, 0x0000000088d00000|100%| E|CS|TAMS 0x0000000088c00000, 0x0000000088c00000| Complete 
| 121|0x0000000088d00000, 0x0000000088e00000, 0x0000000088e00000|100%| E|CS|TAMS 0x0000000088d00000, 0x0000000088d00000| Complete 
| 122|0x0000000088e00000, 0x0000000088f00000, 0x0000000088f00000|100%| E|CS|TAMS 0x0000000088e00000, 0x0000000088e00000| Complete 
| 123|0x0000000088f00000, 0x0000000089000000, 0x0000000089000000|100%| E|CS|TAMS 0x0000000088f00000, 0x0000000088f00000| Complete 
| 124|0x0000000089000000, 0x0000000089100000, 0x0000000089100000|100%| E|CS|TAMS 0x0000000089000000, 0x0000000089000000| Complete 
| 125|0x0000000089100000, 0x0000000089200000, 0x0000000089200000|100%| E|CS|TAMS 0x0000000089100000, 0x0000000089100000| Complete 
| 126|0x0000000089200000, 0x0000000089300000, 0x0000000089300000|100%| E|CS|TAMS 0x0000000089200000, 0x0000000089200000| Complete 
| 127|0x0000000089300000, 0x0000000089400000, 0x0000000089400000|100%| E|CS|TAMS 0x0000000089300000, 0x0000000089300000| Complete 

Card table byte_map: [0x0000015efef90000,0x0000015eff390000] _byte_map_base: 0x0000015efeb86000

Marking Bits (Prev, Next): (CMBitMap*) 0x0000015ef7049360, (CMBitMap*) 0x0000015ef70493a0
 Prev Bits: [0x0000015e8f000000, 0x0000015e90fb0000)
 Next Bits: [0x0000015e90fb0000, 0x0000015e92f60000)

Polling page: 0x0000015ef4f50000

Metaspace:

Usage:
  Non-class:     10.27 MB used.
      Class:      1.39 MB used.
       Both:     11.67 MB used.

Virtual space:
  Non-class space:       16.00 MB reserved,      10.31 MB ( 64%) committed,  2 nodes.
      Class space:        1.00 GB reserved,       1.50 MB ( <1%) committed,  1 nodes.
             Both:        1.02 GB reserved,      11.81 MB (  1%) committed. 

Chunk freelists:
   Non-Class:  128.00 KB
       Class:  2.55 MB
        Both:  2.67 MB

MaxMetaspaceSize: unlimited
CompressedClassSpaceSize: 1.00 GB
Initial GC threshold: 21.00 MB
Current GC threshold: 21.00 MB
CDS: on
MetaspaceReclaimPolicy: balanced
 - commit_granule_bytes: 65536.
 - commit_granule_words: 8192.
 - virtual_space_node_default_size: 1048576.
 - enlarge_chunks_in_place: 1.
 - new_chunks_are_fully_committed: 0.
 - uncommit_free_chunks: 1.
 - use_allocation_guard: 0.
 - handle_deallocations: 1.


Internal statistics:

num_allocs_failed_limit: 0.
num_arena_births: 54.
num_arena_deaths: 0.
num_vsnodes_births: 3.
num_vsnodes_deaths: 0.
num_space_committed: 189.
num_space_uncommitted: 0.
num_chunks_returned_to_freelist: 0.
num_chunks_taken_from_freelist: 458.
num_chunk_merges: 0.
num_chunk_splits: 345.
num_chunks_enlarged: 273.
num_purges: 0.
num_inconsistent_stats: 0.

CodeHeap 'non-profiled nmethods': size=120000Kb used=809Kb max_used=809Kb free=119190Kb
 bounds [0x0000015e87ad0000, 0x0000015e87d40000, 0x0000015e8f000000]
CodeHeap 'profiled nmethods': size=120000Kb used=4310Kb max_used=4310Kb free=115689Kb
 bounds [0x0000015e805a0000, 0x0000015e809e0000, 0x0000015e87ad0000]
CodeHeap 'non-nmethods': size=5760Kb used=1163Kb max_used=1229Kb free=4596Kb
 bounds [0x0000015e80000000, 0x0000015e80270000, 0x0000015e805a0000]
 total_blobs=2608 nmethods=2153 adapters=367
 compilation: enabled
              stopped_count=0, restarted_count=0
 full_count=0

Compilation events (20 events):
Event: 44.583 Thread 0x0000015e9526db80 2148       1       org.codehaus.plexus.util.xml.Xpp3Dom::getValue (5 bytes)
Event: 44.583 Thread 0x0000015e9526db80 nmethod 2148 0x0000015e87b99e90 code [0x0000015e87b9a020, 0x0000015e87b9a0f8]
Event: 44.583 Thread 0x0000015e951ff290 nmethod 2147 0x0000015e87b9a190 code [0x0000015e87b9a320, 0x0000015e87b9a3c8]
Event: 44.585 Thread 0x0000015e9526db80 2149       3       java.util.regex.Pattern$Node::<init> (12 bytes)
Event: 44.585 Thread 0x0000015e9526db80 nmethod 2149 0x0000015e809d2490 code [0x0000015e809d2640, 0x0000015e809d2818]
Event: 44.589 Thread 0x0000015e9526db80 2150       3       java.lang.Integer::valueOf (32 bytes)
Event: 44.589 Thread 0x0000015e9526db80 nmethod 2150 0x0000015e809d2910 code [0x0000015e809d2ac0, 0x0000015e809d2dd8]
Event: 44.599 Thread 0x0000015e951ff290 2151       4       org.codehaus.plexus.util.xml.pull.MXParser::parseStartTag (1195 bytes)
Event: 44.602 Thread 0x0000015e9526db80 2152       3       org.codehaus.plexus.util.xml.pull.MXParser::getAttributeCount (15 bytes)
Event: 44.602 Thread 0x0000015e9526db80 nmethod 2152 0x0000015e809d2f10 code [0x0000015e809d30a0, 0x0000015e809d3218]
Event: 44.602 Thread 0x0000015e9526db80 2153       3       org.apache.maven.model.io.xpp3.MavenXpp3Reader::nextTag (64 bytes)
Event: 44.603 Thread 0x0000015e9526db80 nmethod 2153 0x0000015e809d3290 code [0x0000015e809d3500, 0x0000015e809d3e98]
Event: 44.603 Thread 0x0000015e9526db80 2154       3       org.codehaus.plexus.util.xml.Xpp3Dom::getChildCount (20 bytes)
Event: 44.603 Thread 0x0000015e9526db80 nmethod 2154 0x0000015e809d4290 code [0x0000015e809d4440, 0x0000015e809d4688]
Event: 44.603 Thread 0x0000015e9526db80 2156       3       org.eclipse.sisu.inject.LocatedBeans$Itr::next (5 bytes)
Event: 44.604 Thread 0x0000015e9526db80 nmethod 2156 0x0000015e809d4790 code [0x0000015e809d4960, 0x0000015e809d4c58]
Event: 44.604 Thread 0x0000015e9526db80 2157       3       org.eclipse.sisu.inject.LocatedBeans$Itr::next (32 bytes)
Event: 44.604 Thread 0x0000015e9526db80 nmethod 2157 0x0000015e809d4d90 code [0x0000015e809d4f40, 0x0000015e809d51d8]
Event: 44.604 Thread 0x0000015e9526db80 2155       3       java.util.IdentityHashMap::<init> (11 bytes)
Event: 44.604 Thread 0x0000015e9526db80 nmethod 2155 0x0000015e809d5310 code [0x0000015e809d54c0, 0x0000015e809d57f8]

GC Heap History (4 events):
Event: 12.367 GC heap before
{Heap before GC invocations=0 (full 0):
 garbage-first heap   total 131072K, used 22528K [0x0000000081400000, 0x0000000100000000)
  region size 1024K, 23 young (23552K), 0 survivors (0K)
 Metaspace       used 4797K, committed 4928K, reserved 1056768K
  class space    used 564K, committed 640K, reserved 1048576K
}
Event: 13.504 GC heap after
{Heap after GC invocations=1 (full 0):
 garbage-first heap   total 131072K, used 3563K [0x0000000081400000, 0x0000000100000000)
  region size 1024K, 3 young (3072K), 3 survivors (3072K)
 Metaspace       used 4797K, committed 4928K, reserved 1056768K
  class space    used 564K, committed 640K, reserved 1048576K
}
Event: 32.743 GC heap before
{Heap before GC invocations=1 (full 0):
 garbage-first heap   total 131072K, used 35307K [0x0000000081400000, 0x0000000100000000)
  region size 1024K, 34 young (34816K), 3 survivors (3072K)
 Metaspace       used 10254K, committed 10368K, reserved 1064960K
  class space    used 1252K, committed 1344K, reserved 1048576K
}
Event: 32.754 GC heap after
{Heap after GC invocations=2 (full 0):
 garbage-first heap   total 131072K, used 5887K [0x0000000081400000, 0x0000000100000000)
  region size 1024K, 3 young (3072K), 3 survivors (3072K)
 Metaspace       used 10254K, committed 10368K, reserved 1064960K
  class space    used 1252K, committed 1344K, reserved 1048576K
}

Deoptimization events (20 events):
Event: 41.983 Thread 0x0000015ef6fedcd0 Uncommon trap: trap_request=0xffffff45 fr.pc=0x0000015e87b40520 relative=0x0000000000000680
Event: 41.983 Thread 0x0000015ef6fedcd0 Uncommon trap: reason=unstable_if action=reinterpret pc=0x0000015e87b40520 method=java.lang.String.replace(CC)Ljava/lang/String; @ 2 c2
Event: 41.983 Thread 0x0000015ef6fedcd0 DEOPT PACKING pc=0x0000015e87b40520 sp=0x00000056534fd620
Event: 41.984 Thread 0x0000015ef6fedcd0 DEOPT UNPACKING pc=0x0000015e800523a3 sp=0x00000056534fd5d0 mode 2
Event: 41.984 Thread 0x0000015ef6fedcd0 Uncommon trap: trap_request=0xffffff45 fr.pc=0x0000015e87b8b5f8 relative=0x00000000000002d8
Event: 41.984 Thread 0x0000015ef6fedcd0 Uncommon trap: reason=unstable_if action=reinterpret pc=0x0000015e87b8b5f8 method=java.lang.String.indexOf([BBILjava/lang/String;I)I @ 21 c2
Event: 41.984 Thread 0x0000015ef6fedcd0 DEOPT PACKING pc=0x0000015e87b8b5f8 sp=0x00000056534fd710
Event: 41.984 Thread 0x0000015ef6fedcd0 DEOPT UNPACKING pc=0x0000015e800523a3 sp=0x00000056534fd620 mode 2
Event: 42.148 Thread 0x0000015ef6fedcd0 Uncommon trap: trap_request=0xffffff45 fr.pc=0x0000015e87af8148 relative=0x0000000000000228
Event: 42.148 Thread 0x0000015ef6fedcd0 Uncommon trap: reason=unstable_if action=reinterpret pc=0x0000015e87af8148 method=java.util.StringTokenizer.scanToken(I)I @ 42 c2
Event: 42.148 Thread 0x0000015ef6fedcd0 DEOPT PACKING pc=0x0000015e87af8148 sp=0x00000056534fda10
Event: 42.148 Thread 0x0000015ef6fedcd0 DEOPT UNPACKING pc=0x0000015e800523a3 sp=0x00000056534fd9b0 mode 2
Event: 42.248 Thread 0x0000015ef6fedcd0 Uncommon trap: trap_request=0xffffffde fr.pc=0x0000015e87b33e28 relative=0x00000000000009a8
Event: 42.248 Thread 0x0000015ef6fedcd0 Uncommon trap: reason=class_check action=maybe_recompile pc=0x0000015e87b33e28 method=java.util.HashMap.putVal(ILjava/lang/Object;Ljava/lang/Object;ZZ)Ljava/lang/Object; @ 203 c2
Event: 42.248 Thread 0x0000015ef6fedcd0 DEOPT PACKING pc=0x0000015e87b33e28 sp=0x00000056534fb950
Event: 42.248 Thread 0x0000015ef6fedcd0 DEOPT UNPACKING pc=0x0000015e800523a3 sp=0x00000056534fb870 mode 2
Event: 44.554 Thread 0x0000015ef6fedcd0 Uncommon trap: trap_request=0xffffff45 fr.pc=0x0000015e87b36ed4 relative=0x0000000000000334
Event: 44.554 Thread 0x0000015ef6fedcd0 Uncommon trap: reason=unstable_if action=reinterpret pc=0x0000015e87b36ed4 method=java.lang.String.<init>([CIILjava/lang/Void;)V @ 5 c2
Event: 44.554 Thread 0x0000015ef6fedcd0 DEOPT PACKING pc=0x0000015e87b36ed4 sp=0x00000056534fd2b0
Event: 44.554 Thread 0x0000015ef6fedcd0 DEOPT UNPACKING pc=0x0000015e800523a3 sp=0x00000056534fd270 mode 2

Classes unloaded (0 events):
No events

Classes redefined (0 events):
No events

Internal exceptions (13 events):
Event: 3.215 Thread 0x0000015ef6fedcd0 Exception <a 'java/lang/NullPointerException'{0x00000000890835e0}> (0x00000000890835e0) 
thrown [s\open\src\hotspot\share\interpreter\linkResolver.cpp, line 1350]
Event: 3.626 Thread 0x0000015ef6fedcd0 Exception <a 'java/lang/NullPointerException'{0x00000000890d0230}> (0x00000000890d0230) 
thrown [s\open\src\hotspot\share\interpreter\linkResolver.cpp, line 1350]
Event: 3.626 Thread 0x0000015ef6fedcd0 Exception <a 'java/lang/NullPointerException'{0x00000000890d0508}> (0x00000000890d0508) 
thrown [s\open\src\hotspot\share\interpreter\linkResolver.cpp, line 1350]
Event: 3.626 Thread 0x0000015ef6fedcd0 Exception <a 'java/lang/NullPointerException'{0x00000000890d07e0}> (0x00000000890d07e0) 
thrown [s\open\src\hotspot\share\interpreter\linkResolver.cpp, line 1350]
Event: 3.628 Thread 0x0000015ef6fedcd0 Exception <a 'java/lang/NullPointerException'{0x00000000890d6160}> (0x00000000890d6160) 
thrown [s\open\src\hotspot\share\interpreter\linkResolver.cpp, line 1350]
Event: 3.630 Thread 0x0000015ef6fedcd0 Exception <a 'java/lang/NullPointerException'{0x00000000890eb518}> (0x00000000890eb518) 
thrown [s\open\src\hotspot\share\interpreter\linkResolver.cpp, line 1350]
Event: 3.630 Thread 0x0000015ef6fedcd0 Exception <a 'java/lang/NullPointerException'{0x00000000890eb7f0}> (0x00000000890eb7f0) 
thrown [s\open\src\hotspot\share\interpreter\linkResolver.cpp, line 1350]
Event: 3.630 Thread 0x0000015ef6fedcd0 Exception <a 'java/lang/NullPointerException'{0x00000000890ebac8}> (0x00000000890ebac8) 
thrown [s\open\src\hotspot\share\interpreter\linkResolver.cpp, line 1350]
Event: 3.630 Thread 0x0000015ef6fedcd0 Exception <a 'java/lang/NullPointerException'{0x00000000890ebda0}> (0x00000000890ebda0) 
thrown [s\open\src\hotspot\share\interpreter\linkResolver.cpp, line 1350]
Event: 10.666 Thread 0x0000015ef6fedcd0 Exception <a 'java/lang/NoSuchMethodError'{0x0000000088514c28}: 'java.lang.Object java.lang.invoke.DirectMethodHandle$Holder.newInvokeSpecial(java.lang.Object, java.lang.Object, java.lang.Object, java.lang.Object, java.lang.Object)'> (0x0000000088514c28) 
thrown [s\open\src\hotspot\share\interpreter\linkResolver.cpp, line 759]
Event: 11.249 Thread 0x0000015ef6fedcd0 Exception <a 'java/lang/NoClassDefFoundError'{0x000000008847b390}: javax/enterprise/inject/Typed> (0x000000008847b390) 
thrown [s\open\src\hotspot\share\classfile\systemDictionary.cpp, line 245]
Event: 30.379 Thread 0x0000015ef6fedcd0 Exception <a 'java/lang/NoClassDefFoundError'{0x000000008746ade8}: com/google/inject/servlet/ServletModuleTargetVisitor> (0x000000008746ade8) 
thrown [s\open\src\hotspot\share\classfile\systemDictionary.cpp, line 245]
Event: 32.639 Thread 0x0000015ef6fedcd0 Exception <a 'java/lang/NoSuchMethodError'{0x00000000872b3bd8}: 'java.lang.Object java.lang.invoke.DirectMethodHandle$Holder.invokeStaticInit(java.lang.Object, int, int, int, int)'> (0x00000000872b3bd8) 
thrown [s\open\src\hotspot\share\interpreter\linkResolver.cpp, line 759]

VM Operations (20 events):
Event: 32.767 Executing VM operation: HandshakeAllThreads
Event: 32.767 Executing VM operation: HandshakeAllThreads done
Event: 33.770 Executing VM operation: Cleanup
Event: 33.770 Executing VM operation: Cleanup done
Event: 35.788 Executing VM operation: Cleanup
Event: 36.140 Executing VM operation: Cleanup done
Event: 37.141 Executing VM operation: Cleanup
Event: 37.157 Executing VM operation: Cleanup done
Event: 38.748 Executing VM operation: HandshakeAllThreads
Event: 38.748 Executing VM operation: HandshakeAllThreads done
Event: 38.749 Executing VM operation: HandshakeAllThreads
Event: 38.749 Executing VM operation: HandshakeAllThreads done
Event: 39.752 Executing VM operation: Cleanup
Event: 39.752 Executing VM operation: Cleanup done
Event: 40.760 Executing VM operation: Cleanup
Event: 41.349 Executing VM operation: Cleanup done
Event: 42.353 Executing VM operation: Cleanup
Event: 43.507 Executing VM operation: Cleanup done
Event: 44.434 Executing VM operation: HandshakeAllThreads
Event: 44.434 Executing VM operation: HandshakeAllThreads done

Events (20 events):
Event: 42.044 loading class java/lang/Short$ShortCache
Event: 42.044 loading class java/lang/Short$ShortCache done
Event: 42.058 loading class java/lang/Byte$ByteCache
Event: 42.062 loading class java/lang/Byte$ByteCache done
Event: 44.333 loading class java/util/LinkedList$ListItr
Event: 44.333 loading class java/util/LinkedList$ListItr done
Event: 44.432 loading class java/util/concurrent/locks/ReentrantReadWriteLock
Event: 44.432 loading class java/util/concurrent/locks/ReentrantReadWriteLock done
Event: 44.432 loading class java/util/concurrent/locks/ReentrantReadWriteLock$NonfairSync
Event: 44.433 loading class java/util/concurrent/locks/ReentrantReadWriteLock$Sync
Event: 44.434 loading class java/util/concurrent/locks/ReentrantReadWriteLock$Sync done
Event: 44.434 loading class java/util/concurrent/locks/ReentrantReadWriteLock$NonfairSync done
Event: 44.435 loading class java/util/concurrent/locks/ReentrantReadWriteLock$Sync$ThreadLocalHoldCounter
Event: 44.435 loading class java/util/concurrent/locks/ReentrantReadWriteLock$Sync$ThreadLocalHoldCounter done
Event: 44.435 loading class java/util/concurrent/locks/ReentrantReadWriteLock$ReadLock
Event: 44.435 loading class java/util/concurrent/locks/ReentrantReadWriteLock$ReadLock done
Event: 44.435 loading class java/util/concurrent/locks/ReentrantReadWriteLock$WriteLock
Event: 44.435 loading class java/util/concurrent/locks/ReentrantReadWriteLock$WriteLock done
Event: 44.585 loading class java/util/Formatter$FixedString
Event: 44.585 loading class java/util/Formatter$FixedString done


Dynamic libraries:
0x00007ff79b0e0000 - 0x00007ff79b0f0000 	C:\Program Files\Java\jdk-17.0.4.1\bin\java.exe
0x00007ff857e50000 - 0x00007ff858064000 	C:\WINDOWS\SYSTEM32\ntdll.dll
0x00007ff856a80000 - 0x00007ff856b42000 	C:\WINDOWS\System32\KERNEL32.DLL
0x00007ff8554e0000 - 0x00007ff855883000 	C:\WINDOWS\System32\KERNELBASE.dll
0x00007ff8559c0000 - 0x00007ff855ad1000 	C:\WINDOWS\System32\ucrtbase.dll
0x00007ff84abe0000 - 0x00007ff84abf8000 	C:\Program Files\Java\jdk-17.0.4.1\bin\jli.dll
0x00007ff8570a0000 - 0x00007ff85714e000 	C:\WINDOWS\System32\ADVAPI32.dll
0x00007ff8569d0000 - 0x00007ff856a77000 	C:\WINDOWS\System32\msvcrt.dll
0x00007ff857470000 - 0x00007ff857514000 	C:\WINDOWS\System32\sechost.dll
0x00007ff857ad0000 - 0x00007ff857be7000 	C:\WINDOWS\System32\RPCRT4.dll
0x00007ff855ee0000 - 0x00007ff85608b000 	C:\WINDOWS\System32\USER32.dll
0x00007ff855c00000 - 0x00007ff855c26000 	C:\WINDOWS\System32\win32u.dll
0x00007ff856b70000 - 0x00007ff856b99000 	C:\WINDOWS\System32\GDI32.dll
0x00007ff855250000 - 0x00007ff855369000 	C:\WINDOWS\System32\gdi32full.dll
0x00007ff855ae0000 - 0x00007ff855b7a000 	C:\WINDOWS\System32\msvcp_win.dll
0x00007ff84c4f0000 - 0x00007ff84c50a000 	C:\Program Files\Java\jdk-17.0.4.1\bin\VCRUNTIME140.dll
0x00007ff83a430000 - 0x00007ff83a6be000 	C:\WINDOWS\WinSxS\amd64_microsoft.windows.common-controls_6595b64144ccf1df_6.0.22621.1635_none_270f70857386168e\COMCTL32.dll
0x00007ff849df0000 - 0x00007ff849dfa000 	C:\WINDOWS\SYSTEM32\VERSION.dll
0x00007ff856ba0000 - 0x00007ff856bd1000 	C:\WINDOWS\System32\IMM32.DLL
0x00007ff84e040000 - 0x00007ff84e04c000 	C:\Program Files\Java\jdk-17.0.4.1\bin\vcruntime140_1.dll
0x00007ff8421c0000 - 0x00007ff84224d000 	C:\Program Files\Java\jdk-17.0.4.1\bin\msvcp140.dll
0x00007fffeb090000 - 0x00007fffebc52000 	C:\Program Files\Java\jdk-17.0.4.1\bin\server\jvm.dll
0x00007ff857460000 - 0x00007ff857468000 	C:\WINDOWS\System32\PSAPI.DLL
0x00007ff84ad00000 - 0x00007ff84ad09000 	C:\WINDOWS\SYSTEM32\WSOCK32.dll
0x00007ff855d30000 - 0x00007ff855da1000 	C:\WINDOWS\System32\WS2_32.dll
0x00007ff849850000 - 0x00007ff849884000 	C:\WINDOWS\SYSTEM32\WINMM.dll
0x00007ff854390000 - 0x00007ff8543a8000 	C:\WINDOWS\SYSTEM32\kernel.appcore.dll
0x00007ff84b650000 - 0x00007ff84b65a000 	C:\Program Files\Java\jdk-17.0.4.1\bin\jimage.dll
0x00007ff852e00000 - 0x00007ff85302e000 	C:\WINDOWS\SYSTEM32\DBGHELP.DLL
0x00007ff856c60000 - 0x00007ff856fe9000 	C:\WINDOWS\System32\combase.dll
0x00007ff8571e0000 - 0x00007ff8572b7000 	C:\WINDOWS\System32\OLEAUT32.dll
0x00007ff83ef60000 - 0x00007ff83ef92000 	C:\WINDOWS\SYSTEM32\dbgcore.DLL
0x00007ff855b80000 - 0x00007ff855bfb000 	C:\WINDOWS\System32\bcryptPrimitives.dll
0x00007ff84ac40000 - 0x00007ff84ac65000 	C:\Program Files\Java\jdk-17.0.4.1\bin\java.dll
0x00007ff8460e0000 - 0x00007ff8461b6000 	C:\Program Files\Java\jdk-17.0.4.1\bin\jsvml.dll
0x00007ff8560b0000 - 0x00007ff8568aa000 	C:\WINDOWS\System32\SHELL32.dll
0x00007ff853260000 - 0x00007ff853b2e000 	C:\WINDOWS\SYSTEM32\windows.storage.dll
0x00007ff853030000 - 0x00007ff85316e000 	C:\WINDOWS\SYSTEM32\wintypes.dll
0x00007ff8579b0000 - 0x00007ff857aa1000 	C:\WINDOWS\System32\SHCORE.dll
0x00007ff8568b0000 - 0x00007ff85690e000 	C:\WINDOWS\System32\shlwapi.dll
0x00007ff855180000 - 0x00007ff8551a1000 	C:\WINDOWS\SYSTEM32\profapi.dll
0x00007ff84ad10000 - 0x00007ff84ad29000 	C:\Program Files\Java\jdk-17.0.4.1\bin\net.dll
0x00007ff849890000 - 0x00007ff8499c7000 	C:\WINDOWS\SYSTEM32\WINHTTP.dll
0x00007ff854800000 - 0x00007ff854869000 	C:\WINDOWS\system32\mswsock.dll
0x00007ff849ba0000 - 0x00007ff849bb6000 	C:\Program Files\Java\jdk-17.0.4.1\bin\nio.dll
0x00007ff849af0000 - 0x00007ff849b08000 	C:\Program Files\Java\jdk-17.0.4.1\bin\zip.dll
0x0000000069ac0000 - 0x0000000069ae4000 	C:\Program Files\NetBeans-14\netbeans\java\maven\lib\jansi-native\Windows\x86_64\jansi.dll
0x00007ff84af30000 - 0x00007ff84af40000 	C:\Program Files\Java\jdk-17.0.4.1\bin\verify.dll

dbghelp: loaded successfully - version: 4.0.5 - missing functions: none
symbol engine: initialized successfully - sym options: 0x614 - pdb path: .;C:\Program Files\Java\jdk-17.0.4.1\bin;C:\WINDOWS\SYSTEM32;C:\WINDOWS\WinSxS\amd64_microsoft.windows.common-controls_6595b64144ccf1df_6.0.22621.1635_none_270f70857386168e;C:\Program Files\Java\jdk-17.0.4.1\bin\server;C:\Program Files\NetBeans-14\netbeans\java\maven\lib\jansi-native\Windows\x86_64

VM Arguments:
jvm_args: -Dclassworlds.conf=C:\Program Files\NetBeans-14\netbeans\java\maven\bin\m2.conf -Dmaven.home=C:\Program Files\NetBeans-14\netbeans\java\maven -Dlibrary.jansi.path=C:\Program Files\NetBeans-14\netbeans\java\maven\lib\jansi-native -Dmaven.multiModuleProjectDirectory=C:\Senac\curso ds\ProjetoIntegradorUC05\Atividade5diversos\Atividade5PIUC05 
java_command: org.codehaus.plexus.classworlds.launcher.Launcher -Dmaven.ext.class.path=C:\Program Files\NetBeans-14\netbeans\java\maven-nblib\netbeans-eventspy.jar -Dfile.encoding=UTF-8 install
java_class_path (initial): C:\Program Files\NetBeans-14\netbeans\java\maven\boot\plexus-classworlds-2.6.0.jar
Launcher Type: SUN_STANDARD

[Global flags]
     intx CICompilerCount                          = 4                                         {product} {ergonomic}
     uint ConcGCThreads                            = 2                                         {product} {ergonomic}
     uint G1ConcRefinementThreads                  = 8                                         {product} {ergonomic}
   size_t G1HeapRegionSize                         = 1048576                                   {product} {ergonomic}
    uintx GCDrainStackTargetSize                   = 64                                        {product} {ergonomic}
   size_t InitialHeapSize                          = 134217728                                 {product} {ergonomic}
   size_t MarkStackSize                            = 4194304                                   {product} {ergonomic}
   size_t MaxHeapSize                              = 2126512128                                {product} {ergonomic}
   size_t MaxNewSize                               = 1275068416                                {product} {ergonomic}
   size_t MinHeapDeltaBytes                        = 1048576                                   {product} {ergonomic}
   size_t MinHeapSize                              = 8388608                                   {product} {ergonomic}
    uintx NonNMethodCodeHeapSize                   = 5839372                                {pd product} {ergonomic}
    uintx NonProfiledCodeHeapSize                  = 122909434                              {pd product} {ergonomic}
    uintx ProfiledCodeHeapSize                     = 122909434                              {pd product} {ergonomic}
    uintx ReservedCodeCacheSize                    = 251658240                              {pd product} {ergonomic}
     bool SegmentedCodeCache                       = true                                      {product} {ergonomic}
   size_t SoftMaxHeapSize                          = 2126512128                             {manageable} {ergonomic}
     bool UseCompressedClassPointers               = true                           {product lp64_product} {ergonomic}
     bool UseCompressedOops                        = true                           {product lp64_product} {ergonomic}
     bool UseG1GC                                  = true                                      {product} {ergonomic}
     bool UseLargePagesIndividualAllocation        = false                                  {pd product} {ergonomic}

Logging:
Log output configuration:
 #0: stdout all=warning uptime,level,tags
 #1: stderr all=off uptime,level,tags

Environment Variables:
JAVA_HOME=C:\Program Files\Java\jdk-17.0.4.1
PATH=C:\Program Files\Common Files\Oracle\Java\javapath;C:\ProgramData\Oracle\Java\javapath;C:\Program Files (x86)\Intel\Intel(R) Management Engine Components\iCLS\;C:\Program Files\Intel\Intel(R) Management Engine Components\iCLS\;C:\windows\system32;C:\windows;C:\windows\System32\Wbem;C:\windows\System32\WindowsPowerShell\v1.0\;C:\windows\System32\OpenSSH\;C:\Program Files (x86)\NVIDIA Corporation\PhysX\Common;C:\Program Files (x86)\Intel\Intel(R) Management Engine Components\DAL;C:\Program Files\Intel\Intel(R) Management Engine Components\DAL;C:\Program Files (x86)\Intel\Intel(R) Management Engine Components\IPT;C:\Program Files\Intel\Intel(R) Management Engine Components\IPT;C:\WINDOWS\system32;C:\WINDOWS;C:\WINDOWS\System32\Wbem;C:\WINDOWS\System32\WindowsPowerShell\v1.0\;C:\WINDOWS\System32\OpenSSH\;C:\Program Files\nodejs\;C:\ProgramData\UNIVALI\Portugol Studio;C:\Program Files\Git\cmd;C:\Users\larak\AppData\Local\Microsoft\WindowsApps;C:\Program Files\JetBrains\PyCharm Community Edition 2020.3.3\bin;;C:\Users\larak\AppData\Local\Programs\Microsoft VS Code\bin;C:\Users\larak\AppData\Roaming\npm;
USERNAME=larak
OS=Windows_NT
PROCESSOR_IDENTIFIER=Intel64 Family 6 Model 142 Stepping 10, GenuineIntel



---------------  S Y S T E M  ---------------

OS:
 Windows 11 , 64 bit Build 22621 (10.0.22621.1778)
OS uptime: 1 days 18:35 hours

CPU: total 8 (initial active 8) (4 cores per cpu, 2 threads per core) family 6 model 142 stepping 10 microcode 0xe0, cx8, cmov, fxsr, ht, mmx, 3dnowpref, sse, sse2, sse3, ssse3, sse4.1, sse4.2, popcnt, lzcnt, tsc, tscinvbit, avx, avx2, aes, erms, clmul, bmi1, bmi2, adx, fma, vzeroupper, clflush, clflushopt

Memory: 4k page, system-wide physical 8106M (126M free)
TotalPageFile size 32682M (AvailPageFile size 3M)
current process WorkingSet (physical memory assigned to process): 97M, peak: 102M
current process commit charge ("private bytes"): 234M, peak: 241M

vm_info: Java HotSpot(TM) 64-Bit Server VM (17.0.4.1+1-LTS-2) for windows-amd64 JRE (17.0.4.1+1-LTS-2), built on Aug 16 2022 18:32:06 by "mach5one" with MS VC++ 16.8 / 16.9 (VS2019)

END.
